/Users/saheb/home/rl-snake/.venv/lib/python3.9/site-packages/urllib3/__init__.py:35: NotOpenSSLWarning: urllib3 v2 only supports OpenSSL 1.1.1+, currently the 'ssl' module is compiled with 'LibreSSL 2.8.3'. See: https://github.com/urllib3/urllib3/issues/3020
  warnings.warn(
wandb: [wandb.login()] Loaded credentials for https://api.wandb.ai from /Users/saheb/.netrc.
wandb: Currently logged in as: saheb37 to https://api.wandb.ai. Use `wandb login --relogin` to force relogin
wandb: setting up run y4nh1fxp
wandb: Tracking run with wandb version 0.26.0
wandb: Run data is saved locally in /Users/saheb/home/rl-snake/wandb/run-20260422_201335-y4nh1fxp
wandb: Run `wandb offline` to turn off syncing.
wandb: Syncing run DQN_PER_v2_ICM_10x10
wandb: ⭐️ View project at https://wandb.ai/saheb37/rl-snake
wandb: 🚀 View run at https://wandb.ai/saheb37/rl-snake/runs/y4nh1fxp
Starting ICM DQN Training (Dueling + 3-Step) on 10x10 Board...
Game 100 | Score: 0 | Record: 2 | Mean Score: 0.12 | Epsilon: 0.95 | Intrinsic: 0.003 | Eta: 0.01000
Game 200 | Score: 0 | Record: 2 | Mean Score: 0.13 | Epsilon: 0.90 | Intrinsic: 0.001 | Eta: 0.01000
Game 300 | Score: 0 | Record: 2 | Mean Score: 0.14 | Epsilon: 0.85 | Intrinsic: 0.002 | Eta: 0.01000
Game 400 | Score: 1 | Record: 2 | Mean Score: 0.18 | Epsilon: 0.80 | Intrinsic: 0.003 | Eta: 0.01000
Game 500 | Score: 0 | Record: 3 | Mean Score: 0.19 | Epsilon: 0.75 | Intrinsic: 0.003 | Eta: 0.01000
Game 600 | Score: 0 | Record: 3 | Mean Score: 0.20 | Epsilon: 0.70 | Intrinsic: 0.003 | Eta: 0.01000
Game 700 | Score: 2 | Record: 3 | Mean Score: 0.23 | Epsilon: 0.65 | Intrinsic: 0.006 | Eta: 0.01000
Game 800 | Score: 0 | Record: 5 | Mean Score: 0.26 | Epsilon: 0.60 | Intrinsic: 0.002 | Eta: 0.01000
Game 900 | Score: 1 | Record: 5 | Mean Score: 0.29 | Epsilon: 0.55 | Intrinsic: 0.006 | Eta: 0.01000
Game 1000 | Score: 2 | Record: 9 | Mean Score: 0.35 | Epsilon: 0.50 | Intrinsic: 0.016 | Eta: 0.01000
Game 1100 | Score: 2 | Record: 9 | Mean Score: 0.40 | Epsilon: 0.45 | Intrinsic: 0.006 | Eta: 0.01000
Game 1200 | Score: 0 | Record: 9 | Mean Score: 0.43 | Epsilon: 0.40 | Intrinsic: 0.004 | Eta: 0.01000
Game 1300 | Score: 0 | Record: 9 | Mean Score: 0.46 | Epsilon: 0.35 | Intrinsic: 0.002 | Eta: 0.01000
Game 1400 | Score: 3 | Record: 11 | Mean Score: 0.52 | Epsilon: 0.30 | Intrinsic: 0.019 | Eta: 0.01000
Game 1500 | Score: 5 | Record: 11 | Mean Score: 0.59 | Epsilon: 0.25 | Intrinsic: 0.025 | Eta: 0.01000
Game 1600 | Score: 0 | Record: 11 | Mean Score: 0.71 | Epsilon: 0.20 | Intrinsic: 0.003 | Eta: 0.01000
Game 1700 | Score: 0 | Record: 15 | Mean Score: 0.82 | Epsilon: 0.15 | Intrinsic: 0.004 | Eta: 0.01000
Game 1800 | Score: 0 | Record: 21 | Mean Score: 0.99 | Epsilon: 0.10 | Intrinsic: 0.014 | Eta: 0.01000
Game 1900 | Score: 7 | Record: 23 | Mean Score: 1.17 | Epsilon: 0.05 | Intrinsic: 0.024 | Eta: 0.01000
Game 2000 | Score: 0 | Record: 29 | Mean Score: 1.47 | Epsilon: 0.01 | Intrinsic: 0.011 | Eta: 0.01000
Game 2100 | Score: 0 | Record: 33 | Mean Score: 1.83 | Epsilon: 0.01 | Intrinsic: 0.004 | Eta: 0.01000
Game 2200 | Score: 20 | Record: 38 | Mean Score: 2.24 | Epsilon: 0.01 | Intrinsic: 0.085 | Eta: 0.01000
Game 2300 | Score: 0 | Record: 42 | Mean Score: 2.63 | Epsilon: 0.01 | Intrinsic: 0.004 | Eta: 0.01000
Game 2400 | Score: 0 | Record: 42 | Mean Score: 2.87 | Epsilon: 0.01 | Intrinsic: 0.005 | Eta: 0.01000
Game 2500 | Score: 0 | Record: 42 | Mean Score: 3.15 | Epsilon: 0.01 | Intrinsic: 0.005 | Eta: 0.01000
Game 2600 | Score: 0 | Record: 42 | Mean Score: 3.44 | Epsilon: 0.01 | Intrinsic: 0.006 | Eta: 0.01000
Game 2700 | Score: 8 | Record: 42 | Mean Score: 3.73 | Epsilon: 0.01 | Intrinsic: 0.025 | Eta: 0.01000
Game 2800 | Score: 29 | Record: 42 | Mean Score: 3.92 | Epsilon: 0.01 | Intrinsic: 0.110 | Eta: 0.01000
Game 2900 | Score: 15 | Record: 42 | Mean Score: 4.15 | Epsilon: 0.01 | Intrinsic: 0.048 | Eta: 0.01000
Game 3000 | Score: 0 | Record: 42 | Mean Score: 4.36 | Epsilon: 0.01 | Intrinsic: 0.022 | Eta: 0.01000
Game 3100 | Score: 27 | Record: 42 | Mean Score: 4.57 | Epsilon: 0.01 | Intrinsic: 0.127 | Eta: 0.01000
Game 3200 | Score: 23 | Record: 46 | Mean Score: 4.81 | Epsilon: 0.01 | Intrinsic: 0.077 | Eta: 0.01000
Game 3300 | Score: 0 | Record: 49 | Mean Score: 4.94 | Epsilon: 0.01 | Intrinsic: 0.017 | Eta: 0.01000
Game 3400 | Score: 13 | Record: 49 | Mean Score: 5.10 | Epsilon: 0.01 | Intrinsic: 0.038 | Eta: 0.01000
Game 3500 | Score: 0 | Record: 49 | Mean Score: 5.27 | Epsilon: 0.01 | Intrinsic: 0.010 | Eta: 0.01000
Game 3600 | Score: 0 | Record: 49 | Mean Score: 5.43 | Epsilon: 0.01 | Intrinsic: 0.013 | Eta: 0.01000
Game 3700 | Score: 0 | Record: 49 | Mean Score: 5.57 | Epsilon: 0.01 | Intrinsic: 0.017 | Eta: 0.01000
Game 3800 | Score: 33 | Record: 49 | Mean Score: 5.74 | Epsilon: 0.01 | Intrinsic: 0.114 | Eta: 0.01000
Game 3900 | Score: 0 | Record: 49 | Mean Score: 5.86 | Epsilon: 0.01 | Intrinsic: 0.005 | Eta: 0.01000
Game 4000 | Score: 0 | Record: 49 | Mean Score: 5.94 | Epsilon: 0.01 | Intrinsic: 0.017 | Eta: 0.01000
Game 4100 | Score: 0 | Record: 49 | Mean Score: 6.07 | Epsilon: 0.01 | Intrinsic: 0.008 | Eta: 0.01000
Game 4200 | Score: 20 | Record: 49 | Mean Score: 6.19 | Epsilon: 0.01 | Intrinsic: 0.075 | Eta: 0.01000
Game 4300 | Score: 31 | Record: 49 | Mean Score: 6.34 | Epsilon: 0.01 | Intrinsic: 0.145 | Eta: 0.01000
Game 4400 | Score: 32 | Record: 49 | Mean Score: 6.46 | Epsilon: 0.01 | Intrinsic: 0.105 | Eta: 0.01000
Game 4500 | Score: 0 | Record: 49 | Mean Score: 6.55 | Epsilon: 0.01 | Intrinsic: 0.003 | Eta: 0.01000
Game 4600 | Score: 25 | Record: 49 | Mean Score: 6.65 | Epsilon: 0.01 | Intrinsic: 0.097 | Eta: 0.01000
Game 4700 | Score: 0 | Record: 49 | Mean Score: 6.73 | Epsilon: 0.01 | Intrinsic: 0.011 | Eta: 0.01000
Game 4800 | Score: 0 | Record: 49 | Mean Score: 6.85 | Epsilon: 0.01 | Intrinsic: 0.003 | Eta: 0.01000
Game 4900 | Score: 0 | Record: 49 | Mean Score: 6.94 | Epsilon: 0.01 | Intrinsic: 0.015 | Eta: 0.01000
Game 5000 | Score: 0 | Record: 49 | Mean Score: 7.01 | Epsilon: 0.01 | Intrinsic: 0.008 | Eta: 0.01000
Game 5100 | Score: 0 | Record: 49 | Mean Score: 7.11 | Epsilon: 0.01 | Intrinsic: 0.007 | Eta: 0.01000
Game 5200 | Score: 0 | Record: 49 | Mean Score: 7.19 | Epsilon: 0.01 | Intrinsic: 0.007 | Eta: 0.01000
Game 5300 | Score: 0 | Record: 49 | Mean Score: 7.27 | Epsilon: 0.01 | Intrinsic: 0.007 | Eta: 0.01000
Game 5400 | Score: 13 | Record: 49 | Mean Score: 7.35 | Epsilon: 0.01 | Intrinsic: 0.045 | Eta: 0.01000
Game 5500 | Score: 19 | Record: 49 | Mean Score: 7.44 | Epsilon: 0.01 | Intrinsic: 0.072 | Eta: 0.01000
Game 5600 | Score: 19 | Record: 49 | Mean Score: 7.50 | Epsilon: 0.01 | Intrinsic: 0.060 | Eta: 0.01000
Game 5700 | Score: 0 | Record: 49 | Mean Score: 7.56 | Epsilon: 0.01 | Intrinsic: 0.010 | Eta: 0.01000
Game 5800 | Score: 5 | Record: 49 | Mean Score: 7.58 | Epsilon: 0.01 | Intrinsic: 0.012 | Eta: 0.01000
Game 5900 | Score: 13 | Record: 49 | Mean Score: 7.65 | Epsilon: 0.01 | Intrinsic: 0.041 | Eta: 0.01000
Game 6000 | Score: 32 | Record: 49 | Mean Score: 7.71 | Epsilon: 0.01 | Intrinsic: 0.170 | Eta: 0.01000
Game 6100 | Score: 0 | Record: 49 | Mean Score: 7.81 | Epsilon: 0.01 | Intrinsic: 0.006 | Eta: 0.01000
Game 6200 | Score: 11 | Record: 49 | Mean Score: 7.84 | Epsilon: 0.01 | Intrinsic: 0.031 | Eta: 0.01000
Game 6300 | Score: 0 | Record: 49 | Mean Score: 7.90 | Epsilon: 0.01 | Intrinsic: 0.010 | Eta: 0.01000
Game 6400 | Score: 0 | Record: 49 | Mean Score: 7.95 | Epsilon: 0.01 | Intrinsic: 0.008 | Eta: 0.01000
Game 6500 | Score: 33 | Record: 49 | Mean Score: 8.03 | Epsilon: 0.01 | Intrinsic: 0.146 | Eta: 0.01000
Game 6600 | Score: 31 | Record: 49 | Mean Score: 8.07 | Epsilon: 0.01 | Intrinsic: 0.130 | Eta: 0.01000
Game 6700 | Score: 0 | Record: 49 | Mean Score: 8.12 | Epsilon: 0.01 | Intrinsic: 0.003 | Eta: 0.01000
Game 6800 | Score: 34 | Record: 50 | Mean Score: 8.18 | Epsilon: 0.01 | Intrinsic: 0.139 | Eta: 0.01000
Game 6900 | Score: 17 | Record: 50 | Mean Score: 8.23 | Epsilon: 0.01 | Intrinsic: 0.050 | Eta: 0.01000
Game 7000 | Score: 0 | Record: 50 | Mean Score: 8.25 | Epsilon: 0.01 | Intrinsic: 0.006 | Eta: 0.01000
Game 7100 | Score: 0 | Record: 50 | Mean Score: 8.29 | Epsilon: 0.01 | Intrinsic: 0.002 | Eta: 0.01000
Game 7200 | Score: 0 | Record: 50 | Mean Score: 8.32 | Epsilon: 0.01 | Intrinsic: 0.012 | Eta: 0.01000
Game 7300 | Score: 0 | Record: 50 | Mean Score: 8.37 | Epsilon: 0.01 | Intrinsic: 0.010 | Eta: 0.01000
Game 7400 | Score: 0 | Record: 50 | Mean Score: 8.40 | Epsilon: 0.01 | Intrinsic: 0.004 | Eta: 0.01000
Game 7500 | Score: 26 | Record: 50 | Mean Score: 8.44 | Epsilon: 0.01 | Intrinsic: 0.072 | Eta: 0.01000
Game 7600 | Score: 0 | Record: 50 | Mean Score: 8.47 | Epsilon: 0.01 | Intrinsic: 0.011 | Eta: 0.01000
Game 7700 | Score: 0 | Record: 50 | Mean Score: 8.50 | Epsilon: 0.01 | Intrinsic: 0.002 | Eta: 0.01000
Game 7800 | Score: 0 | Record: 50 | Mean Score: 8.55 | Epsilon: 0.01 | Intrinsic: 0.017 | Eta: 0.01000
Game 7900 | Score: 0 | Record: 50 | Mean Score: 8.56 | Epsilon: 0.01 | Intrinsic: 0.009 | Eta: 0.01000
Game 8000 | Score: 25 | Record: 50 | Mean Score: 8.62 | Epsilon: 0.01 | Intrinsic: 0.084 | Eta: 0.01000
Game 8100 | Score: 0 | Record: 50 | Mean Score: 8.67 | Epsilon: 0.01 | Intrinsic: 0.003 | Eta: 0.01000
Game 8200 | Score: 0 | Record: 50 | Mean Score: 8.72 | Epsilon: 0.01 | Intrinsic: 0.010 | Eta: 0.01000
Game 8300 | Score: 6 | Record: 50 | Mean Score: 8.75 | Epsilon: 0.01 | Intrinsic: 0.016 | Eta: 0.01000
Game 8400 | Score: 0 | Record: 50 | Mean Score: 8.79 | Epsilon: 0.01 | Intrinsic: 0.013 | Eta: 0.01000
Game 8500 | Score: 0 | Record: 50 | Mean Score: 8.81 | Epsilon: 0.01 | Intrinsic: 0.009 | Eta: 0.01000
Game 8600 | Score: 12 | Record: 50 | Mean Score: 8.83 | Epsilon: 0.01 | Intrinsic: 0.037 | Eta: 0.01000
Game 8700 | Score: 24 | Record: 50 | Mean Score: 8.85 | Epsilon: 0.01 | Intrinsic: 0.080 | Eta: 0.01000
Game 8800 | Score: 29 | Record: 50 | Mean Score: 8.88 | Epsilon: 0.01 | Intrinsic: 0.099 | Eta: 0.01000
Game 8900 | Score: 0 | Record: 50 | Mean Score: 8.91 | Epsilon: 0.01 | Intrinsic: 0.009 | Eta: 0.01000
Game 9000 | Score: 32 | Record: 50 | Mean Score: 8.95 | Epsilon: 0.01 | Intrinsic: 0.157 | Eta: 0.01000
Game 9100 | Score: 32 | Record: 50 | Mean Score: 8.96 | Epsilon: 0.01 | Intrinsic: 0.138 | Eta: 0.01000
Game 9200 | Score: 23 | Record: 50 | Mean Score: 8.97 | Epsilon: 0.01 | Intrinsic: 0.106 | Eta: 0.01000
Game 9300 | Score: 17 | Record: 50 | Mean Score: 9.00 | Epsilon: 0.01 | Intrinsic: 0.044 | Eta: 0.01000
Game 9400 | Score: 11 | Record: 50 | Mean Score: 9.04 | Epsilon: 0.01 | Intrinsic: 0.033 | Eta: 0.01000
Game 9500 | Score: 0 | Record: 50 | Mean Score: 9.06 | Epsilon: 0.01 | Intrinsic: 0.011 | Eta: 0.01000
Game 9600 | Score: 0 | Record: 50 | Mean Score: 9.10 | Epsilon: 0.01 | Intrinsic: 0.002 | Eta: 0.01000
Game 9700 | Score: 0 | Record: 50 | Mean Score: 9.12 | Epsilon: 0.01 | Intrinsic: 0.010 | Eta: 0.01000
Game 9800 | Score: 0 | Record: 50 | Mean Score: 9.16 | Epsilon: 0.01 | Intrinsic: 0.006 | Eta: 0.01000
Game 9900 | Score: 0 | Record: 50 | Mean Score: 9.18 | Epsilon: 0.01 | Intrinsic: 0.011 | Eta: 0.01000
Game 10000 | Score: 0 | Record: 50 | Mean Score: 9.21 | Epsilon: 0.01 | Intrinsic: 0.009 | Eta: 0.01000
Game 10100 | Score: 0 | Record: 50 | Mean Score: 9.23 | Epsilon: 0.01 | Intrinsic: 0.001 | Eta: 0.01000
Game 10200 | Score: 26 | Record: 50 | Mean Score: 9.25 | Epsilon: 0.01 | Intrinsic: 0.080 | Eta: 0.01000
Game 10300 | Score: 0 | Record: 50 | Mean Score: 9.27 | Epsilon: 0.01 | Intrinsic: 0.020 | Eta: 0.01000
Game 10400 | Score: 1 | Record: 50 | Mean Score: 9.29 | Epsilon: 0.01 | Intrinsic: 0.005 | Eta: 0.01000
Game 10500 | Score: 0 | Record: 50 | Mean Score: 9.33 | Epsilon: 0.01 | Intrinsic: 0.003 | Eta: 0.01000
Game 10600 | Score: 40 | Record: 50 | Mean Score: 9.33 | Epsilon: 0.01 | Intrinsic: 0.203 | Eta: 0.01000
Game 10700 | Score: 37 | Record: 50 | Mean Score: 9.36 | Epsilon: 0.01 | Intrinsic: 0.162 | Eta: 0.01000
Game 10800 | Score: 21 | Record: 50 | Mean Score: 9.38 | Epsilon: 0.01 | Intrinsic: 0.076 | Eta: 0.01000
Game 10900 | Score: 0 | Record: 50 | Mean Score: 9.41 | Epsilon: 0.01 | Intrinsic: 0.004 | Eta: 0.01000
Game 11000 | Score: 0 | Record: 50 | Mean Score: 9.43 | Epsilon: 0.01 | Intrinsic: 0.005 | Eta: 0.01000
Game 11100 | Score: 32 | Record: 54 | Mean Score: 9.44 | Epsilon: 0.01 | Intrinsic: 0.182 | Eta: 0.01000
Game 11200 | Score: 0 | Record: 54 | Mean Score: 9.44 | Epsilon: 0.01 | Intrinsic: 0.012 | Eta: 0.01000
Game 11300 | Score: 15 | Record: 54 | Mean Score: 9.44 | Epsilon: 0.01 | Intrinsic: 0.047 | Eta: 0.01000
Game 11400 | Score: 25 | Record: 54 | Mean Score: 9.47 | Epsilon: 0.01 | Intrinsic: 0.106 | Eta: 0.01000
Game 11500 | Score: 0 | Record: 54 | Mean Score: 9.48 | Epsilon: 0.01 | Intrinsic: 0.014 | Eta: 0.01000
Game 11600 | Score: 0 | Record: 54 | Mean Score: 9.49 | Epsilon: 0.01 | Intrinsic: 0.008 | Eta: 0.01000
Game 11700 | Score: 0 | Record: 54 | Mean Score: 9.50 | Epsilon: 0.01 | Intrinsic: 0.012 | Eta: 0.01000
Game 11800 | Score: 9 | Record: 54 | Mean Score: 9.49 | Epsilon: 0.01 | Intrinsic: 0.029 | Eta: 0.01000
Game 11900 | Score: 0 | Record: 54 | Mean Score: 9.52 | Epsilon: 0.01 | Intrinsic: 0.015 | Eta: 0.01000
Game 12000 | Score: 0 | Record: 54 | Mean Score: 9.54 | Epsilon: 0.01 | Intrinsic: 0.008 | Eta: 0.01000
Game 12100 | Score: 24 | Record: 54 | Mean Score: 9.56 | Epsilon: 0.01 | Intrinsic: 0.093 | Eta: 0.01000
Game 12200 | Score: 0 | Record: 54 | Mean Score: 9.57 | Epsilon: 0.01 | Intrinsic: 0.003 | Eta: 0.01000
Game 12300 | Score: 20 | Record: 54 | Mean Score: 9.58 | Epsilon: 0.01 | Intrinsic: 0.063 | Eta: 0.01000
Game 12400 | Score: 23 | Record: 54 | Mean Score: 9.60 | Epsilon: 0.01 | Intrinsic: 0.083 | Eta: 0.01000
Game 12500 | Score: 36 | Record: 54 | Mean Score: 9.61 | Epsilon: 0.01 | Intrinsic: 0.151 | Eta: 0.01000
Game 12600 | Score: 0 | Record: 54 | Mean Score: 9.62 | Epsilon: 0.01 | Intrinsic: 0.002 | Eta: 0.01000
Game 12700 | Score: 0 | Record: 54 | Mean Score: 9.65 | Epsilon: 0.01 | Intrinsic: 0.008 | Eta: 0.01000
Game 12800 | Score: 0 | Record: 54 | Mean Score: 9.65 | Epsilon: 0.01 | Intrinsic: 0.004 | Eta: 0.01000
Game 12900 | Score: 0 | Record: 54 | Mean Score: 9.66 | Epsilon: 0.01 | Intrinsic: 0.005 | Eta: 0.01000
Game 13000 | Score: 0 | Record: 54 | Mean Score: 9.66 | Epsilon: 0.01 | Intrinsic: 0.009 | Eta: 0.01000
Game 13100 | Score: 25 | Record: 54 | Mean Score: 9.68 | Epsilon: 0.01 | Intrinsic: 0.086 | Eta: 0.01000
Game 13200 | Score: 32 | Record: 54 | Mean Score: 9.70 | Epsilon: 0.01 | Intrinsic: 0.114 | Eta: 0.01000
Game 13300 | Score: 0 | Record: 54 | Mean Score: 9.69 | Epsilon: 0.01 | Intrinsic: 0.017 | Eta: 0.01000
Game 13400 | Score: 0 | Record: 54 | Mean Score: 9.71 | Epsilon: 0.01 | Intrinsic: 0.012 | Eta: 0.01000
Game 13500 | Score: 0 | Record: 54 | Mean Score: 9.72 | Epsilon: 0.01 | Intrinsic: 0.005 | Eta: 0.01000
Game 13600 | Score: 18 | Record: 54 | Mean Score: 9.72 | Epsilon: 0.01 | Intrinsic: 0.073 | Eta: 0.01000
Game 13700 | Score: 0 | Record: 54 | Mean Score: 9.73 | Epsilon: 0.01 | Intrinsic: 0.008 | Eta: 0.01000
Game 13800 | Score: 0 | Record: 54 | Mean Score: 9.75 | Epsilon: 0.01 | Intrinsic: 0.075 | Eta: 0.01000
Game 13900 | Score: 0 | Record: 54 | Mean Score: 9.78 | Epsilon: 0.01 | Intrinsic: 0.006 | Eta: 0.01000
[Game 14000] Final LR cooldown applied → 1e-5
Game 14000 | Score: 32 | Record: 54 | Mean Score: 9.80 | Epsilon: 0.01 | Intrinsic: 0.131 | Eta: 0.01000
Game 14100 | Score: 0 | Record: 54 | Mean Score: 9.81 | Epsilon: 0.01 | Intrinsic: 0.013 | Eta: 0.01000
Game 14200 | Score: 21 | Record: 54 | Mean Score: 9.83 | Epsilon: 0.01 | Intrinsic: 0.053 | Eta: 0.01000
Game 14300 | Score: 11 | Record: 54 | Mean Score: 9.83 | Epsilon: 0.01 | Intrinsic: 0.033 | Eta: 0.01000
Game 14400 | Score: 0 | Record: 54 | Mean Score: 9.85 | Epsilon: 0.01 | Intrinsic: 0.017 | Eta: 0.01000
Game 14500 | Score: 0 | Record: 54 | Mean Score: 9.85 | Epsilon: 0.01 | Intrinsic: 0.007 | Eta: 0.01000
Game 14600 | Score: 0 | Record: 54 | Mean Score: 9.88 | Epsilon: 0.01 | Intrinsic: 0.008 | Eta: 0.01000
Game 14700 | Score: 0 | Record: 54 | Mean Score: 9.88 | Epsilon: 0.01 | Intrinsic: 0.010 | Eta: 0.01000
Game 14800 | Score: 0 | Record: 54 | Mean Score: 9.89 | Epsilon: 0.01 | Intrinsic: 0.008 | Eta: 0.01000
Game 14900 | Score: 23 | Record: 54 | Mean Score: 9.91 | Epsilon: 0.01 | Intrinsic: 0.079 | Eta: 0.01000
Game 15000 | Score: 21 | Record: 54 | Mean Score: 9.93 | Epsilon: 0.01 | Intrinsic: 0.055 | Eta: 0.01000
Game 15100 | Score: 1 | Record: 54 | Mean Score: 9.94 | Epsilon: 0.01 | Intrinsic: 0.002 | Eta: 0.01000
Game 15200 | Score: 21 | Record: 54 | Mean Score: 9.94 | Epsilon: 0.01 | Intrinsic: 0.068 | Eta: 0.01000
Game 15300 | Score: 18 | Record: 54 | Mean Score: 9.96 | Epsilon: 0.01 | Intrinsic: 0.049 | Eta: 0.01000
Game 15400 | Score: 34 | Record: 54 | Mean Score: 9.99 | Epsilon: 0.01 | Intrinsic: 0.129 | Eta: 0.01000
Game 15500 | Score: 0 | Record: 54 | Mean Score: 10.02 | Epsilon: 0.01 | Intrinsic: 0.008 | Eta: 0.01000
Game 15600 | Score: 0 | Record: 54 | Mean Score: 10.03 | Epsilon: 0.01 | Intrinsic: 0.019 | Eta: 0.01000
wandb: uploading data; updating run metadata
wandb: uploading output.log; uploading wandb-summary.json; uploading config.yaml
wandb: uploading output.log; uploading wandb-summary.json
wandb: uploading history steps 159-159, summary, console lines 161-165
wandb: 
wandb: Run history:
wandb:          Epsilon █▇▆▅▅▄▂▁▁▁▁▁▁▁▁▁▁▁▁▁▁▁▁▁▁▁▁▁▁▁▁▁▁▁▁▁▁▁▁▁
wandb:              Eta ▁▁▁▁▁▁▁▁▁▁▁▁▁▁▁▁▁▁▁▁▁▁▁▁▁▁▁▁▁▁▁▁▁▁▁▁▁▁▁▁
wandb:             Game ▁▁▁▁▁▂▂▂▂▂▃▃▃▃▃▃▃▃▄▄▄▄▅▅▅▅▅▅▆▆▆▆▆▇▇▇▇▇██
wandb: Intrinsic_Reward ▁▁▁▁▂▄▁▁▁▃▂▂▁▁▁▁█▆▁▁▁▂▁▁▁▄▁█▂▂▄▁▄▄▁▁▄▁▁▁
wandb:       Mean_Score ▁▁▁▁▁▃▃▄▄▄▄▄▅▅▆▆▆▆▇▇▇▇▇▇▇▇▇▇▇▇██████████
wandb:           Record ▁▁▁▂▂▂▃▆▆▆▇▇▇▇▇▇▇▇▇▇▇▇▇▇▇▇▇▇████████████
wandb:            Score ▁▁▁▂▁▅▁▇▁▅▁▁▁▁▁█▁▁▁▁▁█▅▁▁▁▄▆▁▁▅▁▅▁▁▁▅█▁▆
wandb: 
wandb: Run summary:
wandb:          Epsilon 0.01
wandb:              Eta 0.01
wandb:             Game 16000
wandb: Intrinsic_Reward 0.00634
wandb:       Mean_Score 10.06294
wandb:           Record 54
wandb:            Score 0
wandb: 
wandb: 🚀 View run DQN_PER_v2_ICM_10x10 at: https://wandb.ai/saheb37/rl-snake/runs/y4nh1fxp
wandb: ⭐️ View project at: https://wandb.ai/saheb37/rl-snake
wandb: Synced 5 W&B file(s), 0 media file(s), 0 artifact file(s) and 0 other file(s)
wandb: Find logs at: ./wandb/run-20260422_201335-y4nh1fxp/logs
Game 15700 | Score: 0 | Record: 54 | Mean Score: 10.03 | Epsilon: 0.01 | Intrinsic: 0.006 | Eta: 0.01000
Game 15800 | Score: 0 | Record: 54 | Mean Score: 10.05 | Epsilon: 0.01 | Intrinsic: 0.009 | Eta: 0.01000
Game 15900 | Score: 24 | Record: 54 | Mean Score: 10.06 | Epsilon: 0.01 | Intrinsic: 0.083 | Eta: 0.01000
Game 16000 | Score: 0 | Record: 54 | Mean Score: 10.06 | Epsilon: 0.01 | Intrinsic: 0.006 | Eta: 0.01000

Training Complete!
Best Score: 54
Final Mean Score: 10.06
