/Users/saheb/home/rl-snake/.venv/lib/python3.9/site-packages/urllib3/__init__.py:35: NotOpenSSLWarning: urllib3 v2 only supports OpenSSL 1.1.1+, currently the 'ssl' module is compiled with 'LibreSSL 2.8.3'. See: https://github.com/urllib3/urllib3/issues/3020
  warnings.warn(
wandb: [wandb.login()] Loaded credentials for https://api.wandb.ai from /Users/saheb/.netrc.
wandb: Currently logged in as: saheb37 to https://api.wandb.ai. Use `wandb login --relogin` to force relogin
wandb: setting up run 8qf7q1l0
wandb: Tracking run with wandb version 0.26.0
wandb: Run data is saved locally in /Users/saheb/home/rl-snake/wandb/run-20260422_175507-8qf7q1l0
wandb: Run `wandb offline` to turn off syncing.
wandb: Syncing run DQN_PER_v2_ICM_10x10
wandb: ⭐️ View project at https://wandb.ai/saheb37/rl-snake
wandb: 🚀 View run at https://wandb.ai/saheb37/rl-snake/runs/8qf7q1l0
Starting ICM DQN Training (Dueling + 3-Step) on 10x10 Board...
Game 100 | Score: 0 | Record: 1 | Mean Score: 0.13 | Epsilon: 0.95 | Intrinsic: 0.003 | Eta: 0.01000
Game 200 | Score: 0 | Record: 2 | Mean Score: 0.14 | Epsilon: 0.90 | Intrinsic: 0.001 | Eta: 0.01000
Game 300 | Score: 0 | Record: 2 | Mean Score: 0.17 | Epsilon: 0.85 | Intrinsic: 0.002 | Eta: 0.01000
Game 400 | Score: 0 | Record: 2 | Mean Score: 0.17 | Epsilon: 0.80 | Intrinsic: 0.001 | Eta: 0.01000
Game 500 | Score: 0 | Record: 4 | Mean Score: 0.20 | Epsilon: 0.75 | Intrinsic: 0.002 | Eta: 0.01000
Game 600 | Score: 0 | Record: 4 | Mean Score: 0.26 | Epsilon: 0.70 | Intrinsic: 0.003 | Eta: 0.01000
Game 700 | Score: 0 | Record: 4 | Mean Score: 0.28 | Epsilon: 0.65 | Intrinsic: 0.002 | Eta: 0.01000
Game 800 | Score: 0 | Record: 5 | Mean Score: 0.32 | Epsilon: 0.60 | Intrinsic: 0.001 | Eta: 0.01000
Game 900 | Score: 0 | Record: 6 | Mean Score: 0.37 | Epsilon: 0.55 | Intrinsic: 0.001 | Eta: 0.01000
Game 1000 | Score: 0 | Record: 8 | Mean Score: 0.44 | Epsilon: 0.50 | Intrinsic: 0.003 | Eta: 0.01000
Game 1100 | Score: 4 | Record: 8 | Mean Score: 0.46 | Epsilon: 0.45 | Intrinsic: 0.026 | Eta: 0.01000
Game 1200 | Score: 0 | Record: 8 | Mean Score: 0.52 | Epsilon: 0.40 | Intrinsic: 0.003 | Eta: 0.01000
Game 1300 | Score: 4 | Record: 8 | Mean Score: 0.58 | Epsilon: 0.35 | Intrinsic: 0.034 | Eta: 0.01000
Game 1400 | Score: 5 | Record: 10 | Mean Score: 0.66 | Epsilon: 0.30 | Intrinsic: 0.023 | Eta: 0.01000
Game 1500 | Score: 0 | Record: 11 | Mean Score: 0.73 | Epsilon: 0.25 | Intrinsic: 0.007 | Eta: 0.01000
Game 1600 | Score: 3 | Record: 16 | Mean Score: 0.82 | Epsilon: 0.20 | Intrinsic: 0.013 | Eta: 0.01000
Game 1700 | Score: 0 | Record: 16 | Mean Score: 0.93 | Epsilon: 0.15 | Intrinsic: 0.001 | Eta: 0.01000
Game 1800 | Score: 1 | Record: 20 | Mean Score: 1.08 | Epsilon: 0.10 | Intrinsic: 0.003 | Eta: 0.01000
Game 1900 | Score: 0 | Record: 27 | Mean Score: 1.27 | Epsilon: 0.05 | Intrinsic: 0.003 | Eta: 0.01000
Game 2000 | Score: 0 | Record: 29 | Mean Score: 1.52 | Epsilon: 0.05 | Intrinsic: 0.007 | Eta: 0.01000
Game 2100 | Score: 0 | Record: 32 | Mean Score: 1.73 | Epsilon: 0.05 | Intrinsic: 0.006 | Eta: 0.01000
Game 2200 | Score: 0 | Record: 33 | Mean Score: 1.98 | Epsilon: 0.05 | Intrinsic: 0.007 | Eta: 0.01000
Game 2300 | Score: 8 | Record: 34 | Mean Score: 2.20 | Epsilon: 0.05 | Intrinsic: 0.022 | Eta: 0.01000
Game 2400 | Score: 0 | Record: 34 | Mean Score: 2.36 | Epsilon: 0.05 | Intrinsic: 0.006 | Eta: 0.01000
Game 2500 | Score: 14 | Record: 34 | Mean Score: 2.55 | Epsilon: 0.05 | Intrinsic: 0.051 | Eta: 0.01000
Game 2600 | Score: 0 | Record: 34 | Mean Score: 2.76 | Epsilon: 0.05 | Intrinsic: 0.010 | Eta: 0.01000
Game 2700 | Score: 11 | Record: 37 | Mean Score: 2.86 | Epsilon: 0.05 | Intrinsic: 0.045 | Eta: 0.01000
Game 2800 | Score: 0 | Record: 37 | Mean Score: 2.92 | Epsilon: 0.05 | Intrinsic: 0.004 | Eta: 0.01000
Game 2900 | Score: 0 | Record: 37 | Mean Score: 3.07 | Epsilon: 0.05 | Intrinsic: 0.001 | Eta: 0.01000
Game 3000 | Score: 19 | Record: 37 | Mean Score: 3.19 | Epsilon: 0.05 | Intrinsic: 0.077 | Eta: 0.01000
Game 3100 | Score: 22 | Record: 37 | Mean Score: 3.31 | Epsilon: 0.05 | Intrinsic: 0.087 | Eta: 0.01000
Game 3200 | Score: 0 | Record: 37 | Mean Score: 3.40 | Epsilon: 0.05 | Intrinsic: 0.005 | Eta: 0.01000
Game 3300 | Score: 0 | Record: 37 | Mean Score: 3.43 | Epsilon: 0.05 | Intrinsic: 0.003 | Eta: 0.01000
Game 3400 | Score: 0 | Record: 37 | Mean Score: 3.50 | Epsilon: 0.05 | Intrinsic: 0.005 | Eta: 0.01000
Game 3500 | Score: 3 | Record: 37 | Mean Score: 3.58 | Epsilon: 0.05 | Intrinsic: 0.008 | Eta: 0.01000
Game 3600 | Score: 0 | Record: 37 | Mean Score: 3.63 | Epsilon: 0.05 | Intrinsic: 0.002 | Eta: 0.01000
Game 3700 | Score: 0 | Record: 37 | Mean Score: 3.73 | Epsilon: 0.05 | Intrinsic: 0.002 | Eta: 0.01000
Game 3800 | Score: 0 | Record: 37 | Mean Score: 3.81 | Epsilon: 0.05 | Intrinsic: 0.005 | Eta: 0.01000
Game 3900 | Score: 6 | Record: 37 | Mean Score: 3.88 | Epsilon: 0.05 | Intrinsic: 0.020 | Eta: 0.01000
Game 4000 | Score: 0 | Record: 37 | Mean Score: 3.91 | Epsilon: 0.05 | Intrinsic: 0.005 | Eta: 0.01000
Game 4100 | Score: 0 | Record: 37 | Mean Score: 3.97 | Epsilon: 0.05 | Intrinsic: 0.005 | Eta: 0.01000
Game 4200 | Score: 18 | Record: 37 | Mean Score: 4.01 | Epsilon: 0.05 | Intrinsic: 0.061 | Eta: 0.01000
Game 4300 | Score: 0 | Record: 37 | Mean Score: 4.04 | Epsilon: 0.05 | Intrinsic: 0.004 | Eta: 0.01000
Game 4400 | Score: 0 | Record: 37 | Mean Score: 4.10 | Epsilon: 0.05 | Intrinsic: 0.004 | Eta: 0.01000
Game 4500 | Score: 6 | Record: 37 | Mean Score: 4.15 | Epsilon: 0.05 | Intrinsic: 0.018 | Eta: 0.01000
Game 4600 | Score: 0 | Record: 37 | Mean Score: 4.20 | Epsilon: 0.05 | Intrinsic: 0.009 | Eta: 0.01000
Game 4700 | Score: 12 | Record: 37 | Mean Score: 4.25 | Epsilon: 0.05 | Intrinsic: 0.026 | Eta: 0.01000
Game 4800 | Score: 0 | Record: 37 | Mean Score: 4.28 | Epsilon: 0.05 | Intrinsic: 0.001 | Eta: 0.01000
Game 4900 | Score: 15 | Record: 37 | Mean Score: 4.33 | Epsilon: 0.05 | Intrinsic: 0.048 | Eta: 0.01000
Game 5000 | Score: 4 | Record: 37 | Mean Score: 4.37 | Epsilon: 0.05 | Intrinsic: 0.014 | Eta: 0.01000
Game 5100 | Score: 0 | Record: 39 | Mean Score: 4.42 | Epsilon: 0.05 | Intrinsic: 0.003 | Eta: 0.01000
Game 5200 | Score: 0 | Record: 39 | Mean Score: 4.46 | Epsilon: 0.05 | Intrinsic: 0.017 | Eta: 0.01000
Game 5300 | Score: 14 | Record: 39 | Mean Score: 4.51 | Epsilon: 0.05 | Intrinsic: 0.035 | Eta: 0.01000
Game 5400 | Score: 0 | Record: 39 | Mean Score: 4.56 | Epsilon: 0.05 | Intrinsic: 0.007 | Eta: 0.01000
Game 5500 | Score: 17 | Record: 39 | Mean Score: 4.58 | Epsilon: 0.05 | Intrinsic: 0.050 | Eta: 0.01000
Game 5600 | Score: 0 | Record: 39 | Mean Score: 4.58 | Epsilon: 0.05 | Intrinsic: 0.006 | Eta: 0.01000
Game 5700 | Score: 0 | Record: 39 | Mean Score: 4.60 | Epsilon: 0.05 | Intrinsic: 0.005 | Eta: 0.01000
Game 5800 | Score: 0 | Record: 39 | Mean Score: 4.62 | Epsilon: 0.05 | Intrinsic: 0.010 | Eta: 0.01000
Game 5900 | Score: 0 | Record: 39 | Mean Score: 4.65 | Epsilon: 0.05 | Intrinsic: 0.004 | Eta: 0.01000
Game 6000 | Score: 0 | Record: 39 | Mean Score: 4.68 | Epsilon: 0.05 | Intrinsic: 0.006 | Eta: 0.01000
Game 6100 | Score: 8 | Record: 39 | Mean Score: 4.72 | Epsilon: 0.05 | Intrinsic: 0.034 | Eta: 0.01000
Game 6200 | Score: 0 | Record: 39 | Mean Score: 4.75 | Epsilon: 0.05 | Intrinsic: 0.005 | Eta: 0.01000
Game 6300 | Score: 10 | Record: 39 | Mean Score: 4.76 | Epsilon: 0.05 | Intrinsic: 0.035 | Eta: 0.01000
Game 6400 | Score: 0 | Record: 39 | Mean Score: 4.77 | Epsilon: 0.05 | Intrinsic: 0.012 | Eta: 0.01000
Game 6500 | Score: 17 | Record: 39 | Mean Score: 4.82 | Epsilon: 0.05 | Intrinsic: 0.060 | Eta: 0.01000
Game 6600 | Score: 20 | Record: 39 | Mean Score: 4.85 | Epsilon: 0.05 | Intrinsic: 0.069 | Eta: 0.01000
Game 6700 | Score: 0 | Record: 39 | Mean Score: 4.87 | Epsilon: 0.05 | Intrinsic: 0.002 | Eta: 0.01000
Game 6800 | Score: 16 | Record: 39 | Mean Score: 4.90 | Epsilon: 0.05 | Intrinsic: 0.049 | Eta: 0.01000
Game 6900 | Score: 0 | Record: 39 | Mean Score: 4.90 | Epsilon: 0.05 | Intrinsic: 0.002 | Eta: 0.01000
Game 7000 | Score: 0 | Record: 39 | Mean Score: 4.92 | Epsilon: 0.05 | Intrinsic: 0.002 | Eta: 0.01000
Game 7100 | Score: 0 | Record: 39 | Mean Score: 4.96 | Epsilon: 0.05 | Intrinsic: 0.006 | Eta: 0.01000
Game 7200 | Score: 0 | Record: 39 | Mean Score: 4.99 | Epsilon: 0.05 | Intrinsic: 0.008 | Eta: 0.01000
Game 7300 | Score: 0 | Record: 39 | Mean Score: 4.99 | Epsilon: 0.05 | Intrinsic: 0.006 | Eta: 0.01000
Game 7400 | Score: 13 | Record: 39 | Mean Score: 5.02 | Epsilon: 0.05 | Intrinsic: 0.037 | Eta: 0.01000
Game 7500 | Score: 0 | Record: 39 | Mean Score: 5.06 | Epsilon: 0.05 | Intrinsic: 0.005 | Eta: 0.01000
Game 7600 | Score: 13 | Record: 39 | Mean Score: 5.08 | Epsilon: 0.05 | Intrinsic: 0.038 | Eta: 0.01000
Game 7700 | Score: 0 | Record: 39 | Mean Score: 5.11 | Epsilon: 0.05 | Intrinsic: 0.008 | Eta: 0.01000
Game 7800 | Score: 0 | Record: 39 | Mean Score: 5.16 | Epsilon: 0.05 | Intrinsic: 0.018 | Eta: 0.01000
Game 7900 | Score: 18 | Record: 39 | Mean Score: 5.19 | Epsilon: 0.05 | Intrinsic: 0.069 | Eta: 0.01000
Game 8000 | Score: 0 | Record: 39 | Mean Score: 5.21 | Epsilon: 0.05 | Intrinsic: 0.004 | Eta: 0.01000
Game 8100 | Score: 18 | Record: 39 | Mean Score: 5.22 | Epsilon: 0.05 | Intrinsic: 0.060 | Eta: 0.01000
Game 8200 | Score: 0 | Record: 39 | Mean Score: 5.25 | Epsilon: 0.05 | Intrinsic: 0.010 | Eta: 0.01000
Game 8300 | Score: 23 | Record: 48 | Mean Score: 5.27 | Epsilon: 0.05 | Intrinsic: 0.070 | Eta: 0.01000
Game 8400 | Score: 27 | Record: 48 | Mean Score: 5.29 | Epsilon: 0.05 | Intrinsic: 0.108 | Eta: 0.01000
Game 8500 | Score: 0 | Record: 48 | Mean Score: 5.32 | Epsilon: 0.05 | Intrinsic: 0.003 | Eta: 0.01000
Game 8600 | Score: 0 | Record: 48 | Mean Score: 5.34 | Epsilon: 0.05 | Intrinsic: 0.010 | Eta: 0.01000
Game 8700 | Score: 0 | Record: 48 | Mean Score: 5.34 | Epsilon: 0.05 | Intrinsic: 0.015 | Eta: 0.01000
Game 8800 | Score: 0 | Record: 48 | Mean Score: 5.35 | Epsilon: 0.05 | Intrinsic: 0.005 | Eta: 0.01000
Game 8900 | Score: 0 | Record: 48 | Mean Score: 5.37 | Epsilon: 0.05 | Intrinsic: 0.003 | Eta: 0.01000
Game 9000 | Score: 0 | Record: 48 | Mean Score: 5.37 | Epsilon: 0.05 | Intrinsic: 0.001 | Eta: 0.01000
Game 9100 | Score: 22 | Record: 48 | Mean Score: 5.38 | Epsilon: 0.05 | Intrinsic: 0.077 | Eta: 0.01000
Game 9200 | Score: 14 | Record: 48 | Mean Score: 5.40 | Epsilon: 0.05 | Intrinsic: 0.043 | Eta: 0.01000
Game 9300 | Score: 0 | Record: 48 | Mean Score: 5.40 | Epsilon: 0.05 | Intrinsic: 0.004 | Eta: 0.01000
Game 9400 | Score: 4 | Record: 48 | Mean Score: 5.42 | Epsilon: 0.05 | Intrinsic: 0.011 | Eta: 0.01000
Game 9500 | Score: 8 | Record: 48 | Mean Score: 5.44 | Epsilon: 0.05 | Intrinsic: 0.020 | Eta: 0.01000
Game 9600 | Score: 0 | Record: 48 | Mean Score: 5.45 | Epsilon: 0.05 | Intrinsic: 0.003 | Eta: 0.01000
Game 9700 | Score: 1 | Record: 48 | Mean Score: 5.46 | Epsilon: 0.05 | Intrinsic: 0.005 | Eta: 0.01000
Game 9800 | Score: 0 | Record: 48 | Mean Score: 5.47 | Epsilon: 0.05 | Intrinsic: 0.003 | Eta: 0.01000
Game 9900 | Score: 29 | Record: 48 | Mean Score: 5.48 | Epsilon: 0.05 | Intrinsic: 0.128 | Eta: 0.01000
Game 10000 | Score: 0 | Record: 48 | Mean Score: 5.48 | Epsilon: 0.05 | Intrinsic: 0.006 | Eta: 0.01000
Game 10100 | Score: 0 | Record: 48 | Mean Score: 5.49 | Epsilon: 0.05 | Intrinsic: 0.001 | Eta: 0.01000
Game 10200 | Score: 8 | Record: 48 | Mean Score: 5.50 | Epsilon: 0.05 | Intrinsic: 0.022 | Eta: 0.01000
Game 10300 | Score: 15 | Record: 48 | Mean Score: 5.51 | Epsilon: 0.05 | Intrinsic: 0.049 | Eta: 0.01000
Game 10400 | Score: 0 | Record: 48 | Mean Score: 5.50 | Epsilon: 0.05 | Intrinsic: 0.001 | Eta: 0.01000
Game 10500 | Score: 0 | Record: 48 | Mean Score: 5.51 | Epsilon: 0.05 | Intrinsic: 0.007 | Eta: 0.01000
Game 10600 | Score: 12 | Record: 48 | Mean Score: 5.53 | Epsilon: 0.05 | Intrinsic: 0.042 | Eta: 0.01000
Game 10700 | Score: 10 | Record: 48 | Mean Score: 5.55 | Epsilon: 0.05 | Intrinsic: 0.029 | Eta: 0.01000
Game 10800 | Score: 3 | Record: 48 | Mean Score: 5.56 | Epsilon: 0.05 | Intrinsic: 0.008 | Eta: 0.01000
Game 10900 | Score: 5 | Record: 48 | Mean Score: 5.56 | Epsilon: 0.05 | Intrinsic: 0.015 | Eta: 0.01000
Game 11000 | Score: 16 | Record: 48 | Mean Score: 5.57 | Epsilon: 0.05 | Intrinsic: 0.048 | Eta: 0.01000
Game 11100 | Score: 0 | Record: 48 | Mean Score: 5.58 | Epsilon: 0.05 | Intrinsic: 0.008 | Eta: 0.01000
Game 11200 | Score: 9 | Record: 48 | Mean Score: 5.59 | Epsilon: 0.05 | Intrinsic: 0.025 | Eta: 0.01000
Game 11300 | Score: 3 | Record: 48 | Mean Score: 5.59 | Epsilon: 0.05 | Intrinsic: 0.009 | Eta: 0.01000
Game 11400 | Score: 21 | Record: 48 | Mean Score: 5.60 | Epsilon: 0.05 | Intrinsic: 0.082 | Eta: 0.01000
Game 11500 | Score: 0 | Record: 48 | Mean Score: 5.60 | Epsilon: 0.05 | Intrinsic: 0.004 | Eta: 0.01000
Game 11600 | Score: 6 | Record: 48 | Mean Score: 5.62 | Epsilon: 0.05 | Intrinsic: 0.030 | Eta: 0.01000
Game 11700 | Score: 11 | Record: 48 | Mean Score: 5.64 | Epsilon: 0.05 | Intrinsic: 0.029 | Eta: 0.01000
Game 11800 | Score: 0 | Record: 48 | Mean Score: 5.65 | Epsilon: 0.05 | Intrinsic: 0.001 | Eta: 0.01000
Game 11900 | Score: 6 | Record: 48 | Mean Score: 5.66 | Epsilon: 0.05 | Intrinsic: 0.017 | Eta: 0.01000
Game 12000 | Score: 0 | Record: 48 | Mean Score: 5.66 | Epsilon: 0.05 | Intrinsic: 0.007 | Eta: 0.01000
Game 12100 | Score: 13 | Record: 48 | Mean Score: 5.67 | Epsilon: 0.05 | Intrinsic: 0.039 | Eta: 0.01000
Game 12200 | Score: 0 | Record: 48 | Mean Score: 5.68 | Epsilon: 0.05 | Intrinsic: 0.009 | Eta: 0.01000
Game 12300 | Score: 0 | Record: 48 | Mean Score: 5.69 | Epsilon: 0.05 | Intrinsic: 0.009 | Eta: 0.01000
Game 12400 | Score: 0 | Record: 48 | Mean Score: 5.72 | Epsilon: 0.05 | Intrinsic: 0.005 | Eta: 0.01000
Game 12500 | Score: 10 | Record: 48 | Mean Score: 5.73 | Epsilon: 0.05 | Intrinsic: 0.035 | Eta: 0.01000
Game 12600 | Score: 0 | Record: 48 | Mean Score: 5.73 | Epsilon: 0.05 | Intrinsic: 0.001 | Eta: 0.01000
Game 12700 | Score: 0 | Record: 48 | Mean Score: 5.74 | Epsilon: 0.05 | Intrinsic: 0.004 | Eta: 0.01000
Game 12800 | Score: 0 | Record: 48 | Mean Score: 5.76 | Epsilon: 0.05 | Intrinsic: 0.004 | Eta: 0.01000
Game 12900 | Score: 0 | Record: 48 | Mean Score: 5.77 | Epsilon: 0.05 | Intrinsic: 0.006 | Eta: 0.01000
Game 13000 | Score: 0 | Record: 48 | Mean Score: 5.77 | Epsilon: 0.05 | Intrinsic: 0.002 | Eta: 0.01000
Game 13100 | Score: 1 | Record: 48 | Mean Score: 5.77 | Epsilon: 0.05 | Intrinsic: 0.004 | Eta: 0.01000
Game 13200 | Score: 36 | Record: 48 | Mean Score: 5.78 | Epsilon: 0.05 | Intrinsic: 0.149 | Eta: 0.01000
Game 13300 | Score: 0 | Record: 48 | Mean Score: 5.79 | Epsilon: 0.05 | Intrinsic: 0.002 | Eta: 0.01000
Game 13400 | Score: 5 | Record: 48 | Mean Score: 5.79 | Epsilon: 0.05 | Intrinsic: 0.015 | Eta: 0.01000
Game 13500 | Score: 26 | Record: 48 | Mean Score: 5.79 | Epsilon: 0.05 | Intrinsic: 0.075 | Eta: 0.01000
Game 13600 | Score: 3 | Record: 48 | Mean Score: 5.80 | Epsilon: 0.05 | Intrinsic: 0.007 | Eta: 0.01000
Game 13700 | Score: 26 | Record: 48 | Mean Score: 5.80 | Epsilon: 0.05 | Intrinsic: 0.090 | Eta: 0.01000
Game 13800 | Score: 0 | Record: 48 | Mean Score: 5.80 | Epsilon: 0.05 | Intrinsic: 0.005 | Eta: 0.01000
Game 13900 | Score: 41 | Record: 48 | Mean Score: 5.80 | Epsilon: 0.05 | Intrinsic: 0.176 | Eta: 0.01000
[Game 14000] Final LR cooldown applied → 1e-5
Game 14000 | Score: 0 | Record: 48 | Mean Score: 5.81 | Epsilon: 0.05 | Intrinsic: 0.025 | Eta: 0.01000
Game 14100 | Score: 25 | Record: 48 | Mean Score: 5.81 | Epsilon: 0.05 | Intrinsic: 0.116 | Eta: 0.01000
Game 14200 | Score: 1 | Record: 48 | Mean Score: 5.81 | Epsilon: 0.05 | Intrinsic: 0.008 | Eta: 0.01000
Game 14300 | Score: 0 | Record: 48 | Mean Score: 5.82 | Epsilon: 0.05 | Intrinsic: 0.003 | Eta: 0.01000
Game 14400 | Score: 17 | Record: 48 | Mean Score: 5.83 | Epsilon: 0.05 | Intrinsic: 0.054 | Eta: 0.01000
Game 14500 | Score: 20 | Record: 48 | Mean Score: 5.83 | Epsilon: 0.05 | Intrinsic: 0.055 | Eta: 0.01000
Game 14600 | Score: 9 | Record: 48 | Mean Score: 5.84 | Epsilon: 0.05 | Intrinsic: 0.018 | Eta: 0.01000
Game 14700 | Score: 0 | Record: 48 | Mean Score: 5.86 | Epsilon: 0.05 | Intrinsic: 0.003 | Eta: 0.01000
Game 14800 | Score: 1 | Record: 48 | Mean Score: 5.86 | Epsilon: 0.05 | Intrinsic: 0.004 | Eta: 0.01000
Game 14900 | Score: 0 | Record: 48 | Mean Score: 5.86 | Epsilon: 0.05 | Intrinsic: 0.004 | Eta: 0.01000
Game 15000 | Score: 19 | Record: 48 | Mean Score: 5.86 | Epsilon: 0.05 | Intrinsic: 0.068 | Eta: 0.01000
Game 15100 | Score: 0 | Record: 48 | Mean Score: 5.87 | Epsilon: 0.05 | Intrinsic: 0.002 | Eta: 0.01000
Game 15200 | Score: 21 | Record: 48 | Mean Score: 5.87 | Epsilon: 0.05 | Intrinsic: 0.068 | Eta: 0.01000
Game 15300 | Score: 0 | Record: 48 | Mean Score: 5.89 | Epsilon: 0.05 | Intrinsic: 0.006 | Eta: 0.01000
Game 15400 | Score: 5 | Record: 48 | Mean Score: 5.89 | Epsilon: 0.05 | Intrinsic: 0.012 | Eta: 0.01000
Game 15500 | Score: 0 | Record: 48 | Mean Score: 5.90 | Epsilon: 0.05 | Intrinsic: 0.006 | Eta: 0.01000
Game 15600 | Score: 0 | Record: 48 | Mean Score: 5.90 | Epsilon: 0.05 | Intrinsic: 0.006 | Eta: 0.01000
Game 15700 | Score: 0 | Record: 48 | Mean Score: 5.91 | Epsilon: 0.05 | Intrinsic: 0.003 | Eta: 0.01000
Game 15800 | Score: 0 | Record: 48 | Mean Score: 5.91 | Epsilon: 0.05 | Intrinsic: 0.004 | Eta: 0.01000
Game 15900 | Score: 0 | Record: 48 | Mean Score: 5.92 | Epsilon: 0.05 | Intrinsic: 0.003 | Eta: 0.01000
Game 16000 | Score: 11 | Record: 48 | Mean Score: 5.92 | Epsilon: 0.05 | Intrinsic: 0.027 | Eta: 0.01000

Training Complete!
Best Score: 48
Final Mean Score: 5.92
wandb: updating run metadata
wandb: uploading output.log; uploading wandb-summary.json; uploading config.yaml
wandb: uploading output.log
wandb: uploading history steps 159-159, summary, console lines 161-165
wandb: 
wandb: Run history:
wandb:          Epsilon █▇▆▅▃▁▁▁▁▁▁▁▁▁▁▁▁▁▁▁▁▁▁▁▁▁▁▁▁▁▁▁▁▁▁▁▁▁▁▁
wandb:              Eta ▁▁▁▁▁▁▁▁▁▁▁▁▁▁▁▁▁▁▁▁▁▁▁▁▁▁▁▁▁▁▁▁▁▁▁▁▁▁▁▁
wandb:             Game ▁▁▁▁▁▂▂▂▂▃▃▃▃▃▃▄▄▄▄▅▅▅▅▅▅▆▆▆▆▇▇▇▇▇▇█████
wandb: Intrinsic_Reward ▁▁▁▃▁▁▂▃▁▅▁▁▄▂▂▁▁▂▄▁▃▄▆▁▁▁▃▁▁▂▂▁▃▁█▁▄▂▁▁
wandb:       Mean_Score ▁▁▁▁▁▂▂▄▅▅▆▆▆▆▇▇▇▇▇▇▇▇▇▇▇▇▇█████████████
wandb:           Record ▁▁▂▃▃▆▆▆▆▆▆▆▆▆▇▇▇▇▇▇▇▇▇▇████████████████
wandb:            Score ▁▁▁▁▁▁▁▁▁▃▁▅▁▁▁▁▄▆▁▅▆▁▁▂▅▁▃▂▄▃▁▁▁▁▁▁█▁▆▁
wandb: 
wandb: Run summary:
wandb:          Epsilon 0.05
wandb:              Eta 0.01
wandb:             Game 16000
wandb: Intrinsic_Reward 0.02724
wandb:       Mean_Score 5.92494
wandb:           Record 48
wandb:            Score 11
wandb: 
wandb: 🚀 View run DQN_PER_v2_ICM_10x10 at: https://wandb.ai/saheb37/rl-snake/runs/8qf7q1l0
wandb: ⭐️ View project at: https://wandb.ai/saheb37/rl-snake
wandb: Synced 5 W&B file(s), 0 media file(s), 0 artifact file(s) and 0 other file(s)
wandb: Find logs at: ./wandb/run-20260422_175507-8qf7q1l0/logs
