/Users/saheb/home/rl-snake/.venv/lib/python3.9/site-packages/urllib3/__init__.py:35: NotOpenSSLWarning: urllib3 v2 only supports OpenSSL 1.1.1+, currently the 'ssl' module is compiled with 'LibreSSL 2.8.3'. See: https://github.com/urllib3/urllib3/issues/3020
  warnings.warn(
wandb: [wandb.login()] Loaded credentials for https://api.wandb.ai from /Users/saheb/.netrc.
wandb: Currently logged in as: saheb37 to https://api.wandb.ai. Use `wandb login --relogin` to force relogin
wandb: setting up run 0wdygge0
wandb: Tracking run with wandb version 0.26.0
wandb: Run data is saved locally in /Users/saheb/home/rl-snake/wandb/run-20260423_185136-0wdygge0
wandb: Run `wandb offline` to turn off syncing.
wandb: Syncing run DQN_PER_v6_3xtrain_ICM_10x10
wandb: ⭐️ View project at https://wandb.ai/saheb37/rl-snake
wandb: 🚀 View run at https://wandb.ai/saheb37/rl-snake/runs/0wdygge0
Starting ICM DQN Training (Dueling + 3-Step) on 10x10 Board...
Game 100 | Score: 0 | Record: 2 | Mean Score: 0.08 | Epsilon: 0.95 | Intrinsic: 0.001 | Eta: 0.01000
Game 200 | Score: 1 | Record: 2 | Mean Score: 0.10 | Epsilon: 0.90 | Intrinsic: 0.021 | Eta: 0.01000
Game 300 | Score: 0 | Record: 3 | Mean Score: 0.14 | Epsilon: 0.85 | Intrinsic: 0.002 | Eta: 0.01000
Game 400 | Score: 1 | Record: 3 | Mean Score: 0.15 | Epsilon: 0.80 | Intrinsic: 0.028 | Eta: 0.01000
Game 500 | Score: 0 | Record: 3 | Mean Score: 0.18 | Epsilon: 0.75 | Intrinsic: 0.001 | Eta: 0.01000
Game 600 | Score: 1 | Record: 3 | Mean Score: 0.20 | Epsilon: 0.70 | Intrinsic: 0.012 | Eta: 0.01000
Game 700 | Score: 0 | Record: 4 | Mean Score: 0.22 | Epsilon: 0.65 | Intrinsic: 0.004 | Eta: 0.01000
Game 800 | Score: 0 | Record: 5 | Mean Score: 0.26 | Epsilon: 0.60 | Intrinsic: 0.002 | Eta: 0.01000
Game 900 | Score: 0 | Record: 5 | Mean Score: 0.30 | Epsilon: 0.55 | Intrinsic: 0.003 | Eta: 0.01000
Game 1000 | Score: 0 | Record: 9 | Mean Score: 0.35 | Epsilon: 0.50 | Intrinsic: 0.005 | Eta: 0.01000
Game 1100 | Score: 0 | Record: 9 | Mean Score: 0.40 | Epsilon: 0.45 | Intrinsic: 0.003 | Eta: 0.01000
Game 1200 | Score: 0 | Record: 9 | Mean Score: 0.48 | Epsilon: 0.40 | Intrinsic: 0.002 | Eta: 0.01000
Game 1300 | Score: 2 | Record: 9 | Mean Score: 0.50 | Epsilon: 0.35 | Intrinsic: 0.013 | Eta: 0.01000
Game 1400 | Score: 7 | Record: 14 | Mean Score: 0.61 | Epsilon: 0.30 | Intrinsic: 0.027 | Eta: 0.01000
Game 1500 | Score: 0 | Record: 14 | Mean Score: 0.68 | Epsilon: 0.25 | Intrinsic: 0.006 | Eta: 0.01000
Game 1600 | Score: 0 | Record: 14 | Mean Score: 0.76 | Epsilon: 0.20 | Intrinsic: 0.001 | Eta: 0.01000
Game 1700 | Score: 14 | Record: 16 | Mean Score: 0.91 | Epsilon: 0.15 | Intrinsic: 0.048 | Eta: 0.01000
Game 1800 | Score: 0 | Record: 23 | Mean Score: 1.07 | Epsilon: 0.10 | Intrinsic: 0.002 | Eta: 0.01000
Game 1900 | Score: 17 | Record: 26 | Mean Score: 1.31 | Epsilon: 0.05 | Intrinsic: 0.074 | Eta: 0.01000
Game 2000 | Score: 17 | Record: 33 | Mean Score: 1.69 | Epsilon: 0.01 | Intrinsic: 0.067 | Eta: 0.01000
Game 2100 | Score: 40 | Record: 40 | Mean Score: 2.15 | Epsilon: 0.01 | Intrinsic: 0.174 | Eta: 0.01000
Game 2200 | Score: 0 | Record: 40 | Mean Score: 2.56 | Epsilon: 0.01 | Intrinsic: 0.012 | Eta: 0.01000
Game 2300 | Score: 0 | Record: 40 | Mean Score: 2.85 | Epsilon: 0.01 | Intrinsic: 0.007 | Eta: 0.01000
Game 2400 | Score: 12 | Record: 40 | Mean Score: 3.18 | Epsilon: 0.01 | Intrinsic: 0.030 | Eta: 0.01000
Game 2500 | Score: 17 | Record: 40 | Mean Score: 3.50 | Epsilon: 0.01 | Intrinsic: 0.062 | Eta: 0.01000
Game 2600 | Score: 23 | Record: 44 | Mean Score: 3.75 | Epsilon: 0.01 | Intrinsic: 0.089 | Eta: 0.01000
Game 2700 | Score: 0 | Record: 44 | Mean Score: 4.05 | Epsilon: 0.01 | Intrinsic: 0.001 | Eta: 0.01000
Game 2800 | Score: 0 | Record: 44 | Mean Score: 4.41 | Epsilon: 0.01 | Intrinsic: 0.008 | Eta: 0.01000
Game 2900 | Score: 0 | Record: 44 | Mean Score: 4.62 | Epsilon: 0.01 | Intrinsic: 0.009 | Eta: 0.01000
Game 3000 | Score: 0 | Record: 44 | Mean Score: 4.90 | Epsilon: 0.01 | Intrinsic: 0.007 | Eta: 0.01000
Game 3100 | Score: 0 | Record: 44 | Mean Score: 5.09 | Epsilon: 0.01 | Intrinsic: 0.022 | Eta: 0.01000
Game 3200 | Score: 14 | Record: 44 | Mean Score: 5.34 | Epsilon: 0.01 | Intrinsic: 0.051 | Eta: 0.01000
Game 3300 | Score: 12 | Record: 44 | Mean Score: 5.50 | Epsilon: 0.01 | Intrinsic: 0.035 | Eta: 0.01000
Game 3400 | Score: 0 | Record: 44 | Mean Score: 5.71 | Epsilon: 0.01 | Intrinsic: 0.006 | Eta: 0.01000
Game 3500 | Score: 0 | Record: 46 | Mean Score: 5.92 | Epsilon: 0.01 | Intrinsic: 0.035 | Eta: 0.01000
Game 3600 | Score: 28 | Record: 47 | Mean Score: 6.08 | Epsilon: 0.01 | Intrinsic: 0.095 | Eta: 0.01000
Game 3700 | Score: 20 | Record: 47 | Mean Score: 6.25 | Epsilon: 0.01 | Intrinsic: 0.074 | Eta: 0.01000
Game 3800 | Score: 32 | Record: 47 | Mean Score: 6.47 | Epsilon: 0.01 | Intrinsic: 0.122 | Eta: 0.01000
Game 3900 | Score: 24 | Record: 47 | Mean Score: 6.59 | Epsilon: 0.01 | Intrinsic: 0.090 | Eta: 0.01000
Game 4000 | Score: 0 | Record: 47 | Mean Score: 6.75 | Epsilon: 0.01 | Intrinsic: 0.043 | Eta: 0.01000
Game 4100 | Score: 0 | Record: 47 | Mean Score: 6.85 | Epsilon: 0.01 | Intrinsic: 0.013 | Eta: 0.01000
Game 4200 | Score: 23 | Record: 47 | Mean Score: 6.98 | Epsilon: 0.01 | Intrinsic: 0.072 | Eta: 0.01000
Game 4300 | Score: 0 | Record: 47 | Mean Score: 7.11 | Epsilon: 0.01 | Intrinsic: 0.007 | Eta: 0.01000
Game 4400 | Score: 11 | Record: 47 | Mean Score: 7.22 | Epsilon: 0.01 | Intrinsic: 0.047 | Eta: 0.01000
Game 4500 | Score: 37 | Record: 47 | Mean Score: 7.29 | Epsilon: 0.01 | Intrinsic: 0.139 | Eta: 0.01000
Game 4600 | Score: 15 | Record: 47 | Mean Score: 7.39 | Epsilon: 0.01 | Intrinsic: 0.049 | Eta: 0.01000
Game 4700 | Score: 0 | Record: 55 | Mean Score: 7.55 | Epsilon: 0.01 | Intrinsic: 0.008 | Eta: 0.01000
Game 4800 | Score: 0 | Record: 55 | Mean Score: 7.60 | Epsilon: 0.01 | Intrinsic: 0.024 | Eta: 0.01000
Game 4900 | Score: 20 | Record: 55 | Mean Score: 7.67 | Epsilon: 0.01 | Intrinsic: 0.069 | Eta: 0.01000
Game 5000 | Score: 33 | Record: 55 | Mean Score: 7.75 | Epsilon: 0.01 | Intrinsic: 0.141 | Eta: 0.01000
Game 5100 | Score: 21 | Record: 55 | Mean Score: 7.78 | Epsilon: 0.01 | Intrinsic: 0.058 | Eta: 0.01000
Game 5200 | Score: 0 | Record: 55 | Mean Score: 7.87 | Epsilon: 0.01 | Intrinsic: 0.022 | Eta: 0.01000
Game 5300 | Score: 21 | Record: 55 | Mean Score: 7.93 | Epsilon: 0.01 | Intrinsic: 0.065 | Eta: 0.01000
Game 5400 | Score: 0 | Record: 55 | Mean Score: 8.00 | Epsilon: 0.01 | Intrinsic: 0.020 | Eta: 0.01000
Game 5500 | Score: 0 | Record: 55 | Mean Score: 8.11 | Epsilon: 0.01 | Intrinsic: 0.007 | Eta: 0.01000
Game 5600 | Score: 0 | Record: 55 | Mean Score: 8.18 | Epsilon: 0.01 | Intrinsic: 0.014 | Eta: 0.01000
Game 5700 | Score: 16 | Record: 55 | Mean Score: 8.25 | Epsilon: 0.01 | Intrinsic: 0.052 | Eta: 0.01000
Game 5800 | Score: 0 | Record: 55 | Mean Score: 8.30 | Epsilon: 0.01 | Intrinsic: 0.014 | Eta: 0.01000
Game 5900 | Score: 0 | Record: 55 | Mean Score: 8.34 | Epsilon: 0.01 | Intrinsic: 0.009 | Eta: 0.01000
Game 6000 | Score: 26 | Record: 55 | Mean Score: 8.44 | Epsilon: 0.01 | Intrinsic: 0.088 | Eta: 0.01000
Game 6100 | Score: 0 | Record: 55 | Mean Score: 8.49 | Epsilon: 0.01 | Intrinsic: 0.003 | Eta: 0.01000
Game 6200 | Score: 0 | Record: 55 | Mean Score: 8.58 | Epsilon: 0.01 | Intrinsic: 0.001 | Eta: 0.01000
Game 6300 | Score: 27 | Record: 55 | Mean Score: 8.65 | Epsilon: 0.01 | Intrinsic: 0.108 | Eta: 0.01000
Game 6400 | Score: 0 | Record: 58 | Mean Score: 8.66 | Epsilon: 0.01 | Intrinsic: 0.005 | Eta: 0.01000
Game 6500 | Score: 15 | Record: 58 | Mean Score: 8.67 | Epsilon: 0.01 | Intrinsic: 0.046 | Eta: 0.01000
Game 6600 | Score: 0 | Record: 58 | Mean Score: 8.71 | Epsilon: 0.01 | Intrinsic: 0.008 | Eta: 0.01000
Game 6700 | Score: 0 | Record: 58 | Mean Score: 8.74 | Epsilon: 0.01 | Intrinsic: 0.015 | Eta: 0.01000
Game 6800 | Score: 0 | Record: 58 | Mean Score: 8.81 | Epsilon: 0.01 | Intrinsic: 0.003 | Eta: 0.01000
Game 6900 | Score: 0 | Record: 58 | Mean Score: 8.86 | Epsilon: 0.01 | Intrinsic: 0.009 | Eta: 0.01000
Game 7000 | Score: 10 | Record: 58 | Mean Score: 8.90 | Epsilon: 0.01 | Intrinsic: 0.032 | Eta: 0.01000
Game 7100 | Score: 0 | Record: 58 | Mean Score: 8.92 | Epsilon: 0.01 | Intrinsic: 0.001 | Eta: 0.01000
Game 7200 | Score: 0 | Record: 58 | Mean Score: 8.96 | Epsilon: 0.01 | Intrinsic: 0.011 | Eta: 0.01000
Game 7300 | Score: 0 | Record: 58 | Mean Score: 8.99 | Epsilon: 0.01 | Intrinsic: 0.004 | Eta: 0.01000
Game 7400 | Score: 0 | Record: 58 | Mean Score: 9.08 | Epsilon: 0.01 | Intrinsic: 0.012 | Eta: 0.01000
Game 7500 | Score: 24 | Record: 58 | Mean Score: 9.11 | Epsilon: 0.01 | Intrinsic: 0.065 | Eta: 0.01000
Game 7600 | Score: 0 | Record: 58 | Mean Score: 9.15 | Epsilon: 0.01 | Intrinsic: 0.008 | Eta: 0.01000
Game 7700 | Score: 0 | Record: 58 | Mean Score: 9.20 | Epsilon: 0.01 | Intrinsic: 0.012 | Eta: 0.01000
Game 7800 | Score: 0 | Record: 58 | Mean Score: 9.22 | Epsilon: 0.01 | Intrinsic: 0.003 | Eta: 0.01000
Game 7900 | Score: 0 | Record: 58 | Mean Score: 9.24 | Epsilon: 0.01 | Intrinsic: 0.017 | Eta: 0.01000
Game 8000 | Score: 33 | Record: 58 | Mean Score: 9.29 | Epsilon: 0.01 | Intrinsic: 0.130 | Eta: 0.01000
Game 8100 | Score: 0 | Record: 58 | Mean Score: 9.32 | Epsilon: 0.01 | Intrinsic: 0.012 | Eta: 0.01000
Game 8200 | Score: 28 | Record: 58 | Mean Score: 9.37 | Epsilon: 0.01 | Intrinsic: 0.103 | Eta: 0.01000
Game 8300 | Score: 0 | Record: 58 | Mean Score: 9.38 | Epsilon: 0.01 | Intrinsic: 0.008 | Eta: 0.01000
Game 8400 | Score: 19 | Record: 58 | Mean Score: 9.40 | Epsilon: 0.01 | Intrinsic: 0.087 | Eta: 0.01000
Game 8500 | Score: 27 | Record: 58 | Mean Score: 9.46 | Epsilon: 0.01 | Intrinsic: 0.090 | Eta: 0.01000
Game 8600 | Score: 0 | Record: 58 | Mean Score: 9.47 | Epsilon: 0.01 | Intrinsic: 0.008 | Eta: 0.01000
Game 8700 | Score: 32 | Record: 58 | Mean Score: 9.46 | Epsilon: 0.01 | Intrinsic: 0.105 | Eta: 0.01000
Game 8800 | Score: 0 | Record: 58 | Mean Score: 9.49 | Epsilon: 0.01 | Intrinsic: 0.008 | Eta: 0.01000
Game 8900 | Score: 0 | Record: 58 | Mean Score: 9.53 | Epsilon: 0.01 | Intrinsic: 0.002 | Eta: 0.01000
Game 9000 | Score: 23 | Record: 58 | Mean Score: 9.55 | Epsilon: 0.01 | Intrinsic: 0.079 | Eta: 0.01000
Game 9100 | Score: 0 | Record: 58 | Mean Score: 9.60 | Epsilon: 0.01 | Intrinsic: 0.006 | Eta: 0.01000
Game 9200 | Score: 0 | Record: 58 | Mean Score: 9.61 | Epsilon: 0.01 | Intrinsic: 0.004 | Eta: 0.01000
Game 9300 | Score: 0 | Record: 58 | Mean Score: 9.63 | Epsilon: 0.01 | Intrinsic: 0.008 | Eta: 0.01000
Game 9400 | Score: 0 | Record: 58 | Mean Score: 9.68 | Epsilon: 0.01 | Intrinsic: 0.007 | Eta: 0.01000
Game 9500 | Score: 18 | Record: 58 | Mean Score: 9.71 | Epsilon: 0.01 | Intrinsic: 0.060 | Eta: 0.01000
Game 9600 | Score: 25 | Record: 58 | Mean Score: 9.75 | Epsilon: 0.01 | Intrinsic: 0.085 | Eta: 0.01000
Game 9700 | Score: 23 | Record: 58 | Mean Score: 9.80 | Epsilon: 0.01 | Intrinsic: 0.079 | Eta: 0.01000
Game 9800 | Score: 0 | Record: 58 | Mean Score: 9.84 | Epsilon: 0.01 | Intrinsic: 0.012 | Eta: 0.01000
Game 9900 | Score: 0 | Record: 58 | Mean Score: 9.84 | Epsilon: 0.01 | Intrinsic: 0.003 | Eta: 0.01000
Game 10000 | Score: 14 | Record: 58 | Mean Score: 9.89 | Epsilon: 0.01 | Intrinsic: 0.053 | Eta: 0.01000
Game 10100 | Score: 0 | Record: 58 | Mean Score: 9.92 | Epsilon: 0.01 | Intrinsic: 0.019 | Eta: 0.01000
Game 10200 | Score: 0 | Record: 58 | Mean Score: 9.95 | Epsilon: 0.01 | Intrinsic: 0.010 | Eta: 0.01000
Game 10300 | Score: 0 | Record: 58 | Mean Score: 9.98 | Epsilon: 0.01 | Intrinsic: 0.011 | Eta: 0.01000
Game 10400 | Score: 25 | Record: 58 | Mean Score: 10.01 | Epsilon: 0.01 | Intrinsic: 0.084 | Eta: 0.01000
Game 10500 | Score: 26 | Record: 58 | Mean Score: 10.02 | Epsilon: 0.01 | Intrinsic: 0.094 | Eta: 0.01000
Game 10600 | Score: 0 | Record: 58 | Mean Score: 10.02 | Epsilon: 0.01 | Intrinsic: 0.012 | Eta: 0.01000
Game 10700 | Score: 0 | Record: 58 | Mean Score: 10.04 | Epsilon: 0.01 | Intrinsic: 0.009 | Eta: 0.01000
Game 10800 | Score: 0 | Record: 58 | Mean Score: 10.07 | Epsilon: 0.01 | Intrinsic: 0.007 | Eta: 0.01000
Game 10900 | Score: 0 | Record: 58 | Mean Score: 10.07 | Epsilon: 0.01 | Intrinsic: 0.005 | Eta: 0.01000
Game 11000 | Score: 0 | Record: 58 | Mean Score: 10.09 | Epsilon: 0.01 | Intrinsic: 0.014 | Eta: 0.01000
Game 11100 | Score: 0 | Record: 58 | Mean Score: 10.08 | Epsilon: 0.01 | Intrinsic: 0.016 | Eta: 0.01000
Game 11200 | Score: 19 | Record: 58 | Mean Score: 10.09 | Epsilon: 0.01 | Intrinsic: 0.067 | Eta: 0.01000
Game 11300 | Score: 43 | Record: 58 | Mean Score: 10.09 | Epsilon: 0.01 | Intrinsic: 0.240 | Eta: 0.01000
Game 11400 | Score: 17 | Record: 58 | Mean Score: 10.09 | Epsilon: 0.01 | Intrinsic: 0.052 | Eta: 0.01000
Game 11500 | Score: 19 | Record: 58 | Mean Score: 10.12 | Epsilon: 0.01 | Intrinsic: 0.049 | Eta: 0.01000
Game 11600 | Score: 0 | Record: 58 | Mean Score: 10.13 | Epsilon: 0.01 | Intrinsic: 0.012 | Eta: 0.01000
Game 11700 | Score: 0 | Record: 58 | Mean Score: 10.15 | Epsilon: 0.01 | Intrinsic: 0.009 | Eta: 0.01000
Game 11800 | Score: 0 | Record: 58 | Mean Score: 10.15 | Epsilon: 0.01 | Intrinsic: 0.003 | Eta: 0.01000
Game 11900 | Score: 0 | Record: 58 | Mean Score: 10.16 | Epsilon: 0.01 | Intrinsic: 0.002 | Eta: 0.01000
Game 12000 | Score: 31 | Record: 58 | Mean Score: 10.20 | Epsilon: 0.01 | Intrinsic: 0.101 | Eta: 0.01000
Game 12100 | Score: 43 | Record: 58 | Mean Score: 10.23 | Epsilon: 0.01 | Intrinsic: 0.182 | Eta: 0.01000
Game 12200 | Score: 0 | Record: 58 | Mean Score: 10.23 | Epsilon: 0.01 | Intrinsic: 0.016 | Eta: 0.01000
Game 12300 | Score: 0 | Record: 58 | Mean Score: 10.23 | Epsilon: 0.01 | Intrinsic: 0.006 | Eta: 0.01000
Game 12400 | Score: 21 | Record: 58 | Mean Score: 10.23 | Epsilon: 0.01 | Intrinsic: 0.069 | Eta: 0.01000
Game 12500 | Score: 0 | Record: 58 | Mean Score: 10.27 | Epsilon: 0.01 | Intrinsic: 0.009 | Eta: 0.01000
Game 12600 | Score: 32 | Record: 58 | Mean Score: 10.28 | Epsilon: 0.01 | Intrinsic: 0.137 | Eta: 0.01000
Game 12700 | Score: 0 | Record: 58 | Mean Score: 10.31 | Epsilon: 0.01 | Intrinsic: 0.004 | Eta: 0.01000
Game 12800 | Score: 0 | Record: 58 | Mean Score: 10.31 | Epsilon: 0.01 | Intrinsic: 0.005 | Eta: 0.01000
Game 12900 | Score: 26 | Record: 58 | Mean Score: 10.32 | Epsilon: 0.01 | Intrinsic: 0.068 | Eta: 0.01000
Game 13000 | Score: 0 | Record: 58 | Mean Score: 10.34 | Epsilon: 0.01 | Intrinsic: 0.019 | Eta: 0.01000
Game 13100 | Score: 0 | Record: 58 | Mean Score: 10.34 | Epsilon: 0.01 | Intrinsic: 0.012 | Eta: 0.01000
Game 13200 | Score: 0 | Record: 58 | Mean Score: 10.35 | Epsilon: 0.01 | Intrinsic: 0.016 | Eta: 0.01000
Game 13300 | Score: 18 | Record: 58 | Mean Score: 10.35 | Epsilon: 0.01 | Intrinsic: 0.081 | Eta: 0.01000
Game 13400 | Score: 34 | Record: 58 | Mean Score: 10.38 | Epsilon: 0.01 | Intrinsic: 0.143 | Eta: 0.01000
Game 13500 | Score: 38 | Record: 58 | Mean Score: 10.40 | Epsilon: 0.01 | Intrinsic: 0.162 | Eta: 0.01000
Game 13600 | Score: 0 | Record: 58 | Mean Score: 10.41 | Epsilon: 0.01 | Intrinsic: 0.011 | Eta: 0.01000
Game 13700 | Score: 0 | Record: 58 | Mean Score: 10.42 | Epsilon: 0.01 | Intrinsic: 0.011 | Eta: 0.01000
Game 13800 | Score: 12 | Record: 58 | Mean Score: 10.44 | Epsilon: 0.01 | Intrinsic: 0.048 | Eta: 0.01000
Game 13900 | Score: 0 | Record: 58 | Mean Score: 10.45 | Epsilon: 0.01 | Intrinsic: 0.011 | Eta: 0.01000
[Game 14000] Final LR cooldown applied → 1e-5
Game 14000 | Score: 25 | Record: 58 | Mean Score: 10.46 | Epsilon: 0.01 | Intrinsic: 0.096 | Eta: 0.01000
Game 14100 | Score: 0 | Record: 58 | Mean Score: 10.49 | Epsilon: 0.01 | Intrinsic: 0.003 | Eta: 0.01000
Game 14200 | Score: 20 | Record: 58 | Mean Score: 10.51 | Epsilon: 0.01 | Intrinsic: 0.068 | Eta: 0.01000
Game 14300 | Score: 0 | Record: 58 | Mean Score: 10.52 | Epsilon: 0.01 | Intrinsic: 0.002 | Eta: 0.01000
Game 14400 | Score: 23 | Record: 58 | Mean Score: 10.54 | Epsilon: 0.01 | Intrinsic: 0.070 | Eta: 0.01000
Game 14500 | Score: 0 | Record: 58 | Mean Score: 10.55 | Epsilon: 0.01 | Intrinsic: 0.002 | Eta: 0.01000
Game 14600 | Score: 0 | Record: 58 | Mean Score: 10.55 | Epsilon: 0.01 | Intrinsic: 0.002 | Eta: 0.01000
Game 14700 | Score: 32 | Record: 58 | Mean Score: 10.59 | Epsilon: 0.01 | Intrinsic: 0.116 | Eta: 0.01000
Game 14800 | Score: 0 | Record: 58 | Mean Score: 10.59 | Epsilon: 0.01 | Intrinsic: 0.001 | Eta: 0.01000
Game 14900 | Score: 0 | Record: 58 | Mean Score: 10.60 | Epsilon: 0.01 | Intrinsic: 0.002 | Eta: 0.01000
Game 15000 | Score: 0 | Record: 58 | Mean Score: 10.60 | Epsilon: 0.01 | Intrinsic: 0.005 | Eta: 0.01000
Game 15100 | Score: 0 | Record: 58 | Mean Score: 10.61 | Epsilon: 0.01 | Intrinsic: 0.001 | Eta: 0.01000
Game 15200 | Score: 8 | Record: 58 | Mean Score: 10.62 | Epsilon: 0.01 | Intrinsic: 0.017 | Eta: 0.01000
Game 15300 | Score: 0 | Record: 58 | Mean Score: 10.64 | Epsilon: 0.01 | Intrinsic: 0.003 | Eta: 0.01000
Game 15400 | Score: 0 | Record: 58 | Mean Score: 10.66 | Epsilon: 0.01 | Intrinsic: 0.002 | Eta: 0.01000
Game 15500 | Score: 23 | Record: 58 | Mean Score: 10.68 | Epsilon: 0.01 | Intrinsic: 0.080 | Eta: 0.01000
wandb: updating run metadata
wandb: uploading output.log; uploading wandb-summary.json; uploading config.yaml
wandb: uploading output.log; uploading config.yaml
wandb: uploading history steps 159-159, summary, console lines 161-165
wandb: 
wandb: Run history:
wandb:          Epsilon █▇▅▁▁▁▁▁▁▁▁▁▁▁▁▁▁▁▁▁▁▁▁▁▁▁▁▁▁▁▁▁▁▁▁▁▁▁▁▁
wandb:              Eta ▁▁▁▁▁▁▁▁▁▁▁▁▁▁▁▁▁▁▁▁▁▁▁▁▁▁▁▁▁▁▁▁▁▁▁▁▁▁▁▁
wandb:             Game ▁▁▁▁▂▂▂▂▂▃▃▃▃▃▃▄▄▄▄▄▅▅▅▅▅▅▅▆▆▆▇▇▇▇▇▇▇▇██
wandb: Intrinsic_Reward ▁▂▂▁▁▁▄▂▁▄▃▂▃█▁▂▂▅▁▁▄▆▁▅▁▁▆▂▂▃▂▁▁▁▆▁▄▁▁▁
wandb:       Mean_Score ▁▁▁▁▁▁▃▃▄▄▅▅▅▅▆▆▇▇▇▇▇▇▇▇▇▇▇█████████████
wandb:           Record ▁▂▂▂▄▆▆▆▆▆▇▇████████████████████████████
wandb:            Score ▁▁▁▁▁▃▁▆▅▁▁▁▁▁▁▁▅▁▁▁▁▁▅▅▁▁▁▁▄▁▆█▅▁▁▁▂▅▁▁
wandb: 
wandb: Run summary:
wandb:          Epsilon 0.01
wandb:              Eta 0.01
wandb:             Game 16000
wandb: Intrinsic_Reward 0.00453
wandb:       Mean_Score 10.73506
wandb:           Record 58
wandb:            Score 0
wandb: 
wandb: 🚀 View run DQN_PER_v6_3xtrain_ICM_10x10 at: https://wandb.ai/saheb37/rl-snake/runs/0wdygge0
wandb: ⭐️ View project at: https://wandb.ai/saheb37/rl-snake
wandb: Synced 5 W&B file(s), 0 media file(s), 0 artifact file(s) and 0 other file(s)
wandb: Find logs at: ./wandb/run-20260423_185136-0wdygge0/logs
Game 15600 | Score: 0 | Record: 58 | Mean Score: 10.71 | Epsilon: 0.01 | Intrinsic: 0.001 | Eta: 0.01000
Game 15700 | Score: 35 | Record: 58 | Mean Score: 10.71 | Epsilon: 0.01 | Intrinsic: 0.131 | Eta: 0.01000
Game 15800 | Score: 0 | Record: 58 | Mean Score: 10.71 | Epsilon: 0.01 | Intrinsic: 0.002 | Eta: 0.01000
Game 15900 | Score: 21 | Record: 58 | Mean Score: 10.73 | Epsilon: 0.01 | Intrinsic: 0.073 | Eta: 0.01000
Game 16000 | Score: 0 | Record: 58 | Mean Score: 10.74 | Epsilon: 0.01 | Intrinsic: 0.005 | Eta: 0.01000

Training Complete!
Best Score: 58
Final Mean Score: 10.74
