Starting ICM DQN Training (Dueling + 3-Step) on 8x8 Board...
Game 100 | Score: 0 | Record: 1 | Mean Score: 0.11 | Epsilon: 0.95 | Intrinsic: 0.003 | Eta: 0.01000
Game 200 | Score: 0 | Record: 2 | Mean Score: 0.15 | Epsilon: 0.90 | Intrinsic: 0.002 | Eta: 0.01000
Game 300 | Score: 0 | Record: 3 | Mean Score: 0.16 | Epsilon: 0.85 | Intrinsic: 0.001 | Eta: 0.01000
Game 400 | Score: 1 | Record: 3 | Mean Score: 0.18 | Epsilon: 0.80 | Intrinsic: 0.015 | Eta: 0.01000
Game 500 | Score: 0 | Record: 3 | Mean Score: 0.19 | Epsilon: 0.75 | Intrinsic: 0.001 | Eta: 0.01000
Game 600 | Score: 0 | Record: 3 | Mean Score: 0.23 | Epsilon: 0.70 | Intrinsic: 0.001 | Eta: 0.01000
Game 700 | Score: 1 | Record: 3 | Mean Score: 0.25 | Epsilon: 0.65 | Intrinsic: 0.003 | Eta: 0.01000
Game 800 | Score: 0 | Record: 5 | Mean Score: 0.29 | Epsilon: 0.60 | Intrinsic: 0.004 | Eta: 0.01000
Game 900 | Score: 0 | Record: 6 | Mean Score: 0.35 | Epsilon: 0.55 | Intrinsic: 0.003 | Eta: 0.01000
Game 1000 | Score: 2 | Record: 6 | Mean Score: 0.37 | Epsilon: 0.50 | Intrinsic: 0.010 | Eta: 0.01000
Game 1100 | Score: 0 | Record: 7 | Mean Score: 0.40 | Epsilon: 0.45 | Intrinsic: 0.002 | Eta: 0.01000
Game 1200 | Score: 4 | Record: 8 | Mean Score: 0.45 | Epsilon: 0.40 | Intrinsic: 0.017 | Eta: 0.01000
Game 1300 | Score: 1 | Record: 11 | Mean Score: 0.52 | Epsilon: 0.35 | Intrinsic: 0.011 | Eta: 0.01000
Game 1400 | Score: 0 | Record: 11 | Mean Score: 0.59 | Epsilon: 0.30 | Intrinsic: 0.003 | Eta: 0.01000
Game 1500 | Score: 1 | Record: 11 | Mean Score: 0.67 | Epsilon: 0.25 | Intrinsic: 0.006 | Eta: 0.01000
Game 1600 | Score: 4 | Record: 14 | Mean Score: 0.74 | Epsilon: 0.20 | Intrinsic: 0.017 | Eta: 0.01000
Game 1700 | Score: 5 | Record: 15 | Mean Score: 0.85 | Epsilon: 0.15 | Intrinsic: 0.025 | Eta: 0.01000
Game 1800 | Score: 0 | Record: 18 | Mean Score: 1.00 | Epsilon: 0.10 | Intrinsic: 0.008 | Eta: 0.01000
Game 1900 | Score: 11 | Record: 27 | Mean Score: 1.22 | Epsilon: 0.05 | Intrinsic: 0.034 | Eta: 0.01000
Game 2000 | Score: 14 | Record: 32 | Mean Score: 1.58 | Epsilon: 0.01 | Intrinsic: 0.047 | Eta: 0.01000
Game 2100 | Score: 13 | Record: 32 | Mean Score: 1.89 | Epsilon: 0.01 | Intrinsic: 0.042 | Eta: 0.01000
Game 2200 | Score: 0 | Record: 32 | Mean Score: 2.15 | Epsilon: 0.01 | Intrinsic: 0.010 | Eta: 0.01000
Game 2300 | Score: 20 | Record: 32 | Mean Score: 2.35 | Epsilon: 0.01 | Intrinsic: 0.067 | Eta: 0.01000
Game 2400 | Score: 20 | Record: 32 | Mean Score: 2.66 | Epsilon: 0.01 | Intrinsic: 0.098 | Eta: 0.01000
Game 2500 | Score: 21 | Record: 32 | Mean Score: 2.91 | Epsilon: 0.01 | Intrinsic: 0.086 | Eta: 0.01000
Game 2600 | Score: 16 | Record: 32 | Mean Score: 3.15 | Epsilon: 0.01 | Intrinsic: 0.047 | Eta: 0.01000
Game 2700 | Score: 0 | Record: 32 | Mean Score: 3.38 | Epsilon: 0.01 | Intrinsic: 0.005 | Eta: 0.01000
Game 2800 | Score: 0 | Record: 38 | Mean Score: 3.55 | Epsilon: 0.01 | Intrinsic: 0.011 | Eta: 0.01000
Game 2900 | Score: 9 | Record: 38 | Mean Score: 3.75 | Epsilon: 0.01 | Intrinsic: 0.039 | Eta: 0.01000
Game 3000 | Score: 0 | Record: 38 | Mean Score: 3.98 | Epsilon: 0.01 | Intrinsic: 0.024 | Eta: 0.01000
Game 3100 | Score: 0 | Record: 38 | Mean Score: 4.14 | Epsilon: 0.01 | Intrinsic: 0.007 | Eta: 0.01000
Game 3200 | Score: 22 | Record: 38 | Mean Score: 4.36 | Epsilon: 0.01 | Intrinsic: 0.116 | Eta: 0.01000
Game 3300 | Score: 0 | Record: 38 | Mean Score: 4.60 | Epsilon: 0.01 | Intrinsic: 0.025 | Eta: 0.01000
Game 3400 | Score: 28 | Record: 38 | Mean Score: 4.71 | Epsilon: 0.01 | Intrinsic: 0.163 | Eta: 0.01000
Game 3500 | Score: 0 | Record: 39 | Mean Score: 4.82 | Epsilon: 0.01 | Intrinsic: 0.013 | Eta: 0.01000
Game 3600 | Score: 0 | Record: 39 | Mean Score: 4.92 | Epsilon: 0.01 | Intrinsic: 0.006 | Eta: 0.01000
Game 3700 | Score: 22 | Record: 39 | Mean Score: 5.04 | Epsilon: 0.01 | Intrinsic: 0.074 | Eta: 0.01000
Game 3800 | Score: 13 | Record: 39 | Mean Score: 5.19 | Epsilon: 0.01 | Intrinsic: 0.035 | Eta: 0.01000
Game 3900 | Score: 21 | Record: 39 | Mean Score: 5.33 | Epsilon: 0.01 | Intrinsic: 0.098 | Eta: 0.01000
Game 4000 | Score: 25 | Record: 39 | Mean Score: 5.46 | Epsilon: 0.01 | Intrinsic: 0.113 | Eta: 0.01000
Game 4100 | Score: 17 | Record: 39 | Mean Score: 5.56 | Epsilon: 0.01 | Intrinsic: 0.058 | Eta: 0.01000
Game 4200 | Score: 0 | Record: 39 | Mean Score: 5.63 | Epsilon: 0.01 | Intrinsic: 0.009 | Eta: 0.01000
Game 4300 | Score: 19 | Record: 39 | Mean Score: 5.78 | Epsilon: 0.01 | Intrinsic: 0.064 | Eta: 0.01000
Game 4400 | Score: 10 | Record: 39 | Mean Score: 5.86 | Epsilon: 0.01 | Intrinsic: 0.041 | Eta: 0.01000
Game 4500 | Score: 27 | Record: 39 | Mean Score: 5.99 | Epsilon: 0.01 | Intrinsic: 0.109 | Eta: 0.01000
Game 4600 | Score: 0 | Record: 39 | Mean Score: 6.06 | Epsilon: 0.01 | Intrinsic: 0.011 | Eta: 0.01000
Game 4700 | Score: 30 | Record: 39 | Mean Score: 6.17 | Epsilon: 0.01 | Intrinsic: 0.131 | Eta: 0.01000
Game 4800 | Score: 0 | Record: 39 | Mean Score: 6.26 | Epsilon: 0.01 | Intrinsic: 0.008 | Eta: 0.01000
Game 4900 | Score: 0 | Record: 39 | Mean Score: 6.34 | Epsilon: 0.01 | Intrinsic: 0.003 | Eta: 0.01000
Game 5000 | Score: 0 | Record: 39 | Mean Score: 6.41 | Epsilon: 0.01 | Intrinsic: 0.003 | Eta: 0.01000
Game 5100 | Score: 17 | Record: 39 | Mean Score: 6.49 | Epsilon: 0.01 | Intrinsic: 0.054 | Eta: 0.01000
Game 5200 | Score: 21 | Record: 39 | Mean Score: 6.58 | Epsilon: 0.01 | Intrinsic: 0.074 | Eta: 0Game 5300 | Score: 0 | Record: 37 | Mean Score: 6.68 | Epsilon: 0.01 | Intrinsic: 0.018 | Eta: 0.01000
Game 5400 | Score: 28 | Record: 37 | Mean Score: 6.76 | Epsilon: 0.01 | Intrinsic: 0.109 | Eta: 0.01000
Game 5500 | Score: 0 | Record: 37 | Mean Score: 6.78 | Epsilon: 0.01 | Intrinsic: 0.005 | Eta: 0.01000
Game 5600 | Score: 19 | Record: 37 | Mean Score: 6.85 | Epsilon: 0.01 | Intrinsic: 0.064 | Eta: 0.01000
Game 5700 | Score: 0 | Record: 37 | Mean Score: 6.89 | Epsilon: 0.01 | Intrinsic: 0.009 | Eta: 0.01000
Game 5800 | Score: 11 | Record: 37 | Mean Score: 6.96 | Epsilon: 0.01 | Intrinsic: 0.043 | Eta: 0.01000
Game 5900 | Score: 27 | Record: 37 | Mean Score: 7.04 | Epsilon: 0.01 | Intrinsic: 0.148 | Eta: 0.01000
Game 6000 | Score: 0 | Record: 37 | Mean Score: 7.10 | Epsilon: 0.01 | Intrinsic: 0.030 | Eta: 0.01000
Game 6100 | Score: 0 | Record: 37 | Mean Score: 7.13 | Epsilon: 0.01 | Intrinsic: 0.104 | Eta: 0.01000
Game 6200 | Score: 0 | Record: 37 | Mean Score: 7.17 | Epsilon: 0.01 | Intrinsic: 0.005 | Eta: 0.01000
Game 6300 | Score: 0 | Record: 37 | Mean Score: 7.20 | Epsilon: 0.01 | Intrinsic: 0.003 | Eta: 0.01000
Game 6400 | Score: 0 | Record: 40 | Mean Score: 7.25 | Epsilon: 0.01 | Intrinsic: 0.016 | Eta: 0.01000
Game 6500 | Score: 24 | Record: 40 | Mean Score: 7.31 | Epsilon: 0.01 | Intrinsic: 0.115 | Eta: 0.01000
Game 6600 | Score: 20 | Record: 40 | Mean Score: 7.34 | Epsilon: 0.01 | Intrinsic: 0.081 | Eta: 0.01000
Game 6700 | Score: 21 | Record: 40 | Mean Score: 7.38 | Epsilon: 0.01 | Intrinsic: 0.111 | Eta: 0.01000
Game 6800 | Score: 1 | Record: 40 | Mean Score: 7.42 | Epsilon: 0.01 | Intrinsic: 0.007 | Eta: 0.01000
Game 6900 | Score: 0 | Record: 40 | Mean Score: 7.47 | Epsilon: 0.01 | Intrinsic: 0.003 | Eta: 0.01000
Game 7000 | Score: 30 | Record: 40 | Mean Score: 7.53 | Epsilon: 0.01 | Intrinsic: 0.114 | Eta: 0.01000
Game 7100 | Score: 0 | Record: 40 | Mean Score: 7.57 | Epsilon: 0.01 | Intrinsic: 0.002 | Eta: 0.01000
Game 7200 | Score: 14 | Record: 40 | Mean Score: 7.62 | Epsilon: 0.01 | Intrinsic: 0.063 | Eta: 0.01000
Game 7300 | Score: 26 | Record: 40 | Mean Score: 7.64 | Epsilon: 0.01 | Intrinsic: 0.092 | Eta: 0.01000
Game 7400 | Score: 0 | Record: 40 | Mean Score: 7.68 | Epsilon: 0.01 | Intrinsic: 0.004 | Eta: 0.01000
Game 7500 | Score: 0 | Record: 41 | Mean Score: 7.72 | Epsilon: 0.01 | Intrinsic: 0.026 | Eta: 0.01000
Game 7600 | Score: 18 | Record: 41 | Mean Score: 7.77 | Epsilon: 0.01 | Intrinsic: 0.067 | Eta: 0.01000
Game 7700 | Score: 18 | Record: 41 | Mean Score: 7.80 | Epsilon: 0.01 | Intrinsic: 0.058 | Eta: 0.01000
Game 7800 | Score: 26 | Record: 41 | Mean Score: 7.80 | Epsilon: 0.01 | Intrinsic: 0.149 | Eta: 0.01000
Game 7900Game 7900 | Score: 0 | Record: 44 | Mean Score: 7.81 | Epsilon: 0.01 | Intrinsic: 0.003 | Eta: 0.01000
Game 8000 | Score: 0 | Record: 44 | Mean Score: 7.83 | Epsilon: 0.01 | Intrinsic: 0.019 | Eta: 0.01000
Game 8100 | Score: 0 | Record: 44 | Mean Score: 7.84 | Epsilon: 0.01 | Intrinsic: 0.018 | Eta: 0.01000
Game 8200 | Score: 22 | Record: 44 | Mean Score: 7.86 | Epsilon: 0.01 | Intrinsic: 0.099 | Eta: 0.01000
Game 8300 | Score: 0 | Record: 44 | Mean Score: 7.90 | Epsilon: 0.01 | Intrinsic: 0.004 | Eta: 0.01000
Game 8400 | Score: 0 | Record: 44 | Mean Score: 7.93 | Epsilon: 0.01 | Intrinsic: 0.005 | Eta: 0.01000
Game 8500 | Score: 28 | Record: 44 | Mean Score: 7.96 | Epsilon: 0.01 | Intrinsic: 0.094 | Eta: 0.01000
Game 8600 | Score: 18 | Record: 44 | Mean Score: 7.98 | Epsilon: 0.01 | Intrinsic: 0.065 | Eta: 0.01000
Game 8700 | Score: 27 | Record: 44 | Mean Score: 8.02 | Epsilon: 0.01 | Intrinsic: 0.122 | Eta: 0.01000
Game 8800 | Score: 0 | Record: 44 | Mean Score: 8.06 | Epsilon: 0.01 | Intrinsic: 0.023 | Eta: 0.01000
Game 8900 | Score: 15 | Record: 44 | Mean Score: 8.08 | Epsilon: 0.01 | Intrinsic: 0.056 | Eta: 0.01000
Game 9000 | Score: 11 | Record: 44 | Mean Score: 8.08 | Epsilon: 0.01 | Intrinsic: 0.047 | Eta: 0.01000
Game 9100 | Score: 27 | Record: 44 | Mean Score: 8.10 | Epsilon: 0.01 | Intrinsic: 0.140 | Eta: 0.01000
Game 9200 | Score: 16 | Record: 44 | Mean Score: 8.12 | Epsilon: 0.01 | Intrinsic: 0.065 | Eta: 0.01000
Game 9300 | Score: 0 | Record: 44 | Mean Score: 8.15 | Epsilon: 0.01 | Intrinsic: 0.012 | Eta: 0.01000
Game 9400 | Score: 0 | Record: 44 | Mean Score: 8.17 | Epsilon: 0.01 | Intrinsic: 0.015 | Eta: 0.01000
Game 9500 | Score: 0 | Record: 44 | Mean Score: 8.18 | Epsilon: 0.01 | Intrinsic: 0.007 | Eta: 0.01000
Game 9600 | Score: 26 | Record: 44 | Mean Score: 8.22 | Epsilon: 0.01 | Intrinsic: 0.114 | Eta: 0.01000
Game 9700 | Score: 8 | Record: 44 | Mean Score: 8.25 | Epsilon: 0.01 | Intrinsic: 0.030 | Eta: 0.01000
Game 9800 | Score: 0 | Record: 44 | Mean Score: 8.25 | Epsilon: 0.01 | Intrinsic: 0.035 | Eta: 0.01000
Game 9900 | Score: 16 | Record: 44 | Mean Score: 8.28 | Epsilon: 0.01 | Intrinsic: 0.050 | Eta: 0.01000
Game 10000 | Score: 19 | Record: 44 | Mean Score: 8.29 | Epsilon: 0.01 | Intrinsic: 0.080 | Eta: 0.01000
Game 10100 | Score: 0 | Record: 44 | Mean Score: 8.31 | Epsilon: 0.01 | Intrinsic: 0.025 | Eta: 0.01000
Game 10200 | Score: 24 | Record: 44 | Mean Score: 8.34 | Epsilon: 0.01 | Intrinsic: 0.095 | Eta: 0.01000
Game 10300 | Score: 0 | Record: 44 | Mean Score: 8.35 | Epsilon: 0.01 | Intrinsic: 0.019 | Eta: 0.01000
Game 10400 | Score: 2 | Record: 44 | Mean Score: 8.37 | Epsilon: 0.01 | Intrinsic: 0.012 | Eta: 0.01000
Game 10500 | Score: 0 | Record: 44 | Mean Score: 8.38 | Epsilon: 0.01 | Intrinsic: 0.002 | Eta: 0.01000
Game 10600 | Score: 29 | Record: 44 | Mean Score: 8.39 | Epsilon: 0.01 | Intrinsic: 0.151 | Eta: 0.01000
Game 10700 | Score: 0 | Record: 44 | Mean Score: 8.40 | Epsilon: 0.01 | Intrinsic: 0.006 | Eta: 0.01000
Game 10800 | Score: 0 | Record: 44 | Mean Score: 8.41 | Epsilon: 0.01 | Intrinsic: 0.014 | Eta: 0.01000
Game 10900 | Score: 35 | Record: 44 | Mean Score: 8.45 | Epsilon: 0.01 | Intrinsic: 0.158 | Eta: 0.01000
Game 11000 | Score: 21 | Record: 44 | Mean Score: 8.46 | Epsilon: 0.01 | Intrinsic: 0.081 | Eta: 0.01000
Game 11100 | Score: 0 | Record: 44 | Mean Score: 8.47 | Epsilon: 0.01 | Intrinsic: 0.004 | Eta: 0.01000
Game 11200 | Score: 26 | Record: 44 | Mean Score: 8.48 | Epsilon: 0.01 | Intrinsic: 0.120 | Eta: 0.01000
Game 11300 | Score: 0 | Record: 44 | Mean Score: 8.50 | Epsilon: 0.01 | Intrinsic: 0.004 | Eta: 0.01000
Game 11400 | Score: 21 | Record: 44 | Mean Score: 8.52 | Epsilon: 0.01 | Intrinsic: 0.093 | Eta: 0.01000
Game 11500 | Score: 16 | Record: 44 | Mean Score: 8.54 | Epsilon: 0.01 | Intrinsic: 0.050 | Eta: 0.01000
Game 11600 | Score: 27 | Record: 44 | Mean Score: 8.56 | Epsilon: 0.01 | Intrinsic: 0.166 | Eta: 0.01000
Game 11700 | Score: 0 | Record: 44 | Mean Score: 8.55 | Epsilon: 0.01 | Intrinsic: 0.011 | Eta: 0.01000
Game 11800 | Score: 31 | Record: 44 | Mean Score: 8.56 | Epsilon: 0.01 | Intrinsic: 0.120 | Eta: 0.01000
Game 11900 | Score: 31 | Record: 44 | Mean Score: 8.58 | Epsilon: 0.01 | Intrinsic: 0.102 | Eta: 0.01000
Game 12000 | Score: 0 | Record: 44 | Mean Score: 8.61 | Epsilon: 0.01 | Intrinsic: 0.005 | Eta: 0.01000
Game 12100 | Score: 11 | Record: 44 | Mean Score: 8.61 | Epsilon: 0.01 | Intrinsic: 0.046 | Eta: 0.01000
Game 12200 | Score: 0 | Record: 44 | Mean Score: 8.64 | Epsilon: 0.01 | Intrinsic: 0.010 | Eta: 0.01000
Game 12300 | Score: 20 | Record: 44 | Mean Score: 8.67 | Epsilon: 0.01 | Intrinsic: 0.083 | Eta: 0.01000
Game 12400 | Score: 0 | Record: 44 | Mean Score: 8.68 | Epsilon: 0.01 | Intrinsic: 0.010 | Eta: 0.01000
Game 12500 | Score: 16 | Record: 44 | Mean Score: 8.68 | Epsilon: 0.01 | Intrinsic: 0.058 | Eta: 0.01000
Game 12600 | Score: 18 | Record: 44 | Mean Score: 8.68 | Epsilon: 0.01 | Intrinsic: 0.065 | Eta: 0.01000
Game 12700 | Score: 26 | Record: 44 | Mean Score: 8.69 | Epsilon: 0.01 | Intrinsic: 0.107 | Eta: 0.01000
Game 12800 | Score: 31 | Record: 44 | Mean Score: 8.70 | Epsilon: 0.01 | Intrinsic: 0.157 | Eta: 0.01000
Game 12900 | Score: 0 | Record: 44 | Mean Score: 8.72 | Epsilon: 0.01 | Intrinsic: 0.004 | Eta: 0.01000
Game 13000 | Score: 23 | Record: 44 | Mean Score: 8.74 | Epsilon: 0.01 | Intrinsic: 0.087 | Game 13100 | Score: 1 | Record: 42 | Mean Score: 8.92 | Epsilon: 0.01 | Intrinsic: 0.007 | Eta: 0.01000
Game 13200 | Score: 21 | Record: 42 | Mean Score: 8.95 | Epsilon: 0.01 | Intrinsic: 0.085 | Eta: 0.01000
Game 13300 | Score: 0 | Record: 42 | Mean Score: 8.97 | Epsilon: 0.01 | Intrinsic: 0.005 | Eta: 0.01000
Game 13400 | Score: 11 | Record: 42 | Mean Score: 8.98 | Epsilon: 0.01 | Intrinsic: 0.045 | Eta: 0.01000
Game 13500 | Score: 0 | Record: 42 | Mean Score: 8.99 | Epsilon: 0.01 | Intrinsic: 0.017 | Eta: 0.01000
Game 13600 | Score: 0 | Record: 42 | Mean Score: 9.01 | Epsilon: 0.01 | Intrinsic: 0.005 | Eta: 0.01000
Game 13700 | Score: 28 | Record: 42 | Mean Score: 9.02 | Epsilon: 0.01 | Intrinsic: 0.126 | Eta: 0.01000
Game 13800 | Score: 0 | Record: 42 | Mean Score: 9.04 | Epsilon: 0.01 | Intrinsic: 0.027 | Eta: 0.01000
Game 13900 | Score: 0 | Record: 42 | Mean Score: 9.05 | Epsilon: 0.01 | Intrinsic: 0.023 | Eta: 0.01000
Game 14000 | Score: 0 | Record: 42 | Mean Score: 9.07 | Epsilon: 0.01 | Intrinsic: 0.012 | Eta: 0.01000
Game 14100 | Score: 25 | Record: 42 | Mean Score: 9.06 | Epsilon: 0.01 | Intrinsic: 0.126 | Eta: 0.01000
Game 14200 | Score: 31 | Record: 42 | Mean Score: 9.07 | Epsilon: 0.01 | Intrinsic: 0.167 | Eta: 0.01000
Game 14300 | Score: 0 | Record: 42 | Mean Score: 9.07 | Epsilon: 0.01 | Intrinsic: 0.004 | Eta: 0.01000
Game 14400 | Score: 0 | Record: 42 | Mean Score: 9.09 | Epsilon: 0.01 | Intrinsic: 0.011 | Eta: 0.01000
Game 14500 | Score: 10 | Record: 42 | Mean Score: 9.10 | Epsilon: 0.01 | Intrinsic: 0.032 | Eta: 0.01000
Game 14600 | Score: 20 | Record: 42 | Mean Score: 9.11 | Epsilon: 0.01 | Intrinsic: 0.076 | Eta: 0.01000
Game 14700 | Score: 0 | Record: 42 | Mean Score: 9.11 | Epsilon: 0.01 | Intrinsic: 0.009 | Eta: 0.01000
Game 14800 | Score: 22 | Record: 42 | Mean Score: 9.12 | Epsilon: 0.01 | Intrinsic: 0.087 | Eta: 0.01000
Game 14900 | Score: 0 | Record: 42 | Mean Score: 9.14 | Epsilon: 0.01 | Intrinsic: 0.018 | Eta: 0.01000
Game 15000 | Score: 12 | Record: 42 | Mean Score: 9.14 | Epsilon: 0.01 | Intrinsic: 0.039 | Eta: 0.01000
Game 15100 | Score: 0 | Record: 42 | Mean Score: 9.14 | Epsilon: 0.01 | Intrinsic: 0.020 | Eta: 0.01000
Game 15200 | Score: 22 | Record: 42 | Mean Score: 9.15 | Epsilon: 0.01 | Intrinsic: 0.079 | Eta: 0.01000
Game 15300 | Score: 16 | Record: 42 | Mean Score: 9.16 | Epsilon: 0.01 | Intrinsic: 0.058 | Eta: 0.01000
Game 15400 | Score: 17 | Record: 42 | Mean Score: 9.17 | Epsilon: 0.01 | Intrinsic: 0.081 | Eta: 0.01000
Game 15500 | Score: 0 | Record: 42 | Mean Score: 9.19 | Epsilon: 0.01 | Intrinsic: 0.007 | Eta: 0.01000
Game 15600 | Score: 0 | Record: 42 | Mean Score: 9.20 | Epsilon: 0.01 | Intrinsic: 0.004 | Eta: 0.01000
Game 15700 | Score: 25 | Record: 42 | Mean Score: 9.19 | Epsilon: 0.01 | Intrinsic: 0.107 | Eta: 0.01000
Game 15800 | Score: 26 | Record: 42 | Mean Score: 9.20 | Epsilon: 0.01 | Intrinsic: 0.104 | Eta: 0.01000
Game 15900 | Score: 15 | Record: 42 | Mean Score: 9.21 | Epsilon: 0.01 | Intrinsic: 0.072 | Eta: 0.01000
Game 16000 | Score: 0 | Record: 42 | Mean Score: 9.22 | Epsilon: 0.01 | Intrinsic: 0.013 | Eta: 0.01000

Training Complete!
Best Score: 42
Final Mean Score: 9.22
ore: 9.04
