/Users/saheb/home/rl-snake/.venv/lib/python3.9/site-packages/urllib3/__init__.py:35: NotOpenSSLWarning: urllib3 v2 only supports OpenSSL 1.1.1+, currently the 'ssl' module is compiled with 'LibreSSL 2.8.3'. See: https://github.com/urllib3/urllib3/issues/3020
  warnings.warn(
wandb: [wandb.login()] Loaded credentials for https://api.wandb.ai from /Users/saheb/.netrc.
wandb: Currently logged in as: saheb37 to https://api.wandb.ai. Use `wandb login --relogin` to force relogin
wandb: setting up run u5mgpgfq
wandb: Tracking run with wandb version 0.26.0
wandb: Run data is saved locally in /Users/saheb/home/rl-snake/wandb/run-20260422_104219-u5mgpgfq
wandb: Run `wandb offline` to turn off syncing.
wandb: Syncing run DQN_ICM_8x8
wandb: ⭐️ View project at https://wandb.ai/saheb37/rl-snake
wandb: 🚀 View run at https://wandb.ai/saheb37/rl-snake/runs/u5mgpgfq
Starting ICM DQN Training (Dueling + 3-Step) on 8x8 Board...
Game 100 | Score: 0 | Record: 1 | Mean Score: 0.11 | Epsilon: 0.95 | Intrinsic: 0.002 | Eta: 0.01000
Game 200 | Score: 0 | Record: 2 | Mean Score: 0.14 | Epsilon: 0.90 | Intrinsic: 0.003 | Eta: 0.01000
Game 300 | Score: 0 | Record: 3 | Mean Score: 0.14 | Epsilon: 0.85 | Intrinsic: 0.002 | Eta: 0.01000
Game 400 | Score: 0 | Record: 3 | Mean Score: 0.17 | Epsilon: 0.80 | Intrinsic: 0.003 | Eta: 0.01000
Game 500 | Score: 1 | Record: 3 | Mean Score: 0.22 | Epsilon: 0.75 | Intrinsic: 0.007 | Eta: 0.01000
Game 600 | Score: 0 | Record: 4 | Mean Score: 0.26 | Epsilon: 0.70 | Intrinsic: 0.003 | Eta: 0.01000
Game 700 | Score: 0 | Record: 4 | Mean Score: 0.27 | Epsilon: 0.65 | Intrinsic: 0.004 | Eta: 0.01000
Game 800 | Score: 0 | Record: 5 | Mean Score: 0.29 | Epsilon: 0.60 | Intrinsic: 0.002 | Eta: 0.01000
Game 900 | Score: 0 | Record: 6 | Mean Score: 0.33 | Epsilon: 0.55 | Intrinsic: 0.003 | Eta: 0.01000
Game 1000 | Score: 0 | Record: 6 | Mean Score: 0.37 | Epsilon: 0.50 | Intrinsic: 0.004 | Eta: 0.01000
Game 1100 | Score: 0 | Record: 6 | Mean Score: 0.42 | Epsilon: 0.45 | Intrinsic: 0.004 | Eta: 0.01000
Game 1200 | Score: 4 | Record: 6 | Mean Score: 0.47 | Epsilon: 0.40 | Intrinsic: 0.017 | Eta: 0.01000
Game 1300 | Score: 0 | Record: 9 | Mean Score: 0.51 | Epsilon: 0.35 | Intrinsic: 0.007 | Eta: 0.01000
Game 1400 | Score: 5 | Record: 9 | Mean Score: 0.59 | Epsilon: 0.30 | Intrinsic: 0.022 | Eta: 0.01000
Game 1500 | Score: 0 | Record: 11 | Mean Score: 0.69 | Epsilon: 0.25 | Intrinsic: 0.002 | Eta: 0.01000
Game 1600 | Score: 0 | Record: 16 | Mean Score: 0.79 | Epsilon: 0.20 | Intrinsic: 0.002 | Eta: 0.01000
Game 1700 | Score: 1 | Record: 16 | Mean Score: 0.87 | Epsilon: 0.15 | Intrinsic: 0.004 | Eta: 0.01000
Game 1800 | Score: 3 | Record: 18 | Mean Score: 1.01 | Epsilon: 0.10 | Intrinsic: 0.009 | Eta: 0.01000
Game 1900 | Score: 7 | Record: 19 | Mean Score: 1.23 | Epsilon: 0.05 | Intrinsic: 0.027 | Eta: 0.01000
Game 2000 | Score: 22 | Record: 32 | Mean Score: 1.52 | Epsilon: 0.01 | Intrinsic: 0.118 | Eta: 0.01000
Game 2100 | Score: 0 | Record: 32 | Mean Score: 1.87 | Epsilon: 0.01 | Intrinsic: 0.013 | Eta: 0.01000
Game 2200 | Score: 0 | Record: 32 | Mean Score: 2.18 | Epsilon: 0.01 | Intrinsic: 0.019 | Eta: 0.01000
Game 2300 | Score: 23 | Record: 32 | Mean Score: 2.52 | Epsilon: 0.01 | Intrinsic: 0.080 | Eta: 0.01000
Game 2400 | Score: 11 | Record: 34 | Mean Score: 2.81 | Epsilon: 0.01 | Intrinsic: 0.041 | Eta: 0.01000
Game 2500 | Score: 23 | Record: 36 | Mean Score: 3.05 | Epsilon: 0.01 | Intrinsic: 0.087 | Eta: 0.01000
Game 2600 | Score: 0 | Record: 36 | Mean Score: 3.23 | Epsilon: 0.01 | Intrinsic: 0.006 | Eta: 0.01000
Game 2700 | Score: 0 | Record: 36 | Mean Score: 3.44 | Epsilon: 0.01 | Intrinsic: 0.001 | Eta: 0.01000
Game 2800 | Score: 0 | Record: 36 | Mean Score: 3.59 | Epsilon: 0.01 | Intrinsic: 0.022 | Eta: 0.01000
Game 2900 | Score: 16 | Record: 36 | Mean Score: 3.75 | Epsilon: 0.01 | Intrinsic: 0.061 | Eta: 0.01000
Game 3000 | Score: 19 | Record: 36 | Mean Score: 3.97 | Epsilon: 0.01 | Intrinsic: 0.061 | Eta: 0.01000
Game 3100 | Score: 24 | Record: 36 | Mean Score: 4.11 | Epsilon: 0.01 | Intrinsic: 0.111 | Eta: 0.01000
Game 3200 | Score: 0 | Record: 36 | Mean Score: 4.30 | Epsilon: 0.01 | Intrinsic: 0.028 | Eta: 0.01000
Game 3300 | Score: 0 | Record: 36 | Mean Score: 4.46 | Epsilon: 0.01 | Intrinsic: 0.014 | Eta: 0.01000
Game 3400 | Score: 0 | Record: 36 | Mean Score: 4.65 | Epsilon: 0.01 | Intrinsic: 0.027 | Eta: 0.01000
Game 3500 | Score: 0 | Record: 36 | Mean Score: 4.82 | Epsilon: 0.01 | Intrinsic: 0.008 | Eta: 0.01000
Game 3600 | Score: 21 | Record: 36 | Mean Score: 4.99 | Epsilon: 0.01 | Intrinsic: 0.071 | Eta: 0.01000
Game 3700 | Score: 16 | Record: 36 | Mean Score: 5.08 | Epsilon: 0.01 | Intrinsic: 0.079 | Eta: 0.01000
Game 3800 | Score: 21 | Record: 36 | Mean Score: 5.18 | Epsilon: 0.01 | Intrinsic: 0.073 | Eta: 0.01000
Game 3900 | Score: 24 | Record: 36 | Mean Score: 5.29 | Epsilon: 0.01 | Intrinsic: 0.105 | Eta: 0.01000
Game 4000 | Score: 20 | Record: 36 | Mean Score: 5.40 | Epsilon: 0.01 | Intrinsic: 0.071 | Eta: 0.01000
Game 4100 | Score: 20 | Record: 36 | Mean Score: 5.53 | Epsilon: 0.01 | Intrinsic: 0.062 | Eta: 0.01000
Game 4200 | Score: 27 | Record: 36 | Mean Score: 5.63 | Epsilon: 0.01 | Intrinsic: 0.101 | Eta: 0.01000
Game 4300 | Score: 20 | Record: 36 | Mean Score: 5.72 | Epsilon: 0.01 | Intrinsic: 0.094 | Eta: 0.01000
Game 4400 | Score: 0 | Record: 38 | Mean Score: 5.80 | Epsilon: 0.01 | Intrinsic: 0.007 | Eta: 0.01000
Game 4500 | Score: 28 | Record: 38 | Mean Score: 5.91 | Epsilon: 0.01 | Intrinsic: 0.109 | Eta: 0.01000
Game 4600 | Score: 0 | Record: 38 | Mean Score: 6.01 | Epsilon: 0.01 | Intrinsic: 0.005 | Eta: 0.01000
Game 4700 | Score: 0 | Record: 38 | Mean Score: 6.14 | Epsilon: 0.01 | Intrinsic: 0.015 | Eta: 0.01000
Game 4800 | Score: 23 | Record: 38 | Mean Score: 6.18 | Epsilon: 0.01 | Intrinsic: 0.108 | Eta: 0.01000
Game 4900 | Score: 21 | Record: 38 | Mean Score: 6.26 | Epsilon: 0.01 | Intrinsic: 0.076 | Eta: 0.01000
Game 5000 | Score: 0 | Record: 38 | Mean Score: 6.35 | Epsilon: 0.01 | Intrinsic: 0.010 | Eta: 0.01000
Game 5100 | Score: 31 | Record: 38 | Mean Score: 6.44 | Epsilon: 0.01 | Intrinsic: 0.124 | Eta: 0.01000
Game 5200 | Score: 0 | Record: 38 | Mean Score: 6.49 | Epsilon: 0.01 | Intrinsic: 0.002 | Eta: 0.01000
Game 5300 | Score: 23 | Record: 38 | Mean Score: 6.54 | Epsilon: 0.01 | Intrinsic: 0.117 | Eta: 0.01000
Game 5400 | Score: 0 | Record: 38 | Mean Score: 6.62 | Epsilon: 0.01 | Intrinsic: 0.029 | Eta: 0.01000
Game 5500 | Score: 0 | Record: 40 | Mean Score: 6.68 | Epsilon: 0.01 | Intrinsic: 0.006 | Eta: 0.01000
Game 5600 | Score: 37 | Record: 40 | Mean Score: 6.74 | Epsilon: 0.01 | Intrinsic: 0.195 | Eta: 0.01000
Game 5700 | Score: 24 | Record: 40 | Mean Score: 6.79 | Epsilon: 0.01 | Intrinsic: 0.095 | Eta: 0.01000
Game 5800 | Score: 0 | Record: 40 | Mean Score: 6.87 | Epsilon: 0.01 | Intrinsic: 0.028 | Eta: 0.01000
Game 5900 | Score: 21 | Record: 40 | Mean Score: 6.91 | Epsilon: 0.01 | Intrinsic: 0.071 | Eta: 0.01000
Game 6000 | Score: 0 | Record: 40 | Mean Score: 6.97 | Epsilon: 0.01 | Intrinsic: 0.004 | Eta: 0.01000
Game 6100 | Score: 24 | Record: 40 | Mean Score: 7.01 | Epsilon: 0.01 | Intrinsic: 0.094 | Eta: 0.01000
Game 6200 | Score: 11 | Record: 40 | Mean Score: 7.05 | Epsilon: 0.01 | Intrinsic: 0.039 | Eta: 0.01000
Game 6300 | Score: 0 | Record: 40 | Mean Score: 7.10 | Epsilon: 0.01 | Intrinsic: 0.004 | Eta: 0.01000
Game 6400 | Score: 21 | Record: 40 | Mean Score: 7.16 | Epsilon: 0.01 | Intrinsic: 0.090 | Eta: 0.01000
Game 6500 | Score: 18 | Record: 41 | Mean Score: 7.21 | Epsilon: 0.01 | Intrinsic: 0.069 | Eta: 0.01000
Game 6600 | Score: 26 | Record: 41 | Mean Score: 7.24 | Epsilon: 0.01 | Intrinsic: 0.096 | Eta: 0.01000
Game 6700 | Score: 0 | Record: 41 | Mean Score: 7.24 | Epsilon: 0.01 | Intrinsic: 0.002 | Eta: 0.01000
Game 6800 | Score: 16 | Record: 41 | Mean Score: 7.29 | Epsilon: 0.01 | Intrinsic: 0.050 | Eta: 0.01000
Game 6900 | Score: 0 | Record: 41 | Mean Score: 7.32 | Epsilon: 0.01 | Intrinsic: 0.010 | Eta: 0.01000
Game 7000 | Score: 0 | Record: 41 | Mean Score: 7.36 | Epsilon: 0.01 | Intrinsic: 0.027 | Eta: 0.01000
Game 7100 | Score: 8 | Record: 41 | Mean Score: 7.40 | Epsilon: 0.01 | Intrinsic: 0.025 | Eta: 0.01000
Game 7200 | Score: 20 | Record: 41 | Mean Score: 7.42 | Epsilon: 0.01 | Intrinsic: 0.082 | Eta: 0.01000
Game 7300 | Score: 15 | Record: 41 | Mean Score: 7.43 | Epsilon: 0.01 | Intrinsic: 0.058 | Eta: 0.01000
Game 7400 | Score: 1 | Record: 41 | Mean Score: 7.45 | Epsilon: 0.01 | Intrinsic: 0.005 | Eta: 0.01000
Game 7500 | Score: 25 | Record: 41 | Mean Score: 7.47 | Epsilon: 0.01 | Intrinsic: 0.106 | Eta: 0.01000
Game 7600 | Score: 16 | Record: 41 | Mean Score: 7.51 | Epsilon: 0.01 | Intrinsic: 0.057 | Eta: 0.01000
Game 7700 | Score: 22 | Record: 41 | Mean Score: 7.55 | Epsilon: 0.01 | Intrinsic: 0.082 | Eta: 0.01000
Game 7800 | Score: 31 | Record: 41 | Mean Score: 7.59 | Epsilon: 0.01 | Intrinsic: 0.101 | Eta: 0.01000
Game 7900 | Score: 18 | Record: 41 | Mean Score: 7.63 | Epsilon: 0.01 | Intrinsic: 0.064 | Eta: 0.01000
Game 8000 | Score: 0 | Record: 41 | Mean Score: 7.65 | Epsilon: 0.01 | Intrinsic: 0.014 | Eta: 0.01000
Game 8100 | Score: 24 | Record: 41 | Mean Score: 7.68 | Epsilon: 0.01 | Intrinsic: 0.087 | Eta: 0.01000
Game 8200 | Score: 0 | Record: 41 | Mean Score: 7.73 | Epsilon: 0.01 | Intrinsic: 0.024 | Eta: 0.01000
Game 8300 | Score: 0 | Record: 41 | Mean Score: 7.72 | Epsilon: 0.01 | Intrinsic: 0.001 | Eta: 0.01000
Game 8400 | Score: 28 | Record: 41 | Mean Score: 7.76 | Epsilon: 0.01 | Intrinsic: 0.178 | Eta: 0.01000
Game 8500 | Score: 24 | Record: 41 | Mean Score: 7.81 | Epsilon: 0.01 | Intrinsic: 0.096 | Eta: 0.01000
Game 8600 | Score: 34 | Record: 41 | Mean Score: 7.85 | Epsilon: 0.01 | Intrinsic: 0.126 | Eta: 0.01000
Game 8700 | Score: 0 | Record: 41 | Mean Score: 7.88 | Epsilon: 0.01 | Intrinsic: 0.005 | Eta: 0.01000
Game 8800 | Score: 24 | Record: 41 | Mean Score: 7.92 | Epsilon: 0.01 | Intrinsic: 0.095 | Eta: 0.01000
Game 8900 | Score: 0 | Record: 41 | Mean Score: 7.94 | Epsilon: 0.01 | Intrinsic: 0.009 | Eta: 0.01000
Game 9000 | Score: 34 | Record: 41 | Mean Score: 7.97 | Epsilon: 0.01 | Intrinsic: 0.161 | Eta: 0.01000
Game 9100 | Score: 17 | Record: 41 | Mean Score: 7.99 | Epsilon: 0.01 | Intrinsic: 0.058 | Eta: 0.01000
Game 9200 | Score: 0 | Record: 41 | Mean Score: 8.01 | Epsilon: 0.01 | Intrinsic: 0.010 | Eta: 0.01000
Game 9300 | Score: 0 | Record: 41 | Mean Score: 8.03 | Epsilon: 0.01 | Intrinsic: 0.006 | Eta: 0.01000
Game 9400 | Score: 39 | Record: 41 | Mean Score: 8.04 | Epsilon: 0.01 | Intrinsic: 0.185 | Eta: 0.01000
Game 9500 | Score: 0 | Record: 41 | Mean Score: 8.06 | Epsilon: 0.01 | Intrinsic: 0.011 | Eta: 0.01000
Game 9600 | Score: 19 | Record: 41 | Mean Score: 8.11 | Epsilon: 0.01 | Intrinsic: 0.070 | Eta: 0.01000
Game 9700 | Score: 1 | Record: 41 | Mean Score: 8.15 | Epsilon: 0.01 | Intrinsic: 0.007 | Eta: 0.01000
Game 9800 | Score: 0 | Record: 41 | Mean Score: 8.19 | Epsilon: 0.01 | Intrinsic: 0.006 | Eta: 0.01000
Game 9900 | Score: 27 | Record: 41 | Mean Score: 8.19 | Epsilon: 0.01 | Intrinsic: 0.104 | Eta: 0.01000
Game 10000 | Score: 0 | Record: 41 | Mean Score: 8.21 | Epsilon: 0.01 | Intrinsic: 0.002 | Eta: 0.01000
Game 10100 | Score: 0 | Record: 41 | Mean Score: 8.21 | Epsilon: 0.01 | Intrinsic: 0.003 | Eta: 0.01000
Game 10200 | Score: 0 | Record: 41 | Mean Score: 8.24 | Epsilon: 0.01 | Intrinsic: 0.020 | Eta: 0.01000
Game 10300 | Score: 26 | Record: 41 | Mean Score: 8.25 | Epsilon: 0.01 | Intrinsic: 0.103 | Eta: 0.01000
Game 10400 | Score: 0 | Record: 41 | Mean Score: 8.28 | Epsilon: 0.01 | Intrinsic: 0.008 | Eta: 0.01000
Game 10500 | Score: 13 | Record: 41 | Mean Score: 8.30 | Epsilon: 0.01 | Intrinsic: 0.052 | Eta: 0.01000
Game 10600 | Score: 0 | Record: 41 | Mean Score: 8.31 | Epsilon: 0.01 | Intrinsic: 0.018 | Eta: 0.01000
Game 10700 | Score: 0 | Record: 41 | Mean Score: 8.32 | Epsilon: 0.01 | Intrinsic: 0.109 | Eta: 0.01000
Game 10800 | Score: 31 | Record: 41 | Mean Score: 8.36 | Epsilon: 0.01 | Intrinsic: 0.140 | Eta: 0.01000
Game 10900 | Score: 15 | Record: 41 | Mean Score: 8.37 | Epsilon: 0.01 | Intrinsic: 0.048 | Eta: 0.01000
Game 11000 | Score: 0 | Record: 41 | Mean Score: 8.37 | Epsilon: 0.01 | Intrinsic: 0.019 | Eta: 0.01000
Game 11100 | Score: 32 | Record: 41 | Mean Score: 8.40 | Epsilon: 0.01 | Intrinsic: 0.146 | Eta: 0.01000
Game 11200 | Score: 0 | Record: 41 | Mean Score: 8.42 | Epsilon: 0.01 | Intrinsic: 0.014 | Eta: 0.01000
Game 11300 | Score: 22 | Record: 41 | Mean Score: 8.46 | Epsilon: 0.01 | Intrinsic: 0.071 | Eta: 0.01000
Game 11400 | Score: 13 | Record: 41 | Mean Score: 8.49 | Epsilon: 0.01 | Intrinsic: 0.046 | Eta: 0.01000
Game 11500 | Score: 20 | Record: 41 | Mean Score: 8.51 | Epsilon: 0.01 | Intrinsic: 0.076 | Eta: 0.01000
Game 11600 | Score: 0 | Record: 41 | Mean Score: 8.54 | Epsilon: 0.01 | Intrinsic: 0.007 | Eta: 0.01000
Game 11700 | Score: 21 | Record: 41 | Mean Score: 8.56 | Epsilon: 0.01 | Intrinsic: 0.087 | Eta: 0.01000
Game 11800 | Score: 0 | Record: 45 | Mean Score: 8.57 | Epsilon: 0.01 | Intrinsic: 0.003 | Eta: 0.01000
Game 11900 | Score: 0 | Record: 45 | Mean Score: 8.58 | Epsilon: 0.01 | Intrinsic: 0.005 | Eta: 0.01000
Game 12000 | Score: 29 | Record: 45 | Mean Score: 8.60 | Epsilon: 0.01 | Intrinsic: 0.138 | Eta: 0.01000
Game 12100 | Score: 25 | Record: 45 | Mean Score: 8.62 | Epsilon: 0.01 | Intrinsic: 0.081 | Eta: 0.01000
Game 12200 | Score: 18 | Record: 45 | Mean Score: 8.64 | Epsilon: 0.01 | Intrinsic: 0.072 | Eta: 0.01000
Game 12300 | Score: 18 | Record: 45 | Mean Score: 8.66 | Epsilon: 0.01 | Intrinsic: 0.097 | Eta: 0.01000
Game 12400 | Score: 0 | Record: 45 | Mean Score: 8.70 | Epsilon: 0.01 | Intrinsic: 0.014 | Eta: 0.01000
Game 12500 | Score: 25 | Record: 45 | Mean Score: 8.70 | Epsilon: 0.01 | Intrinsic: 0.096 | Eta: 0.01000
Game 12600 | Score: 25 | Record: 45 | Mean Score: 8.73 | Epsilon: 0.01 | Intrinsic: 0.118 | Eta: 0.01000
Game 12700 | Score: 0 | Record: 45 | Mean Score: 8.75 | Epsilon: 0.01 | Intrinsic: 0.001 | Eta: 0.01000
Game 12800 | Score: 0 | Record: 45 | Mean Score: 8.75 | Epsilon: 0.01 | Intrinsic: 0.015 | Eta: 0.01000
Game 12900 | Score: 0 | Record: 45 | Mean Score: 8.77 | Epsilon: 0.01 | Intrinsic: 0.001 | Eta: 0.01000
Game 13000 | Score: 24 | Record: 45 | Mean Score: 8.78 | Epsilon: 0.01 | Intrinsic: 0.091 | Eta: 0.01000
Game 13100 | Score: 0 | Record: 45 | Mean Score: 8.78 | Epsilon: 0.01 | Intrinsic: 0.010 | Eta: 0.01000
Game 13200 | Score: 0 | Record: 45 | Mean Score: 8.78 | Epsilon: 0.01 | Intrinsic: 0.014 | Eta: 0.01000
Game 13300 | Score: 20 | Record: 45 | Mean Score: 8.80 | Epsilon: 0.01 | Intrinsic: 0.079 | Eta: 0.01000
Game 13400 | Score: 0 | Record: 45 | Mean Score: 8.82 | Epsilon: 0.01 | Intrinsic: 0.004 | Eta: 0.01000
Game 13500 | Score: 0 | Record: 45 | Mean Score: 8.85 | Epsilon: 0.01 | Intrinsic: 0.007 | Eta: 0.01000
Game 13600 | Score: 0 | Record: 45 | Mean Score: 8.87 | Epsilon: 0.01 | Intrinsic: 0.004 | Eta: 0.01000
Game 13700 | Score: 0 | Record: 45 | Mean Score: 8.90 | Epsilon: 0.01 | Intrinsic: 0.007 | Eta: 0.01000
Game 13800 | Score: 22 | Record: 45 | Mean Score: 8.92 | Epsilon: 0.01 | Intrinsic: 0.083 | Eta: 0.01000
Game 13900 | Score: 0 | Record: 45 | Mean Score: 8.94 | Epsilon: 0.01 | Intrinsic: 0.015 | Eta: 0.01000
Game 14000 | Score: 21 | Record: 45 | Mean Score: 8.97 | Epsilon: 0.01 | Intrinsic: 0.085 | Eta: 0.01000
Game 14100 | Score: 20 | Record: 45 | Mean Score: 8.97 | Epsilon: 0.01 | Intrinsic: 0.078 | Eta: 0.01000
Game 14200 | Score: 0 | Record: 45 | Mean Score: 8.99 | Epsilon: 0.01 | Intrinsic: 0.013 | Eta: 0.01000
Game 14300 | Score: 15 | Record: 45 | Mean Score: 9.01 | Epsilon: 0.01 | Intrinsic: 0.055 | Eta: 0.01000
Game 14400 | Score: 28 | Record: 45 | Mean Score: 9.02 | Epsilon: 0.01 | Intrinsic: 0.106 | Eta: 0.01000
Game 14500 | Score: 0 | Record: 45 | Mean Score: 9.02 | Epsilon: 0.01 | Intrinsic: 0.018 | Eta: 0.01000
Game 14600 | Score: 0 | Record: 45 | Mean Score: 9.04 | Epsilon: 0.01 | Intrinsic: 0.018 | Eta: 0.01000
Game 14700 | Score: 0 | Record: 45 | Mean Score: 9.06 | Epsilon: 0.01 | Intrinsic: 0.006 | Eta: 0.01000
Game 14800 | Score: 0 | Record: 45 | Mean Score: 9.07 | Epsilon: 0.01 | Intrinsic: 0.026 | Eta: 0.01000
Game 14900 | Score: 0 | Record: 45 | Mean Score: 9.09 | Epsilon: 0.01 | Intrinsic: 0.016 | Eta: 0.01000
Game 15000 | Score: 24 | Record: 45 | Mean Score: 9.09 | Epsilon: 0.01 | Intrinsic: 0.071 | Eta: 0.01000
Game 15100 | Score: 0 | Record: 45 | Mean Score: 9.12 | Epsilon: 0.01 | Intrinsic: 0.004 | Eta: 0.01000
Game 15200 | Score: 7 | Record: 45 | Mean Score: 9.13 | Epsilon: 0.01 | Intrinsic: 0.030 | Eta: 0.01000
Game 15300 | Score: 11 | Record: 45 | Mean Score: 9.15 | Epsilon: 0.01 | Intrinsic: 0.042 | Eta: 0.01000
Game 15400 | Score: 16 | Record: 45 | Mean Score: 9.17 | Epsilon: 0.01 | Intrinsic: 0.056 | Eta: 0.01000
Game 15500 | Score: 22 | Record: 45 | Mean Score: 9.21 | Epsilon: 0.01 | Intrinsic: 0.103 | Eta: 0.01000
Game 15600 | Score: 0 | Record: 45 | Mean Score: 9.22 | Epsilon: 0.01 | Intrinsic: 0.012 | Eta: 0.01000
Game 15700 | Score: 5 | Record: 45 | Mean Score: 9.22 | Epsilon: 0.01 | Intrinsic: 0.014 | Eta: 0.01000
Game 15800 | Score: 0 | Record: 45 | Mean Score: 9.22 | Epsilon: 0.01 | Intrinsic: 0.002 | Eta: 0.01000
Game 15900 | Score: 16 | Record: 45 | Mean Score: 9.21 | Epsilon: 0.01 | Intrinsic: 0.056 | Eta: 0.01000
Game 16000 | Score: 0 | Record: 45 | Mean Score: 9.22 | Epsilon: 0.01 | Intrinsic: 0.009 | Eta: 0.01000

Training Complete!
Best Score: 45
Final Mean Score: 9.22
wandb: uploading data; updating run metadata
wandb: updating run metadata
wandb: uploading output.log; uploading wandb-summary.json; uploading config.yaml
wandb: uploading output.log
wandb: uploading history steps 159-159, summary, console lines 160-164
wandb: 
wandb: Run history:
wandb:          Epsilon █▇▆▄▂▁▁▁▁▁▁▁▁▁▁▁▁▁▁▁▁▁▁▁▁▁▁▁▁▁▁▁▁▁▁▁▁▁▁▁
wandb:              Eta ▁▁▁▁▁▁▁▁▁▁▁▁▁▁▁▁▁▁▁▁▁▁▁▁▁▁▁▁▁▁▁▁▁▁▁▁▁▁▁▁
wandb:             Game ▁▁▁▂▂▂▂▃▃▃▃▃▃▄▄▄▄▄▄▅▅▅▅▆▆▆▆▆▆▆▇▇▇▇▇█████
wandb: Intrinsic_Reward ▁▅▂▂▄▁▅▁▂▅▁█▂▄▁▁▄▁▃▄▂▇▄▁▁▁▁▂▂▃▁▁▁▁▂▅▂▁▂▁
wandb:       Mean_Score ▁▁▁▁▁▄▄▅▅▆▆▆▆▆▆▇▇▇▇▇▇▇▇▇▇▇▇▇▇▇██████████
wandb:           Record ▁▁▁▁▂▆▇▇▇▇▇▇▇▇▇▇▇▇▇▇▇▇▇▇▇▇▇▇▇███████████
wandb:            Score ▁▁▁▁▁▁▁▅▆▁▁▆▅▅▁▆▆▆▁▆▅▁▁▁▁▁▁▇▁▄█▁▁▆▆▁▆▅▁▅
wandb: 
wandb: Run summary:
wandb:          Epsilon 0.01
wandb:              Eta 0.01
wandb:             Game 16000
wandb: Intrinsic_Reward 0.00913
wandb:       Mean_Score 9.22106
wandb:           Record 45
wandb:            Score 0
wandb: 
wandb: 🚀 View run DQN_ICM_8x8 at: https://wandb.ai/saheb37/rl-snake/runs/u5mgpgfq
wandb: ⭐️ View project at: https://wandb.ai/saheb37/rl-snake
wandb: Synced 5 W&B file(s), 0 media file(s), 0 artifact file(s) and 0 other file(s)
wandb: Find logs at: ./wandb/run-20260422_104219-u5mgpgfq/logs
