<The background buffer retains approximately the last half of the run>
Game 8400 | Score: 29 | Record: 44 | Mean Score: 7.87 | Epsilon: 0.01 | Intrinsic: 0.104 | Eta: 0.01000
Game 8500 | Score: 0 | Record: 44 | Mean Score: 7.91 | Epsilon: 0.01 | Intrinsic: 0.004 | Eta: 0.01000
Game 8600 | Score: 0 | Record: 44 | Mean Score: 7.94 | Epsilon: 0.01 | Intrinsic: 0.004 | Eta: 0.01000
Game 8700 | Score: 17 | Record: 44 | Mean Score: 8.00 | Epsilon: 0.01 | Intrinsic: 0.060 | Eta: 0.01000
Game 8800 | Score: 0 | Record: 44 | Mean Score: 8.05 | Epsilon: 0.01 | Intrinsic: 0.011 | Eta: 0.01000
Game 8900 | Score: 0 | Record: 44 | Mean Score: 8.07 | Epsilon: 0.01 | Intrinsic: 0.009 | Eta: 0.01000
Game 9000 | Score: 20 | Record: 44 | Mean Score: 8.08 | Epsilon: 0.01 | Intrinsic: 0.070 | Eta: 0.01000
Game 9100 | Score: 0 | Record: 44 | Mean Score: 8.11 | Epsilon: 0.01 | Intrinsic: 0.011 | Eta: 0.01000
Game 9200 | Score: 32 | Record: 44 | Mean Score: 8.15 | Epsilon: 0.01 | Intrinsic: 0.164 | Eta: 0.01000
Game 9300 | Score: 30 | Record: 44 | Mean Score: 8.17 | Epsilon: 0.01 | Intrinsic: 0.138 | Eta: 0.01000
Game 9400 | Score: 18 | Record: 44 | Mean Score: 8.22 | Epsilon: 0.01 | Intrinsic: 0.072 | Eta: 0.01000
Game 9500 | Score: 0 | Record: 44 | Mean Score: 8.25 | Epsilon: 0.01 | Intrinsic: 0.002 | Eta: 0.01000
Game 9600 | Score: 0 | Record: 44 | Mean Score: 8.25 | Epsilon: 0.01 | Intrinsic: 0.007 | Eta: 0.01000
Game 9700 | Score: 25 | Record: 44 | Mean Score: 8.26 | Epsilon: 0.01 | Intrinsic: 0.136 | Eta: 0.01000
Game 9800 | Score: 0 | Record: 44 | Mean Score: 8.27 | Epsilon: 0.01 | Intrinsic: 0.011 | Eta: 0.01000
Game 9900 | Score: 15 | Record: 44 | Mean Score: 8.30 | Epsilon: 0.01 | Intrinsic: 0.061 | Eta: 0.01000
Game 10000 | Score: 16 | Record: 44 | Mean Score: 8.33 | Epsilon: 0.01 | Intrinsic: 0.061 | Eta: 0.01000
Game 10100 | Score: 0 | Record: 44 | Mean Score: 8.36 | Epsilon: 0.01 | Intrinsic: 0.014 | Eta: 0.01000
Game 10200 | Score: 25 | Record: 44 | Mean Score: 8.38 | Epsilon: 0.01 | Intrinsic: 0.087 | Eta: 0.01000
Game 10300 | Score: 29 | Record: 44 | Mean Score: 8.40 | Epsilon: 0.01 | Intrinsic: 0.124 | Eta: 0.01000
Game 10400 | Score: 27 | Record: 44 | Mean Score: 8.40 | Epsilon: 0.01 | Intrinsic: 0.120 | Eta: 0.01000
Game 10500 | Score: 0 | Record: 44 | Mean Score: 8.41 | Epsilon: 0.01 | Intrinsic: 0.011 | Eta: 0.01000
Game 10600 | Score: 0 | Record: 44 | Mean Score: 8.43 | Epsilon: 0.01 | Intrinsic: 0.008 | Eta: 0.01000
Game 10700 | Score: 0 | Record: 44 | Mean Score: 8.43 | Epsilon: 0.01 | Intrinsic: 0.005 | Eta: 0.01000
Game 10800 | Score: 0 | Record: 44 | Mean Score: 8.45 | Epsilon: 0.01 | Intrinsic: 0.002 | Eta: 0.01000
Game 10900 | Score: 12 | Record: 44 | Mean Score: 8.45 | Epsilon: 0.01 | Intrinsic: 0.052 | Eta: 0.01000
Game 11000 | Score: 14 | Record: 44 | Mean Score: 8.45 | Epsilon: 0.01 | Intrinsic: 0.043 | Eta: 0.01000
Game 11100 | Score: 19 | Record: 44 | Mean Score: 8.48 | Epsilon: 0.01 | Intrinsic: 0.063 | Eta: 0.01000
Game 11200 | Score: 3 | Record: 44 | Mean Score: 8.51 | Epsilon: 0.01 | Intrinsic: 0.009 | Eta: 0.01000
Game 11300 | Score: 32 | Record: 44 | Mean Score: 8.53 | Epsilon: 0.01 | Intrinsic: 0.144 | Eta: 0.01000
Game 11400 | Score: 14 | Record: 44 | Mean Score: 8.56 | Epsilon: 0.01 | Intrinsic: 0.046 | Eta: 0.01000
Game 11500 | Score: 21 | Record: 44 | Mean Score: 8.57 | Epsilon: 0.01 | Intrinsic: 0.072 | Eta: 0.01000
Game 11600 | Score: 0 | Record: 44 | Mean Score: 8.57 | Epsilon: 0.01 | Intrinsic: 0.001 | Eta: 0.01000
Game 11700 | Score: 0 | Record: 44 | Mean Score: 8.61 | Epsilon: 0.01 | Intrinsic: 0.011 | Eta: 0.01000
Game 11800 | Score: 0 | Record: 44 | Mean Score: 8.60 | Epsilon: 0.01 | Intrinsic: 0.006 | Eta: 0.01000
Game 11900 | Score: 25 | Record: 44 | Mean Score: 8.62 | Epsilon: 0.01 | Intrinsic: 0.113 | Eta: 0.01000
Game 12000 | Score: 0 | Record: 44 | Mean Score: 8.64 | Epsilon: 0.01 | Intrinsic: 0.012 | Eta: 0.01000
Game 12100 | Score: 25 | Record: 44 | Mean Score: 8.66 | Epsilon: 0.01 | Intrinsic: 0.075 | Eta: 0.01000
Game 12200 | Score: 0 | Record: 44 | Mean Score: 8.69 | Epsilon: 0.01 | Intrinsic: 0.011 | Eta: 0.01000
Game 12300 | Score: 21 | Record: 44 | Mean Score: 8.72 | Epsilon: 0.01 | Intrinsic: 0.083 | Eta: 0.01000
Game 12400 | Score: 0 | Record: 44 | Mean Score: 8.75 | Epsilon: 0.01 | Intrinsic: 0.004 | Eta: 0.01000
Game 12500 | Score: 28 | Record: 44 | Mean Score: 8.75 | Epsilon: 0.01 | Intrinsic: 0.103 | Eta: 0.01000
Game 12600 | Score: 0 | Record: 44 | Mean Score: 8.76 | Epsilon: 0.01 | Intrinsic: 0.005 | Eta: 0.01000
Game 12700 | Score: 0 | Record: 44 | Mean Score: 8.79 | Epsilon: 0.01 | Intrinsic: 0.015 | Eta: 0.01000
Game 12800 | Score: 0 | Record: 44 | Mean Score: 8.81 | Epsilon: 0.01 | Intrinsic: 0.036 | Eta: 0.01000
Game 12900 | Score: 0 | Record: 44 | Mean Score: 8.82 | Epsilon: 0.01 | Intrinsic: 0.007 | Eta: 0.01000
Game 13000 | Score: 0 | Record: 44 | Mean Score: 8.84 | Epsilon: 0.01 | Intrinsic: 0.007 | Eta: 0.01000
Game 13100 | Score: 0 | Record: 44 | Mean Score: 8.85 | Epsilon: 0.01 | Intrinsic: 0.002 | Eta: 0.01000
Game 13200 | Score: 14 | Record: 44 | Mean Score: 8.88 | Epsilon: 0.01 | Intrinsic: 0.048 | Eta: 0.01000
Game 13300 | Score: 22 | Record: 44 | Mean Score: 8.89 | Epsilon: 0.01 | Intrinsic: 0.081 | Eta: 0.01000
Game 13400 | Score: 23 | Record: 44 | Mean Score: 8.91 | Epsilon: 0.01 | Intrinsic: 0.114 | Eta: 0.01000
Game 13500 | Score: 0 | Record: 44 | Mean Score: 8.93 | Epsilon: 0.01 | Intrinsic: 0.006 | Eta: 0.01000
Game 13600 | Score: 12 | Record: 44 | Mean Score: 8.94 | Epsilon: 0.01 | Intrinsic: 0.042 | Eta: 0.01000
Game 13700 | Score: 28 | Record: 44 | Mean Score: 8.96 | Epsilon: 0.01 | Intrinsic: 0.170 | Eta: 0.01000
Game 13800 | Score: 0 | Record: 44 | Mean Score: 8.97 | Epsilon: 0.01 | Intrinsic: 0.004 | Eta: 0.01000
Game 13900 | Score: 0 | Record: 44 | Mean Score: 8.99 | Epsilon: 0.01 | Intrinsic: 0.012 | Eta: 0.01000
Game 14000 | Score: 25 | Record: 44 | Mean Score: 9.01 | Epsilon: 0.01 | Intrinsic: 0.116 | Eta: 0.01000
Game 14100 | Score: 35 | Record: 44 | Mean Score: 9.02 | Epsilon: 0.01 | Intrinsic: 0.125 | Eta: 0.01000
Game 14200 | Score: 0 | Record: 44 | Mean Score: 9.04 | Epsilon: 0.01 | Intrinsic: 0.001 | Eta: 0.01000
Game 14300 | Score: 0 | Record: 44 | Mean Score: 9.06 | Epsilon: 0.01 | Intrinsic: 0.004 | Eta: 0.01000
Game 14400 | Score: 0 | Record: 44 | Mean Score: 9.06 | Epsilon: 0.01 | Intrinsic: 0.002 | Eta: 0.01000
Game 14500 | Score: 0 | Record: 44 | Mean Score: 9.06 | Epsilon: 0.01 | Intrinsic: 0.010 | Eta: 0.01000
Game 14600 | Score: 22 | Record: 44 | Mean Score: 9.08 | Epsilon: 0.01 | Intrinsic: 0.069 | Eta: 0.01000
Game 14700 | Score: 17 | Record: 44 | Mean Score: 9.08 | Epsilon: 0.01 | Intrinsic: 0.054 | Eta: 0.01000
Game 14800 | Score: 0 | Record: 44 | Mean Score: 9.08 | Epsilon: 0.01 | Intrinsic: 0.013 | Eta: 0.01000
Game 14900 | Score: 18 | Record: 44 | Mean Score: 9.10 | Epsilon: 0.01 | Intrinsic: 0.067 | Eta: 0.01000
Game 15000 | Score: 0 | Record: 44 | Mean Score: 9.11 | Epsilon: 0.01 | Intrinsic: 0.010 | Eta: 0.01000
Game 15100 | Score: 0 | Record: 44 | Mean Score: 9.13 | Epsilon: 0.01 | Intrinsic: 0.003 | Eta: 0.01000
Game 15200 | Score: 0 | Record: 44 | Mean Score: 9.14 | Epsilon: 0.01 | Intrinsic: 0.016 | Eta: 0.01000
Game 15300 | Score: 25 | Record: 44 | Mean Score: 9.15 | Epsilon: 0.01 | Intrinsic: 0.093 | Eta: 0.01000
Game 15400 | Score: 0 | Record: 44 | Mean Score: 9.16 | Epsilon: 0.01 | Intrinsic: 0.016 | Eta: 0.01000
Game 15500 | Score: 17 | Record: 44 | Mean Score: 9.16 | Epsilon: 0.01 | Intrinsic: 0.074 | Eta: 0.01000
Game 15600 | Score: 15 | Record: 44 | Mean Score: 9.17 | Epsilon: 0.01 | Intrinsic: 0.066 | Eta: 0.01000
Game 15700 | Score: 0 | Record: 44 | Mean Score: 9.19 | Epsilon: 0.01 | Intrinsic: 0.001 | Eta: 0.01000
Game 15800 | Score: 0 | Record: 44 | Mean Score: 9.19 | Epsilon: 0.01 | Intrinsic: 0.004 | Eta: 0.01000
Game 15900 | Score: 0 | Record: 44 | Mean Score: 9.21 | Epsilon: 0.01 | Intrinsic: 0.015 | Eta: 0.01000
Game 16000 | Score: 0 | Record: 44 | Mean Score: 9.22 | Epsilon: 0.01 | Intrinsic: 0.009 | Eta: 0.01000

Training Complete!
Best Score: 44
Final Mean Score: 9.22
