/Users/saheb/home/rl-snake/.venv/lib/python3.9/site-packages/urllib3/__init__.py:35: NotOpenSSLWarning: urllib3 v2 only supports OpenSSL 1.1.1+, currently the 'ssl' module is compiled with 'LibreSSL 2.8.3'. See: https://github.com/urllib3/urllib3/issues/3020
  warnings.warn(
wandb: [wandb.login()] Loaded credentials for https://api.wandb.ai from /Users/saheb/.netrc.
wandb: Currently logged in as: saheb37 to https://api.wandb.ai. Use `wandb login --relogin` to force relogin
wandb: setting up run f0t4doie
wandb: Tracking run with wandb version 0.26.0
wandb: Run data is saved locally in /Users/saheb/home/rl-snake/wandb/run-20260422_104219-f0t4doie
wandb: Run `wandb offline` to turn off syncing.
wandb: Syncing run DQN_ICM_5x5
wandb: ⭐️ View project at https://wandb.ai/saheb37/rl-snake
wandb: 🚀 View run at https://wandb.ai/saheb37/rl-snake/runs/f0t4doie
Starting ICM DQN Training (Dueling + 3-Step) on 5x5 Board...
Game 100 | Score: 2 | Record: 2 | Mean Score: 0.17 | Epsilon: 0.95 | Intrinsic: 0.030 | Eta: 0.01000
Game 200 | Score: 2 | Record: 3 | Mean Score: 0.22 | Epsilon: 0.90 | Intrinsic: 0.008 | Eta: 0.01000
Game 300 | Score: 0 | Record: 3 | Mean Score: 0.23 | Epsilon: 0.85 | Intrinsic: 0.001 | Eta: 0.01000
Game 400 | Score: 0 | Record: 3 | Mean Score: 0.24 | Epsilon: 0.80 | Intrinsic: 0.001 | Eta: 0.01000
Game 500 | Score: 0 | Record: 3 | Mean Score: 0.25 | Epsilon: 0.75 | Intrinsic: 0.003 | Eta: 0.01000
Game 600 | Score: 0 | Record: 3 | Mean Score: 0.27 | Epsilon: 0.70 | Intrinsic: 0.002 | Eta: 0.01000
Game 700 | Score: 0 | Record: 4 | Mean Score: 0.33 | Epsilon: 0.65 | Intrinsic: 0.001 | Eta: 0.01000
Game 800 | Score: 0 | Record: 7 | Mean Score: 0.37 | Epsilon: 0.60 | Intrinsic: 0.002 | Eta: 0.01000
Game 900 | Score: 0 | Record: 7 | Mean Score: 0.40 | Epsilon: 0.55 | Intrinsic: 0.003 | Eta: 0.01000
Game 1000 | Score: 0 | Record: 7 | Mean Score: 0.46 | Epsilon: 0.50 | Intrinsic: 0.003 | Eta: 0.01000
Game 1100 | Score: 0 | Record: 7 | Mean Score: 0.50 | Epsilon: 0.45 | Intrinsic: 0.004 | Eta: 0.01000
Game 1200 | Score: 6 | Record: 9 | Mean Score: 0.59 | Epsilon: 0.40 | Intrinsic: 0.017 | Eta: 0.01000
Game 1300 | Score: 0 | Record: 10 | Mean Score: 0.68 | Epsilon: 0.35 | Intrinsic: 0.002 | Eta: 0.01000
Game 1400 | Score: 6 | Record: 10 | Mean Score: 0.75 | Epsilon: 0.30 | Intrinsic: 0.027 | Eta: 0.01000
Game 1500 | Score: 1 | Record: 13 | Mean Score: 0.85 | Epsilon: 0.25 | Intrinsic: 0.004 | Eta: 0.01000
Game 1600 | Score: 0 | Record: 13 | Mean Score: 0.95 | Epsilon: 0.20 | Intrinsic: 0.010 | Eta: 0.01000
Game 1700 | Score: 7 | Record: 14 | Mean Score: 1.07 | Epsilon: 0.15 | Intrinsic: 0.032 | Eta: 0.01000
Game 1800 | Score: 0 | Record: 15 | Mean Score: 1.23 | Epsilon: 0.10 | Intrinsic: 0.010 | Eta: 0.01000
Game 1900 | Score: 0 | Record: 16 | Mean Score: 1.40 | Epsilon: 0.05 | Intrinsic: 0.003 | Eta: 0.01000
Game 2000 | Score: 7 | Record: 20 | Mean Score: 1.63 | Epsilon: 0.01 | Intrinsic: 0.024 | Eta: 0.01000
Game 2100 | Score: 0 | Record: 20 | Mean Score: 1.88 | Epsilon: 0.01 | Intrinsic: 0.018 | Eta: 0.01000
Game 2200 | Score: 0 | Record: 20 | Mean Score: 2.11 | Epsilon: 0.01 | Intrinsic: 0.013 | Eta: 0.01000
Game 2300 | Score: 10 | Record: 21 | Mean Score: 2.30 | Epsilon: 0.01 | Intrinsic: 0.043 | Eta: 0.01000
Game 2400 | Score: 14 | Record: 21 | Mean Score: 2.46 | Epsilon: 0.01 | Intrinsic: 0.051 | Eta: 0.01000
Game 2500 | Score: 0 | Record: 21 | Mean Score: 2.68 | Epsilon: 0.01 | Intrinsic: 0.006 | Eta: 0.01000
Game 2600 | Score: 0 | Record: 23 | Mean Score: 2.85 | Epsilon: 0.01 | Intrinsic: 0.002 | Eta: 0.01000
Game 2700 | Score: 11 | Record: 24 | Mean Score: 3.01 | Epsilon: 0.01 | Intrinsic: 0.043 | Eta: 0.01000
Game 2800 | Score: 0 | Record: 24 | Mean Score: 3.19 | Epsilon: 0.01 | Intrinsic: 0.019 | Eta: 0.01000
Game 2900 | Score: 0 | Record: 24 | Mean Score: 3.36 | Epsilon: 0.01 | Intrinsic: 0.001 | Eta: 0.01000
Game 3000 | Score: 0 | Record: 24 | Mean Score: 3.48 | Epsilon: 0.01 | Intrinsic: 0.017 | Eta: 0.01000
Game 3100 | Score: 18 | Record: 24 | Mean Score: 3.60 | Epsilon: 0.01 | Intrinsic: 0.046 | Eta: 0.01000
Game 3200 | Score: 8 | Record: 24 | Mean Score: 3.73 | Epsilon: 0.01 | Intrinsic: 0.024 | Eta: 0.01000
Game 3300 | Score: 0 | Record: 24 | Mean Score: 3.83 | Epsilon: 0.01 | Intrinsic: 0.015 | Eta: 0.01000
Game 3400 | Score: 17 | Record: 24 | Mean Score: 3.91 | Epsilon: 0.01 | Intrinsic: 0.056 | Eta: 0.01000
Game 3500 | Score: 9 | Record: 24 | Mean Score: 4.02 | Epsilon: 0.01 | Intrinsic: 0.037 | Eta: 0.01000
Game 3600 | Score: 0 | Record: 24 | Mean Score: 4.10 | Epsilon: 0.01 | Intrinsic: 0.004 | Eta: 0.01000
Game 3700 | Score: 14 | Record: 24 | Mean Score: 4.19 | Epsilon: 0.01 | Intrinsic: 0.055 | Eta: 0.01000
Game 3800 | Score: 0 | Record: 24 | Mean Score: 4.27 | Epsilon: 0.01 | Intrinsic: 0.032 | Eta: 0.01000
Game 3900 | Score: 11 | Record: 24 | Mean Score: 4.35 | Epsilon: 0.01 | Intrinsic: 0.034 | Eta: 0.01000
Game 4000 | Score: 0 | Record: 24 | Mean Score: 4.40 | Epsilon: 0.01 | Intrinsic: 0.003 | Eta: 0.01000
Game 4100 | Score: 0 | Record: 24 | Mean Score: 4.49 | Epsilon: 0.01 | Intrinsic: 0.024 | Eta: 0.01000
Game 4200 | Score: 1 | Record: 24 | Mean Score: 4.57 | Epsilon: 0.01 | Intrinsic: 0.005 | Eta: 0.01000
Game 4300 | Score: 21 | Record: 24 | Mean Score: 4.64 | Epsilon: 0.01 | Intrinsic: 0.061 | Eta: 0.01000
Game 4400 | Score: 0 | Record: 24 | Mean Score: 4.71 | Epsilon: 0.01 | Intrinsic: 0.015 | Eta: 0.01000
Game 4500 | Score: 0 | Record: 24 | Mean Score: 4.78 | Epsilon: 0.01 | Intrinsic: 0.014 | Eta: 0.01000
Game 4600 | Score: 0 | Record: 24 | Mean Score: 4.85 | Epsilon: 0.01 | Intrinsic: 0.009 | Eta: 0.01000
Game 4700 | Score: 0 | Record: 24 | Mean Score: 4.92 | Epsilon: 0.01 | Intrinsic: 0.010 | Eta: 0.01000
Game 4800 | Score: 10 | Record: 24 | Mean Score: 4.99 | Epsilon: 0.01 | Intrinsic: 0.042 | Eta: 0.01000
Game 4900 | Score: 23 | Record: 24 | Mean Score: 5.04 | Epsilon: 0.01 | Intrinsic: 0.070 | Eta: 0.01000
Game 5000 | Score: 0 | Record: 24 | Mean Score: 5.08 | Epsilon: 0.01 | Intrinsic: 0.013 | Eta: 0.01000
Game 5100 | Score: 12 | Record: 24 | Mean Score: 5.14 | Epsilon: 0.01 | Intrinsic: 0.031 | Eta: 0.01000
Game 5200 | Score: 6 | Record: 24 | Mean Score: 5.18 | Epsilon: 0.01 | Intrinsic: 0.022 | Eta: 0.01000
Game 5300 | Score: 13 | Record: 24 | Mean Score: 5.23 | Epsilon: 0.01 | Intrinsic: 0.050 | Eta: 0.01000
Game 5400 | Score: 0 | Record: 24 | Mean Score: 5.27 | Epsilon: 0.01 | Intrinsic: 0.003 | Eta: 0.01000
Game 5500 | Score: 12 | Record: 24 | Mean Score: 5.30 | Epsilon: 0.01 | Intrinsic: 0.043 | Eta: 0.01000
Game 5600 | Score: 0 | Record: 24 | Mean Score: 5.36 | Epsilon: 0.01 | Intrinsic: 0.019 | Eta: 0.01000
Game 5700 | Score: 12 | Record: 24 | Mean Score: 5.41 | Epsilon: 0.01 | Intrinsic: 0.035 | Eta: 0.01000
Game 5800 | Score: 14 | Record: 24 | Mean Score: 5.45 | Epsilon: 0.01 | Intrinsic: 0.048 | Eta: 0.01000
Game 5900 | Score: 0 | Record: 24 | Mean Score: 5.49 | Epsilon: 0.01 | Intrinsic: 0.017 | Eta: 0.01000
Game 6000 | Score: 13 | Record: 24 | Mean Score: 5.53 | Epsilon: 0.01 | Intrinsic: 0.031 | Eta: 0.01000
Game 6100 | Score: 21 | Record: 24 | Mean Score: 5.58 | Epsilon: 0.01 | Intrinsic: 0.062 | Eta: 0.01000
Game 6200 | Score: 0 | Record: 24 | Mean Score: 5.60 | Epsilon: 0.01 | Intrinsic: 0.006 | Eta: 0.01000
Game 6300 | Score: 15 | Record: 24 | Mean Score: 5.63 | Epsilon: 0.01 | Intrinsic: 0.042 | Eta: 0.01000
Game 6400 | Score: 14 | Record: 24 | Mean Score: 5.67 | Epsilon: 0.01 | Intrinsic: 0.042 | Eta: 0.01000
Game 6500 | Score: 0 | Record: 24 | Mean Score: 5.72 | Epsilon: 0.01 | Intrinsic: 0.006 | Eta: 0.01000
Game 6600 | Score: 0 | Record: 24 | Mean Score: 5.75 | Epsilon: 0.01 | Intrinsic: 0.010 | Eta: 0.01000
Game 6700 | Score: 16 | Record: 24 | Mean Score: 5.75 | Epsilon: 0.01 | Intrinsic: 0.047 | Eta: 0.01000
Game 6800 | Score: 7 | Record: 24 | Mean Score: 5.76 | Epsilon: 0.01 | Intrinsic: 0.021 | Eta: 0.01000
Game 6900 | Score: 19 | Record: 24 | Mean Score: 5.80 | Epsilon: 0.01 | Intrinsic: 0.059 | Eta: 0.01000
Game 7000 | Score: 14 | Record: 24 | Mean Score: 5.84 | Epsilon: 0.01 | Intrinsic: 0.045 | Eta: 0.01000
Game 7100 | Score: 11 | Record: 24 | Mean Score: 5.86 | Epsilon: 0.01 | Intrinsic: 0.039 | Eta: 0.01000
Game 7200 | Score: 0 | Record: 24 | Mean Score: 5.87 | Epsilon: 0.01 | Intrinsic: 0.002 | Eta: 0.01000
Game 7300 | Score: 0 | Record: 24 | Mean Score: 5.90 | Epsilon: 0.01 | Intrinsic: 0.013 | Eta: 0.01000
Game 7400 | Score: 0 | Record: 24 | Mean Score: 5.93 | Epsilon: 0.01 | Intrinsic: 0.003 | Eta: 0.01000
Game 7500 | Score: 0 | Record: 24 | Mean Score: 5.95 | Epsilon: 0.01 | Intrinsic: 0.004 | Eta: 0.01000
Game 7600 | Score: 0 | Record: 24 | Mean Score: 5.98 | Epsilon: 0.01 | Intrinsic: 0.010 | Eta: 0.01000
Game 7700 | Score: 15 | Record: 24 | Mean Score: 6.00 | Epsilon: 0.01 | Intrinsic: 0.035 | Eta: 0.01000
Game 7800 | Score: 16 | Record: 24 | Mean Score: 6.02 | Epsilon: 0.01 | Intrinsic: 0.051 | Eta: 0.01000
Game 7900 | Score: 16 | Record: 24 | Mean Score: 6.03 | Epsilon: 0.01 | Intrinsic: 0.040 | Eta: 0.01000
Game 8000 | Score: 11 | Record: 24 | Mean Score: 6.04 | Epsilon: 0.01 | Intrinsic: 0.036 | Eta: 0.01000
Game 8100 | Score: 0 | Record: 24 | Mean Score: 6.07 | Epsilon: 0.01 | Intrinsic: 0.012 | Eta: 0.01000
Game 8200 | Score: 8 | Record: 24 | Mean Score: 6.09 | Epsilon: 0.01 | Intrinsic: 0.028 | Eta: 0.01000
Game 8300 | Score: 18 | Record: 24 | Mean Score: 6.12 | Epsilon: 0.01 | Intrinsic: 0.053 | Eta: 0.01000
Game 8400 | Score: 13 | Record: 24 | Mean Score: 6.13 | Epsilon: 0.01 | Intrinsic: 0.046 | Eta: 0.01000
Game 8500 | Score: 0 | Record: 24 | Mean Score: 6.14 | Epsilon: 0.01 | Intrinsic: 0.027 | Eta: 0.01000
Game 8600 | Score: 1 | Record: 24 | Mean Score: 6.15 | Epsilon: 0.01 | Intrinsic: 0.007 | Eta: 0.01000
Game 8700 | Score: 6 | Record: 24 | Mean Score: 6.16 | Epsilon: 0.01 | Intrinsic: 0.018 | Eta: 0.01000
Game 8800 | Score: 12 | Record: 24 | Mean Score: 6.19 | Epsilon: 0.01 | Intrinsic: 0.041 | Eta: 0.01000
Game 8900 | Score: 16 | Record: 24 | Mean Score: 6.21 | Epsilon: 0.01 | Intrinsic: 0.050 | Eta: 0.01000
Game 9000 | Score: 5 | Record: 24 | Mean Score: 6.21 | Epsilon: 0.01 | Intrinsic: 0.018 | Eta: 0.01000
Game 9100 | Score: 15 | Record: 24 | Mean Score: 6.23 | Epsilon: 0.01 | Intrinsic: 0.068 | Eta: 0.01000
Game 9200 | Score: 0 | Record: 24 | Mean Score: 6.25 | Epsilon: 0.01 | Intrinsic: 0.022 | Eta: 0.01000
Game 9300 | Score: 0 | Record: 24 | Mean Score: 6.26 | Epsilon: 0.01 | Intrinsic: 0.007 | Eta: 0.01000
Game 9400 | Score: 0 | Record: 24 | Mean Score: 6.27 | Epsilon: 0.01 | Intrinsic: 0.005 | Eta: 0.01000
Game 9500 | Score: 0 | Record: 24 | Mean Score: 6.29 | Epsilon: 0.01 | Intrinsic: 0.017 | Eta: 0.01000
Game 9600 | Score: 20 | Record: 24 | Mean Score: 6.30 | Epsilon: 0.01 | Intrinsic: 0.066 | Eta: 0.01000
Game 9700 | Score: 9 | Record: 24 | Mean Score: 6.32 | Epsilon: 0.01 | Intrinsic: 0.026 | Eta: 0.01000
Game 9800 | Score: 11 | Record: 24 | Mean Score: 6.32 | Epsilon: 0.01 | Intrinsic: 0.049 | Eta: 0.01000
Game 9900 | Score: 0 | Record: 24 | Mean Score: 6.33 | Epsilon: 0.01 | Intrinsic: 0.007 | Eta: 0.01000
Game 10000 | Score: 16 | Record: 24 | Mean Score: 6.34 | Epsilon: 0.01 | Intrinsic: 0.049 | Eta: 0.01000
Game 10100 | Score: 0 | Record: 24 | Mean Score: 6.36 | Epsilon: 0.01 | Intrinsic: 0.015 | Eta: 0.01000
Game 10200 | Score: 16 | Record: 24 | Mean Score: 6.36 | Epsilon: 0.01 | Intrinsic: 0.050 | Eta: 0.01000
Game 10300 | Score: 13 | Record: 24 | Mean Score: 6.38 | Epsilon: 0.01 | Intrinsic: 0.047 | Eta: 0.01000
Game 10400 | Score: 15 | Record: 24 | Mean Score: 6.39 | Epsilon: 0.01 | Intrinsic: 0.041 | Eta: 0.01000
Game 10500 | Score: 16 | Record: 24 | Mean Score: 6.41 | Epsilon: 0.01 | Intrinsic: 0.039 | Eta: 0.01000
Game 10600 | Score: 0 | Record: 24 | Mean Score: 6.43 | Epsilon: 0.01 | Intrinsic: 0.006 | Eta: 0.01000
Game 10700 | Score: 14 | Record: 24 | Mean Score: 6.44 | Epsilon: 0.01 | Intrinsic: 0.033 | Eta: 0.01000
Game 10800 | Score: 14 | Record: 24 | Mean Score: 6.46 | Epsilon: 0.01 | Intrinsic: 0.027 | Eta: 0.01000
Game 10900 | Score: 0 | Record: 24 | Mean Score: 6.47 | Epsilon: 0.01 | Intrinsic: 0.009 | Eta: 0.01000
Game 11000 | Score: 0 | Record: 24 | Mean Score: 6.47 | Epsilon: 0.01 | Intrinsic: 0.022 | Eta: 0.01000
Game 11100 | Score: 0 | Record: 24 | Mean Score: 6.47 | Epsilon: 0.01 | Intrinsic: 0.001 | Eta: 0.01000
Game 11200 | Score: 14 | Record: 24 | Mean Score: 6.50 | Epsilon: 0.01 | Intrinsic: 0.038 | Eta: 0.01000
Game 11300 | Score: 11 | Record: 24 | Mean Score: 6.51 | Epsilon: 0.01 | Intrinsic: 0.033 | Eta: 0.01000
Game 11400 | Score: 24 | Record: 24 | Mean Score: 6.51 | Epsilon: 0.01 | Intrinsic: 0.083 | Eta: 0.01000
Game 11500 | Score: 12 | Record: 24 | Mean Score: 6.53 | Epsilon: 0.01 | Intrinsic: 0.046 | Eta: 0.01000
Game 11600 | Score: 16 | Record: 24 | Mean Score: 6.54 | Epsilon: 0.01 | Intrinsic: 0.054 | Eta: 0.01000
Game 11700 | Score: 12 | Record: 24 | Mean Score: 6.54 | Epsilon: 0.01 | Intrinsic: 0.051 | Eta: 0.01000
Game 11800 | Score: 0 | Record: 24 | Mean Score: 6.56 | Epsilon: 0.01 | Intrinsic: 0.034 | Eta: 0.01000
Game 11900 | Score: 0 | Record: 24 | Mean Score: 6.57 | Epsilon: 0.01 | Intrinsic: 0.008 | Eta: 0.01000
Game 12000 | Score: 13 | Record: 24 | Mean Score: 6.58 | Epsilon: 0.01 | Intrinsic: 0.044 | Eta: 0.01000
Game 12100 | Score: 0 | Record: 24 | Mean Score: 6.61 | Epsilon: 0.01 | Intrinsic: 0.011 | Eta: 0.01000
Game 12200 | Score: 13 | Record: 24 | Mean Score: 6.62 | Epsilon: 0.01 | Intrinsic: 0.035 | Eta: 0.01000
Game 12300 | Score: 7 | Record: 24 | Mean Score: 6.63 | Epsilon: 0.01 | Intrinsic: 0.030 | Eta: 0.01000
Game 12400 | Score: 0 | Record: 24 | Mean Score: 6.63 | Epsilon: 0.01 | Intrinsic: 0.003 | Eta: 0.01000
Game 12500 | Score: 12 | Record: 24 | Mean Score: 6.65 | Epsilon: 0.01 | Intrinsic: 0.038 | Eta: 0.01000
Game 12600 | Score: 15 | Record: 24 | Mean Score: 6.67 | Epsilon: 0.01 | Intrinsic: 0.045 | Eta: 0.01000
Game 12700 | Score: 0 | Record: 24 | Mean Score: 6.68 | Epsilon: 0.01 | Intrinsic: 0.015 | Eta: 0.01000
Game 12800 | Score: 16 | Record: 24 | Mean Score: 6.68 | Epsilon: 0.01 | Intrinsic: 0.060 | Eta: 0.01000
Game 12900 | Score: 13 | Record: 24 | Mean Score: 6.68 | Epsilon: 0.01 | Intrinsic: 0.042 | Eta: 0.01000
Game 13000 | Score: 8 | Record: 24 | Mean Score: 6.68 | Epsilon: 0.01 | Intrinsic: 0.028 | Eta: 0.01000
Game 13100 | Score: 14 | Record: 24 | Mean Score: 6.69 | Epsilon: 0.01 | Intrinsic: 0.047 | Eta: 0.01000
Game 13200 | Score: 14 | Record: 24 | Mean Score: 6.70 | Epsilon: 0.01 | Intrinsic: 0.052 | Eta: 0.01000
Game 13300 | Score: 0 | Record: 24 | Mean Score: 6.71 | Epsilon: 0.01 | Intrinsic: 0.015 | Eta: 0.01000
Game 13400 | Score: 0 | Record: 24 | Mean Score: 6.71 | Epsilon: 0.01 | Intrinsic: 0.003 | Eta: 0.01000
Game 13500 | Score: 10 | Record: 24 | Mean Score: 6.72 | Epsilon: 0.01 | Intrinsic: 0.018 | Eta: 0.01000
Game 13600 | Score: 12 | Record: 24 | Mean Score: 6.73 | Epsilon: 0.01 | Intrinsic: 0.039 | Eta: 0.01000
Game 13700 | Score: 12 | Record: 24 | Mean Score: 6.73 | Epsilon: 0.01 | Intrinsic: 0.040 | Eta: 0.01000
Game 13800 | Score: 17 | Record: 24 | Mean Score: 6.74 | Epsilon: 0.01 | Intrinsic: 0.055 | Eta: 0.01000
Game 13900 | Score: 0 | Record: 24 | Mean Score: 6.75 | Epsilon: 0.01 | Intrinsic: 0.012 | Eta: 0.01000
Game 14000 | Score: 15 | Record: 24 | Mean Score: 6.77 | Epsilon: 0.01 | Intrinsic: 0.046 | Eta: 0.01000
Game 14100 | Score: 9 | Record: 24 | Mean Score: 6.77 | Epsilon: 0.01 | Intrinsic: 0.029 | Eta: 0.01000
Game 14200 | Score: 13 | Record: 24 | Mean Score: 6.78 | Epsilon: 0.01 | Intrinsic: 0.044 | Eta: 0.01000
Game 14300 | Score: 0 | Record: 24 | Mean Score: 6.79 | Epsilon: 0.01 | Intrinsic: 0.004 | Eta: 0.01000
Game 14400 | Score: 0 | Record: 24 | Mean Score: 6.80 | Epsilon: 0.01 | Intrinsic: 0.012 | Eta: 0.01000
Game 14500 | Score: 0 | Record: 24 | Mean Score: 6.81 | Epsilon: 0.01 | Intrinsic: 0.007 | Eta: 0.01000
Game 14600 | Score: 17 | Record: 24 | Mean Score: 6.81 | Epsilon: 0.01 | Intrinsic: 0.067 | Eta: 0.01000
Game 14700 | Score: 16 | Record: 24 | Mean Score: 6.82 | Epsilon: 0.01 | Intrinsic: 0.055 | Eta: 0.01000
Game 14800 | Score: 14 | Record: 24 | Mean Score: 6.82 | Epsilon: 0.01 | Intrinsic: 0.038 | Eta: 0.01000
Game 14900 | Score: 16 | Record: 24 | Mean Score: 6.82 | Epsilon: 0.01 | Intrinsic: 0.044 | Eta: 0.01000
Game 15000 | Score: 16 | Record: 24 | Mean Score: 6.82 | Epsilon: 0.01 | Intrinsic: 0.061 | Eta: 0.01000
Game 15100 | Score: 8 | Record: 24 | Mean Score: 6.83 | Epsilon: 0.01 | Intrinsic: 0.022 | Eta: 0.01000
Game 15200 | Score: 0 | Record: 24 | Mean Score: 6.83 | Epsilon: 0.01 | Intrinsic: 0.003 | Eta: 0.01000
Game 15300 | Score: 0 | Record: 24 | Mean Score: 6.84 | Epsilon: 0.01 | Intrinsic: 0.002 | Eta: 0.01000
Game 15400 | Score: 0 | Record: 24 | Mean Score: 6.84 | Epsilon: 0.01 | Intrinsic: 0.019 | Eta: 0.01000
Game 15500 | Score: 0 | Record: 24 | Mean Score: 6.84 | Epsilon: 0.01 | Intrinsic: 0.040 | Eta: 0.01000
Game 15600 | Score: 0 | Record: 24 | Mean Score: 6.84 | Epsilon: 0.01 | Intrinsic: 0.006 | Eta: 0.01000
Game 15700 | Score: 0 | Record: 24 | Mean Score: 6.85 | Epsilon: 0.01 | Intrinsic: 0.003 | Eta: 0.01000
Game 15800 | Score: 14 | Record: 24 | Mean Score: 6.86 | Epsilon: 0.01 | Intrinsic: 0.040 | Eta: 0.01000
Game 15900 | Score: 0 | Record: 24 | Mean Score: 6.87 | Epsilon: 0.01 | Intrinsic: 0.010 | Eta: 0.01000
Game 16000 | Score: 5 | Record: 24 | Mean Score: 6.88 | Epsilon: 0.01 | Intrinsic: 0.015 | Eta: 0.01000

Training Complete!
Best Score: 24
Final Mean Score: 6.88
wandb: uploading console lines 160-160; updating run metadata
wandb: updating run metadata
wandb: uploading output.log; uploading wandb-summary.json; uploading config.yaml
wandb: uploading wandb-summary.json
wandb: uploading history steps 159-159, summary, console lines 160-164
wandb: 
wandb: Run history:
wandb:          Epsilon █▄▂▁▁▁▁▁▁▁▁▁▁▁▁▁▁▁▁▁▁▁▁▁▁▁▁▁▁▁▁▁▁▁▁▁▁▁▁▁
wandb:              Eta ▁▁▁▁▁▁▁▁▁▁▁▁▁▁▁▁▁▁▁▁▁▁▁▁▁▁▁▁▁▁▁▁▁▁▁▁▁▁▁▁
wandb:             Game ▁▁▁▁▁▂▂▂▂▂▃▃▃▃▃▃▃▄▄▄▅▅▅▅▅▆▆▆▆▆▆▇▇▇▇▇▇▇██
wandb: Intrinsic_Reward ▄▁▁▁▁▂▇▆▁▃▅▄▁█▂▂▃▃▄█▁▅▂▄▁▃▅▅▂▂▄▃▁▅▅▂▂▇█▃
wandb:       Mean_Score ▁▁▂▂▂▃▅▅▅▆▆▆▆▆▇▇▇▇▇▇▇▇▇▇▇▇▇█████████████
wandb:           Record ▁▂▂▃▃▅▇▇▇███████████████████████████████
wandb:            Score ▂▁▁▃▁▄▁▁▄▁▅▁█▁▄▅▆▁▆▆▇▁▁▄▁█▁▆▆▁▃▅▄▆▄▁▆▁▁▁
wandb: 
wandb: Run summary:
wandb:          Epsilon 0.01
wandb:              Eta 0.01
wandb:             Game 16000
wandb: Intrinsic_Reward 0.01492
wandb:       Mean_Score 6.88256
wandb:           Record 24
wandb:            Score 5
wandb: 
wandb: 🚀 View run DQN_ICM_5x5 at: https://wandb.ai/saheb37/rl-snake/runs/f0t4doie
wandb: ⭐️ View project at: https://wandb.ai/saheb37/rl-snake
wandb: Synced 5 W&B file(s), 0 media file(s), 0 artifact file(s) and 0 other file(s)
wandb: Find logs at: ./wandb/run-20260422_104219-f0t4doie/logs
