/Users/saheb/home/rl-snake/.venv/lib/python3.9/site-packages/urllib3/__init__.py:35: NotOpenSSLWarning: urllib3 v2 only supports OpenSSL 1.1.1+, currently the 'ssl' module is compiled with 'LibreSSL 2.8.3'. See: https://github.com/urllib3/urllib3/issues/3020
  warnings.warn(
wandb: [wandb.login()] Loaded credentials for https://api.wandb.ai from /Users/saheb/.netrc.
wandb: Currently logged in as: saheb37 to https://api.wandb.ai. Use `wandb login --relogin` to force relogin
wandb: setting up run c5r89ca6
wandb: Tracking run with wandb version 0.26.0
wandb: Run data is saved locally in /Users/saheb/home/rl-snake/wandb/run-20260423_215302-c5r89ca6
wandb: Run `wandb offline` to turn off syncing.
wandb: Syncing run DQN_PER_v7_periodic_ICM_10x10
wandb: ⭐️ View project at https://wandb.ai/saheb37/rl-snake
wandb: 🚀 View run at https://wandb.ai/saheb37/rl-snake/runs/c5r89ca6
Starting ICM DQN Training (Dueling + 3-Step) on 10x10 Board...
Game 100 | Score: 0 | Record: 1 | Mean Score: 0.08 | Epsilon: 0.95 | Intrinsic: 0.003 | Eta: 0.01000
Game 200 | Score: 0 | Record: 2 | Mean Score: 0.14 | Epsilon: 0.90 | Intrinsic: 0.001 | Eta: 0.01000
Game 300 | Score: 0 | Record: 3 | Mean Score: 0.14 | Epsilon: 0.85 | Intrinsic: 0.003 | Eta: 0.01000
Game 400 | Score: 0 | Record: 3 | Mean Score: 0.15 | Epsilon: 0.80 | Intrinsic: 0.002 | Eta: 0.01000
Game 500 | Score: 0 | Record: 3 | Mean Score: 0.17 | Epsilon: 0.75 | Intrinsic: 0.006 | Eta: 0.01000
Game 600 | Score: 0 | Record: 3 | Mean Score: 0.20 | Epsilon: 0.70 | Intrinsic: 0.001 | Eta: 0.01000
Game 700 | Score: 0 | Record: 4 | Mean Score: 0.23 | Epsilon: 0.65 | Intrinsic: 0.004 | Eta: 0.01000
Game 800 | Score: 0 | Record: 5 | Mean Score: 0.27 | Epsilon: 0.60 | Intrinsic: 0.003 | Eta: 0.01000
Game 900 | Score: 0 | Record: 5 | Mean Score: 0.31 | Epsilon: 0.55 | Intrinsic: 0.005 | Eta: 0.01000
Game 1000 | Score: 3 | Record: 6 | Mean Score: 0.36 | Epsilon: 0.50 | Intrinsic: 0.015 | Eta: 0.01000
Game 1100 | Score: 1 | Record: 7 | Mean Score: 0.40 | Epsilon: 0.45 | Intrinsic: 0.007 | Eta: 0.01000
Game 1200 | Score: 0 | Record: 8 | Mean Score: 0.47 | Epsilon: 0.40 | Intrinsic: 0.003 | Eta: 0.01000
Game 1300 | Score: 5 | Record: 10 | Mean Score: 0.54 | Epsilon: 0.35 | Intrinsic: 0.024 | Eta: 0.01000
Game 1400 | Score: 2 | Record: 10 | Mean Score: 0.61 | Epsilon: 0.30 | Intrinsic: 0.005 | Eta: 0.01000
Game 1500 | Score: 0 | Record: 11 | Mean Score: 0.70 | Epsilon: 0.25 | Intrinsic: 0.003 | Eta: 0.01000
Game 1600 | Score: 6 | Record: 14 | Mean Score: 0.78 | Epsilon: 0.20 | Intrinsic: 0.045 | Eta: 0.01000
Game 1700 | Score: 5 | Record: 16 | Mean Score: 0.91 | Epsilon: 0.15 | Intrinsic: 0.017 | Eta: 0.01000
Game 1800 | Score: 7 | Record: 20 | Mean Score: 1.06 | Epsilon: 0.10 | Intrinsic: 0.024 | Eta: 0.01000
Game 1900 | Score: 0 | Record: 24 | Mean Score: 1.33 | Epsilon: 0.05 | Intrinsic: 0.008 | Eta: 0.01000
Game 2000 | Score: 28 | Record: 33 | Mean Score: 1.69 | Epsilon: 0.01 | Intrinsic: 0.135 | Eta: 0.01000
Game 2100 | Score: 8 | Record: 33 | Mean Score: 2.00 | Epsilon: 0.01 | Intrinsic: 0.043 | Eta: 0.01000
Game 2200 | Score: 19 | Record: 37 | Mean Score: 2.33 | Epsilon: 0.01 | Intrinsic: 0.065 | Eta: 0.01000
Game 2300 | Score: 29 | Record: 38 | Mean Score: 2.72 | Epsilon: 0.01 | Intrinsic: 0.116 | Eta: 0.01000
Game 2400 | Score: 0 | Record: 40 | Mean Score: 3.05 | Epsilon: 0.01 | Intrinsic: 0.006 | Eta: 0.01000
Game 2500 | Score: 0 | Record: 40 | Mean Score: 3.31 | Epsilon: 0.01 | Intrinsic: 0.008 | Eta: 0.01000
Game 2600 | Score: 0 | Record: 41 | Mean Score: 3.59 | Epsilon: 0.01 | Intrinsic: 0.009 | Eta: 0.01000
Game 2700 | Score: 25 | Record: 41 | Mean Score: 3.92 | Epsilon: 0.01 | Intrinsic: 0.115 | Eta: 0.01000
Game 2800 | Score: 34 | Record: 41 | Mean Score: 4.15 | Epsilon: 0.01 | Intrinsic: 0.131 | Eta: 0.01000
Game 2900 | Score: 0 | Record: 41 | Mean Score: 4.39 | Epsilon: 0.01 | Intrinsic: 0.012 | Eta: 0.01000
Game 3000 | Score: 15 | Record: 41 | Mean Score: 4.64 | Epsilon: 0.01 | Intrinsic: 0.048 | Eta: 0.01000
Game 3100 | Score: 22 | Record: 41 | Mean Score: 4.72 | Epsilon: 0.01 | Intrinsic: 0.079 | Eta: 0.01000
Game 3200 | Score: 0 | Record: 44 | Mean Score: 4.88 | Epsilon: 0.01 | Intrinsic: 0.003 | Eta: 0.01000
Game 3300 | Score: 0 | Record: 44 | Mean Score: 5.09 | Epsilon: 0.01 | Intrinsic: 0.021 | Eta: 0.01000
Game 3400 | Score: 23 | Record: 44 | Mean Score: 5.29 | Epsilon: 0.01 | Intrinsic: 0.072 | Eta: 0.01000
Game 3500 | Score: 0 | Record: 46 | Mean Score: 5.49 | Epsilon: 0.01 | Intrinsic: 0.014 | Eta: 0.01000
Game 3600 | Score: 31 | Record: 46 | Mean Score: 5.68 | Epsilon: 0.01 | Intrinsic: 0.111 | Eta: 0.01000
Game 3700 | Score: 27 | Record: 46 | Mean Score: 5.85 | Epsilon: 0.01 | Intrinsic: 0.125 | Eta: 0.01000
Game 3800 | Score: 17 | Record: 46 | Mean Score: 5.94 | Epsilon: 0.01 | Intrinsic: 0.066 | Eta: 0.01000
Game 3900 | Score: 0 | Record: 46 | Mean Score: 6.11 | Epsilon: 0.01 | Intrinsic: 0.006 | Eta: 0.01000
Game 4000 | Score: 0 | Record: 46 | Mean Score: 6.19 | Epsilon: 0.01 | Intrinsic: 0.007 | Eta: 0.01000
Game 4100 | Score: 0 | Record: 46 | Mean Score: 6.30 | Epsilon: 0.01 | Intrinsic: 0.002 | Eta: 0.01000
Game 4200 | Score: 0 | Record: 47 | Mean Score: 6.44 | Epsilon: 0.01 | Intrinsic: 0.008 | Eta: 0.01000
Game 4300 | Score: 0 | Record: 48 | Mean Score: 6.59 | Epsilon: 0.01 | Intrinsic: 0.012 | Eta: 0.01000
Game 4400 | Score: 21 | Record: 48 | Mean Score: 6.69 | Epsilon: 0.01 | Intrinsic: 0.070 | Eta: 0.01000
Game 4500 | Score: 0 | Record: 48 | Mean Score: 6.80 | Epsilon: 0.01 | Intrinsic: 0.006 | Eta: 0.01000
Game 4600 | Score: 29 | Record: 48 | Mean Score: 6.99 | Epsilon: 0.01 | Intrinsic: 0.112 | Eta: 0.01000
Game 4700 | Score: 0 | Record: 48 | Mean Score: 7.09 | Epsilon: 0.01 | Intrinsic: 0.013 | Eta: 0.01000
Game 4800 | Score: 0 | Record: 48 | Mean Score: 7.14 | Epsilon: 0.01 | Intrinsic: 0.013 | Eta: 0.01000
Game 4900 | Score: 0 | Record: 48 | Mean Score: 7.25 | Epsilon: 0.01 | Intrinsic: 0.003 | Eta: 0.01000
Game 5000 | Score: 16 | Record: 52 | Mean Score: 7.33 | Epsilon: 0.01 | Intrinsic: 0.061 | Eta: 0.01000
Game 5100 | Score: 32 | Record: 52 | Mean Score: 7.43 | Epsilon: 0.01 | Intrinsic: 0.146 | Eta: 0.01000
Game 5200 | Score: 41 | Record: 52 | Mean Score: 7.53 | Epsilon: 0.01 | Intrinsic: 0.197 | Eta: 0.01000
Game 5300 | Score: 0 | Record: 52 | Mean Score: 7.64 | Epsilon: 0.01 | Intrinsic: 0.010 | Eta: 0.01000
Game 5400 | Score: 0 | Record: 52 | Mean Score: 7.68 | Epsilon: 0.01 | Intrinsic: 0.008 | Eta: 0.01000
Game 5500 | Score: 28 | Record: 52 | Mean Score: 7.73 | Epsilon: 0.01 | Intrinsic: 0.106 | Eta: 0.01000
Game 5600 | Score: 23 | Record: 52 | Mean Score: 7.82 | Epsilon: 0.01 | Intrinsic: 0.090 | Eta: 0.01000
Game 5700 | Score: 0 | Record: 52 | Mean Score: 7.87 | Epsilon: 0.01 | Intrinsic: 0.038 | Eta: 0.01000
Game 5800 | Score: 30 | Record: 52 | Mean Score: 7.93 | Epsilon: 0.01 | Intrinsic: 0.102 | Eta: 0.01000
Game 5900 | Score: 15 | Record: 52 | Mean Score: 7.96 | Epsilon: 0.01 | Intrinsic: 0.044 | Eta: 0.01000
Game 6000 | Score: 0 | Record: 52 | Mean Score: 7.98 | Epsilon: 0.01 | Intrinsic: 0.005 | Eta: 0.01000
Game 6100 | Score: 0 | Record: 52 | Mean Score: 8.07 | Epsilon: 0.01 | Intrinsic: 0.010 | Eta: 0.01000
Game 6200 | Score: 17 | Record: 52 | Mean Score: 8.12 | Epsilon: 0.01 | Intrinsic: 0.054 | Eta: 0.01000
Game 6300 | Score: 0 | Record: 52 | Mean Score: 8.18 | Epsilon: 0.01 | Intrinsic: 0.017 | Eta: 0.01000
Game 6400 | Score: 0 | Record: 52 | Mean Score: 8.23 | Epsilon: 0.01 | Intrinsic: 0.016 | Eta: 0.01000
Game 6500 | Score: 0 | Record: 52 | Mean Score: 8.25 | Epsilon: 0.01 | Intrinsic: 0.001 | Eta: 0.01000
Game 6600 | Score: 23 | Record: 52 | Mean Score: 8.31 | Epsilon: 0.01 | Intrinsic: 0.069 | Eta: 0.01000
Game 6700 | Score: 46 | Record: 52 | Mean Score: 8.39 | Epsilon: 0.01 | Intrinsic: 0.173 | Eta: 0.01000
Game 6800 | Score: 0 | Record: 52 | Mean Score: 8.43 | Epsilon: 0.01 | Intrinsic: 0.013 | Eta: 0.01000
Game 6900 | Score: 32 | Record: 52 | Mean Score: 8.50 | Epsilon: 0.01 | Intrinsic: 0.131 | Eta: 0.01000
Game 7000 | Score: 0 | Record: 52 | Mean Score: 8.57 | Epsilon: 0.01 | Intrinsic: 0.017 | Eta: 0.01000
Game 7100 | Score: 38 | Record: 52 | Mean Score: 8.61 | Epsilon: 0.01 | Intrinsic: 0.188 | Eta: 0.01000
Game 7200 | Score: 0 | Record: 52 | Mean Score: 8.64 | Epsilon: 0.01 | Intrinsic: 0.004 | Eta: 0.01000
Game 7300 | Score: 0 | Record: 52 | Mean Score: 8.70 | Epsilon: 0.01 | Intrinsic: 0.017 | Eta: 0.01000
Game 7400 | Score: 0 | Record: 52 | Mean Score: 8.73 | Epsilon: 0.01 | Intrinsic: 0.017 | Eta: 0.01000
Game 7500 | Score: 25 | Record: 52 | Mean Score: 8.75 | Epsilon: 0.01 | Intrinsic: 0.078 | Eta: 0.01000
Game 7600 | Score: 42 | Record: 52 | Mean Score: 8.80 | Epsilon: 0.01 | Intrinsic: 0.221 | Eta: 0.01000
Game 7700 | Score: 20 | Record: 52 | Mean Score: 8.85 | Epsilon: 0.01 | Intrinsic: 0.077 | Eta: 0.01000
Game 7800 | Score: 31 | Record: 52 | Mean Score: 8.91 | Epsilon: 0.01 | Intrinsic: 0.122 | Eta: 0.01000
Game 7900 | Score: 16 | Record: 52 | Mean Score: 8.94 | Epsilon: 0.01 | Intrinsic: 0.047 | Eta: 0.01000
Game 8000 | Score: 0 | Record: 52 | Mean Score: 8.98 | Epsilon: 0.01 | Intrinsic: 0.003 | Eta: 0.01000
Game 8100 | Score: 1 | Record: 52 | Mean Score: 9.00 | Epsilon: 0.01 | Intrinsic: 0.006 | Eta: 0.01000
Game 8200 | Score: 0 | Record: 52 | Mean Score: 9.01 | Epsilon: 0.01 | Intrinsic: 0.010 | Eta: 0.01000
Game 8300 | Score: 20 | Record: 52 | Mean Score: 9.02 | Epsilon: 0.01 | Intrinsic: 0.062 | Eta: 0.01000
Game 8400 | Score: 0 | Record: 52 | Mean Score: 9.06 | Epsilon: 0.01 | Intrinsic: 0.009 | Eta: 0.01000
Game 8500 | Score: 4 | Record: 52 | Mean Score: 9.06 | Epsilon: 0.01 | Intrinsic: 0.010 | Eta: 0.01000
Game 8600 | Score: 48 | Record: 52 | Mean Score: 9.12 | Epsilon: 0.01 | Intrinsic: 0.190 | Eta: 0.01000
Game 8700 | Score: 39 | Record: 52 | Mean Score: 9.14 | Epsilon: 0.01 | Intrinsic: 0.163 | Eta: 0.01000
Game 8800 | Score: 24 | Record: 52 | Mean Score: 9.16 | Epsilon: 0.01 | Intrinsic: 0.072 | Eta: 0.01000
Game 8900 | Score: 0 | Record: 52 | Mean Score: 9.22 | Epsilon: 0.01 | Intrinsic: 0.023 | Eta: 0.01000
Game 9000 | Score: 33 | Record: 52 | Mean Score: 9.24 | Epsilon: 0.01 | Intrinsic: 0.120 | Eta: 0.01000
Game 9100 | Score: 0 | Record: 52 | Mean Score: 9.29 | Epsilon: 0.01 | Intrinsic: 0.004 | Eta: 0.01000
Game 9200 | Score: 20 | Record: 52 | Mean Score: 9.33 | Epsilon: 0.01 | Intrinsic: 0.068 | Eta: 0.01000
Game 9300 | Score: 0 | Record: 52 | Mean Score: 9.34 | Epsilon: 0.01 | Intrinsic: 0.001 | Eta: 0.01000
Game 9400 | Score: 13 | Record: 52 | Mean Score: 9.36 | Epsilon: 0.01 | Intrinsic: 0.041 | Eta: 0.01000
Game 9500 | Score: 28 | Record: 52 | Mean Score: 9.39 | Epsilon: 0.01 | Intrinsic: 0.096 | Eta: 0.01000
Game 9600 | Score: 0 | Record: 52 | Mean Score: 9.40 | Epsilon: 0.01 | Intrinsic: 0.011 | Eta: 0.01000
Game 9700 | Score: 30 | Record: 52 | Mean Score: 9.41 | Epsilon: 0.01 | Intrinsic: 0.103 | Eta: 0.01000
Game 9800 | Score: 0 | Record: 52 | Mean Score: 9.44 | Epsilon: 0.01 | Intrinsic: 0.009 | Eta: 0.01000
Game 9900 | Score: 20 | Record: 52 | Mean Score: 9.44 | Epsilon: 0.01 | Intrinsic: 0.061 | Eta: 0.01000
Game 10000 | Score: 33 | Record: 52 | Mean Score: 9.48 | Epsilon: 0.01 | Intrinsic: 0.151 | Eta: 0.01000
Game 10100 | Score: 32 | Record: 52 | Mean Score: 9.52 | Epsilon: 0.01 | Intrinsic: 0.141 | Eta: 0.01000
Game 10200 | Score: 22 | Record: 52 | Mean Score: 9.54 | Epsilon: 0.01 | Intrinsic: 0.082 | Eta: 0.01000
Game 10300 | Score: 0 | Record: 52 | Mean Score: 9.54 | Epsilon: 0.01 | Intrinsic: 0.013 | Eta: 0.01000
Game 10400 | Score: 14 | Record: 52 | Mean Score: 9.56 | Epsilon: 0.01 | Intrinsic: 0.047 | Eta: 0.01000
Game 10500 | Score: 0 | Record: 57 | Mean Score: 9.60 | Epsilon: 0.01 | Intrinsic: 0.027 | Eta: 0.01000
Game 10600 | Score: 31 | Record: 57 | Mean Score: 9.61 | Epsilon: 0.01 | Intrinsic: 0.147 | Eta: 0.01000
Game 10700 | Score: 24 | Record: 57 | Mean Score: 9.63 | Epsilon: 0.01 | Intrinsic: 0.091 | Eta: 0.01000
Game 10800 | Score: 9 | Record: 57 | Mean Score: 9.65 | Epsilon: 0.01 | Intrinsic: 0.022 | Eta: 0.01000
Game 10900 | Score: 0 | Record: 57 | Mean Score: 9.67 | Epsilon: 0.01 | Intrinsic: 0.008 | Eta: 0.01000
Game 11000 | Score: 23 | Record: 57 | Mean Score: 9.69 | Epsilon: 0.01 | Intrinsic: 0.072 | Eta: 0.01000
Game 11100 | Score: 0 | Record: 57 | Mean Score: 9.71 | Epsilon: 0.01 | Intrinsic: 0.010 | Eta: 0.01000
Game 11200 | Score: 7 | Record: 57 | Mean Score: 9.72 | Epsilon: 0.01 | Intrinsic: 0.018 | Eta: 0.01000
Game 11300 | Score: 0 | Record: 57 | Mean Score: 9.76 | Epsilon: 0.01 | Intrinsic: 0.005 | Eta: 0.01000
Game 11400 | Score: 0 | Record: 57 | Mean Score: 9.77 | Epsilon: 0.01 | Intrinsic: 0.011 | Eta: 0.01000
Game 11500 | Score: 26 | Record: 57 | Mean Score: 9.80 | Epsilon: 0.01 | Intrinsic: 0.116 | Eta: 0.01000
Game 11600 | Score: 36 | Record: 57 | Mean Score: 9.83 | Epsilon: 0.01 | Intrinsic: 0.132 | Eta: 0.01000
Game 11700 | Score: 30 | Record: 57 | Mean Score: 9.85 | Epsilon: 0.01 | Intrinsic: 0.109 | Eta: 0.01000
Game 11800 | Score: 18 | Record: 57 | Mean Score: 9.86 | Epsilon: 0.01 | Intrinsic: 0.066 | Eta: 0.01000
Game 11900 | Score: 15 | Record: 57 | Mean Score: 9.88 | Epsilon: 0.01 | Intrinsic: 0.049 | Eta: 0.01000
Game 12000 | Score: 0 | Record: 57 | Mean Score: 9.90 | Epsilon: 0.01 | Intrinsic: 0.004 | Eta: 0.01000
Game 12100 | Score: 32 | Record: 57 | Mean Score: 9.92 | Epsilon: 0.01 | Intrinsic: 0.135 | Eta: 0.01000
Game 12200 | Score: 31 | Record: 57 | Mean Score: 9.94 | Epsilon: 0.01 | Intrinsic: 0.145 | Eta: 0.01000
Game 12300 | Score: 24 | Record: 57 | Mean Score: 9.97 | Epsilon: 0.01 | Intrinsic: 0.088 | Eta: 0.01000
Game 12400 | Score: 0 | Record: 57 | Mean Score: 10.00 | Epsilon: 0.01 | Intrinsic: 0.023 | Eta: 0.01000
Game 12500 | Score: 0 | Record: 57 | Mean Score: 10.02 | Epsilon: 0.01 | Intrinsic: 0.011 | Eta: 0.01000
Game 12600 | Score: 0 | Record: 57 | Mean Score: 10.04 | Epsilon: 0.01 | Intrinsic: 0.010 | Eta: 0.01000
Game 12700 | Score: 35 | Record: 57 | Mean Score: 10.07 | Epsilon: 0.01 | Intrinsic: 0.128 | Eta: 0.01000
Game 12800 | Score: 0 | Record: 57 | Mean Score: 10.08 | Epsilon: 0.01 | Intrinsic: 0.022 | Eta: 0.01000
Game 12900 | Score: 0 | Record: 57 | Mean Score: 10.10 | Epsilon: 0.01 | Intrinsic: 0.003 | Eta: 0.01000
Game 13000 | Score: 0 | Record: 57 | Mean Score: 10.09 | Epsilon: 0.01 | Intrinsic: 0.008 | Eta: 0.01000
Game 13100 | Score: 16 | Record: 57 | Mean Score: 10.10 | Epsilon: 0.01 | Intrinsic: 0.042 | Eta: 0.01000
Game 13200 | Score: 0 | Record: 57 | Mean Score: 10.13 | Epsilon: 0.01 | Intrinsic: 0.004 | Eta: 0.01000
Game 13300 | Score: 0 | Record: 57 | Mean Score: 10.15 | Epsilon: 0.01 | Intrinsic: 0.014 | Eta: 0.01000
Game 13400 | Score: 0 | Record: 57 | Mean Score: 10.17 | Epsilon: 0.01 | Intrinsic: 0.012 | Eta: 0.01000
Game 13500 | Score: 19 | Record: 57 | Mean Score: 10.18 | Epsilon: 0.01 | Intrinsic: 0.057 | Eta: 0.01000
Game 13600 | Score: 28 | Record: 57 | Mean Score: 10.18 | Epsilon: 0.01 | Intrinsic: 0.109 | Eta: 0.01000
Game 13700 | Score: 26 | Record: 57 | Mean Score: 10.20 | Epsilon: 0.01 | Intrinsic: 0.078 | Eta: 0.01000
Game 13800 | Score: 0 | Record: 57 | Mean Score: 10.23 | Epsilon: 0.01 | Intrinsic: 0.003 | Eta: 0.01000
Game 13900 | Score: 0 | Record: 57 | Mean Score: 10.24 | Epsilon: 0.01 | Intrinsic: 0.025 | Eta: 0.01000
[Game 14000] Final LR cooldown applied → 1e-5
Game 14000 | Score: 34 | Record: 57 | Mean Score: 10.26 | Epsilon: 0.01 | Intrinsic: 0.154 | Eta: 0.01000
Game 14100 | Score: 0 | Record: 57 | Mean Score: 10.28 | Epsilon: 0.01 | Intrinsic: 0.021 | Eta: 0.01000
Game 14200 | Score: 0 | Record: 57 | Mean Score: 10.30 | Epsilon: 0.01 | Intrinsic: 0.137 | Eta: 0.01000
Game 14300 | Score: 0 | Record: 57 | Mean Score: 10.31 | Epsilon: 0.01 | Intrinsic: 0.012 | Eta: 0.01000
Game 14400 | Score: 0 | Record: 57 | Mean Score: 10.35 | Epsilon: 0.01 | Intrinsic: 0.002 | Eta: 0.01000
Game 14500 | Score: 0 | Record: 57 | Mean Score: 10.36 | Epsilon: 0.01 | Intrinsic: 0.013 | Eta: 0.01000
Game 14600 | Score: 36 | Record: 57 | Mean Score: 10.36 | Epsilon: 0.01 | Intrinsic: 0.147 | Eta: 0.01000
Game 14700 | Score: 36 | Record: 57 | Mean Score: 10.38 | Epsilon: 0.01 | Intrinsic: 0.156 | Eta: 0.01000
Game 14800 | Score: 0 | Record: 57 | Mean Score: 10.40 | Epsilon: 0.01 | Intrinsic: 0.005 | Eta: 0.01000
Game 14900 | Score: 0 | Record: 57 | Mean Score: 10.41 | Epsilon: 0.01 | Intrinsic: 0.006 | Eta: 0.01000
Game 15000 | Score: 0 | Record: 57 | Mean Score: 10.41 | Epsilon: 0.01 | Intrinsic: 0.011 | Eta: 0.01000
Game 15100 | Score: 0 | Record: 57 | Mean Score: 10.43 | Epsilon: 0.01 | Intrinsic: 0.007 | Eta: 0.01000
Game 15200 | Score: 0 | Record: 57 | Mean Score: 10.44 | Epsilon: 0.01 | Intrinsic: 0.007 | Eta: 0.01000
Game 15300 | Score: 0 | Record: 57 | Mean Score: 10.44 | Epsilon: 0.01 | Intrinsic: 0.119 | Eta: 0.01000
Game 15400 | Score: 0 | Record: 57 | Mean Score: 10.45 | Epsilon: 0.01 | Intrinsic: 0.008 | Eta: 0.01000
Game 15500 | Score: 0 | Record: 57 | Mean Score: 10.45 | Epsilon: 0.01 | Intrinsic: 0.021 | Eta: 0.01000
wandb: updating run metadata
wandb: uploading output.log; uploading wandb-summary.json; uploading config.yaml
wandb: uploading output.log; uploading config.yaml
wandb: uploading history steps 159-159, summary, console lines 161-165
wandb: 
wandb: Run history:
wandb:          Epsilon ██▇▇▆▄▃▂▁▁▁▁▁▁▁▁▁▁▁▁▁▁▁▁▁▁▁▁▁▁▁▁▁▁▁▁▁▁▁▁
wandb:              Eta ▁▁▁▁▁▁▁▁▁▁▁▁▁▁▁▁▁▁▁▁▁▁▁▁▁▁▁▁▁▁▁▁▁▁▁▁▁▁▁▁
wandb:             Game ▁▁▁▁▂▂▂▃▃▃▃▃▃▃▄▄▄▄▅▅▅▅▆▆▆▆▇▇▇▇▇▇▇▇▇█████
wandb: Intrinsic_Reward ▁▁▁▂▆▆▁▂▄▅▁▆▁▄▃▇█▂▄▁█▇▅▁▁▂▄▁▅▃▄▂▁▆▁▂▁▇▁▁
wandb:       Mean_Score ▁▁▁▁▂▃▄▄▄▅▅▆▆▆▆▆▆▇▇▇▇▇▇▇▇▇▇▇████████████
wandb:           Record ▁▁▂▂▂▃▆▆▆▆▇▇▇▇▇▇▇▇▇▇▇▇▇▇▇███████████████
wandb:            Score ▁▁▁▁▁▂▁▂▅▆▄▁▁▅▃▁▅▄▁█▁▅▁▄▁▇▁▄▆▁▅▂▅▆▆▅▁▁▆▁
wandb: 
wandb: Run summary:
wandb:          Epsilon 0.01
wandb:              Eta 0.01
wandb:             Game 16000
wandb: Intrinsic_Reward 0.00354
wandb:       Mean_Score 10.52844
wandb:           Record 57
wandb:            Score 0
wandb: 
wandb: 🚀 View run DQN_PER_v7_periodic_ICM_10x10 at: https://wandb.ai/saheb37/rl-snake/runs/c5r89ca6
wandb: ⭐️ View project at: https://wandb.ai/saheb37/rl-snake
wandb: Synced 5 W&B file(s), 0 media file(s), 0 artifact file(s) and 0 other file(s)
wandb: Find logs at: ./wandb/run-20260423_215302-c5r89ca6/logs
Game 15600 | Score: 16 | Record: 57 | Mean Score: 10.46 | Epsilon: 0.01 | Intrinsic: 0.047 | Eta: 0.01000
Game 15700 | Score: 27 | Record: 57 | Mean Score: 10.49 | Epsilon: 0.01 | Intrinsic: 0.087 | Eta: 0.01000
Game 15800 | Score: 0 | Record: 57 | Mean Score: 10.50 | Epsilon: 0.01 | Intrinsic: 0.005 | Eta: 0.01000
Game 15900 | Score: 51 | Record: 57 | Mean Score: 10.51 | Epsilon: 0.01 | Intrinsic: 0.235 | Eta: 0.01000
Game 16000 | Score: 0 | Record: 57 | Mean Score: 10.53 | Epsilon: 0.01 | Intrinsic: 0.004 | Eta: 0.01000

Training Complete!
Best Score: 57
Final Mean Score: 10.53
