<The background buffer retains approximately the last half of the run>
Game 6300 | Score: 0 | Record: 4 | Mean: 0.25 | Intrinsic: 0.001 | Eta: 0.01000
Game 6400 | Score: 0 | Record: 4 | Mean: 0.25 | Intrinsic: 0.001 | Eta: 0.01000
Game 6500 | Score: 0 | Record: 4 | Mean: 0.25 | Intrinsic: 0.001 | Eta: 0.01000
Game 6600 | Score: 1 | Record: 4 | Mean: 0.25 | Intrinsic: 0.002 | Eta: 0.01000
Game 6700 | Score: 1 | Record: 4 | Mean: 0.26 | Intrinsic: 0.002 | Eta: 0.01000
Game 6800 | Score: 1 | Record: 4 | Mean: 0.26 | Intrinsic: 0.002 | Eta: 0.01000
Game 6900 | Score: 1 | Record: 4 | Mean: 0.26 | Intrinsic: 0.002 | Eta: 0.01000
Game 7000 | Score: 1 | Record: 4 | Mean: 0.26 | Intrinsic: 0.004 | Eta: 0.01000
Game 7100 | Score: 1 | Record: 4 | Mean: 0.26 | Intrinsic: 0.003 | Eta: 0.01000
Game 7200 | Score: 0 | Record: 4 | Mean: 0.26 | Intrinsic: 0.001 | Eta: 0.01000
Game 7300 | Score: 1 | Record: 4 | Mean: 0.26 | Intrinsic: 0.002 | Eta: 0.01000
Game 7400 | Score: 0 | Record: 4 | Mean: 0.26 | Intrinsic: 0.001 | Eta: 0.01000
Game 7500 | Score: 0 | Record: 4 | Mean: 0.26 | Intrinsic: 0.001 | Eta: 0.01000
Game 7600 | Score: 0 | Record: 4 | Mean: 0.27 | Intrinsic: 0.001 | Eta: 0.01000
Game 7700 | Score: 0 | Record: 4 | Mean: 0.27 | Intrinsic: 0.001 | Eta: 0.01000
Game 7800 | Score: 1 | Record: 4 | Mean: 0.27 | Intrinsic: 0.003 | Eta: 0.01000
Game 7900 | Score: 0 | Record: 4 | Mean: 0.27 | Intrinsic: 0.001 | Eta: 0.01000
Game 8000 | Score: 1 | Record: 4 | Mean: 0.27 | Intrinsic: 0.002 | Eta: 0.01000
Game 8100 | Score: 0 | Record: 4 | Mean: 0.27 | Intrinsic: 0.001 | Eta: 0.01000
Game 8200 | Score: 0 | Record: 4 | Mean: 0.27 | Intrinsic: 0.001 | Eta: 0.01000
Game 8300 | Score: 1 | Record: 4 | Mean: 0.27 | Intrinsic: 0.003 | Eta: 0.01000
Game 8400 | Score: 1 | Record: 4 | Mean: 0.27 | Intrinsic: 0.002 | Eta: 0.01000
Game 8500 | Score: 0 | Record: 4 | Mean: 0.27 | Intrinsic: 0.001 | Eta: 0.01000
Game 8600 | Score: 0 | Record: 4 | Mean: 0.27 | Intrinsic: 0.001 | Eta: 0.01000
Game 8700 | Score: 0 | Record: 4 | Mean: 0.27 | Intrinsic: 0.001 | Eta: 0.01000
Game 8800 | Score: 0 | Record: 4 | Mean: 0.27 | Intrinsic: 0.001 | Eta: 0.01000
Game 8900 | Score: 0 | Record: 4 | Mean: 0.27 | Intrinsic: 0.001 | Eta: 0.01000
Game 9000 | Score: 0 | Record: 4 | Mean: 0.28 | Intrinsic: 0.001 | Eta: 0.01000
Game 9100 | Score: 0 | Record: 4 | Mean: 0.28 | Intrinsic: 0.001 | Eta: 0.01000
Game 9200 | Score: 0 | Record: 4 | Mean: 0.28 | Intrinsic: 0.001 | Eta: 0.01000
Game 9300 | Score: 0 | Record: 4 | Mean: 0.28 | Intrinsic: 0.001 | Eta: 0.01000
Game 9400 | Score: 1 | Record: 4 | Mean: 0.28 | Intrinsic: 0.004 | Eta: 0.01000
Game 9500 | Score: 0 | Record: 4 | Mean: 0.28 | Intrinsic: 0.001 | Eta: 0.01000
Game 9600 | Score: 0 | Record: 4 | Mean: 0.28 | Intrinsic: 0.001 | Eta: 0.01000
Game 9700 | Score: 0 | Record: 4 | Mean: 0.28 | Intrinsic: 0.001 | Eta: 0.01000
Game 9800 | Score: 0 | Record: 4 | Mean: 0.28 | Intrinsic: 0.001 | Eta: 0.01000
Game 9900 | Score: 1 | Record: 4 | Mean: 0.28 | Intrinsic: 0.003 | Eta: 0.01000
Game 10000 | Score: 0 | Record: 4 | Mean: 0.28 | Intrinsic: 0.001 | Eta: 0.01000
Game 10100 | Score: 0 | Record: 4 | Mean: 0.28 | Intrinsic: 0.001 | Eta: 0.01000
Game 10200 | Score: 0 | Record: 4 | Mean: 0.28 | Intrinsic: 0.001 | Eta: 0.01000
Game 10300 | Score: 0 | Record: 4 | Mean: 0.28 | Intrinsic: 0.001 | Eta: 0.01000
Game 10400 | Score: 1 | Record: 4 | Mean: 0.28 | Intrinsic: 0.003 | Eta: 0.01000
Game 10500 | Score: 0 | Record: 4 | Mean: 0.28 | Intrinsic: 0.001 | Eta: 0.01000
Game 10600 | Score: 0 | Record: 4 | Mean: 0.28 | Intrinsic: 0.001 | Eta: 0.01000
Game 10700 | Score: 0 | Record: 4 | Mean: 0.28 | Intrinsic: 0.001 | Eta: 0.01000
Game 10800 | Score: 0 | Record: 4 | Mean: 0.28 | Intrinsic: 0.001 | Eta: 0.01000
Game 10900 | Score: 0 | Record: 4 | Mean: 0.28 | Intrinsic: 0.001 | Eta: 0.01000
Game 11000 | Score: 0 | Record: 4 | Mean: 0.28 | Intrinsic: 0.001 | Eta: 0.01000
Game 11100 | Score: 1 | Record: 4 | Mean: 0.28 | Intrinsic: 0.003 | Eta: 0.01000
Game 11200 | Score: 0 | Record: 4 | Mean: 0.28 | Intrinsic: 0.001 | Eta: 0.01000
Game 11300 | Score: 1 | Record: 4 | Mean: 0.28 | Intrinsic: 0.002 | Eta: 0.01000
Game 11400 | Score: 1 | Record: 4 | Mean: 0.28 | Intrinsic: 0.003 | Eta: 0.01000
Game 11500 | Score: 1 | Record: 4 | Mean: 0.28 | Intrinsic: 0.002 | Eta: 0.01000
Game 11600 | Score: 1 | Record: 4 | Mean: 0.28 | Intrinsic: 0.005 | Eta: 0.01000
Game 11700 | Score: 0 | Record: 4 | Mean: 0.28 | Intrinsic: 0.001 | Eta: 0.01000
Game 11800 | Score: 0 | Record: 4 | Mean: 0.28 | Intrinsic: 0.001 | Eta: 0.01000
Game 11900 | Score: 1 | Record: 4 | Mean: 0.28 | Intrinsic: 0.003 | Eta: 0.01000
Game 12000 | Score: 1 | Record: 4 | Mean: 0.29 | Intrinsic: 0.003 | Eta: 0.01000
Game 12100 | Score: 0 | Record: 4 | Mean: 0.29 | Intrinsic: 0.001 | Eta: 0.01000
Game 12200 | Score: 0 | Record: 4 | Mean: 0.29 | Intrinsic: 0.001 | Eta: 0.01000
Game 12300 | Score: 1 | Record: 4 | Mean: 0.29 | Intrinsic: 0.002 | Eta: 0.01000
Game 12400 | Score: 0 | Record: 4 | Mean: 0.29 | Intrinsic: 0.001 | Eta: 0.01000
Game 12500 | Score: 0 | Record: 4 | Mean: 0.29 | Intrinsic: 0.000 | Eta: 0.01000
Game 12600 | Score: 0 | Record: 4 | Mean: 0.29 | Intrinsic: 0.001 | Eta: 0.01000
Game 12700 | Score: 1 | Record: 4 | Mean: 0.29 | Intrinsic: 0.001 | Eta: 0.01000
Game 12800 | Score: 0 | Record: 4 | Mean: 0.29 | Intrinsic: 0.001 | Eta: 0.01000
Game 12900 | Score: 0 | Record: 4 | Mean: 0.29 | Intrinsic: 0.001 | Eta: 0.01000
Game 13000 | Score: 0 | Record: 4 | Mean: 0.29 | Intrinsic: 0.001 | Eta: 0.01000
Game 13100 | Score: 1 | Record: 4 | Mean: 0.29 | Intrinsic: 0.003 | Eta: 0.01000
Game 13200 | Score: 0 | Record: 4 | Mean: 0.29 | Intrinsic: 0.001 | Eta: 0.01000
Game 13300 | Score: 0 | Record: 4 | Mean: 0.29 | Intrinsic: 0.001 | Eta: 0.01000
Game 13400 | Score: 1 | Record: 4 | Mean: 0.29 | Intrinsic: 0.003 | Eta: 0.01000
Game 13500 | Score: 0 | Record: 4 | Mean: 0.29 | Intrinsic: 0.001 | Eta: 0.01000
Game 13600 | Score: 1 | Record: 4 | Mean: 0.29 | Intrinsic: 0.003 | Eta: 0.01000
Game 13700 | Score: 0 | Record: 4 | Mean: 0.29 | Intrinsic: 0.001 | Eta: 0.01000
Game 13800 | Score: 0 | Record: 4 | Mean: 0.29 | Intrinsic: 0.001 | Eta: 0.01000
Game 13900 | Score: 0 | Record: 4 | Mean: 0.29 | Intrinsic: 0.001 | Eta: 0.01000
Game 14000 | Score: 1 | Record: 4 | Mean: 0.29 | Intrinsic: 0.004 | Eta: 0.01000
Game 14100 | Score: 0 | Record: 4 | Mean: 0.29 | Intrinsic: 0.001 | Eta: 0.01000
Game 14200 | Score: 0 | Record: 4 | Mean: 0.29 | Intrinsic: 0.001 | Eta: 0.01000
Game 14300 | Score: 0 | Record: 4 | Mean: 0.29 | Intrinsic: 0.001 | Eta: 0.01000
Game 14400 | Score: 0 | Record: 4 | Mean: 0.29 | Intrinsic: 0.001 | Eta: 0.01000
Game 14500 | Score: 1 | Record: 4 | Mean: 0.29 | Intrinsic: 0.002 | Eta: 0.01000
Game 14600 | Score: 0 | Record: 4 | Mean: 0.29 | Intrinsic: 0.001 | Eta: 0.01000
Game 14700 | Score: 1 | Record: 4 | Mean: 0.29 | Intrinsic: 0.003 | Eta: 0.01000
Game 14800 | Score: 0 | Record: 4 | Mean: 0.29 | Intrinsic: 0.001 | Eta: 0.01000
Game 14900 | Score: 0 | Record: 4 | Mean: 0.29 | Intrinsic: 0.001 | Eta: 0.01000
Game 15000 | Score: 0 | Record: 4 | Mean: 0.29 | Intrinsic: 0.001 | Eta: 0.01000
Game 15100 | Score: 0 | Record: 4 | Mean: 0.29 | Intrinsic: 0.001 | Eta: 0.01000
Game 15200 | Score: 0 | Record: 4 | Mean: 0.29 | Intrinsic: 0.001 | Eta: 0.01000
Game 15300 | Score: 0 | Record: 4 | Mean: 0.29 | Intrinsic: 0.001 | Eta: 0.01000
Game 15400 | Score: 0 | Record: 4 | Mean: 0.29 | Intrinsic: 0.001 | Eta: 0.01000
Game 15500 | Score: 0 | Record: 4 | Mean: 0.29 | Intrinsic: 0.001 | Eta: 0.01000
Game 15600 | Score: 1 | Record: 4 | Mean: 0.29 | Intrinsic: 0.003 | Eta: 0.01000
Game 15700 | Score: 1 | Record: 4 | Mean: 0.29 | Intrinsic: 0.002 | Eta: 0.01000
Game 15800 | Score: 0 | Record: 4 | Mean: 0.29 | Intrinsic: 0.001 | Eta: 0.01000
Game 15900 | Score: 0 | Record: 4 | Mean: 0.29 | Intrinsic: 0.001 | Eta: 0.01000
Game 16000 | Score: 1 | Record: 4 | Mean: 0.29 | Intrinsic: 0.003 | Eta: 0.01000
============================================================
Training Complete!
Best Score: 4
Final Mean Score: 0.29

Exit code: 0
