/Users/saheb/home/rl-snake/.venv/lib/python3.9/site-packages/urllib3/__init__.py:35: NotOpenSSLWarning: urllib3 v2 only supports OpenSSL 1.1.1+, currently the 'ssl' module is compiled with 'LibreSSL 2.8.3'. See: https://github.com/urllib3/urllib3/issues/3020
  warnings.warn(
wandb: Tracking run with wandb version 0.26.0
wandb: W&B syncing is set to `offline` in this directory. Run `wandb online` or set WANDB_MODE=online to enable cloud syncing.
wandb: Run data is saved locally in /Users/saheb/home/rl-snake/wandb/offline-run-20260426_193301-f6vp6aum
Starting ICM DQN Training (Dueling + 3-Step) on 8x8 Board...
Game 100 | Score: 0 | Record: 1 | Mean Score: 0.10 | Epsilon: 0.95 | Intrinsic: 0.001 | Eta: 0.01000
Game 200 | Score: 0 | Record: 1 | Mean Score: 0.10 | Epsilon: 0.90 | Intrinsic: 0.002 | Eta: 0.01000
Game 300 | Score: 0 | Record: 2 | Mean Score: 0.12 | Epsilon: 0.85 | Intrinsic: 0.001 | Eta: 0.01000
Game 400 | Score: 0 | Record: 2 | Mean Score: 0.12 | Epsilon: 0.80 | Intrinsic: 0.000 | Eta: 0.01000
Game 500 | Score: 0 | Record: 2 | Mean Score: 0.13 | Epsilon: 0.76 | Intrinsic: 0.000 | Eta: 0.01000
Game 600 | Score: 1 | Record: 3 | Mean Score: 0.15 | Epsilon: 0.71 | Intrinsic: 0.003 | Eta: 0.01000
Game 700 | Score: 0 | Record: 3 | Mean Score: 0.16 | Epsilon: 0.66 | Intrinsic: 0.000 | Eta: 0.01000
Game 800 | Score: 0 | Record: 3 | Mean Score: 0.16 | Epsilon: 0.61 | Intrinsic: 0.000 | Eta: 0.01000
Game 900 | Score: 0 | Record: 4 | Mean Score: 0.18 | Epsilon: 0.56 | Intrinsic: 0.000 | Eta: 0.01000
Game 1000 | Score: 4 | Record: 4 | Mean Score: 0.21 | Epsilon: 0.51 | Intrinsic: 0.010 | Eta: 0.01000
Game 1100 | Score: 0 | Record: 5 | Mean Score: 0.25 | Epsilon: 0.46 | Intrinsic: 0.001 | Eta: 0.01000
Game 1200 | Score: 0 | Record: 6 | Mean Score: 0.27 | Epsilon: 0.41 | Intrinsic: 0.000 | Eta: 0.01000
Game 1300 | Score: 3 | Record: 7 | Mean Score: 0.32 | Epsilon: 0.36 | Intrinsic: 0.006 | Eta: 0.01000
Game 1400 | Score: 5 | Record: 8 | Mean Score: 0.39 | Epsilon: 0.31 | Intrinsic: 0.015 | Eta: 0.01000
Game 1500 | Score: 2 | Record: 10 | Mean Score: 0.48 | Epsilon: 0.27 | Intrinsic: 0.008 | Eta: 0.01000
Game 1600 | Score: 2 | Record: 13 | Mean Score: 0.57 | Epsilon: 0.22 | Intrinsic: 0.005 | Eta: 0.01000
Game 1700 | Score: 0 | Record: 13 | Mean Score: 0.68 | Epsilon: 0.17 | Intrinsic: 0.001 | Eta: 0.01000
Game 1800 | Score: 0 | Record: 15 | Mean Score: 0.79 | Epsilon: 0.12 | Intrinsic: 0.000 | Eta: 0.01000
Game 1900 | Score: 0 | Record: 16 | Mean Score: 0.95 | Epsilon: 0.07 | Intrinsic: 0.000 | Eta: 0.01000
Game 2000 | Score: 13 | Record: 22 | Mean Score: 1.13 | Epsilon: 0.02 | Intrinsic: 0.028 | Eta: 0.01000
Game 2100 | Score: 0 | Record: 24 | Mean Score: 1.37 | Epsilon: 0.02 | Intrinsic: 0.000 | Eta: 0.01000
Game 2200 | Score: 13 | Record: 25 | Mean Score: 1.61 | Epsilon: 0.02 | Intrinsic: 0.027 | Eta: 0.01000
Game 2300 | Score: 0 | Record: 25 | Mean Score: 1.92 | Epsilon: 0.02 | Intrinsic: 0.001 | Eta: 0.01000
Game 2400 | Score: 0 | Record: 30 | Mean Score: 2.07 | Epsilon: 0.02 | Intrinsic: 0.000 | Eta: 0.01000
Game 2500 | Score: 0 | Record: 30 | Mean Score: 2.23 | Epsilon: 0.02 | Intrinsic: 0.000 | Eta: 0.01000
Game 2600 | Score: 0 | Record: 32 | Mean Score: 2.52 | Epsilon: 0.02 | Intrinsic: 0.000 | Eta: 0.01000
Game 2700 | Score: 0 | Record: 32 | Mean Score: 2.76 | Epsilon: 0.02 | Intrinsic: 0.000 | Eta: 0.01000
Game 2800 | Score: 15 | Record: 32 | Mean Score: 2.95 | Epsilon: 0.02 | Intrinsic: 0.031 | Eta: 0.01000
Game 2900 | Score: 12 | Record: 32 | Mean Score: 3.11 | Epsilon: 0.02 | Intrinsic: 0.017 | Eta: 0.01000
Game 3000 | Score: 0 | Record: 33 | Mean Score: 3.28 | Epsilon: 0.02 | Intrinsic: 0.000 | Eta: 0.01000
Game 3100 | Score: 13 | Record: 33 | Mean Score: 3.43 | Epsilon: 0.02 | Intrinsic: 0.023 | Eta: 0.01000
Game 3200 | Score: 0 | Record: 33 | Mean Score: 3.61 | Epsilon: 0.02 | Intrinsic: 0.000 | Eta: 0.01000
Game 3300 | Score: 8 | Record: 33 | Mean Score: 3.69 | Epsilon: 0.02 | Intrinsic: 0.012 | Eta: 0.01000
Game 3400 | Score: 17 | Record: 33 | Mean Score: 3.86 | Epsilon: 0.02 | Intrinsic: 0.027 | Eta: 0.01000
[Game 3500] Final LR cooldown applied в†’ 1e-5
Game 3500 | Score: 22 | Record: 33 | Mean Score: 3.97 | Epsilon: 0.02 | Intrinsic: 0.045 | Eta: 0.01000
Game 3600 | Score: 7 | Record: 33 | Mean Score: 4.09 | Epsilon: 0.02 | Intrinsic: 0.008 | Eta: 0.01000
Game 3700 | Score: 11 | Record: 33 | Mean Score: 4.21 | Epsilon: 0.02 | Intrinsic: 0.017 | Eta: 0.01000
Game 3800 | Score: 0 | Record: 33 | Mean Score: 4.28 | Epsilon: 0.02 | Intrinsic: 0.000 | Eta: 0.01000
Game 3900 | Score: 0 | Record: 33 | Mean Score: 4.41 | Epsilon: 0.02 | Intrinsic: 0.000 | Eta: 0.01000
Game 4000 | Score: 0 | Record: 34 | Mean Score: 4.52 | Epsilon: 0.02 | Intrinsic: 0.000 | Eta: 0.01000

Training Complete!
Best Score: 34
Final Mean Score: 4.52
wandb: 
wandb: Run history:
wandb:          Epsilon в–€в–€в–‡в–‡в–‡в–†в–†в–…в–…в–…в–„в–„в–„в–ѓв–ѓв–‚в–‚в–‚в–Ѓв–Ѓв–Ѓв–Ѓв–Ѓв–Ѓв–Ѓв–Ѓв–Ѓв–Ѓв–Ѓв–Ѓв–Ѓв–Ѓв–Ѓв–Ѓв–Ѓв–Ѓв–Ѓв–Ѓв–Ѓв–Ѓ
wandb:              Eta в–Ѓв–Ѓв–Ѓв–Ѓв–Ѓв–Ѓв–Ѓв–Ѓв–Ѓв–Ѓв–Ѓв–Ѓв–Ѓв–Ѓв–Ѓв–Ѓв–Ѓв–Ѓв–Ѓв–Ѓв–Ѓв–Ѓв–Ѓв–Ѓв–Ѓв–Ѓв–Ѓв–Ѓв–Ѓв–Ѓв–Ѓв–Ѓв–Ѓв–Ѓв–Ѓв–Ѓв–Ѓв–Ѓв–Ѓв–Ѓ
wandb:             Game в–Ѓв–Ѓв–Ѓв–‚в–‚в–‚в–‚в–‚в–‚в–ѓв–ѓв–ѓв–ѓв–ѓв–„в–„в–„в–„в–„в–„в–…в–…в–…в–…в–…в–…в–†в–†в–†в–†в–†в–‡в–‡в–‡в–‡в–‡в–‡в–€в–€в–€
wandb: Intrinsic_Reward в–Ѓв–Ѓв–Ѓв–Ѓв–Ѓв–‚в–Ѓв–Ѓв–Ѓв–ѓв–Ѓв–Ѓв–‚в–ѓв–‚в–‚в–Ѓв–Ѓв–Ѓв–…в–Ѓв–…в–Ѓв–Ѓв–Ѓв–Ѓв–Ѓв–†в–„в–Ѓв–…в–Ѓв–ѓв–…в–€в–‚в–„в–Ѓв–Ѓв–Ѓ
wandb:       Mean_Score в–Ѓв–Ѓв–Ѓв–Ѓв–Ѓв–Ѓв–Ѓв–Ѓв–Ѓв–Ѓв–Ѓв–Ѓв–Ѓв–Ѓв–‚в–‚в–‚в–‚в–‚в–ѓв–ѓв–ѓв–„в–„в–„в–…в–…в–†в–†в–†в–†в–‡в–‡в–‡в–‡в–‡в–€в–€в–€в–€
wandb:           Record в–Ѓв–Ѓв–Ѓв–Ѓв–Ѓв–Ѓв–Ѓв–Ѓв–‚в–‚в–‚в–‚в–‚в–‚в–ѓв–„в–„в–„в–„в–…в–†в–†в–†в–‡в–‡в–€в–€в–€в–€в–€в–€в–€в–€в–€в–€в–€в–€в–€в–€в–€
wandb:            Score в–Ѓв–Ѓв–Ѓв–Ѓв–Ѓв–Ѓв–Ѓв–Ѓв–Ѓв–‚в–Ѓв–Ѓв–‚в–ѓв–‚в–‚в–Ѓв–Ѓв–Ѓв–…в–Ѓв–…в–Ѓв–Ѓв–Ѓв–Ѓв–Ѓв–†в–…в–Ѓв–…в–Ѓв–„в–†в–€в–ѓв–…в–Ѓв–Ѓв–Ѓ
wandb: 
wandb: Run summary:
wandb:          Epsilon 0.02
wandb:              Eta 0.01
wandb:             Game 4000
wandb: Intrinsic_Reward 0.00035
wandb:       Mean_Score 4.52125
wandb:           Record 34
wandb:            Score 0
wandb: 
wandb: You can sync this run to the cloud by running:
wandb: wandb sync /Users/saheb/home/rl-snake/wandb/offline-run-20260426_193301-f6vp6aum
wandb: Find logs at: ./wandb/offline-run-20260426_193301-f6vp6aum/logs
