/Users/saheb/home/rl-snake/.venv/lib/python3.9/site-packages/urllib3/__init__.py:35: NotOpenSSLWarning: urllib3 v2 only supports OpenSSL 1.1.1+, currently the 'ssl' module is compiled with 'LibreSSL 2.8.3'. See: https://github.com/urllib3/urllib3/issues/3020
  warnings.warn(
wandb: Tracking run with wandb version 0.26.0
wandb: W&B syncing is set to `offline` in this directory. Run `wandb online` or set WANDB_MODE=online to enable cloud syncing.
wandb: Run data is saved locally in /Users/saheb/home/rl-snake/wandb/offline-run-20260426_190840-1489d34u
Starting ICM DQN Training (Dueling + 3-Step) on 8x8 Board...
Game 100 | Score: 0 | Record: 2 | Mean Score: 0.10 | Epsilon: 0.95 | Intrinsic: 0.000 | Eta: 0.01000
Game 200 | Score: 0 | Record: 2 | Mean Score: 0.14 | Epsilon: 0.90 | Intrinsic: 0.003 | Eta: 0.01000
Game 300 | Score: 0 | Record: 2 | Mean Score: 0.12 | Epsilon: 0.85 | Intrinsic: 0.001 | Eta: 0.01000
Game 400 | Score: 0 | Record: 2 | Mean Score: 0.12 | Epsilon: 0.80 | Intrinsic: 0.000 | Eta: 0.01000
Game 500 | Score: 0 | Record: 2 | Mean Score: 0.12 | Epsilon: 0.76 | Intrinsic: 0.001 | Eta: 0.01000
Game 600 | Score: 0 | Record: 2 | Mean Score: 0.13 | Epsilon: 0.71 | Intrinsic: 0.001 | Eta: 0.01000
Game 700 | Score: 0 | Record: 3 | Mean Score: 0.15 | Epsilon: 0.66 | Intrinsic: 0.001 | Eta: 0.01000
Game 800 | Score: 1 | Record: 4 | Mean Score: 0.19 | Epsilon: 0.61 | Intrinsic: 0.009 | Eta: 0.01000
Game 900 | Score: 0 | Record: 5 | Mean Score: 0.23 | Epsilon: 0.56 | Intrinsic: 0.001 | Eta: 0.01000
Game 1000 | Score: 0 | Record: 5 | Mean Score: 0.26 | Epsilon: 0.51 | Intrinsic: 0.001 | Eta: 0.01000
Game 1100 | Score: 4 | Record: 5 | Mean Score: 0.30 | Epsilon: 0.46 | Intrinsic: 0.014 | Eta: 0.01000
Game 1200 | Score: 5 | Record: 7 | Mean Score: 0.35 | Epsilon: 0.41 | Intrinsic: 0.020 | Eta: 0.01000
Game 1300 | Score: 0 | Record: 9 | Mean Score: 0.40 | Epsilon: 0.36 | Intrinsic: 0.000 | Eta: 0.01000
Game 1400 | Score: 0 | Record: 12 | Mean Score: 0.44 | Epsilon: 0.31 | Intrinsic: 0.001 | Eta: 0.01000
Game 1500 | Score: 6 | Record: 12 | Mean Score: 0.49 | Epsilon: 0.27 | Intrinsic: 0.019 | Eta: 0.01000
Game 1600 | Score: 5 | Record: 12 | Mean Score: 0.59 | Epsilon: 0.22 | Intrinsic: 0.010 | Eta: 0.01000
Game 1700 | Score: 0 | Record: 17 | Mean Score: 0.66 | Epsilon: 0.17 | Intrinsic: 0.000 | Eta: 0.01000
Game 1800 | Score: 0 | Record: 18 | Mean Score: 0.80 | Epsilon: 0.12 | Intrinsic: 0.000 | Eta: 0.01000
Game 1900 | Score: 0 | Record: 18 | Mean Score: 0.91 | Epsilon: 0.07 | Intrinsic: 0.000 | Eta: 0.01000
Game 2000 | Score: 17 | Record: 23 | Mean Score: 1.16 | Epsilon: 0.02 | Intrinsic: 0.042 | Eta: 0.01000
Game 2100 | Score: 0 | Record: 23 | Mean Score: 1.34 | Epsilon: 0.02 | Intrinsic: 0.001 | Eta: 0.01000
Game 2200 | Score: 0 | Record: 30 | Mean Score: 1.56 | Epsilon: 0.02 | Intrinsic: 0.000 | Eta: 0.01000
Game 2300 | Score: 0 | Record: 37 | Mean Score: 1.83 | Epsilon: 0.02 | Intrinsic: 0.000 | Eta: 0.01000
Game 2400 | Score: 14 | Record: 37 | Mean Score: 2.07 | Epsilon: 0.02 | Intrinsic: 0.024 | Eta: 0.01000
Game 2500 | Score: 0 | Record: 37 | Mean Score: 2.30 | Epsilon: 0.02 | Intrinsic: 0.000 | Eta: 0.01000
Game 2600 | Score: 0 | Record: 37 | Mean Score: 2.45 | Epsilon: 0.02 | Intrinsic: 0.001 | Eta: 0.01000
Game 2700 | Score: 0 | Record: 37 | Mean Score: 2.66 | Epsilon: 0.02 | Intrinsic: 0.000 | Eta: 0.01000
Game 2800 | Score: 25 | Record: 37 | Mean Score: 2.89 | Epsilon: 0.02 | Intrinsic: 0.049 | Eta: 0.01000
Game 2900 | Score: 17 | Record: 37 | Mean Score: 3.06 | Epsilon: 0.02 | Intrinsic: 0.031 | Eta: 0.01000
Game 3000 | Score: 0 | Record: 37 | Mean Score: 3.20 | Epsilon: 0.02 | Intrinsic: 0.000 | Eta: 0.01000
Game 3100 | Score: 26 | Record: 37 | Mean Score: 3.38 | Epsilon: 0.02 | Intrinsic: 0.045 | Eta: 0.01000
Game 3200 | Score: 17 | Record: 37 | Mean Score: 3.53 | Epsilon: 0.02 | Intrinsic: 0.030 | Eta: 0.01000
Game 3300 | Score: 20 | Record: 37 | Mean Score: 3.67 | Epsilon: 0.02 | Intrinsic: 0.034 | Eta: 0.01000
Game 3400 | Score: 16 | Record: 37 | Mean Score: 3.79 | Epsilon: 0.02 | Intrinsic: 0.032 | Eta: 0.01000
[Game 3500] Final LR cooldown applied в†’ 1e-5
Game 3500 | Score: 0 | Record: 37 | Mean Score: 3.90 | Epsilon: 0.02 | Intrinsic: 0.000 | Eta: 0.01000
Game 3600 | Score: 15 | Record: 37 | Mean Score: 4.01 | Epsilon: 0.02 | Intrinsic: 0.023 | Eta: 0.01000
Game 3700 | Score: 0 | Record: 37 | Mean Score: 4.12 | Epsilon: 0.02 | Intrinsic: 0.000 | Eta: 0.01000
Game 3800 | Score: 12 | Record: 37 | Mean Score: 4.23 | Epsilon: 0.02 | Intrinsic: 0.014 | Eta: 0.01000
Game 3900 | Score: 0 | Record: 37 | Mean Score: 4.36 | Epsilon: 0.02 | Intrinsic: 0.000 | Eta: 0.01000
Game 4000 | Score: 23 | Record: 37 | Mean Score: 4.43 | Epsilon: 0.02 | Intrinsic: 0.050 | Eta: 0.01000

Training Complete!
Best Score: 37
Final Mean Score: 4.43
wandb: 
wandb: Run history:
wandb:          Epsilon в–€в–€в–‡в–‡в–‡в–†в–†в–…в–…в–…в–„в–„в–„в–ѓв–ѓв–‚в–‚в–‚в–Ѓв–Ѓв–Ѓв–Ѓв–Ѓв–Ѓв–Ѓв–Ѓв–Ѓв–Ѓв–Ѓв–Ѓв–Ѓв–Ѓв–Ѓв–Ѓв–Ѓв–Ѓв–Ѓв–Ѓв–Ѓв–Ѓ
wandb:              Eta в–Ѓв–Ѓв–Ѓв–Ѓв–Ѓв–Ѓв–Ѓв–Ѓв–Ѓв–Ѓв–Ѓв–Ѓв–Ѓв–Ѓв–Ѓв–Ѓв–Ѓв–Ѓв–Ѓв–Ѓв–Ѓв–Ѓв–Ѓв–Ѓв–Ѓв–Ѓв–Ѓв–Ѓв–Ѓв–Ѓв–Ѓв–Ѓв–Ѓв–Ѓв–Ѓв–Ѓв–Ѓв–Ѓв–Ѓв–Ѓ
wandb:             Game в–Ѓв–Ѓв–Ѓв–‚в–‚в–‚в–‚в–‚в–‚в–ѓв–ѓв–ѓв–ѓв–ѓв–„в–„в–„в–„в–„в–„в–…в–…в–…в–…в–…в–…в–†в–†в–†в–†в–†в–‡в–‡в–‡в–‡в–‡в–‡в–€в–€в–€
wandb: Intrinsic_Reward в–Ѓв–Ѓв–Ѓв–Ѓв–Ѓв–Ѓв–Ѓв–‚в–Ѓв–Ѓв–ѓв–„в–Ѓв–Ѓв–„в–‚в–Ѓв–Ѓв–Ѓв–‡в–Ѓв–Ѓв–Ѓв–„в–Ѓв–Ѓв–Ѓв–€в–…в–Ѓв–‡в–…в–†в–†в–Ѓв–„в–Ѓв–ѓв–Ѓв–€
wandb:       Mean_Score в–Ѓв–Ѓв–Ѓв–Ѓв–Ѓв–Ѓв–Ѓв–Ѓв–Ѓв–Ѓв–Ѓв–Ѓв–Ѓв–‚в–‚в–‚в–‚в–‚в–‚в–ѓв–ѓв–ѓв–„в–„в–…в–…в–…в–†в–†в–†в–†в–‡в–‡в–‡в–‡в–‡в–‡в–€в–€в–€
wandb:           Record в–Ѓв–Ѓв–Ѓв–Ѓв–Ѓв–Ѓв–Ѓв–Ѓв–‚в–‚в–‚в–‚в–‚в–ѓв–ѓв–ѓв–„в–„в–„в–…в–…в–‡в–€в–€в–€в–€в–€в–€в–€в–€в–€в–€в–€в–€в–€в–€в–€в–€в–€в–€
wandb:            Score в–Ѓв–Ѓв–Ѓв–Ѓв–Ѓв–Ѓв–Ѓв–Ѓв–Ѓв–Ѓв–‚в–‚в–Ѓв–Ѓв–ѓв–‚в–Ѓв–Ѓв–Ѓв–†в–Ѓв–Ѓв–Ѓв–…в–Ѓв–Ѓв–Ѓв–€в–†в–Ѓв–€в–†в–†в–…в–Ѓв–…в–Ѓв–„в–Ѓв–‡
wandb: 
wandb: Run summary:
wandb:          Epsilon 0.02
wandb:              Eta 0.01
wandb:             Game 4000
wandb: Intrinsic_Reward 0.04955
wandb:       Mean_Score 4.4345
wandb:           Record 37
wandb:            Score 23
wandb: 
wandb: You can sync this run to the cloud by running:
wandb: wandb sync /Users/saheb/home/rl-snake/wandb/offline-run-20260426_190840-1489d34u
wandb: Find logs at: ./wandb/offline-run-20260426_190840-1489d34u/logs
