/Users/saheb/home/rl-snake/.venv/lib/python3.9/site-packages/urllib3/__init__.py:35: NotOpenSSLWarning: urllib3 v2 only supports OpenSSL 1.1.1+, currently the 'ssl' module is compiled with 'LibreSSL 2.8.3'. See: https://github.com/urllib3/urllib3/issues/3020
  warnings.warn(
wandb: Tracking run with wandb version 0.26.0
wandb: W&B syncing is set to `offline` in this directory. Run `wandb online` or set WANDB_MODE=online to enable cloud syncing.
wandb: Run data is saved locally in /Users/saheb/home/rl-snake/wandb/offline-run-20260426_193114-fb3z46cd
Starting ICM DQN Training (Dueling + 3-Step) on 8x8 Board...
Game 100 | Score: 0 | Record: 1 | Mean Score: 0.09 | Epsilon: 0.95 | Intrinsic: 0.001 | Eta: 0.01000
Game 200 | Score: 0 | Record: 1 | Mean Score: 0.08 | Epsilon: 0.90 | Intrinsic: 0.004 | Eta: 0.01000
Game 300 | Score: 0 | Record: 1 | Mean Score: 0.09 | Epsilon: 0.85 | Intrinsic: 0.001 | Eta: 0.01000
Game 400 | Score: 0 | Record: 1 | Mean Score: 0.09 | Epsilon: 0.80 | Intrinsic: 0.001 | Eta: 0.01000
Game 500 | Score: 0 | Record: 2 | Mean Score: 0.12 | Epsilon: 0.76 | Intrinsic: 0.001 | Eta: 0.01000
Game 600 | Score: 0 | Record: 2 | Mean Score: 0.13 | Epsilon: 0.71 | Intrinsic: 0.001 | Eta: 0.01000
Game 700 | Score: 0 | Record: 2 | Mean Score: 0.14 | Epsilon: 0.66 | Intrinsic: 0.000 | Eta: 0.01000
Game 800 | Score: 0 | Record: 3 | Mean Score: 0.16 | Epsilon: 0.61 | Intrinsic: 0.000 | Eta: 0.01000
Game 900 | Score: 2 | Record: 4 | Mean Score: 0.18 | Epsilon: 0.56 | Intrinsic: 0.006 | Eta: 0.01000
Game 1000 | Score: 0 | Record: 4 | Mean Score: 0.20 | Epsilon: 0.51 | Intrinsic: 0.001 | Eta: 0.01000
Game 1100 | Score: 0 | Record: 5 | Mean Score: 0.24 | Epsilon: 0.46 | Intrinsic: 0.000 | Eta: 0.01000
Game 1200 | Score: 2 | Record: 5 | Mean Score: 0.29 | Epsilon: 0.41 | Intrinsic: 0.007 | Eta: 0.01000
Game 1300 | Score: 4 | Record: 7 | Mean Score: 0.34 | Epsilon: 0.36 | Intrinsic: 0.013 | Eta: 0.01000
Game 1400 | Score: 0 | Record: 8 | Mean Score: 0.40 | Epsilon: 0.31 | Intrinsic: 0.000 | Eta: 0.01000
Game 1500 | Score: 0 | Record: 11 | Mean Score: 0.49 | Epsilon: 0.27 | Intrinsic: 0.001 | Eta: 0.01000
Game 1600 | Score: 4 | Record: 12 | Mean Score: 0.59 | Epsilon: 0.22 | Intrinsic: 0.012 | Eta: 0.01000
Game 1700 | Score: 4 | Record: 16 | Mean Score: 0.72 | Epsilon: 0.17 | Intrinsic: 0.010 | Eta: 0.01000
Game 1800 | Score: 0 | Record: 16 | Mean Score: 0.80 | Epsilon: 0.12 | Intrinsic: 0.000 | Eta: 0.01000
Game 1900 | Score: 0 | Record: 17 | Mean Score: 0.91 | Epsilon: 0.07 | Intrinsic: 0.000 | Eta: 0.01000
Game 2000 | Score: 0 | Record: 21 | Mean Score: 1.13 | Epsilon: 0.02 | Intrinsic: 0.000 | Eta: 0.01000
Game 2100 | Score: 7 | Record: 25 | Mean Score: 1.44 | Epsilon: 0.02 | Intrinsic: 0.012 | Eta: 0.01000
Game 2200 | Score: 0 | Record: 25 | Mean Score: 1.67 | Epsilon: 0.02 | Intrinsic: 0.000 | Eta: 0.01000
Game 2300 | Score: 0 | Record: 25 | Mean Score: 1.90 | Epsilon: 0.02 | Intrinsic: 0.000 | Eta: 0.01000
Game 2400 | Score: 9 | Record: 27 | Mean Score: 2.13 | Epsilon: 0.02 | Intrinsic: 0.018 | Eta: 0.01000
Game 2500 | Score: 0 | Record: 31 | Mean Score: 2.36 | Epsilon: 0.02 | Intrinsic: 0.000 | Eta: 0.01000
Game 2600 | Score: 0 | Record: 31 | Mean Score: 2.55 | Epsilon: 0.02 | Intrinsic: 0.000 | Eta: 0.01000
Game 2700 | Score: 20 | Record: 31 | Mean Score: 2.75 | Epsilon: 0.02 | Intrinsic: 0.053 | Eta: 0.01000
Game 2800 | Score: 14 | Record: 31 | Mean Score: 2.91 | Epsilon: 0.02 | Intrinsic: 0.027 | Eta: 0.01000
Game 2900 | Score: 20 | Record: 31 | Mean Score: 3.11 | Epsilon: 0.02 | Intrinsic: 0.059 | Eta: 0.01000
Game 3000 | Score: 21 | Record: 31 | Mean Score: 3.29 | Epsilon: 0.02 | Intrinsic: 0.040 | Eta: 0.01000
Game 3100 | Score: 0 | Record: 31 | Mean Score: 3.43 | Epsilon: 0.02 | Intrinsic: 0.000 | Eta: 0.01000
Game 3200 | Score: 0 | Record: 31 | Mean Score: 3.55 | Epsilon: 0.02 | Intrinsic: 0.000 | Eta: 0.01000
Game 3300 | Score: 0 | Record: 31 | Mean Score: 3.67 | Epsilon: 0.02 | Intrinsic: 0.000 | Eta: 0.01000
Game 3400 | Score: 0 | Record: 31 | Mean Score: 3.79 | Epsilon: 0.02 | Intrinsic: 0.000 | Eta: 0.01000
[Game 3500] Final LR cooldown applied → 1e-5
Game 3500 | Score: 0 | Record: 31 | Mean Score: 3.90 | Epsilon: 0.02 | Intrinsic: 0.000 | Eta: 0.01000
Game 3600 | Score: 0 | Record: 31 | Mean Score: 4.01 | Epsilon: 0.02 | Intrinsic: 0.000 | Eta: 0.01000
Game 3700 | Score: 0 | Record: 31 | Mean Score: 4.09 | Epsilon: 0.02 | Intrinsic: 0.000 | Eta: 0.01000
Game 3800 | Score: 0 | Record: 33 | Mean Score: 4.21 | Epsilon: 0.02 | Intrinsic: 0.000 | Eta: 0.01000
Game 3900 | Score: 17 | Record: 33 | Mean Score: 4.32 | Epsilon: 0.02 | Intrinsic: 0.034 | Eta: 0.01000
Game 4000 | Score: 0 | Record: 33 | Mean Score: 4.46 | Epsilon: 0.02 | Intrinsic: 0.000 | Eta: 0.01000

Training Complete!
Best Score: 33
Final Mean Score: 4.46
wandb: 
wandb: Run history:
wandb:          Epsilon ██▇▇▇▆▆▅▅▅▄▄▄▃▃▂▂▂▁▁▁▁▁▁▁▁▁▁▁▁▁▁▁▁▁▁▁▁▁▁
wandb:              Eta ▁▁▁▁▁▁▁▁▁▁▁▁▁▁▁▁▁▁▁▁▁▁▁▁▁▁▁▁▁▁▁▁▁▁▁▁▁▁▁▁
wandb:             Game ▁▁▁▂▂▂▂▂▂▃▃▃▃▃▄▄▄▄▄▄▅▅▅▅▅▅▆▆▆▆▆▇▇▇▇▇▇███
wandb: Intrinsic_Reward ▁▂▁▁▁▁▁▁▂▁▁▂▂▁▁▂▂▁▁▁▂▁▁▃▁▁▇▄█▆▁▁▁▁▁▁▁▁▅▁
wandb:       Mean_Score ▁▁▁▁▁▁▁▁▁▁▁▁▁▂▂▂▂▂▂▃▃▄▄▄▅▅▅▆▆▆▆▇▇▇▇▇▇███
wandb:           Record ▁▁▁▁▁▁▁▁▂▂▂▂▂▃▃▃▄▄▅▅▆▆▆▇████████████████
wandb:            Score ▁▁▁▁▁▁▁▁▂▁▁▂▂▁▁▂▂▁▁▁▃▁▁▄▁▁█▆██▁▁▁▁▁▁▁▁▇▁
wandb: 
wandb: Run summary:
wandb:          Epsilon 0.02
wandb:              Eta 0.01
wandb:             Game 4000
wandb: Intrinsic_Reward 4e-05
wandb:       Mean_Score 4.46225
wandb:           Record 33
wandb:            Score 0
wandb: 
wandb: You can sync this run to the cloud by running:
wandb: wandb sync /Users/saheb/home/rl-snake/wandb/offline-run-20260426_193114-fb3z46cd
wandb: Find logs at: ./wandb/offline-run-20260426_193114-fb3z46cd/logs
