/Users/saheb/home/rl-snake/.venv/lib/python3.9/site-packages/urllib3/__init__.py:35: NotOpenSSLWarning: urllib3 v2 only supports OpenSSL 1.1.1+, currently the 'ssl' module is compiled with 'LibreSSL 2.8.3'. See: https://github.com/urllib3/urllib3/issues/3020
  warnings.warn(
wandb: Tracking run with wandb version 0.26.0
wandb: W&B syncing is set to `offline` in this directory. Run `wandb online` or set WANDB_MODE=online to enable cloud syncing.
wandb: Run data is saved locally in /Users/saheb/home/rl-snake/wandb/offline-run-20260426_183804-8zjdwdg2
Starting ICM DQN Training (Dueling + 3-Step) on 8x8 Board...
Game 100 | Score: 0 | Record: 2 | Mean Score: 0.09 | Epsilon: 0.95 | Intrinsic: 0.001 | Eta: 0.01000
Game 200 | Score: 0 | Record: 3 | Mean Score: 0.12 | Epsilon: 0.90 | Intrinsic: 0.002 | Eta: 0.01000
Game 300 | Score: 0 | Record: 3 | Mean Score: 0.13 | Epsilon: 0.85 | Intrinsic: 0.001 | Eta: 0.01000
Game 400 | Score: 0 | Record: 3 | Mean Score: 0.14 | Epsilon: 0.80 | Intrinsic: 0.000 | Eta: 0.01000
Game 500 | Score: 0 | Record: 3 | Mean Score: 0.14 | Epsilon: 0.76 | Intrinsic: 0.001 | Eta: 0.01000
Game 600 | Score: 2 | Record: 3 | Mean Score: 0.16 | Epsilon: 0.71 | Intrinsic: 0.008 | Eta: 0.01000
Game 700 | Score: 0 | Record: 3 | Mean Score: 0.18 | Epsilon: 0.66 | Intrinsic: 0.001 | Eta: 0.01000
Game 800 | Score: 0 | Record: 3 | Mean Score: 0.20 | Epsilon: 0.61 | Intrinsic: 0.001 | Eta: 0.01000
Game 900 | Score: 0 | Record: 3 | Mean Score: 0.22 | Epsilon: 0.56 | Intrinsic: 0.002 | Eta: 0.01000
Game 1000 | Score: 2 | Record: 5 | Mean Score: 0.24 | Epsilon: 0.51 | Intrinsic: 0.007 | Eta: 0.01000
Game 1100 | Score: 0 | Record: 5 | Mean Score: 0.26 | Epsilon: 0.46 | Intrinsic: 0.000 | Eta: 0.01000
Game 1200 | Score: 1 | Record: 5 | Mean Score: 0.30 | Epsilon: 0.41 | Intrinsic: 0.002 | Eta: 0.01000
Game 1300 | Score: 1 | Record: 7 | Mean Score: 0.35 | Epsilon: 0.36 | Intrinsic: 0.001 | Eta: 0.01000
Game 1400 | Score: 1 | Record: 7 | Mean Score: 0.41 | Epsilon: 0.31 | Intrinsic: 0.002 | Eta: 0.01000
Game 1500 | Score: 0 | Record: 8 | Mean Score: 0.46 | Epsilon: 0.27 | Intrinsic: 0.000 | Eta: 0.01000
Game 1600 | Score: 0 | Record: 14 | Mean Score: 0.54 | Epsilon: 0.22 | Intrinsic: 0.000 | Eta: 0.01000
Game 1700 | Score: 0 | Record: 14 | Mean Score: 0.63 | Epsilon: 0.17 | Intrinsic: 0.000 | Eta: 0.01000
Game 1800 | Score: 11 | Record: 18 | Mean Score: 0.81 | Epsilon: 0.12 | Intrinsic: 0.028 | Eta: 0.01000
Game 1900 | Score: 11 | Record: 18 | Mean Score: 0.97 | Epsilon: 0.07 | Intrinsic: 0.021 | Eta: 0.01000
Game 2000 | Score: 17 | Record: 19 | Mean Score: 1.13 | Epsilon: 0.02 | Intrinsic: 0.046 | Eta: 0.01000
Game 2100 | Score: 6 | Record: 23 | Mean Score: 1.35 | Epsilon: 0.02 | Intrinsic: 0.011 | Eta: 0.01000
Game 2200 | Score: 0 | Record: 27 | Mean Score: 1.69 | Epsilon: 0.02 | Intrinsic: 0.000 | Eta: 0.01000
Game 2300 | Score: 23 | Record: 27 | Mean Score: 1.88 | Epsilon: 0.02 | Intrinsic: 0.050 | Eta: 0.01000
Game 2400 | Score: 0 | Record: 27 | Mean Score: 2.08 | Epsilon: 0.02 | Intrinsic: 0.000 | Eta: 0.01000
Game 2500 | Score: 13 | Record: 27 | Mean Score: 2.24 | Epsilon: 0.02 | Intrinsic: 0.019 | Eta: 0.01000
Game 2600 | Score: 28 | Record: 30 | Mean Score: 2.50 | Epsilon: 0.02 | Intrinsic: 0.091 | Eta: 0.01000
Game 2700 | Score: 26 | Record: 32 | Mean Score: 2.79 | Epsilon: 0.02 | Intrinsic: 0.074 | Eta: 0.01000
Game 2800 | Score: 13 | Record: 32 | Mean Score: 3.05 | Epsilon: 0.02 | Intrinsic: 0.034 | Eta: 0.01000
Game 2900 | Score: 22 | Record: 34 | Mean Score: 3.17 | Epsilon: 0.02 | Intrinsic: 0.052 | Eta: 0.01000
Game 3000 | Score: 14 | Record: 34 | Mean Score: 3.34 | Epsilon: 0.02 | Intrinsic: 0.027 | Eta: 0.01000
Game 3100 | Score: 0 | Record: 34 | Mean Score: 3.49 | Epsilon: 0.02 | Intrinsic: 0.000 | Eta: 0.01000
Game 3200 | Score: 0 | Record: 34 | Mean Score: 3.67 | Epsilon: 0.02 | Intrinsic: 0.000 | Eta: 0.01000
Game 3300 | Score: 0 | Record: 34 | Mean Score: 3.78 | Epsilon: 0.02 | Intrinsic: 0.000 | Eta: 0.01000
Game 3400 | Score: 3 | Record: 34 | Mean Score: 3.90 | Epsilon: 0.02 | Intrinsic: 0.004 | Eta: 0.01000
[Game 3500] Final LR cooldown applied → 1e-5
Game 3500 | Score: 23 | Record: 34 | Mean Score: 4.02 | Epsilon: 0.02 | Intrinsic: 0.048 | Eta: 0.01000
Game 3600 | Score: 0 | Record: 34 | Mean Score: 4.10 | Epsilon: 0.02 | Intrinsic: 0.000 | Eta: 0.01000
Game 3700 | Score: 0 | Record: 34 | Mean Score: 4.22 | Epsilon: 0.02 | Intrinsic: 0.000 | Eta: 0.01000
Game 3800 | Score: 0 | Record: 35 | Mean Score: 4.34 | Epsilon: 0.02 | Intrinsic: 0.000 | Eta: 0.01000
Game 3900 | Score: 0 | Record: 39 | Mean Score: 4.43 | Epsilon: 0.02 | Intrinsic: 0.000 | Eta: 0.01000
Game 4000 | Score: 0 | Record: 39 | Mean Score: 4.50 | Epsilon: 0.02 | Intrinsic: 0.000 | Eta: 0.01000

Training Complete!
Best Score: 39
Final Mean Score: 4.50
wandb: 
wandb: Run history:
wandb:          Epsilon ██▇▇▇▆▆▅▅▅▄▄▄▃▃▂▂▂▁▁▁▁▁▁▁▁▁▁▁▁▁▁▁▁▁▁▁▁▁▁
wandb:              Eta ▁▁▁▁▁▁▁▁▁▁▁▁▁▁▁▁▁▁▁▁▁▁▁▁▁▁▁▁▁▁▁▁▁▁▁▁▁▁▁▁
wandb:             Game ▁▁▁▂▂▂▂▂▂▃▃▃▃▃▄▄▄▄▄▄▅▅▅▅▅▅▆▆▆▆▆▇▇▇▇▇▇███
wandb: Intrinsic_Reward ▁▁▁▁▁▂▁▁▁▂▁▁▁▁▁▁▁▃▃▅▂▁▅▁▂█▇▄▅▃▁▁▁▁▅▁▁▁▁▁
wandb:       Mean_Score ▁▁▁▁▁▁▁▁▁▁▁▁▁▂▂▂▂▂▂▃▃▄▄▄▄▅▅▆▆▆▆▇▇▇▇▇████
wandb:           Record ▁▁▁▁▁▁▁▁▁▂▂▂▂▂▂▃▃▄▄▄▅▆▆▆▆▆▇▇▇▇▇▇▇▇▇▇▇▇██
wandb:            Score ▁▁▁▁▁▁▁▁▁▁▁▁▁▁▁▁▁▄▄▅▃▁▇▁▄█▇▄▇▅▁▁▁▂▇▁▁▁▁▁
wandb: 
wandb: Run summary:
wandb:          Epsilon 0.02
wandb:              Eta 0.01
wandb:             Game 4000
wandb: Intrinsic_Reward 0.00027
wandb:       Mean_Score 4.5035
wandb:           Record 39
wandb:            Score 0
wandb: 
wandb: You can sync this run to the cloud by running:
wandb: wandb sync /Users/saheb/home/rl-snake/wandb/offline-run-20260426_183804-8zjdwdg2
wandb: Find logs at: ./wandb/offline-run-20260426_183804-8zjdwdg2/logs
