/Users/saheb/home/rl-snake/.venv/lib/python3.9/site-packages/urllib3/__init__.py:35: NotOpenSSLWarning: urllib3 v2 only supports OpenSSL 1.1.1+, currently the 'ssl' module is compiled with 'LibreSSL 2.8.3'. See: https://github.com/urllib3/urllib3/issues/3020
  warnings.warn(
wandb: Tracking run with wandb version 0.26.0
wandb: W&B syncing is set to `offline` in this directory. Run `wandb online` or set WANDB_MODE=online to enable cloud syncing.
wandb: Run data is saved locally in /Users/saheb/home/rl-snake/wandb/offline-run-20260426_190852-486divwj
Starting ICM DQN Training (Dueling + 3-Step) on 8x8 Board...
Game 100 | Score: 0 | Record: 2 | Mean Score: 0.11 | Epsilon: 0.95 | Intrinsic: 0.001 | Eta: 0.01000
Game 200 | Score: 0 | Record: 2 | Mean Score: 0.10 | Epsilon: 0.90 | Intrinsic: 0.001 | Eta: 0.01000
Game 300 | Score: 0 | Record: 2 | Mean Score: 0.11 | Epsilon: 0.85 | Intrinsic: 0.000 | Eta: 0.01000
Game 400 | Score: 0 | Record: 2 | Mean Score: 0.11 | Epsilon: 0.80 | Intrinsic: 0.000 | Eta: 0.01000
Game 500 | Score: 0 | Record: 2 | Mean Score: 0.12 | Epsilon: 0.76 | Intrinsic: 0.000 | Eta: 0.01000
Game 600 | Score: 0 | Record: 3 | Mean Score: 0.13 | Epsilon: 0.71 | Intrinsic: 0.001 | Eta: 0.01000
Game 700 | Score: 0 | Record: 3 | Mean Score: 0.15 | Epsilon: 0.66 | Intrinsic: 0.001 | Eta: 0.01000
Game 800 | Score: 0 | Record: 3 | Mean Score: 0.18 | Epsilon: 0.61 | Intrinsic: 0.001 | Eta: 0.01000
Game 900 | Score: 0 | Record: 3 | Mean Score: 0.20 | Epsilon: 0.56 | Intrinsic: 0.000 | Eta: 0.01000
Game 1000 | Score: 0 | Record: 10 | Mean Score: 0.26 | Epsilon: 0.51 | Intrinsic: 0.000 | Eta: 0.01000
Game 1100 | Score: 0 | Record: 10 | Mean Score: 0.29 | Epsilon: 0.46 | Intrinsic: 0.000 | Eta: 0.01000
Game 1200 | Score: 3 | Record: 10 | Mean Score: 0.33 | Epsilon: 0.41 | Intrinsic: 0.012 | Eta: 0.01000
Game 1300 | Score: 10 | Record: 10 | Mean Score: 0.39 | Epsilon: 0.36 | Intrinsic: 0.050 | Eta: 0.01000
Game 1400 | Score: 8 | Record: 10 | Mean Score: 0.45 | Epsilon: 0.31 | Intrinsic: 0.029 | Eta: 0.01000
Game 1500 | Score: 0 | Record: 10 | Mean Score: 0.53 | Epsilon: 0.27 | Intrinsic: 0.000 | Eta: 0.01000
Game 1600 | Score: 0 | Record: 12 | Mean Score: 0.61 | Epsilon: 0.22 | Intrinsic: 0.001 | Eta: 0.01000
Game 1700 | Score: 0 | Record: 14 | Mean Score: 0.69 | Epsilon: 0.17 | Intrinsic: 0.001 | Eta: 0.01000
Game 1800 | Score: 2 | Record: 16 | Mean Score: 0.83 | Epsilon: 0.12 | Intrinsic: 0.004 | Eta: 0.01000
Game 1900 | Score: 0 | Record: 22 | Mean Score: 0.98 | Epsilon: 0.07 | Intrinsic: 0.000 | Eta: 0.01000
Game 2000 | Score: 13 | Record: 27 | Mean Score: 1.20 | Epsilon: 0.02 | Intrinsic: 0.028 | Eta: 0.01000
Game 2100 | Score: 0 | Record: 27 | Mean Score: 1.47 | Epsilon: 0.02 | Intrinsic: 0.001 | Eta: 0.01000
Game 2200 | Score: 0 | Record: 27 | Mean Score: 1.64 | Epsilon: 0.02 | Intrinsic: 0.001 | Eta: 0.01000
Game 2300 | Score: 0 | Record: 28 | Mean Score: 1.94 | Epsilon: 0.02 | Intrinsic: 0.001 | Eta: 0.01000
Game 2400 | Score: 0 | Record: 28 | Mean Score: 2.18 | Epsilon: 0.02 | Intrinsic: 0.000 | Eta: 0.01000
Game 2500 | Score: 0 | Record: 30 | Mean Score: 2.45 | Epsilon: 0.02 | Intrinsic: 0.000 | Eta: 0.01000
Game 2600 | Score: 21 | Record: 36 | Mean Score: 2.68 | Epsilon: 0.02 | Intrinsic: 0.053 | Eta: 0.01000
Game 2700 | Score: 15 | Record: 36 | Mean Score: 2.88 | Epsilon: 0.02 | Intrinsic: 0.026 | Eta: 0.01000
Game 2800 | Score: 14 | Record: 36 | Mean Score: 3.13 | Epsilon: 0.02 | Intrinsic: 0.024 | Eta: 0.01000
Game 2900 | Score: 0 | Record: 36 | Mean Score: 3.24 | Epsilon: 0.02 | Intrinsic: 0.000 | Eta: 0.01000
Game 3000 | Score: 0 | Record: 36 | Mean Score: 3.45 | Epsilon: 0.02 | Intrinsic: 0.000 | Eta: 0.01000
Game 3100 | Score: 0 | Record: 36 | Mean Score: 3.58 | Epsilon: 0.02 | Intrinsic: 0.000 | Eta: 0.01000
Game 3200 | Score: 0 | Record: 36 | Mean Score: 3.73 | Epsilon: 0.02 | Intrinsic: 0.000 | Eta: 0.01000
Game 3300 | Score: 13 | Record: 36 | Mean Score: 3.86 | Epsilon: 0.02 | Intrinsic: 0.020 | Eta: 0.01000
Game 3400 | Score: 25 | Record: 36 | Mean Score: 3.94 | Epsilon: 0.02 | Intrinsic: 0.052 | Eta: 0.01000
[Game 3500] Final LR cooldown applied → 1e-5
Game 3500 | Score: 18 | Record: 36 | Mean Score: 4.04 | Epsilon: 0.02 | Intrinsic: 0.039 | Eta: 0.01000
Game 3600 | Score: 27 | Record: 37 | Mean Score: 4.20 | Epsilon: 0.02 | Intrinsic: 0.073 | Eta: 0.01000
Game 3700 | Score: 0 | Record: 37 | Mean Score: 4.34 | Epsilon: 0.02 | Intrinsic: 0.000 | Eta: 0.01000
Game 3800 | Score: 13 | Record: 37 | Mean Score: 4.47 | Epsilon: 0.02 | Intrinsic: 0.025 | Eta: 0.01000
Game 3900 | Score: 12 | Record: 37 | Mean Score: 4.57 | Epsilon: 0.02 | Intrinsic: 0.017 | Eta: 0.01000
Game 4000 | Score: 0 | Record: 37 | Mean Score: 4.68 | Epsilon: 0.02 | Intrinsic: 0.000 | Eta: 0.01000

Training Complete!
Best Score: 37
Final Mean Score: 4.68
wandb: 
wandb: Run history:
wandb:          Epsilon ██▇▇▇▆▆▅▅▅▄▄▄▃▃▂▂▂▁▁▁▁▁▁▁▁▁▁▁▁▁▁▁▁▁▁▁▁▁▁
wandb:              Eta ▁▁▁▁▁▁▁▁▁▁▁▁▁▁▁▁▁▁▁▁▁▁▁▁▁▁▁▁▁▁▁▁▁▁▁▁▁▁▁▁
wandb:             Game ▁▁▁▂▂▂▂▂▂▃▃▃▃▃▄▄▄▄▄▄▅▅▅▅▅▅▆▆▆▆▆▇▇▇▇▇▇███
wandb: Intrinsic_Reward ▁▁▁▁▁▁▁▁▁▁▁▂▆▄▁▁▁▁▁▄▁▁▁▁▁▆▃▃▁▁▁▁▃▆▅█▁▃▃▁
wandb:       Mean_Score ▁▁▁▁▁▁▁▁▁▁▁▁▁▂▂▂▂▂▂▃▃▃▄▄▅▅▅▆▆▆▆▇▇▇▇▇▇███
wandb:           Record ▁▁▁▁▁▁▁▁▁▃▃▃▃▃▃▃▃▄▅▆▆▆▆▆▇███████████████
wandb:            Score ▁▁▁▁▁▁▁▁▁▁▁▂▄▃▁▁▁▂▁▄▁▁▁▁▁▆▅▅▁▁▁▁▄▇▆█▁▄▄▁
wandb: 
wandb: Run summary:
wandb:          Epsilon 0.02
wandb:              Eta 0.01
wandb:             Game 4000
wandb: Intrinsic_Reward 5e-05
wandb:       Mean_Score 4.67825
wandb:           Record 37
wandb:            Score 0
wandb: 
wandb: You can sync this run to the cloud by running:
wandb: wandb sync /Users/saheb/home/rl-snake/wandb/offline-run-20260426_190852-486divwj
wandb: Find logs at: ./wandb/offline-run-20260426_190852-486divwj/logs
