/Users/saheb/home/rl-snake/.venv/lib/python3.9/site-packages/urllib3/__init__.py:35: NotOpenSSLWarning: urllib3 v2 only supports OpenSSL 1.1.1+, currently the 'ssl' module is compiled with 'LibreSSL 2.8.3'. See: https://github.com/urllib3/urllib3/issues/3020
  warnings.warn(
wandb: Tracking run with wandb version 0.26.0
wandb: W&B syncing is set to `offline` in this directory. Run `wandb online` or set WANDB_MODE=online to enable cloud syncing.
wandb: Run data is saved locally in /Users/saheb/home/rl-snake/wandb/offline-run-20260427_035259-zw2g03k8
Starting ICM PPO Training on 10x10, reward_mode=pure_sparse...
Game 100 | Score: 0 | Record: 2 | Mean Score: 0.13 | Intrinsic: 0.267 | Eta: 0.10000
[coverage] Game 100 | unique_states_cumulative: 1113/10000 (11.1%) | last100_unique: 1113
Game 200 | Score: 1 | Record: 2 | Mean Score: 0.16 | Intrinsic: 0.855 | Eta: 0.10000
[coverage] Game 200 | unique_states_cumulative: 2044/10000 (20.4%) | last100_unique: 1175
Game 300 | Score: 0 | Record: 2 | Mean Score: 0.16 | Intrinsic: 0.371 | Eta: 0.10000
[coverage] Game 300 | unique_states_cumulative: 2830/10000 (28.3%) | last100_unique: 1294
Game 400 | Score: 0 | Record: 2 | Mean Score: 0.18 | Intrinsic: 0.401 | Eta: 0.10000
[coverage] Game 400 | unique_states_cumulative: 3392/10000 (33.9%) | last100_unique: 1255
Game 500 | Score: 1 | Record: 2 | Mean Score: 0.20 | Intrinsic: 0.417 | Eta: 0.10000
[coverage] Game 500 | unique_states_cumulative: 3905/10000 (39.0%) | last100_unique: 1338
Game 600 | Score: 0 | Record: 2 | Mean Score: 0.25 | Intrinsic: 0.275 | Eta: 0.10000
[coverage] Game 600 | unique_states_cumulative: 4414/10000 (44.1%) | last100_unique: 1584
Game 700 | Score: 0 | Record: 2 | Mean Score: 0.30 | Intrinsic: 1.799 | Eta: 0.10000
[coverage] Game 700 | unique_states_cumulative: 4847/10000 (48.5%) | last100_unique: 1600
Game 800 | Score: 0 | Record: 2 | Mean Score: 0.34 | Intrinsic: 0.124 | Eta: 0.10000
[coverage] Game 800 | unique_states_cumulative: 5317/10000 (53.2%) | last100_unique: 1877
Game 900 | Score: 2 | Record: 3 | Mean Score: 0.41 | Intrinsic: 0.164 | Eta: 0.10000
[coverage] Game 900 | unique_states_cumulative: 5770/10000 (57.7%) | last100_unique: 1726
Game 1000 | Score: 2 | Record: 4 | Mean Score: 0.47 | Intrinsic: 0.183 | Eta: 0.10000
[coverage] Game 1000 | unique_states_cumulative: 6164/10000 (61.6%) | last100_unique: 1651
Game 1100 | Score: 0 | Record: 4 | Mean Score: 0.53 | Intrinsic: 0.111 | Eta: 0.10000
[coverage] Game 1100 | unique_states_cumulative: 6510/10000 (65.1%) | last100_unique: 1580
Game 1200 | Score: 1 | Record: 4 | Mean Score: 0.58 | Intrinsic: 0.496 | Eta: 0.10000
[coverage] Game 1200 | unique_states_cumulative: 6756/10000 (67.6%) | last100_unique: 1462
Game 1300 | Score: 3 | Record: 4 | Mean Score: 0.63 | Intrinsic: 0.199 | Eta: 0.10000
[coverage] Game 1300 | unique_states_cumulative: 7240/10000 (72.4%) | last100_unique: 2160
Game 1400 | Score: 2 | Record: 5 | Mean Score: 0.68 | Intrinsic: 2.729 | Eta: 0.10000
[coverage] Game 1400 | unique_states_cumulative: 7624/10000 (76.2%) | last100_unique: 1920
Game 1500 | Score: 6 | Record: 6 | Mean Score: 0.74 | Intrinsic: 0.639 | Eta: 0.10000
[coverage] Game 1500 | unique_states_cumulative: 7956/10000 (79.6%) | last100_unique: 2092
Game 1600 | Score: 0 | Record: 9 | Mean Score: 0.84 | Intrinsic: 2.218 | Eta: 0.10000
[coverage] Game 1600 | unique_states_cumulative: 8367/10000 (83.7%) | last100_unique: 3208
Game 1700 | Score: 0 | Record: 14 | Mean Score: 1.00 | Intrinsic: 2.400 | Eta: 0.10000
[coverage] Game 1700 | unique_states_cumulative: 8915/10000 (89.2%) | last100_unique: 4493
Game 1800 | Score: 0 | Record: 18 | Mean Score: 1.18 | Intrinsic: 0.550 | Eta: 0.10000
[coverage] Game 1800 | unique_states_cumulative: 9315/10000 (93.2%) | last100_unique: 5605
Game 1900 | Score: 7 | Record: 18 | Mean Score: 1.38 | Intrinsic: 0.577 | Eta: 0.10000
[coverage] Game 1900 | unique_states_cumulative: 9507/10000 (95.1%) | last100_unique: 5442
Game 2000 | Score: 0 | Record: 24 | Mean Score: 1.53 | Intrinsic: 4.137 | Eta: 0.10000
[coverage] Game 2000 | unique_states_cumulative: 9606/10000 (96.1%) | last100_unique: 5509
Game 2100 | Score: 0 | Record: 24 | Mean Score: 1.67 | Intrinsic: 3.268 | Eta: 0.10000
[coverage] Game 2100 | unique_states_cumulative: 9662/10000 (96.6%) | last100_unique: 5175
Game 2200 | Score: 2 | Record: 24 | Mean Score: 1.74 | Intrinsic: 0.072 | Eta: 0.10000
[coverage] Game 2200 | unique_states_cumulative: 9695/10000 (97.0%) | last100_unique: 3717
Game 2300 | Score: 0 | Record: 24 | Mean Score: 1.85 | Intrinsic: 0.623 | Eta: 0.10000
[coverage] Game 2300 | unique_states_cumulative: 9732/10000 (97.3%) | last100_unique: 4698
Game 2400 | Score: 0 | Record: 24 | Mean Score: 2.00 | Intrinsic: 2.961 | Eta: 0.10000
[coverage] Game 2400 | unique_states_cumulative: 9761/10000 (97.6%) | last100_unique: 5379
Game 2500 | Score: 14 | Record: 24 | Mean Score: 2.16 | Intrinsic: 0.683 | Eta: 0.10000
[coverage] Game 2500 | unique_states_cumulative: 9782/10000 (97.8%) | last100_unique: 5894
Game 2600 | Score: 18 | Record: 24 | Mean Score: 2.30 | Intrinsic: 1.327 | Eta: 0.10000
[coverage] Game 2600 | unique_states_cumulative: 9793/10000 (97.9%) | last100_unique: 5617
Game 2700 | Score: 4 | Record: 24 | Mean Score: 2.51 | Intrinsic: 0.175 | Eta: 0.10000
[coverage] Game 2700 | unique_states_cumulative: 9802/10000 (98.0%) | last100_unique: 6105
Game 2800 | Score: 0 | Record: 24 | Mean Score: 2.63 | Intrinsic: 2.849 | Eta: 0.10000
[coverage] Game 2800 | unique_states_cumulative: 9817/10000 (98.2%) | last100_unique: 5463
Game 2900 | Score: 19 | Record: 24 | Mean Score: 2.74 | Intrinsic: 2.596 | Eta: 0.10000
[coverage] Game 2900 | unique_states_cumulative: 9821/10000 (98.2%) | last100_unique: 5090
Game 3000 | Score: 0 | Record: 28 | Mean Score: 2.97 | Intrinsic: 2.011 | Eta: 0.10000
[coverage] Game 3000 | unique_states_cumulative: 9830/10000 (98.3%) | last100_unique: 6857
Game 3100 | Score: 0 | Record: 28 | Mean Score: 3.15 | Intrinsic: 0.378 | Eta: 0.10000
[coverage] Game 3100 | unique_states_cumulative: 9840/10000 (98.4%) | last100_unique: 6528
Game 3200 | Score: 0 | Record: 28 | Mean Score: 3.27 | Intrinsic: 3.687 | Eta: 0.10000
[coverage] Game 3200 | unique_states_cumulative: 9846/10000 (98.5%) | last100_unique: 6215
Game 3300 | Score: 25 | Record: 30 | Mean Score: 3.51 | Intrinsic: 2.460 | Eta: 0.10000
[coverage] Game 3300 | unique_states_cumulative: 9851/10000 (98.5%) | last100_unique: 7092
Game 3400 | Score: 16 | Record: 30 | Mean Score: 3.72 | Intrinsic: 0.646 | Eta: 0.10000
[coverage] Game 3400 | unique_states_cumulative: 9858/10000 (98.6%) | last100_unique: 7115
Game 3500 | Score: 17 | Record: 30 | Mean Score: 3.86 | Intrinsic: 0.713 | Eta: 0.10000
[coverage] Game 3500 | unique_states_cumulative: 9860/10000 (98.6%) | last100_unique: 6501
Game 3600 | Score: 24 | Record: 30 | Mean Score: 4.08 | Intrinsic: 1.523 | Eta: 0.10000
[coverage] Game 3600 | unique_states_cumulative: 9864/10000 (98.6%) | last100_unique: 7255
Game 3700 | Score: 22 | Record: 30 | Mean Score: 4.22 | Intrinsic: 11.348 | Eta: 0.10000
[coverage] Game 3700 | unique_states_cumulative: 9868/10000 (98.7%) | last100_unique: 6368
Game 3800 | Score: 20 | Record: 30 | Mean Score: 4.34 | Intrinsic: 4.367 | Eta: 0.10000
[coverage] Game 3800 | unique_states_cumulative: 9872/10000 (98.7%) | last100_unique: 6301
Game 3900 | Score: 0 | Record: 30 | Mean Score: 4.47 | Intrinsic: 3.102 | Eta: 0.10000
[coverage] Game 3900 | unique_states_cumulative: 9872/10000 (98.7%) | last100_unique: 6619
Game 4000 | Score: 0 | Record: 30 | Mean Score: 4.61 | Intrinsic: 0.694 | Eta: 0.10000
[coverage] Game 4000 | unique_states_cumulative: 9875/10000 (98.8%) | last100_unique: 6901
Game 4100 | Score: 28 | Record: 30 | Mean Score: 4.74 | Intrinsic: 2.899 | Eta: 0.10000
[coverage] Game 4100 | unique_states_cumulative: 9875/10000 (98.8%) | last100_unique: 6705
Game 4200 | Score: 13 | Record: 32 | Mean Score: 4.92 | Intrinsic: 0.459 | Eta: 0.10000
[coverage] Game 4200 | unique_states_cumulative: 9875/10000 (98.8%) | last100_unique: 7351
Game 4300 | Score: 13 | Record: 32 | Mean Score: 5.08 | Intrinsic: 6.283 | Eta: 0.10000
[coverage] Game 4300 | unique_states_cumulative: 9875/10000 (98.8%) | last100_unique: 7391
Game 4400 | Score: 11 | Record: 32 | Mean Score: 5.15 | Intrinsic: 0.509 | Eta: 0.10000
[coverage] Game 4400 | unique_states_cumulative: 9876/10000 (98.8%) | last100_unique: 6264
Game 4500 | Score: 0 | Record: 32 | Mean Score: 5.26 | Intrinsic: 1.086 | Eta: 0.10000
[coverage] Game 4500 | unique_states_cumulative: 9876/10000 (98.8%) | last100_unique: 6643
Game 4600 | Score: 19 | Record: 32 | Mean Score: 5.39 | Intrinsic: 0.791 | Eta: 0.10000
[coverage] Game 4600 | unique_states_cumulative: 9877/10000 (98.8%) | last100_unique: 7207
Game 4700 | Score: 25 | Record: 32 | Mean Score: 5.48 | Intrinsic: 5.643 | Eta: 0.10000
[coverage] Game 4700 | unique_states_cumulative: 9878/10000 (98.8%) | last100_unique: 6879
Game 4800 | Score: 17 | Record: 32 | Mean Score: 5.59 | Intrinsic: 0.768 | Eta: 0.10000
[coverage] Game 4800 | unique_states_cumulative: 9879/10000 (98.8%) | last100_unique: 6925
Game 4900 | Score: 20 | Record: 32 | Mean Score: 5.65 | Intrinsic: 2.084 | Eta: 0.10000
[coverage] Game 4900 | unique_states_cumulative: 9880/10000 (98.8%) | last100_unique: 6215
Game 5000 | Score: 17 | Record: 32 | Mean Score: 5.75 | Intrinsic: 0.988 | Eta: 0.10000
[coverage] Game 5000 | unique_states_cumulative: 9880/10000 (98.8%) | last100_unique: 6784

Training Complete!
Best Score: 32
Final Mean Score: 5.75
wandb: 
wandb: Run history:
wandb:      Coverage_Cumulative ▁▂▂▃▃▄▄▅▅▅▆▇▇▇██████████████████████████
wandb: Coverage_Cumulative_Frac ▁▂▂▃▃▄▄▅▅▅▆▆▆▇▇█████████████████████████
wandb:       Coverage_Window100 ▁▁▁▁▂▂▂▂▂▁▂▂▃▅▆▆▆▄▅▆▆▇▆▅▇▇██▇█▇▇▇▇█▇▇▇█▇
wandb:                      Eta ▁▁▁▁▁▁▁▁▁▁▁▁▁▁▁▁▁▁▁▁▁▁▁▁▁▁▁▁▁▁▁▁▁▁▁▁▁▁▁▁
wandb:                     Game ▁▁▁▁▂▂▂▂▂▂▃▃▃▃▃▄▄▄▄▄▄▅▅▅▅▅▅▆▆▆▆▆▇▇▇▇▇███
wandb:         Intrinsic_Reward ▁▁▁▁▁▂▁▁▁▁▃▁▂▂▁▄▃▁▃▁▁▃▃▂▁▂▁▁▂█▃▁▃▁▅▂▁▄▁▂
wandb:               Mean_Score ▁▁▁▁▁▁▁▁▂▂▂▂▂▂▂▃▃▃▃▃▄▄▄▄▅▅▅▅▆▆▆▆▇▇▇▇████
wandb:                   Record ▁▁▁▁▁▁▁▁▁▁▂▃▄▅▅▆▆▆▆▆▆▆▆▇▇███████████████
wandb:                    Score ▁▁▁▁▁▁▁▁▁▁▁▃▁▁▁▁▁▁▁▁▅▂▁▆▁▇▅▅▇▇▁▁█▄▄▁▆▇▅▅
wandb: 
wandb: Run summary:
wandb:      Coverage_Cumulative 9880
wandb: Coverage_Cumulative_Frac 0.988
wandb:       Coverage_Window100 6784
wandb:                      Eta 0.1
wandb:                     Game 5000
wandb:         Intrinsic_Reward 0.98783
wandb:               Mean_Score 5.7452
wandb:                   Record 32
wandb:                    Score 17
wandb: 
wandb: You can sync this run to the cloud by running:
wandb: wandb sync /Users/saheb/home/rl-snake/wandb/offline-run-20260427_035259-zw2g03k8
wandb: Find logs at: ./wandb/offline-run-20260427_035259-zw2g03k8/logs
