/Users/saheb/home/rl-snake/.venv/lib/python3.9/site-packages/urllib3/__init__.py:35: NotOpenSSLWarning: urllib3 v2 only supports OpenSSL 1.1.1+, currently the 'ssl' module is compiled with 'LibreSSL 2.8.3'. See: https://github.com/urllib3/urllib3/issues/3020
  warnings.warn(
wandb: Tracking run with wandb version 0.26.0
wandb: W&B syncing is set to `offline` in this directory. Run `wandb online` or set WANDB_MODE=online to enable cloud syncing.
wandb: Run data is saved locally in /Users/saheb/home/rl-snake/wandb/offline-run-20260427_035259-x8xpar3w
Starting ICM PPO Training on 10x10, reward_mode=dense...
Game 100 | Score: 0 | Record: 2 | Mean Score: 0.13 | Intrinsic: 0.267 | Eta: 0.10000
[coverage] Game 100 | unique_states_cumulative: 1113/10000 (11.1%) | last100_unique: 1113
Game 200 | Score: 0 | Record: 2 | Mean Score: 0.15 | Intrinsic: 0.289 | Eta: 0.10000
[coverage] Game 200 | unique_states_cumulative: 1924/10000 (19.2%) | last100_unique: 1053
Game 300 | Score: 0 | Record: 2 | Mean Score: 0.12 | Intrinsic: 0.192 | Eta: 0.10000
[coverage] Game 300 | unique_states_cumulative: 2492/10000 (24.9%) | last100_unique: 982
Game 400 | Score: 0 | Record: 2 | Mean Score: 0.12 | Intrinsic: 0.101 | Eta: 0.10000
[coverage] Game 400 | unique_states_cumulative: 2888/10000 (28.9%) | last100_unique: 860
Game 500 | Score: 0 | Record: 2 | Mean Score: 0.11 | Intrinsic: 0.159 | Eta: 0.10000
[coverage] Game 500 | unique_states_cumulative: 3221/10000 (32.2%) | last100_unique: 918
Game 600 | Score: 1 | Record: 2 | Mean Score: 0.11 | Intrinsic: 0.121 | Eta: 0.10000
[coverage] Game 600 | unique_states_cumulative: 3493/10000 (34.9%) | last100_unique: 906
Game 700 | Score: 1 | Record: 2 | Mean Score: 0.11 | Intrinsic: 1.258 | Eta: 0.10000
[coverage] Game 700 | unique_states_cumulative: 3663/10000 (36.6%) | last100_unique: 814
Game 800 | Score: 0 | Record: 2 | Mean Score: 0.12 | Intrinsic: 0.061 | Eta: 0.10000
[coverage] Game 800 | unique_states_cumulative: 3863/10000 (38.6%) | last100_unique: 822
Game 900 | Score: 0 | Record: 2 | Mean Score: 0.11 | Intrinsic: 0.052 | Eta: 0.10000
[coverage] Game 900 | unique_states_cumulative: 3998/10000 (40.0%) | last100_unique: 795
Game 1000 | Score: 0 | Record: 2 | Mean Score: 0.11 | Intrinsic: 0.055 | Eta: 0.10000
[coverage] Game 1000 | unique_states_cumulative: 4104/10000 (41.0%) | last100_unique: 777
Game 1100 | Score: 0 | Record: 2 | Mean Score: 0.11 | Intrinsic: 0.060 | Eta: 0.10000
[coverage] Game 1100 | unique_states_cumulative: 4218/10000 (42.2%) | last100_unique: 810
Game 1200 | Score: 0 | Record: 2 | Mean Score: 0.11 | Intrinsic: 0.036 | Eta: 0.10000
[coverage] Game 1200 | unique_states_cumulative: 4295/10000 (43.0%) | last100_unique: 858
Game 1300 | Score: 0 | Record: 2 | Mean Score: 0.11 | Intrinsic: 0.066 | Eta: 0.10000
[coverage] Game 1300 | unique_states_cumulative: 4393/10000 (43.9%) | last100_unique: 863
Game 1400 | Score: 0 | Record: 2 | Mean Score: 0.11 | Intrinsic: 0.101 | Eta: 0.10000
[coverage] Game 1400 | unique_states_cumulative: 4505/10000 (45.0%) | last100_unique: 926
Game 1500 | Score: 0 | Record: 2 | Mean Score: 0.10 | Intrinsic: 0.042 | Eta: 0.10000
[coverage] Game 1500 | unique_states_cumulative: 4575/10000 (45.8%) | last100_unique: 807
Game 1600 | Score: 0 | Record: 2 | Mean Score: 0.10 | Intrinsic: 0.044 | Eta: 0.10000
[coverage] Game 1600 | unique_states_cumulative: 4639/10000 (46.4%) | last100_unique: 880
Game 1700 | Score: 0 | Record: 2 | Mean Score: 0.10 | Intrinsic: 0.041 | Eta: 0.10000
[coverage] Game 1700 | unique_states_cumulative: 4725/10000 (47.2%) | last100_unique: 776
Game 1800 | Score: 1 | Record: 2 | Mean Score: 0.10 | Intrinsic: 0.244 | Eta: 0.10000
[coverage] Game 1800 | unique_states_cumulative: 4805/10000 (48.0%) | last100_unique: 778
Game 1900 | Score: 0 | Record: 2 | Mean Score: 0.10 | Intrinsic: 0.065 | Eta: 0.10000
[coverage] Game 1900 | unique_states_cumulative: 4832/10000 (48.3%) | last100_unique: 712
Game 2000 | Score: 0 | Record: 2 | Mean Score: 0.10 | Intrinsic: 0.026 | Eta: 0.10000
[coverage] Game 2000 | unique_states_cumulative: 4876/10000 (48.8%) | last100_unique: 705
Game 2100 | Score: 0 | Record: 2 | Mean Score: 0.09 | Intrinsic: 0.023 | Eta: 0.10000
[coverage] Game 2100 | unique_states_cumulative: 4913/10000 (49.1%) | last100_unique: 696
Game 2200 | Score: 0 | Record: 2 | Mean Score: 0.09 | Intrinsic: 0.035 | Eta: 0.10000
[coverage] Game 2200 | unique_states_cumulative: 4938/10000 (49.4%) | last100_unique: 661
Game 2300 | Score: 0 | Record: 2 | Mean Score: 0.09 | Intrinsic: 0.037 | Eta: 0.10000
[coverage] Game 2300 | unique_states_cumulative: 4971/10000 (49.7%) | last100_unique: 634
Game 2400 | Score: 0 | Record: 2 | Mean Score: 0.09 | Intrinsic: 0.019 | Eta: 0.10000
[coverage] Game 2400 | unique_states_cumulative: 4986/10000 (49.9%) | last100_unique: 617
Game 2500 | Score: 0 | Record: 2 | Mean Score: 0.09 | Intrinsic: 0.018 | Eta: 0.10000
[coverage] Game 2500 | unique_states_cumulative: 5040/10000 (50.4%) | last100_unique: 719
Game 2600 | Score: 0 | Record: 2 | Mean Score: 0.10 | Intrinsic: 0.013 | Eta: 0.10000
[coverage] Game 2600 | unique_states_cumulative: 5083/10000 (50.8%) | last100_unique: 644
Game 2700 | Score: 0 | Record: 2 | Mean Score: 0.10 | Intrinsic: 0.031 | Eta: 0.10000
[coverage] Game 2700 | unique_states_cumulative: 5101/10000 (51.0%) | last100_unique: 568
Game 2800 | Score: 0 | Record: 3 | Mean Score: 0.10 | Intrinsic: 0.025 | Eta: 0.10000
[coverage] Game 2800 | unique_states_cumulative: 5112/10000 (51.1%) | last100_unique: 559
Game 2900 | Score: 0 | Record: 3 | Mean Score: 0.09 | Intrinsic: 0.023 | Eta: 0.10000
[coverage] Game 2900 | unique_states_cumulative: 5117/10000 (51.2%) | last100_unique: 522
Game 3000 | Score: 0 | Record: 3 | Mean Score: 0.09 | Intrinsic: 0.021 | Eta: 0.10000
[coverage] Game 3000 | unique_states_cumulative: 5128/10000 (51.3%) | last100_unique: 560
Game 3100 | Score: 0 | Record: 3 | Mean Score: 0.09 | Intrinsic: 0.009 | Eta: 0.10000
[coverage] Game 3100 | unique_states_cumulative: 5146/10000 (51.5%) | last100_unique: 579
Game 3200 | Score: 0 | Record: 3 | Mean Score: 0.09 | Intrinsic: 0.017 | Eta: 0.10000
[coverage] Game 3200 | unique_states_cumulative: 5152/10000 (51.5%) | last100_unique: 504
Game 3300 | Score: 0 | Record: 3 | Mean Score: 0.09 | Intrinsic: 0.014 | Eta: 0.10000
[coverage] Game 3300 | unique_states_cumulative: 5154/10000 (51.5%) | last100_unique: 543
Game 3400 | Score: 0 | Record: 3 | Mean Score: 0.09 | Intrinsic: 0.017 | Eta: 0.10000
[coverage] Game 3400 | unique_states_cumulative: 5162/10000 (51.6%) | last100_unique: 521
Game 3500 | Score: 0 | Record: 3 | Mean Score: 0.09 | Intrinsic: 0.010 | Eta: 0.10000
[coverage] Game 3500 | unique_states_cumulative: 5165/10000 (51.6%) | last100_unique: 510
Game 3600 | Score: 1 | Record: 3 | Mean Score: 0.09 | Intrinsic: 0.065 | Eta: 0.10000
[coverage] Game 3600 | unique_states_cumulative: 5171/10000 (51.7%) | last100_unique: 512
Game 3700 | Score: 0 | Record: 3 | Mean Score: 0.09 | Intrinsic: 0.016 | Eta: 0.10000
[coverage] Game 3700 | unique_states_cumulative: 5174/10000 (51.7%) | last100_unique: 472
Game 3800 | Score: 0 | Record: 3 | Mean Score: 0.09 | Intrinsic: 0.022 | Eta: 0.10000
[coverage] Game 3800 | unique_states_cumulative: 5185/10000 (51.9%) | last100_unique: 527
Game 3900 | Score: 0 | Record: 3 | Mean Score: 0.09 | Intrinsic: 0.014 | Eta: 0.10000
[coverage] Game 3900 | unique_states_cumulative: 5193/10000 (51.9%) | last100_unique: 471
Game 4000 | Score: 0 | Record: 3 | Mean Score: 0.09 | Intrinsic: 0.020 | Eta: 0.10000
[coverage] Game 4000 | unique_states_cumulative: 5200/10000 (52.0%) | last100_unique: 525
Game 4100 | Score: 0 | Record: 3 | Mean Score: 0.09 | Intrinsic: 0.020 | Eta: 0.10000
[coverage] Game 4100 | unique_states_cumulative: 5206/10000 (52.1%) | last100_unique: 521
Game 4200 | Score: 0 | Record: 3 | Mean Score: 0.09 | Intrinsic: 0.020 | Eta: 0.10000
[coverage] Game 4200 | unique_states_cumulative: 5212/10000 (52.1%) | last100_unique: 514
Game 4300 | Score: 0 | Record: 3 | Mean Score: 0.09 | Intrinsic: 0.020 | Eta: 0.10000
[coverage] Game 4300 | unique_states_cumulative: 5219/10000 (52.2%) | last100_unique: 470
Game 4400 | Score: 0 | Record: 3 | Mean Score: 0.09 | Intrinsic: 0.016 | Eta: 0.10000
[coverage] Game 4400 | unique_states_cumulative: 5222/10000 (52.2%) | last100_unique: 487
Game 4500 | Score: 0 | Record: 3 | Mean Score: 0.09 | Intrinsic: 0.021 | Eta: 0.10000
[coverage] Game 4500 | unique_states_cumulative: 5226/10000 (52.3%) | last100_unique: 485
Game 4600 | Score: 0 | Record: 3 | Mean Score: 0.10 | Intrinsic: 0.013 | Eta: 0.10000
[coverage] Game 4600 | unique_states_cumulative: 5229/10000 (52.3%) | last100_unique: 505
Game 4700 | Score: 0 | Record: 3 | Mean Score: 0.10 | Intrinsic: 0.013 | Eta: 0.10000
[coverage] Game 4700 | unique_states_cumulative: 5230/10000 (52.3%) | last100_unique: 517
Game 4800 | Score: 0 | Record: 3 | Mean Score: 0.10 | Intrinsic: 0.011 | Eta: 0.10000
[coverage] Game 4800 | unique_states_cumulative: 5232/10000 (52.3%) | last100_unique: 523
Game 4900 | Score: 0 | Record: 3 | Mean Score: 0.10 | Intrinsic: 0.014 | Eta: 0.10000
[coverage] Game 4900 | unique_states_cumulative: 5245/10000 (52.5%) | last100_unique: 548
Game 5000 | Score: 0 | Record: 3 | Mean Score: 0.10 | Intrinsic: 0.021 | Eta: 0.10000
[coverage] Game 5000 | unique_states_cumulative: 5247/10000 (52.5%) | last100_unique: 534

Training Complete!
Best Score: 3
Final Mean Score: 0.10
wandb: 
wandb: Run history:
wandb:      Coverage_Cumulative ▁▂▃▅▅▆▆▆▆▆▇▇▇▇▇▇▇███████████████████████
wandb: Coverage_Cumulative_Frac ▁▂▃▄▅▅▆▆▆▆▇▇▇▇▇▇▇▇▇█████████████████████
wandb:       Coverage_Window100 █▇▇▅▆▅▅▅▅▅▆▅▅▄▄▄▃▃▃▃▃▂▂▂▂▁▂▁▁▁▁▂▂▁▁▁▁▂▂▂
wandb:                      Eta ▁▁▁▁▁▁▁▁▁▁▁▁▁▁▁▁▁▁▁▁▁▁▁▁▁▁▁▁▁▁▁▁▁▁▁▁▁▁▁▁
wandb:                     Game ▁▁▁▁▂▂▂▂▂▂▃▃▃▃▃▄▄▄▄▄▄▅▅▅▅▅▅▆▆▆▆▇▇▇▇▇▇███
wandb:         Intrinsic_Reward ▂▃▂▂▂█▁▁▁▁▁▂▁▁▁▁▁▁▁▁▁▁▁▁▁▁▁▁▁▁▁▁▁▁▁▁▁▁▁▁
wandb:               Mean_Score ▆█▅▄▄▄▄▄▄▃▃▃▂▂▂▁▁▁▁▁▂▂▂▁▁▁▁▁▁▁▁▁▁▁▁▁▁▂▂▂
wandb:                   Record ▁▁▁▁▁▁▁▁▁▁▁▁▁▁▁▁▁▁▁▁▁███████████████████
wandb:                    Score ▁▁▁▁▁█▁▁▁▁▁▁▁▁▁▁▁▁▁▁▁▁▁▁▁▁▁▁▁▁▁▁▁▁▁▁▁▁▁▁
wandb: 
wandb: Run summary:
wandb:      Coverage_Cumulative 5247
wandb: Coverage_Cumulative_Frac 0.5247
wandb:       Coverage_Window100 534
wandb:                      Eta 0.1
wandb:                     Game 5000
wandb:         Intrinsic_Reward 0.02058
wandb:               Mean_Score 0.1024
wandb:                   Record 3
wandb:                    Score 0
wandb: 
wandb: You can sync this run to the cloud by running:
wandb: wandb sync /Users/saheb/home/rl-snake/wandb/offline-run-20260427_035259-x8xpar3w
wandb: Find logs at: ./wandb/offline-run-20260427_035259-x8xpar3w/logs
