/Users/saheb/home/rl-snake/.venv/lib/python3.9/site-packages/urllib3/__init__.py:35: NotOpenSSLWarning: urllib3 v2 only supports OpenSSL 1.1.1+, currently the 'ssl' module is compiled with 'LibreSSL 2.8.3'. See: https://github.com/urllib3/urllib3/issues/3020
  warnings.warn(
wandb: Tracking run with wandb version 0.26.0
wandb: W&B syncing is set to `offline` in this directory. Run `wandb online` or set WANDB_MODE=online to enable cloud syncing.
wandb: Run data is saved locally in /Users/saheb/home/rl-snake/wandb/offline-run-20260427_014404-wh6y81vs
Starting Baseline DQN Training (Dueling + 3-Step) on 10x10 Board...
Game 100 | Score: 0 | Record: 2 | Mean Score: 0.09 | Epsilon: 0.96 | Intrinsic: 0.000
[coverage] Game 100 | unique_states_cumulative: 850/10000 (8.5%) | last100_unique: 850
Game 200 | Score: 0 | Record: 2 | Mean Score: 0.11 | Epsilon: 0.92 | Intrinsic: 0.000
[coverage] Game 200 | unique_states_cumulative: 1461/10000 (14.6%) | last100_unique: 828
Game 300 | Score: 0 | Record: 2 | Mean Score: 0.11 | Epsilon: 0.88 | Intrinsic: 0.000
[coverage] Game 300 | unique_states_cumulative: 1976/10000 (19.8%) | last100_unique: 846
Game 400 | Score: 0 | Record: 3 | Mean Score: 0.12 | Epsilon: 0.84 | Intrinsic: 0.000
[coverage] Game 400 | unique_states_cumulative: 2417/10000 (24.2%) | last100_unique: 821
Game 500 | Score: 0 | Record: 3 | Mean Score: 0.12 | Epsilon: 0.80 | Intrinsic: 0.000
[coverage] Game 500 | unique_states_cumulative: 2815/10000 (28.1%) | last100_unique: 907
Game 600 | Score: 0 | Record: 3 | Mean Score: 0.13 | Epsilon: 0.77 | Intrinsic: 0.000
[coverage] Game 600 | unique_states_cumulative: 3131/10000 (31.3%) | last100_unique: 845
Game 700 | Score: 0 | Record: 3 | Mean Score: 0.14 | Epsilon: 0.73 | Intrinsic: 0.000
[coverage] Game 700 | unique_states_cumulative: 3362/10000 (33.6%) | last100_unique: 834
Game 800 | Score: 0 | Record: 3 | Mean Score: 0.16 | Epsilon: 0.69 | Intrinsic: 0.000
[coverage] Game 800 | unique_states_cumulative: 3584/10000 (35.8%) | last100_unique: 811
Game 900 | Score: 0 | Record: 3 | Mean Score: 0.17 | Epsilon: 0.65 | Intrinsic: 0.000
[coverage] Game 900 | unique_states_cumulative: 3760/10000 (37.6%) | last100_unique: 796
Game 1000 | Score: 0 | Record: 4 | Mean Score: 0.17 | Epsilon: 0.61 | Intrinsic: 0.000
[coverage] Game 1000 | unique_states_cumulative: 3925/10000 (39.2%) | last100_unique: 793
Game 1100 | Score: 0 | Record: 4 | Mean Score: 0.20 | Epsilon: 0.57 | Intrinsic: 0.000
[coverage] Game 1100 | unique_states_cumulative: 4212/10000 (42.1%) | last100_unique: 927
Game 1200 | Score: 0 | Record: 4 | Mean Score: 0.20 | Epsilon: 0.53 | Intrinsic: 0.000
[coverage] Game 1200 | unique_states_cumulative: 4387/10000 (43.9%) | last100_unique: 813
Game 1300 | Score: 0 | Record: 6 | Mean Score: 0.24 | Epsilon: 0.49 | Intrinsic: 0.000
[coverage] Game 1300 | unique_states_cumulative: 4635/10000 (46.4%) | last100_unique: 994
Game 1400 | Score: 0 | Record: 6 | Mean Score: 0.26 | Epsilon: 0.45 | Intrinsic: 0.000
[coverage] Game 1400 | unique_states_cumulative: 4826/10000 (48.3%) | last100_unique: 902
Game 1500 | Score: 4 | Record: 6 | Mean Score: 0.32 | Epsilon: 0.41 | Intrinsic: 0.000
[coverage] Game 1500 | unique_states_cumulative: 5249/10000 (52.5%) | last100_unique: 1452
Game 1600 | Score: 0 | Record: 8 | Mean Score: 0.35 | Epsilon: 0.37 | Intrinsic: 0.000
[coverage] Game 1600 | unique_states_cumulative: 5504/10000 (55.0%) | last100_unique: 1107
Game 1700 | Score: 1 | Record: 8 | Mean Score: 0.39 | Epsilon: 0.33 | Intrinsic: 0.000
[coverage] Game 1700 | unique_states_cumulative: 5805/10000 (58.0%) | last100_unique: 1322
Game 1800 | Score: 0 | Record: 10 | Mean Score: 0.45 | Epsilon: 0.29 | Intrinsic: 0.000
[coverage] Game 1800 | unique_states_cumulative: 6112/10000 (61.1%) | last100_unique: 1457
Game 1900 | Score: 7 | Record: 10 | Mean Score: 0.49 | Epsilon: 0.26 | Intrinsic: 0.000
[coverage] Game 1900 | unique_states_cumulative: 6368/10000 (63.7%) | last100_unique: 1275
Game 2000 | Score: 1 | Record: 13 | Mean Score: 0.57 | Epsilon: 0.22 | Intrinsic: 0.000
[coverage] Game 2000 | unique_states_cumulative: 6707/10000 (67.1%) | last100_unique: 1739
Game 2100 | Score: 0 | Record: 13 | Mean Score: 0.63 | Epsilon: 0.18 | Intrinsic: 0.000
[coverage] Game 2100 | unique_states_cumulative: 6996/10000 (70.0%) | last100_unique: 1665
Game 2200 | Score: 0 | Record: 16 | Mean Score: 0.72 | Epsilon: 0.14 | Intrinsic: 0.000
[coverage] Game 2200 | unique_states_cumulative: 7285/10000 (72.8%) | last100_unique: 1889
Game 2300 | Score: 0 | Record: 19 | Mean Score: 0.80 | Epsilon: 0.10 | Intrinsic: 0.000
[coverage] Game 2300 | unique_states_cumulative: 7508/10000 (75.1%) | last100_unique: 1775
Game 2400 | Score: 0 | Record: 23 | Mean Score: 0.97 | Epsilon: 0.06 | Intrinsic: 0.000
[coverage] Game 2400 | unique_states_cumulative: 7939/10000 (79.4%) | last100_unique: 2899
Game 2500 | Score: 5 | Record: 26 | Mean Score: 1.16 | Epsilon: 0.02 | Intrinsic: 0.000
[coverage] Game 2500 | unique_states_cumulative: 8318/10000 (83.2%) | last100_unique: 3129
Game 2600 | Score: 28 | Record: 33 | Mean Score: 1.36 | Epsilon: 0.02 | Intrinsic: 0.000
[coverage] Game 2600 | unique_states_cumulative: 8644/10000 (86.4%) | last100_unique: 3428
Game 2700 | Score: 8 | Record: 33 | Mean Score: 1.55 | Epsilon: 0.02 | Intrinsic: 0.000
[coverage] Game 2700 | unique_states_cumulative: 8890/10000 (88.9%) | last100_unique: 3419
Game 2800 | Score: 0 | Record: 35 | Mean Score: 1.78 | Epsilon: 0.02 | Intrinsic: 0.000
[coverage] Game 2800 | unique_states_cumulative: 9126/10000 (91.3%) | last100_unique: 4146
Game 2900 | Score: 0 | Record: 37 | Mean Score: 1.97 | Epsilon: 0.02 | Intrinsic: 0.000
[coverage] Game 2900 | unique_states_cumulative: 9259/10000 (92.6%) | last100_unique: 3817
Game 3000 | Score: 0 | Record: 37 | Mean Score: 2.18 | Epsilon: 0.02 | Intrinsic: 0.000
[coverage] Game 3000 | unique_states_cumulative: 9430/10000 (94.3%) | last100_unique: 4045
Game 3100 | Score: 0 | Record: 37 | Mean Score: 2.35 | Epsilon: 0.02 | Intrinsic: 0.000
[coverage] Game 3100 | unique_states_cumulative: 9514/10000 (95.1%) | last100_unique: 3852
Game 3200 | Score: 0 | Record: 37 | Mean Score: 2.56 | Epsilon: 0.02 | Intrinsic: 0.000
[coverage] Game 3200 | unique_states_cumulative: 9606/10000 (96.1%) | last100_unique: 4323
Game 3300 | Score: 16 | Record: 37 | Mean Score: 2.75 | Epsilon: 0.02 | Intrinsic: 0.000
[coverage] Game 3300 | unique_states_cumulative: 9675/10000 (96.8%) | last100_unique: 4413
Game 3400 | Score: 0 | Record: 37 | Mean Score: 2.93 | Epsilon: 0.02 | Intrinsic: 0.000
[coverage] Game 3400 | unique_states_cumulative: 9705/10000 (97.0%) | last100_unique: 4368
Game 3500 | Score: 0 | Record: 37 | Mean Score: 3.15 | Epsilon: 0.02 | Intrinsic: 0.000
[coverage] Game 3500 | unique_states_cumulative: 9755/10000 (97.5%) | last100_unique: 4860
Game 3600 | Score: 14 | Record: 40 | Mean Score: 3.34 | Epsilon: 0.02 | Intrinsic: 0.000
[coverage] Game 3600 | unique_states_cumulative: 9795/10000 (98.0%) | last100_unique: 4742
Game 3700 | Score: 0 | Record: 40 | Mean Score: 3.49 | Epsilon: 0.02 | Intrinsic: 0.000
[coverage] Game 3700 | unique_states_cumulative: 9814/10000 (98.1%) | last100_unique: 4562
Game 3800 | Score: 0 | Record: 40 | Mean Score: 3.65 | Epsilon: 0.02 | Intrinsic: 0.000
[coverage] Game 3800 | unique_states_cumulative: 9846/10000 (98.5%) | last100_unique: 4872
Game 3900 | Score: 13 | Record: 40 | Mean Score: 3.81 | Epsilon: 0.02 | Intrinsic: 0.000
[coverage] Game 3900 | unique_states_cumulative: 9860/10000 (98.6%) | last100_unique: 4805
Game 4000 | Score: 0 | Record: 40 | Mean Score: 3.98 | Epsilon: 0.02 | Intrinsic: 0.000
[coverage] Game 4000 | unique_states_cumulative: 9865/10000 (98.7%) | last100_unique: 4826
Game 4100 | Score: 0 | Record: 40 | Mean Score: 4.09 | Epsilon: 0.02 | Intrinsic: 0.000
[coverage] Game 4100 | unique_states_cumulative: 9874/10000 (98.7%) | last100_unique: 4457
Game 4200 | Score: 0 | Record: 41 | Mean Score: 4.23 | Epsilon: 0.02 | Intrinsic: 0.000
[coverage] Game 4200 | unique_states_cumulative: 9878/10000 (98.8%) | last100_unique: 4733
Game 4300 | Score: 0 | Record: 41 | Mean Score: 4.40 | Epsilon: 0.02 | Intrinsic: 0.000
[coverage] Game 4300 | unique_states_cumulative: 9881/10000 (98.8%) | last100_unique: 5170
[Game 4375] Final LR cooldown applied → 1e-5
Game 4400 | Score: 0 | Record: 41 | Mean Score: 4.49 | Epsilon: 0.02 | Intrinsic: 0.000
[coverage] Game 4400 | unique_states_cumulative: 9884/10000 (98.8%) | last100_unique: 4412
Game 4500 | Score: 0 | Record: 41 | Mean Score: 4.59 | Epsilon: 0.02 | Intrinsic: 0.000
[coverage] Game 4500 | unique_states_cumulative: 9887/10000 (98.9%) | last100_unique: 4393
Game 4600 | Score: 0 | Record: 41 | Mean Score: 4.66 | Epsilon: 0.02 | Intrinsic: 0.000
[coverage] Game 4600 | unique_states_cumulative: 9887/10000 (98.9%) | last100_unique: 4215
Game 4700 | Score: 19 | Record: 41 | Mean Score: 4.80 | Epsilon: 0.02 | Intrinsic: 0.000
[coverage] Game 4700 | unique_states_cumulative: 9887/10000 (98.9%) | last100_unique: 5007
Game 4800 | Score: 8 | Record: 41 | Mean Score: 4.92 | Epsilon: 0.02 | Intrinsic: 0.000
[coverage] Game 4800 | unique_states_cumulative: 9894/10000 (98.9%) | last100_unique: 5101
Game 4900 | Score: 23 | Record: 41 | Mean Score: 5.02 | Epsilon: 0.02 | Intrinsic: 0.000
[coverage] Game 4900 | unique_states_cumulative: 9896/10000 (99.0%) | last100_unique: 4706
Game 5000 | Score: 0 | Record: 41 | Mean Score: 5.08 | Epsilon: 0.02 | Intrinsic: 0.000
[coverage] Game 5000 | unique_states_cumulative: 9897/10000 (99.0%) | last100_unique: 4285

Training Complete!
Best Score: 41
Final Mean Score: 5.08
wandb: 
wandb: Run history:
wandb:      Coverage_Cumulative ▁▁▂▂▃▃▃▃▃▄▄▄▅▅▅▆▆▆▆▆▇▇▇█████████████████
wandb: Coverage_Cumulative_Frac ▁▁▂▂▃▃▃▃▃▄▄▄▄▅▅▅▆▆▆▆▇▇▇█████████████████
wandb:       Coverage_Window100 ▁▁▁▁▁▁▁▁▁▁▂▂▂▂▂▂▃▃▄▅▅▆▆▆▆▇▇█▇▇▇▇▇▇█▇▆██▇
wandb:                  Epsilon ██▇▇▇▆▆▆▅▅▅▄▄▃▃▂▂▂▂▁▁▁▁▁▁▁▁▁▁▁▁▁▁▁▁▁▁▁▁▁
wandb:                     Game ▁▁▁▁▂▂▂▂▂▂▃▃▃▃▃▄▄▄▄▄▅▅▅▅▅▅▆▆▆▆▆▇▇▇▇▇▇███
wandb:               Mean_Score ▁▁▁▁▁▁▁▁▁▁▁▁▁▁▂▂▂▂▂▂▃▃▃▄▄▅▅▅▅▆▆▆▇▇▇▇▇▇██
wandb:                   Record ▁▁▁▁▁▁▁▁▁▁▂▂▂▂▂▂▃▃▄▄▅▇▇▇▇▇▇▇▇▇██████████
wandb:                    Score ▁▁▁▁▁▁▁▁▁▁▁▂▁▁▁▁▁▁▁▁█▃▁▁▁▁▅▁▁▅▁▄▁▁▁▁▁▆▃▁
wandb: 
wandb: Run summary:
wandb:      Coverage_Cumulative 9897
wandb: Coverage_Cumulative_Frac 0.9897
wandb:       Coverage_Window100 4285
wandb:                  Epsilon 0.02
wandb:                     Game 5000
wandb:               Mean_Score 5.0756
wandb:                   Record 41
wandb:                    Score 0
wandb: 
wandb: You can sync this run to the cloud by running:
wandb: wandb sync /Users/saheb/home/rl-snake/wandb/offline-run-20260427_014404-wh6y81vs
wandb: Find logs at: ./wandb/offline-run-20260427_014404-wh6y81vs/logs
