/Users/saheb/home/rl-snake/.venv/lib/python3.9/site-packages/urllib3/__init__.py:35: NotOpenSSLWarning: urllib3 v2 only supports OpenSSL 1.1.1+, currently the 'ssl' module is compiled with 'LibreSSL 2.8.3'. See: https://github.com/urllib3/urllib3/issues/3020
  warnings.warn(
wandb: Tracking run with wandb version 0.26.0
wandb: W&B syncing is set to `offline` in this directory. Run `wandb online` or set WANDB_MODE=online to enable cloud syncing.
wandb: Run data is saved locally in /Users/saheb/home/rl-snake/wandb/offline-run-20260426_223818-xr8rz48r
Starting ICM DQN Training (Dueling + 3-Step) on 8x8 Board...
Game 100 | Score: 1 | Record: 1 | Mean Score: 0.11 | Epsilon: 0.96 | Intrinsic: 0.115 | Eta: 0.10000
[coverage] Game 100 | unique_states_cumulative: 564/4096 (13.8%) | last100_unique: 564
Game 200 | Score: 0 | Record: 2 | Mean Score: 0.13 | Epsilon: 0.92 | Intrinsic: 0.010 | Eta: 0.10000
[coverage] Game 200 | unique_states_cumulative: 1000/4096 (24.4%) | last100_unique: 647
Game 300 | Score: 2 | Record: 2 | Mean Score: 0.13 | Epsilon: 0.88 | Intrinsic: 0.112 | Eta: 0.10000
[coverage] Game 300 | unique_states_cumulative: 1285/4096 (31.4%) | last100_unique: 661
Game 400 | Score: 0 | Record: 2 | Mean Score: 0.16 | Epsilon: 0.84 | Intrinsic: 0.013 | Eta: 0.10000
[coverage] Game 400 | unique_states_cumulative: 1518/4096 (37.1%) | last100_unique: 708
Game 500 | Score: 1 | Record: 2 | Mean Score: 0.17 | Epsilon: 0.80 | Intrinsic: 0.047 | Eta: 0.10000
[coverage] Game 500 | unique_states_cumulative: 1681/4096 (41.0%) | last100_unique: 703
Game 600 | Score: 0 | Record: 3 | Mean Score: 0.19 | Epsilon: 0.77 | Intrinsic: 0.004 | Eta: 0.10000
[coverage] Game 600 | unique_states_cumulative: 1867/4096 (45.6%) | last100_unique: 769
Game 700 | Score: 0 | Record: 4 | Mean Score: 0.21 | Epsilon: 0.73 | Intrinsic: 0.009 | Eta: 0.10000
[coverage] Game 700 | unique_states_cumulative: 2087/4096 (51.0%) | last100_unique: 863
Game 800 | Score: 2 | Record: 4 | Mean Score: 0.23 | Epsilon: 0.69 | Intrinsic: 0.162 | Eta: 0.10000
[coverage] Game 800 | unique_states_cumulative: 2232/4096 (54.5%) | last100_unique: 760
Game 900 | Score: 0 | Record: 4 | Mean Score: 0.25 | Epsilon: 0.65 | Intrinsic: 0.005 | Eta: 0.10000
[coverage] Game 900 | unique_states_cumulative: 2429/4096 (59.3%) | last100_unique: 857
Game 1000 | Score: 0 | Record: 4 | Mean Score: 0.26 | Epsilon: 0.61 | Intrinsic: 0.012 | Eta: 0.10000
[coverage] Game 1000 | unique_states_cumulative: 2522/4096 (61.6%) | last100_unique: 797
Game 1100 | Score: 0 | Record: 4 | Mean Score: 0.29 | Epsilon: 0.57 | Intrinsic: 0.009 | Eta: 0.10000
[coverage] Game 1100 | unique_states_cumulative: 2659/4096 (64.9%) | last100_unique: 992
Game 1200 | Score: 0 | Record: 4 | Mean Score: 0.31 | Epsilon: 0.53 | Intrinsic: 0.028 | Eta: 0.10000
[coverage] Game 1200 | unique_states_cumulative: 2778/4096 (67.8%) | last100_unique: 906
Game 1300 | Score: 0 | Record: 7 | Mean Score: 0.35 | Epsilon: 0.49 | Intrinsic: 0.010 | Eta: 0.10000
[coverage] Game 1300 | unique_states_cumulative: 2886/4096 (70.5%) | last100_unique: 1072
Game 1400 | Score: 0 | Record: 7 | Mean Score: 0.39 | Epsilon: 0.45 | Intrinsic: 0.006 | Eta: 0.10000
[coverage] Game 1400 | unique_states_cumulative: 3004/4096 (73.3%) | last100_unique: 1071
Game 1500 | Score: 0 | Record: 7 | Mean Score: 0.41 | Epsilon: 0.41 | Intrinsic: 0.022 | Eta: 0.10000
[coverage] Game 1500 | unique_states_cumulative: 3064/4096 (74.8%) | last100_unique: 954
Game 1600 | Score: 0 | Record: 7 | Mean Score: 0.44 | Epsilon: 0.37 | Intrinsic: 0.020 | Eta: 0.10000
[coverage] Game 1600 | unique_states_cumulative: 3174/4096 (77.5%) | last100_unique: 1057
Game 1700 | Score: 0 | Record: 10 | Mean Score: 0.48 | Epsilon: 0.33 | Intrinsic: 0.033 | Eta: 0.10000
[coverage] Game 1700 | unique_states_cumulative: 3246/4096 (79.2%) | last100_unique: 1166
Game 1800 | Score: 0 | Record: 11 | Mean Score: 0.53 | Epsilon: 0.29 | Intrinsic: 0.001 | Eta: 0.10000
[coverage] Game 1800 | unique_states_cumulative: 3342/4096 (81.6%) | last100_unique: 1075
Game 1900 | Score: 0 | Record: 11 | Mean Score: 0.59 | Epsilon: 0.26 | Intrinsic: 0.009 | Eta: 0.10000
[coverage] Game 1900 | unique_states_cumulative: 3403/4096 (83.1%) | last100_unique: 1257
Game 2000 | Score: 0 | Record: 12 | Mean Score: 0.66 | Epsilon: 0.22 | Intrinsic: 0.032 | Eta: 0.10000
[coverage] Game 2000 | unique_states_cumulative: 3495/4096 (85.3%) | last100_unique: 1497
Game 2100 | Score: 0 | Record: 12 | Mean Score: 0.72 | Epsilon: 0.18 | Intrinsic: 0.001 | Eta: 0.10000
[coverage] Game 2100 | unique_states_cumulative: 3544/4096 (86.5%) | last100_unique: 1348
Game 2200 | Score: 0 | Record: 12 | Mean Score: 0.79 | Epsilon: 0.14 | Intrinsic: 0.022 | Eta: 0.10000
[coverage] Game 2200 | unique_states_cumulative: 3633/4096 (88.7%) | last100_unique: 1463
Game 2300 | Score: 0 | Record: 17 | Mean Score: 0.93 | Epsilon: 0.10 | Intrinsic: 0.040 | Eta: 0.10000
[coverage] Game 2300 | unique_states_cumulative: 3724/4096 (90.9%) | last100_unique: 1848
Game 2400 | Score: 0 | Record: 18 | Mean Score: 1.07 | Epsilon: 0.06 | Intrinsic: 0.018 | Eta: 0.10000
[coverage] Game 2400 | unique_states_cumulative: 3819/4096 (93.2%) | last100_unique: 1938
Game 2500 | Score: 19 | Record: 25 | Mean Score: 1.26 | Epsilon: 0.02 | Intrinsic: 0.453 | Eta: 0.10000
[coverage] Game 2500 | unique_states_cumulative: 3885/4096 (94.8%) | last100_unique: 2266
Game 2600 | Score: 12 | Record: 26 | Mean Score: 1.51 | Epsilon: 0.02 | Intrinsic: 0.301 | Eta: 0.10000
[coverage] Game 2600 | unique_states_cumulative: 3929/4096 (95.9%) | last100_unique: 2488
Game 2700 | Score: 11 | Record: 28 | Mean Score: 1.70 | Epsilon: 0.02 | Intrinsic: 0.260 | Eta: 0.10000
[coverage] Game 2700 | unique_states_cumulative: 3969/4096 (96.9%) | last100_unique: 2407
Game 2800 | Score: 0 | Record: 28 | Mean Score: 1.85 | Epsilon: 0.02 | Intrinsic: 0.014 | Eta: 0.10000
[coverage] Game 2800 | unique_states_cumulative: 3984/4096 (97.3%) | last100_unique: 2244
Game 2900 | Score: 0 | Record: 28 | Mean Score: 2.01 | Epsilon: 0.02 | Intrinsic: 0.013 | Eta: 0.10000
[coverage] Game 2900 | unique_states_cumulative: 4005/4096 (97.8%) | last100_unique: 2391
Game 3000 | Score: 0 | Record: 28 | Mean Score: 2.14 | Epsilon: 0.02 | Intrinsic: 0.071 | Eta: 0.10000
[coverage] Game 3000 | unique_states_cumulative: 4008/4096 (97.9%) | last100_unique: 2246
Game 3100 | Score: 20 | Record: 28 | Mean Score: 2.25 | Epsilon: 0.02 | Intrinsic: 0.594 | Eta: 0.10000
[coverage] Game 3100 | unique_states_cumulative: 4013/4096 (98.0%) | last100_unique: 2223
Game 3200 | Score: 0 | Record: 28 | Mean Score: 2.33 | Epsilon: 0.02 | Intrinsic: 0.047 | Eta: 0.10000
[coverage] Game 3200 | unique_states_cumulative: 4018/4096 (98.1%) | last100_unique: 2112
Game 3300 | Score: 18 | Record: 29 | Mean Score: 2.46 | Epsilon: 0.02 | Intrinsic: 0.412 | Eta: 0.10000
[coverage] Game 3300 | unique_states_cumulative: 4019/4096 (98.1%) | last100_unique: 2439
Game 3400 | Score: 1 | Record: 29 | Mean Score: 2.56 | Epsilon: 0.02 | Intrinsic: 0.027 | Eta: 0.10000
[coverage] Game 3400 | unique_states_cumulative: 4021/4096 (98.2%) | last100_unique: 2168
Game 3500 | Score: 17 | Record: 29 | Mean Score: 2.65 | Epsilon: 0.02 | Intrinsic: 0.407 | Eta: 0.10000
[coverage] Game 3500 | unique_states_cumulative: 4024/4096 (98.2%) | last100_unique: 2275
Game 3600 | Score: 0 | Record: 29 | Mean Score: 2.75 | Epsilon: 0.02 | Intrinsic: 0.093 | Eta: 0.10000
[coverage] Game 3600 | unique_states_cumulative: 4026/4096 (98.3%) | last100_unique: 2268
Game 3700 | Score: 0 | Record: 29 | Mean Score: 2.86 | Epsilon: 0.02 | Intrinsic: 0.019 | Eta: 0.10000
[coverage] Game 3700 | unique_states_cumulative: 4031/4096 (98.4%) | last100_unique: 2472
Game 3800 | Score: 0 | Record: 29 | Mean Score: 2.94 | Epsilon: 0.02 | Intrinsic: 0.040 | Eta: 0.10000
[coverage] Game 3800 | unique_states_cumulative: 4031/4096 (98.4%) | last100_unique: 2246
Game 3900 | Score: 17 | Record: 29 | Mean Score: 3.05 | Epsilon: 0.02 | Intrinsic: 0.497 | Eta: 0.10000
[coverage] Game 3900 | unique_states_cumulative: 4032/4096 (98.4%) | last100_unique: 2617
Game 4000 | Score: 0 | Record: 30 | Mean Score: 3.14 | Epsilon: 0.02 | Intrinsic: 0.028 | Eta: 0.10000
[coverage] Game 4000 | unique_states_cumulative: 4032/4096 (98.4%) | last100_unique: 2452
Game 4100 | Score: 0 | Record: 30 | Mean Score: 3.19 | Epsilon: 0.02 | Intrinsic: 0.055 | Eta: 0.10000
[coverage] Game 4100 | unique_states_cumulative: 4032/4096 (98.4%) | last100_unique: 2229
Game 4200 | Score: 9 | Record: 30 | Mean Score: 3.26 | Epsilon: 0.02 | Intrinsic: 0.235 | Eta: 0.10000
[coverage] Game 4200 | unique_states_cumulative: 4032/4096 (98.4%) | last100_unique: 2314
Game 4300 | Score: 16 | Record: 30 | Mean Score: 3.37 | Epsilon: 0.02 | Intrinsic: 0.376 | Eta: 0.10000
[coverage] Game 4300 | unique_states_cumulative: 4032/4096 (98.4%) | last100_unique: 2640
[Game 4375] Final LR cooldown applied → 1e-5
Game 4400 | Score: 16 | Record: 30 | Mean Score: 3.43 | Epsilon: 0.02 | Intrinsic: 0.524 | Eta: 0.10000
[coverage] Game 4400 | unique_states_cumulative: 4032/4096 (98.4%) | last100_unique: 2363
Game 4500 | Score: 0 | Record: 30 | Mean Score: 3.50 | Epsilon: 0.02 | Intrinsic: 0.142 | Eta: 0.10000
[coverage] Game 4500 | unique_states_cumulative: 4032/4096 (98.4%) | last100_unique: 2418
Game 4600 | Score: 20 | Record: 30 | Mean Score: 3.58 | Epsilon: 0.02 | Intrinsic: 0.366 | Eta: 0.10000
[coverage] Game 4600 | unique_states_cumulative: 4032/4096 (98.4%) | last100_unique: 2481
Game 4700 | Score: 20 | Record: 32 | Mean Score: 3.67 | Epsilon: 0.02 | Intrinsic: 0.381 | Eta: 0.10000
[coverage] Game 4700 | unique_states_cumulative: 4032/4096 (98.4%) | last100_unique: 2591
Game 4800 | Score: 16 | Record: 32 | Mean Score: 3.74 | Epsilon: 0.02 | Intrinsic: 0.303 | Eta: 0.10000
[coverage] Game 4800 | unique_states_cumulative: 4032/4096 (98.4%) | last100_unique: 2404
Game 4900 | Score: 21 | Record: 32 | Mean Score: 3.79 | Epsilon: 0.02 | Intrinsic: 0.420 | Eta: 0.10000
[coverage] Game 4900 | unique_states_cumulative: 4032/4096 (98.4%) | last100_unique: 2364
Game 5000 | Score: 0 | Record: 32 | Mean Score: 3.85 | Epsilon: 0.02 | Intrinsic: 0.018 | Eta: 0.10000
[coverage] Game 5000 | unique_states_cumulative: 4032/4096 (98.4%) | last100_unique: 2411

Training Complete!
Best Score: 32
Final Mean Score: 3.85
wandb: 
wandb: Run history:
wandb:      Coverage_Cumulative ▁▂▂▃▃▄▄▅▅▅▆▆▆▆▆▇▇▇▇█████████████████████
wandb: Coverage_Cumulative_Frac ▁▂▂▃▃▄▅▅▅▅▆▆▆▆▇▇▇▇▇█████████████████████
wandb:       Coverage_Window100 ▁▁▁▁▁▂▂▂▂▂▃▃▂▃▃▄▄▄▅▆▇▇▇▇▇▇▆▇▇▇█▇▇▇█▇▇█▇▇
wandb:                  Epsilon ██▇▇▇▆▆▆▅▅▅▄▄▄▃▃▂▂▂▂▁▁▁▁▁▁▁▁▁▁▁▁▁▁▁▁▁▁▁▁
wandb:                      Eta ▁▁▁▁▁▁▁▁▁▁▁▁▁▁▁▁▁▁▁▁▁▁▁▁▁▁▁▁▁▁▁▁▁▁▁▁▁▁▁▁
wandb:                     Game ▁▁▁▁▂▂▂▂▂▂▃▃▃▃▃▄▄▄▄▄▅▅▅▅▅▆▆▆▆▆▆▇▇▇▇▇▇███
wandb:         Intrinsic_Reward ▂▁▂▁▂▁▃▁▁▁▁▁▁▁▁▁▁▁▁▁▆▅▄▁▁█▂▆▁▆▁▁▇▁▂▇▃▅▅▁
wandb:               Mean_Score ▁▁▁▁▁▁▁▁▁▁▂▂▂▂▂▂▂▂▃▃▄▄▄▅▅▅▅▆▆▆▆▇▇▇▇▇▇███
wandb:                   Record ▁▁▁▁▁▂▂▂▂▂▂▂▂▃▃▃▃▃▅▅▇▇▇▇▇▇▇▇▇▇▇█████████
wandb:                    Score ▁▁▂▁▁▂▁▁▁▁▁▁▁▁▁▁▁▁▁▁▅▅▁▁▁▁▇▁▇▁▁▇▁▁▄▇▁█▇▁
wandb: 
wandb: Run summary:
wandb:      Coverage_Cumulative 4032
wandb: Coverage_Cumulative_Frac 0.98438
wandb:       Coverage_Window100 2411
wandb:                  Epsilon 0.02
wandb:                      Eta 0.1
wandb:                     Game 5000
wandb:         Intrinsic_Reward 0.01837
wandb:               Mean_Score 3.8536
wandb:                   Record 32
wandb:                    Score 0
wandb: 
wandb: You can sync this run to the cloud by running:
wandb: wandb sync /Users/saheb/home/rl-snake/wandb/offline-run-20260426_223818-xr8rz48r
wandb: Find logs at: ./wandb/offline-run-20260426_223818-xr8rz48r/logs
