/Users/saheb/home/rl-snake/.venv/lib/python3.9/site-packages/urllib3/__init__.py:35: NotOpenSSLWarning: urllib3 v2 only supports OpenSSL 1.1.1+, currently the 'ssl' module is compiled with 'LibreSSL 2.8.3'. See: https://github.com/urllib3/urllib3/issues/3020
  warnings.warn(
wandb: Tracking run with wandb version 0.26.0
wandb: W&B syncing is set to `offline` in this directory. Run `wandb online` or set WANDB_MODE=online to enable cloud syncing.
wandb: Run data is saved locally in /Users/saheb/home/rl-snake/wandb/offline-run-20260427_011759-ukzxs4xg
Starting ICM DQN Training (Dueling + 3-Step) on 10x10 Board...
Game 100 | Score: 0 | Record: 3 | Mean Score: 0.18 | Epsilon: 0.96 | Intrinsic: 0.011 | Eta: 0.10000
[coverage] Game 100 | unique_states_cumulative: 929/10000 (9.3%) | last100_unique: 929
Game 200 | Score: 0 | Record: 3 | Mean Score: 0.17 | Epsilon: 0.92 | Intrinsic: 0.005 | Eta: 0.10000
[coverage] Game 200 | unique_states_cumulative: 1556/10000 (15.6%) | last100_unique: 823
Game 300 | Score: 0 | Record: 3 | Mean Score: 0.15 | Epsilon: 0.88 | Intrinsic: 0.015 | Eta: 0.10000
[coverage] Game 300 | unique_states_cumulative: 1960/10000 (19.6%) | last100_unique: 785
Game 400 | Score: 0 | Record: 3 | Mean Score: 0.12 | Epsilon: 0.84 | Intrinsic: 0.005 | Eta: 0.10000
[coverage] Game 400 | unique_states_cumulative: 2295/10000 (22.9%) | last100_unique: 781
Game 500 | Score: 0 | Record: 3 | Mean Score: 0.12 | Epsilon: 0.80 | Intrinsic: 0.009 | Eta: 0.10000
[coverage] Game 500 | unique_states_cumulative: 2584/10000 (25.8%) | last100_unique: 763
Game 600 | Score: 0 | Record: 3 | Mean Score: 0.12 | Epsilon: 0.77 | Intrinsic: 0.001 | Eta: 0.10000
[coverage] Game 600 | unique_states_cumulative: 2869/10000 (28.7%) | last100_unique: 805
Game 700 | Score: 2 | Record: 3 | Mean Score: 0.14 | Epsilon: 0.73 | Intrinsic: 0.081 | Eta: 0.10000
[coverage] Game 700 | unique_states_cumulative: 3165/10000 (31.6%) | last100_unique: 815
Game 800 | Score: 0 | Record: 4 | Mean Score: 0.16 | Epsilon: 0.69 | Intrinsic: 0.001 | Eta: 0.10000
[coverage] Game 800 | unique_states_cumulative: 3507/10000 (35.1%) | last100_unique: 955
Game 900 | Score: 0 | Record: 4 | Mean Score: 0.19 | Epsilon: 0.65 | Intrinsic: 0.002 | Eta: 0.10000
[coverage] Game 900 | unique_states_cumulative: 3861/10000 (38.6%) | last100_unique: 1030
Game 1000 | Score: 3 | Record: 4 | Mean Score: 0.22 | Epsilon: 0.61 | Intrinsic: 0.131 | Eta: 0.10000
[coverage] Game 1000 | unique_states_cumulative: 4108/10000 (41.1%) | last100_unique: 915
Game 1100 | Score: 0 | Record: 4 | Mean Score: 0.23 | Epsilon: 0.57 | Intrinsic: 0.009 | Eta: 0.10000
[coverage] Game 1100 | unique_states_cumulative: 4380/10000 (43.8%) | last100_unique: 955
Game 1200 | Score: 0 | Record: 6 | Mean Score: 0.28 | Epsilon: 0.53 | Intrinsic: 0.003 | Eta: 0.10000
[coverage] Game 1200 | unique_states_cumulative: 4773/10000 (47.7%) | last100_unique: 1181
Game 1300 | Score: 4 | Record: 7 | Mean Score: 0.33 | Epsilon: 0.49 | Intrinsic: 0.100 | Eta: 0.10000
[coverage] Game 1300 | unique_states_cumulative: 5169/10000 (51.7%) | last100_unique: 1364
Game 1400 | Score: 0 | Record: 7 | Mean Score: 0.37 | Epsilon: 0.45 | Intrinsic: 0.004 | Eta: 0.10000
[coverage] Game 1400 | unique_states_cumulative: 5447/10000 (54.5%) | last100_unique: 1196
Game 1500 | Score: 0 | Record: 7 | Mean Score: 0.40 | Epsilon: 0.41 | Intrinsic: 0.008 | Eta: 0.10000
[coverage] Game 1500 | unique_states_cumulative: 5684/10000 (56.8%) | last100_unique: 1112
Game 1600 | Score: 6 | Record: 11 | Mean Score: 0.45 | Epsilon: 0.37 | Intrinsic: 0.172 | Eta: 0.10000
[coverage] Game 1600 | unique_states_cumulative: 6066/10000 (60.7%) | last100_unique: 1512
Game 1700 | Score: 0 | Record: 11 | Mean Score: 0.50 | Epsilon: 0.33 | Intrinsic: 0.004 | Eta: 0.10000
[coverage] Game 1700 | unique_states_cumulative: 6297/10000 (63.0%) | last100_unique: 1379
Game 1800 | Score: 9 | Record: 11 | Mean Score: 0.59 | Epsilon: 0.29 | Intrinsic: 0.227 | Eta: 0.10000
[coverage] Game 1800 | unique_states_cumulative: 6660/10000 (66.6%) | last100_unique: 1871
Game 1900 | Score: 0 | Record: 16 | Mean Score: 0.68 | Epsilon: 0.26 | Intrinsic: 0.008 | Eta: 0.10000
[coverage] Game 1900 | unique_states_cumulative: 7021/10000 (70.2%) | last100_unique: 1906
Game 2000 | Score: 0 | Record: 18 | Mean Score: 0.74 | Epsilon: 0.22 | Intrinsic: 0.001 | Eta: 0.10000
[coverage] Game 2000 | unique_states_cumulative: 7260/10000 (72.6%) | last100_unique: 1649
Game 2100 | Score: 3 | Record: 18 | Mean Score: 0.82 | Epsilon: 0.18 | Intrinsic: 0.077 | Eta: 0.10000
[coverage] Game 2100 | unique_states_cumulative: 7491/10000 (74.9%) | last100_unique: 1920
Game 2200 | Score: 0 | Record: 18 | Mean Score: 0.93 | Epsilon: 0.14 | Intrinsic: 0.011 | Eta: 0.10000
[coverage] Game 2200 | unique_states_cumulative: 7742/10000 (77.4%) | last100_unique: 2331
Game 2300 | Score: 0 | Record: 18 | Mean Score: 1.06 | Epsilon: 0.10 | Intrinsic: 0.000 | Eta: 0.10000
[coverage] Game 2300 | unique_states_cumulative: 8068/10000 (80.7%) | last100_unique: 2683
Game 2400 | Score: 0 | Record: 22 | Mean Score: 1.21 | Epsilon: 0.06 | Intrinsic: 0.006 | Eta: 0.10000
[coverage] Game 2400 | unique_states_cumulative: 8396/10000 (84.0%) | last100_unique: 2906
Game 2500 | Score: 13 | Record: 29 | Mean Score: 1.37 | Epsilon: 0.02 | Intrinsic: 0.313 | Eta: 0.10000
[coverage] Game 2500 | unique_states_cumulative: 8626/10000 (86.3%) | last100_unique: 2876
Game 2600 | Score: 0 | Record: 32 | Mean Score: 1.61 | Epsilon: 0.02 | Intrinsic: 0.002 | Eta: 0.10000
[coverage] Game 2600 | unique_states_cumulative: 8917/10000 (89.2%) | last100_unique: 3992
Game 2700 | Score: 14 | Record: 33 | Mean Score: 1.83 | Epsilon: 0.02 | Intrinsic: 0.250 | Eta: 0.10000
[coverage] Game 2700 | unique_states_cumulative: 9114/10000 (91.1%) | last100_unique: 3841
Game 2800 | Score: 0 | Record: 33 | Mean Score: 2.03 | Epsilon: 0.02 | Intrinsic: 0.003 | Eta: 0.10000
[coverage] Game 2800 | unique_states_cumulative: 9273/10000 (92.7%) | last100_unique: 3730
Game 2900 | Score: 12 | Record: 33 | Mean Score: 2.28 | Epsilon: 0.02 | Intrinsic: 0.250 | Eta: 0.10000
[coverage] Game 2900 | unique_states_cumulative: 9434/10000 (94.3%) | last100_unique: 4467
Game 3000 | Score: 8 | Record: 33 | Mean Score: 2.55 | Epsilon: 0.02 | Intrinsic: 0.123 | Eta: 0.10000
[coverage] Game 3000 | unique_states_cumulative: 9562/10000 (95.6%) | last100_unique: 4736
Game 3100 | Score: 15 | Record: 36 | Mean Score: 2.77 | Epsilon: 0.02 | Intrinsic: 0.233 | Eta: 0.10000
[coverage] Game 3100 | unique_states_cumulative: 9642/10000 (96.4%) | last100_unique: 4688
Game 3200 | Score: 0 | Record: 36 | Mean Score: 2.99 | Epsilon: 0.02 | Intrinsic: 0.016 | Eta: 0.10000
[coverage] Game 3200 | unique_states_cumulative: 9693/10000 (96.9%) | last100_unique: 4533
Game 3300 | Score: 2 | Record: 36 | Mean Score: 3.20 | Epsilon: 0.02 | Intrinsic: 0.019 | Eta: 0.10000
[coverage] Game 3300 | unique_states_cumulative: 9745/10000 (97.5%) | last100_unique: 4856
Game 3400 | Score: 0 | Record: 37 | Mean Score: 3.36 | Epsilon: 0.02 | Intrinsic: 0.001 | Eta: 0.10000
[coverage] Game 3400 | unique_states_cumulative: 9775/10000 (97.8%) | last100_unique: 4438
Game 3500 | Score: 35 | Record: 37 | Mean Score: 3.48 | Epsilon: 0.02 | Intrinsic: 0.921 | Eta: 0.10000
[coverage] Game 3500 | unique_states_cumulative: 9797/10000 (98.0%) | last100_unique: 4213
Game 3600 | Score: 0 | Record: 44 | Mean Score: 3.67 | Epsilon: 0.02 | Intrinsic: 0.003 | Eta: 0.10000
[coverage] Game 3600 | unique_states_cumulative: 9824/10000 (98.2%) | last100_unique: 4990
Game 3700 | Score: 0 | Record: 44 | Mean Score: 3.85 | Epsilon: 0.02 | Intrinsic: 0.005 | Eta: 0.10000
[coverage] Game 3700 | unique_states_cumulative: 9836/10000 (98.4%) | last100_unique: 4802
Game 3800 | Score: 35 | Record: 44 | Mean Score: 4.00 | Epsilon: 0.02 | Intrinsic: 1.037 | Eta: 0.10000
[coverage] Game 3800 | unique_states_cumulative: 9848/10000 (98.5%) | last100_unique: 4702
Game 3900 | Score: 22 | Record: 44 | Mean Score: 4.12 | Epsilon: 0.02 | Intrinsic: 0.472 | Eta: 0.10000
[coverage] Game 3900 | unique_states_cumulative: 9856/10000 (98.6%) | last100_unique: 4259
Game 4000 | Score: 13 | Record: 44 | Mean Score: 4.21 | Epsilon: 0.02 | Intrinsic: 0.163 | Eta: 0.10000
[coverage] Game 4000 | unique_states_cumulative: 9860/10000 (98.6%) | last100_unique: 4110
Game 4100 | Score: 0 | Record: 44 | Mean Score: 4.34 | Epsilon: 0.02 | Intrinsic: 0.000 | Eta: 0.10000
[coverage] Game 4100 | unique_states_cumulative: 9864/10000 (98.6%) | last100_unique: 4480
Game 4200 | Score: 0 | Record: 44 | Mean Score: 4.48 | Epsilon: 0.02 | Intrinsic: 0.002 | Eta: 0.10000
[coverage] Game 4200 | unique_states_cumulative: 9870/10000 (98.7%) | last100_unique: 4918
Game 4300 | Score: 30 | Record: 44 | Mean Score: 4.58 | Epsilon: 0.02 | Intrinsic: 0.968 | Eta: 0.10000
[coverage] Game 4300 | unique_states_cumulative: 9875/10000 (98.8%) | last100_unique: 4436
[Game 4375] Final LR cooldown applied → 1e-5
Game 4400 | Score: 28 | Record: 44 | Mean Score: 4.66 | Epsilon: 0.02 | Intrinsic: 0.572 | Eta: 0.10000
[coverage] Game 4400 | unique_states_cumulative: 9878/10000 (98.8%) | last100_unique: 4170
Game 4500 | Score: 15 | Record: 44 | Mean Score: 4.77 | Epsilon: 0.02 | Intrinsic: 0.236 | Eta: 0.10000
[coverage] Game 4500 | unique_states_cumulative: 9883/10000 (98.8%) | last100_unique: 4951
Game 4600 | Score: 0 | Record: 44 | Mean Score: 4.92 | Epsilon: 0.02 | Intrinsic: 0.004 | Eta: 0.10000
[coverage] Game 4600 | unique_states_cumulative: 9885/10000 (98.8%) | last100_unique: 5303
Game 4700 | Score: 0 | Record: 44 | Mean Score: 5.01 | Epsilon: 0.02 | Intrinsic: 0.002 | Eta: 0.10000
[coverage] Game 4700 | unique_states_cumulative: 9886/10000 (98.9%) | last100_unique: 4603
Game 4800 | Score: 0 | Record: 44 | Mean Score: 5.14 | Epsilon: 0.02 | Intrinsic: 0.002 | Eta: 0.10000
[coverage] Game 4800 | unique_states_cumulative: 9891/10000 (98.9%) | last100_unique: 5347
Game 4900 | Score: 30 | Record: 44 | Mean Score: 5.24 | Epsilon: 0.02 | Intrinsic: 0.593 | Eta: 0.10000
[coverage] Game 4900 | unique_states_cumulative: 9892/10000 (98.9%) | last100_unique: 4711
Game 5000 | Score: 0 | Record: 44 | Mean Score: 5.31 | Epsilon: 0.02 | Intrinsic: 0.000 | Eta: 0.10000
[coverage] Game 5000 | unique_states_cumulative: 9895/10000 (99.0%) | last100_unique: 4377

Training Complete!
Best Score: 44
Final Mean Score: 5.31
wandb: 
wandb: Run history:
wandb:      Coverage_Cumulative ▁▁▂▂▂▃▃▃▄▄▅▅▅▅▆▆▆▇▇▇▇███████████████████
wandb: Coverage_Cumulative_Frac ▁▁▂▂▂▃▃▃▃▄▄▅▅▅▅▆▆▇▇▇▇███████████████████
wandb:       Coverage_Window100 ▁▁▁▁▁▁▁▁▁▁▂▂▂▂▂▃▂▃▃▄▄▆▆▆▇▇▇▇▇▆▇▆▆▇▇▆▇█▇▇
wandb:                  Epsilon ██▇▇▇▆▆▆▅▅▅▄▄▄▃▃▂▂▂▂▁▁▁▁▁▁▁▁▁▁▁▁▁▁▁▁▁▁▁▁
wandb:                      Eta ▁▁▁▁▁▁▁▁▁▁▁▁▁▁▁▁▁▁▁▁▁▁▁▁▁▁▁▁▁▁▁▁▁▁▁▁▁▁▁▁
wandb:                     Game ▁▁▁▂▂▂▂▂▃▃▃▃▃▃▄▄▄▄▄▄▅▅▅▅▅▆▆▆▆▆▆▇▇▇▇▇▇███
wandb:         Intrinsic_Reward ▁▁▁▁▁▁▁▂▁▁▁▁▂▁▃▁▂▁▁▁▁▃▁▃▂▁▁▁▇▁█▄▂▁▁▅▃▁▁▅
wandb:               Mean_Score ▁▁▁▁▁▁▁▁▁▁▁▁▁▁▂▂▂▂▂▂▃▃▃▄▄▅▅▅▅▆▆▆▆▇▇▇▇▇██
wandb:                   Record ▁▁▁▁▁▁▁▁▁▁▂▂▂▂▂▃▄▄▄▄▅▆▆▆▆▇▇▇████████████
wandb:                    Score ▁▁▁▁▁▁▁▁▂▁▁▁▁▃▁▂▁▁▁▄▄▁▃▃▄▁▁█▁▁▅▄▁▁▇▄▁▁▁▁
wandb: 
wandb: Run summary:
wandb:      Coverage_Cumulative 9895
wandb: Coverage_Cumulative_Frac 0.9895
wandb:       Coverage_Window100 4377
wandb:                  Epsilon 0.02
wandb:                      Eta 0.1
wandb:                     Game 5000
wandb:         Intrinsic_Reward 0.00012
wandb:               Mean_Score 5.3128
wandb:                   Record 44
wandb:                    Score 0
wandb: 
wandb: You can sync this run to the cloud by running:
wandb: wandb sync /Users/saheb/home/rl-snake/wandb/offline-run-20260427_011759-ukzxs4xg
wandb: Find logs at: ./wandb/offline-run-20260427_011759-ukzxs4xg/logs
