/Users/saheb/home/rl-snake/.venv/lib/python3.9/site-packages/urllib3/__init__.py:35: NotOpenSSLWarning: urllib3 v2 only supports OpenSSL 1.1.1+, currently the 'ssl' module is compiled with 'LibreSSL 2.8.3'. See: https://github.com/urllib3/urllib3/issues/3020
  warnings.warn(
wandb: Tracking run with wandb version 0.26.0
wandb: W&B syncing is set to `offline` in this directory. Run `wandb online` or set WANDB_MODE=online to enable cloud syncing.
wandb: Run data is saved locally in /Users/saheb/home/rl-snake/wandb/offline-run-20260426_223819-u43t4zi9
Starting Baseline DQN Training (Dueling + 3-Step) on 8x8 Board...
Game 100 | Score: 0 | Record: 2 | Mean Score: 0.16 | Epsilon: 0.96 | Intrinsic: 0.000
[coverage] Game 100 | unique_states_cumulative: 590/4096 (14.4%) | last100_unique: 590
Game 200 | Score: 0 | Record: 2 | Mean Score: 0.14 | Epsilon: 0.92 | Intrinsic: 0.000
[coverage] Game 200 | unique_states_cumulative: 998/4096 (24.4%) | last100_unique: 623
Game 300 | Score: 0 | Record: 3 | Mean Score: 0.13 | Epsilon: 0.88 | Intrinsic: 0.000
[coverage] Game 300 | unique_states_cumulative: 1288/4096 (31.4%) | last100_unique: 654
Game 400 | Score: 0 | Record: 3 | Mean Score: 0.13 | Epsilon: 0.84 | Intrinsic: 0.000
[coverage] Game 400 | unique_states_cumulative: 1484/4096 (36.2%) | last100_unique: 651
Game 500 | Score: 0 | Record: 3 | Mean Score: 0.13 | Epsilon: 0.80 | Intrinsic: 0.000
[coverage] Game 500 | unique_states_cumulative: 1669/4096 (40.7%) | last100_unique: 733
Game 600 | Score: 0 | Record: 3 | Mean Score: 0.16 | Epsilon: 0.77 | Intrinsic: 0.000
[coverage] Game 600 | unique_states_cumulative: 1846/4096 (45.1%) | last100_unique: 740
Game 700 | Score: 0 | Record: 4 | Mean Score: 0.20 | Epsilon: 0.73 | Intrinsic: 0.000
[coverage] Game 700 | unique_states_cumulative: 2053/4096 (50.1%) | last100_unique: 826
Game 800 | Score: 0 | Record: 4 | Mean Score: 0.21 | Epsilon: 0.69 | Intrinsic: 0.000
[coverage] Game 800 | unique_states_cumulative: 2209/4096 (53.9%) | last100_unique: 844
Game 900 | Score: 3 | Record: 4 | Mean Score: 0.23 | Epsilon: 0.65 | Intrinsic: 0.000
[coverage] Game 900 | unique_states_cumulative: 2363/4096 (57.7%) | last100_unique: 834
Game 1000 | Score: 1 | Record: 4 | Mean Score: 0.26 | Epsilon: 0.61 | Intrinsic: 0.000
[coverage] Game 1000 | unique_states_cumulative: 2613/4096 (63.8%) | last100_unique: 1102
Game 1100 | Score: 0 | Record: 4 | Mean Score: 0.29 | Epsilon: 0.57 | Intrinsic: 0.000
[coverage] Game 1100 | unique_states_cumulative: 2750/4096 (67.1%) | last100_unique: 990
Game 1200 | Score: 0 | Record: 4 | Mean Score: 0.31 | Epsilon: 0.53 | Intrinsic: 0.000
[coverage] Game 1200 | unique_states_cumulative: 2866/4096 (70.0%) | last100_unique: 950
Game 1300 | Score: 0 | Record: 5 | Mean Score: 0.36 | Epsilon: 0.49 | Intrinsic: 0.000
[coverage] Game 1300 | unique_states_cumulative: 3000/4096 (73.2%) | last100_unique: 1085
Game 1400 | Score: 0 | Record: 6 | Mean Score: 0.40 | Epsilon: 0.45 | Intrinsic: 0.000
[coverage] Game 1400 | unique_states_cumulative: 3094/4096 (75.5%) | last100_unique: 996
Game 1500 | Score: 0 | Record: 8 | Mean Score: 0.44 | Epsilon: 0.41 | Intrinsic: 0.000
[coverage] Game 1500 | unique_states_cumulative: 3202/4096 (78.2%) | last100_unique: 1131
Game 1600 | Score: 1 | Record: 8 | Mean Score: 0.47 | Epsilon: 0.37 | Intrinsic: 0.000
[coverage] Game 1600 | unique_states_cumulative: 3300/4096 (80.6%) | last100_unique: 1162
Game 1700 | Score: 5 | Record: 8 | Mean Score: 0.54 | Epsilon: 0.33 | Intrinsic: 0.000
[coverage] Game 1700 | unique_states_cumulative: 3413/4096 (83.3%) | last100_unique: 1457
Game 1800 | Score: 9 | Record: 12 | Mean Score: 0.61 | Epsilon: 0.29 | Intrinsic: 0.000
[coverage] Game 1800 | unique_states_cumulative: 3511/4096 (85.7%) | last100_unique: 1398
Game 1900 | Score: 0 | Record: 12 | Mean Score: 0.67 | Epsilon: 0.26 | Intrinsic: 0.000
[coverage] Game 1900 | unique_states_cumulative: 3569/4096 (87.1%) | last100_unique: 1239
Game 2000 | Score: 4 | Record: 12 | Mean Score: 0.74 | Epsilon: 0.22 | Intrinsic: 0.000
[coverage] Game 2000 | unique_states_cumulative: 3636/4096 (88.8%) | last100_unique: 1430
Game 2100 | Score: 4 | Record: 12 | Mean Score: 0.81 | Epsilon: 0.18 | Intrinsic: 0.000
[coverage] Game 2100 | unique_states_cumulative: 3679/4096 (89.8%) | last100_unique: 1407
Game 2200 | Score: 0 | Record: 15 | Mean Score: 0.86 | Epsilon: 0.14 | Intrinsic: 0.000
[coverage] Game 2200 | unique_states_cumulative: 3734/4096 (91.2%) | last100_unique: 1463
Game 2300 | Score: 0 | Record: 17 | Mean Score: 0.96 | Epsilon: 0.10 | Intrinsic: 0.000
[coverage] Game 2300 | unique_states_cumulative: 3789/4096 (92.5%) | last100_unique: 1686
Game 2400 | Score: 0 | Record: 17 | Mean Score: 1.06 | Epsilon: 0.06 | Intrinsic: 0.000
[coverage] Game 2400 | unique_states_cumulative: 3843/4096 (93.8%) | last100_unique: 1812
Game 2500 | Score: 0 | Record: 22 | Mean Score: 1.26 | Epsilon: 0.02 | Intrinsic: 0.000
[coverage] Game 2500 | unique_states_cumulative: 3927/4096 (95.9%) | last100_unique: 2364
Game 2600 | Score: 1 | Record: 28 | Mean Score: 1.47 | Epsilon: 0.02 | Intrinsic: 0.000
[coverage] Game 2600 | unique_states_cumulative: 3963/4096 (96.8%) | last100_unique: 2401
Game 2700 | Score: 11 | Record: 30 | Mean Score: 1.62 | Epsilon: 0.02 | Intrinsic: 0.000
[coverage] Game 2700 | unique_states_cumulative: 3986/4096 (97.3%) | last100_unique: 2235
Game 2800 | Score: 15 | Record: 30 | Mean Score: 1.82 | Epsilon: 0.02 | Intrinsic: 0.000
[coverage] Game 2800 | unique_states_cumulative: 4006/4096 (97.8%) | last100_unique: 2549
Game 2900 | Score: 9 | Record: 30 | Mean Score: 1.92 | Epsilon: 0.02 | Intrinsic: 0.000
[coverage] Game 2900 | unique_states_cumulative: 4015/4096 (98.0%) | last100_unique: 2121
Game 3000 | Score: 14 | Record: 30 | Mean Score: 2.07 | Epsilon: 0.02 | Intrinsic: 0.000
[coverage] Game 3000 | unique_states_cumulative: 4020/4096 (98.1%) | last100_unique: 2385
Game 3100 | Score: 0 | Record: 30 | Mean Score: 2.20 | Epsilon: 0.02 | Intrinsic: 0.000
[coverage] Game 3100 | unique_states_cumulative: 4022/4096 (98.2%) | last100_unique: 2293
Game 3200 | Score: 0 | Record: 30 | Mean Score: 2.35 | Epsilon: 0.02 | Intrinsic: 0.000
[coverage] Game 3200 | unique_states_cumulative: 4024/4096 (98.2%) | last100_unique: 2617
Game 3300 | Score: 0 | Record: 30 | Mean Score: 2.46 | Epsilon: 0.02 | Intrinsic: 0.000
[coverage] Game 3300 | unique_states_cumulative: 4028/4096 (98.3%) | last100_unique: 2342
Game 3400 | Score: 0 | Record: 30 | Mean Score: 2.63 | Epsilon: 0.02 | Intrinsic: 0.000
[coverage] Game 3400 | unique_states_cumulative: 4029/4096 (98.4%) | last100_unique: 2731
Game 3500 | Score: 0 | Record: 30 | Mean Score: 2.75 | Epsilon: 0.02 | Intrinsic: 0.000
[coverage] Game 3500 | unique_states_cumulative: 4029/4096 (98.4%) | last100_unique: 2518
Game 3600 | Score: 26 | Record: 30 | Mean Score: 2.86 | Epsilon: 0.02 | Intrinsic: 0.000
[coverage] Game 3600 | unique_states_cumulative: 4031/4096 (98.4%) | last100_unique: 2543
Game 3700 | Score: 0 | Record: 30 | Mean Score: 2.95 | Epsilon: 0.02 | Intrinsic: 0.000
[coverage] Game 3700 | unique_states_cumulative: 4031/4096 (98.4%) | last100_unique: 2397
Game 3800 | Score: 6 | Record: 31 | Mean Score: 3.03 | Epsilon: 0.02 | Intrinsic: 0.000
[coverage] Game 3800 | unique_states_cumulative: 4031/4096 (98.4%) | last100_unique: 2447
Game 3900 | Score: 0 | Record: 31 | Mean Score: 3.15 | Epsilon: 0.02 | Intrinsic: 0.000
[coverage] Game 3900 | unique_states_cumulative: 4031/4096 (98.4%) | last100_unique: 2670
Game 4000 | Score: 0 | Record: 31 | Mean Score: 3.27 | Epsilon: 0.02 | Intrinsic: 0.000
[coverage] Game 4000 | unique_states_cumulative: 4032/4096 (98.4%) | last100_unique: 2730
Game 4100 | Score: 19 | Record: 31 | Mean Score: 3.35 | Epsilon: 0.02 | Intrinsic: 0.000
[coverage] Game 4100 | unique_states_cumulative: 4032/4096 (98.4%) | last100_unique: 2429
Game 4200 | Score: 0 | Record: 31 | Mean Score: 3.45 | Epsilon: 0.02 | Intrinsic: 0.000
[coverage] Game 4200 | unique_states_cumulative: 4032/4096 (98.4%) | last100_unique: 2618
Game 4300 | Score: 13 | Record: 31 | Mean Score: 3.53 | Epsilon: 0.02 | Intrinsic: 0.000
[coverage] Game 4300 | unique_states_cumulative: 4032/4096 (98.4%) | last100_unique: 2516
[Game 4375] Final LR cooldown applied → 1e-5
Game 4400 | Score: 17 | Record: 31 | Mean Score: 3.62 | Epsilon: 0.02 | Intrinsic: 0.000
[coverage] Game 4400 | unique_states_cumulative: 4032/4096 (98.4%) | last100_unique: 2519
Game 4500 | Score: 0 | Record: 33 | Mean Score: 3.69 | Epsilon: 0.02 | Intrinsic: 0.000
[coverage] Game 4500 | unique_states_cumulative: 4032/4096 (98.4%) | last100_unique: 2555
Game 4600 | Score: 0 | Record: 36 | Mean Score: 3.77 | Epsilon: 0.02 | Intrinsic: 0.000
[coverage] Game 4600 | unique_states_cumulative: 4032/4096 (98.4%) | last100_unique: 2709
Game 4700 | Score: 0 | Record: 36 | Mean Score: 3.84 | Epsilon: 0.02 | Intrinsic: 0.000
[coverage] Game 4700 | unique_states_cumulative: 4032/4096 (98.4%) | last100_unique: 2487
Game 4800 | Score: 29 | Record: 36 | Mean Score: 3.93 | Epsilon: 0.02 | Intrinsic: 0.000
[coverage] Game 4800 | unique_states_cumulative: 4032/4096 (98.4%) | last100_unique: 2700
Game 4900 | Score: 0 | Record: 36 | Mean Score: 4.00 | Epsilon: 0.02 | Intrinsic: 0.000
[coverage] Game 4900 | unique_states_cumulative: 4032/4096 (98.4%) | last100_unique: 2545
Game 5000 | Score: 21 | Record: 36 | Mean Score: 4.04 | Epsilon: 0.02 | Intrinsic: 0.000
[coverage] Game 5000 | unique_states_cumulative: 4032/4096 (98.4%) | last100_unique: 2289

Training Complete!
Best Score: 36
Final Mean Score: 4.04
wandb: 
wandb: Run history:
wandb:      Coverage_Cumulative ▁▂▂▃▃▄▄▅▅▅▆▆▇▇▇▇▇▇██████████████████████
wandb: Coverage_Cumulative_Frac ▁▂▂▃▃▄▄▅▅▅▆▆▆▇▇▇▇▇▇█████████████████████
wandb:       Coverage_Window100 ▁▁▁▁▁▂▂▃▂▂▂▃▃▄▄▄▄▄▅▅▇▆▇▆▇█▇█▇▇▇██▇█▇█▇█▇
wandb:                  Epsilon ██▇▇▇▆▆▆▅▅▅▄▄▄▃▃▂▂▂▁▁▁▁▁▁▁▁▁▁▁▁▁▁▁▁▁▁▁▁▁
wandb:                     Game ▁▁▁▁▂▂▂▂▂▂▃▃▃▃▃▄▄▄▄▄▅▅▅▅▅▅▆▆▆▆▆▆▇▇▇▇▇███
wandb:               Mean_Score ▁▁▁▁▁▁▁▁▁▁▁▂▂▂▂▂▂▂▂▃▃▄▄▄▅▅▅▆▆▆▆▇▇▇▇▇████
wandb:                   Record ▁▁▁▁▁▁▁▁▁▁▂▂▂▂▃▃▄▄▄▅▇▇▇▇▇▇▇▇▇▇▇▇▇▇▇▇████
wandb:                    Score ▁▁▁▁▁▁▂▁▁▁▁▁▁▂▃▂▂▁▁▁▄▅▃▄▁▁▁▁▇▁▁▁▆▁▄▁▁▁█▆
wandb: 
wandb: Run summary:
wandb:      Coverage_Cumulative 4032
wandb: Coverage_Cumulative_Frac 0.98438
wandb:       Coverage_Window100 2289
wandb:                  Epsilon 0.02
wandb:                     Game 5000
wandb:               Mean_Score 4.0444
wandb:                   Record 36
wandb:                    Score 21
wandb: 
wandb: You can sync this run to the cloud by running:
wandb: wandb sync /Users/saheb/home/rl-snake/wandb/offline-run-20260426_223819-u43t4zi9
wandb: Find logs at: ./wandb/offline-run-20260426_223819-u43t4zi9/logs
