/Users/saheb/home/rl-snake/.venv/lib/python3.9/site-packages/urllib3/__init__.py:35: NotOpenSSLWarning: urllib3 v2 only supports OpenSSL 1.1.1+, currently the 'ssl' module is compiled with 'LibreSSL 2.8.3'. See: https://github.com/urllib3/urllib3/issues/3020
  warnings.warn(
wandb: Tracking run with wandb version 0.26.0
wandb: W&B syncing is set to `offline` in this directory. Run `wandb online` or set WANDB_MODE=online to enable cloud syncing.
wandb: Run data is saved locally in /Users/saheb/home/rl-snake/wandb/offline-run-20260427_012958-0n2hke0b
Starting Baseline DQN Training (Dueling + 3-Step) on 10x10 Board...
Game 100 | Score: 0 | Record: 2 | Mean Score: 0.15 | Epsilon: 0.96 | Intrinsic: 0.000
[coverage] Game 100 | unique_states_cumulative: 948/10000 (9.5%) | last100_unique: 948
Game 200 | Score: 0 | Record: 2 | Mean Score: 0.12 | Epsilon: 0.92 | Intrinsic: 0.000
[coverage] Game 200 | unique_states_cumulative: 1689/10000 (16.9%) | last100_unique: 918
Game 300 | Score: 1 | Record: 2 | Mean Score: 0.12 | Epsilon: 0.88 | Intrinsic: 0.000
[coverage] Game 300 | unique_states_cumulative: 2150/10000 (21.5%) | last100_unique: 855
Game 400 | Score: 0 | Record: 3 | Mean Score: 0.14 | Epsilon: 0.84 | Intrinsic: 0.000
[coverage] Game 400 | unique_states_cumulative: 2610/10000 (26.1%) | last100_unique: 969
Game 500 | Score: 0 | Record: 3 | Mean Score: 0.16 | Epsilon: 0.80 | Intrinsic: 0.000
[coverage] Game 500 | unique_states_cumulative: 3041/10000 (30.4%) | last100_unique: 1089
Game 600 | Score: 0 | Record: 3 | Mean Score: 0.18 | Epsilon: 0.77 | Intrinsic: 0.000
[coverage] Game 600 | unique_states_cumulative: 3472/10000 (34.7%) | last100_unique: 1070
Game 700 | Score: 0 | Record: 3 | Mean Score: 0.18 | Epsilon: 0.73 | Intrinsic: 0.000
[coverage] Game 700 | unique_states_cumulative: 3747/10000 (37.5%) | last100_unique: 1071
Game 800 | Score: 0 | Record: 4 | Mean Score: 0.23 | Epsilon: 0.69 | Intrinsic: 0.000
[coverage] Game 800 | unique_states_cumulative: 4185/10000 (41.9%) | last100_unique: 1385
Game 900 | Score: 0 | Record: 4 | Mean Score: 0.26 | Epsilon: 0.65 | Intrinsic: 0.000
[coverage] Game 900 | unique_states_cumulative: 4543/10000 (45.4%) | last100_unique: 1291
Game 1000 | Score: 0 | Record: 5 | Mean Score: 0.28 | Epsilon: 0.61 | Intrinsic: 0.000
[coverage] Game 1000 | unique_states_cumulative: 4876/10000 (48.8%) | last100_unique: 1331
Game 1100 | Score: 0 | Record: 5 | Mean Score: 0.32 | Epsilon: 0.57 | Intrinsic: 0.000
[coverage] Game 1100 | unique_states_cumulative: 5267/10000 (52.7%) | last100_unique: 1604
Game 1200 | Score: 0 | Record: 5 | Mean Score: 0.36 | Epsilon: 0.53 | Intrinsic: 0.000
[coverage] Game 1200 | unique_states_cumulative: 5604/10000 (56.0%) | last100_unique: 1797
Game 1300 | Score: 0 | Record: 6 | Mean Score: 0.39 | Epsilon: 0.49 | Intrinsic: 0.000
[coverage] Game 1300 | unique_states_cumulative: 5951/10000 (59.5%) | last100_unique: 1627
Game 1400 | Score: 4 | Record: 6 | Mean Score: 0.42 | Epsilon: 0.45 | Intrinsic: 0.000
[coverage] Game 1400 | unique_states_cumulative: 6263/10000 (62.6%) | last100_unique: 1570
Game 1500 | Score: 0 | Record: 7 | Mean Score: 0.47 | Epsilon: 0.41 | Intrinsic: 0.000
[coverage] Game 1500 | unique_states_cumulative: 6568/10000 (65.7%) | last100_unique: 1924
Game 1600 | Score: 0 | Record: 12 | Mean Score: 0.52 | Epsilon: 0.37 | Intrinsic: 0.000
[coverage] Game 1600 | unique_states_cumulative: 6850/10000 (68.5%) | last100_unique: 1922
Game 1700 | Score: 2 | Record: 12 | Mean Score: 0.56 | Epsilon: 0.33 | Intrinsic: 0.000
[coverage] Game 1700 | unique_states_cumulative: 7065/10000 (70.7%) | last100_unique: 1744
Game 1800 | Score: 5 | Record: 14 | Mean Score: 0.62 | Epsilon: 0.29 | Intrinsic: 0.000
[coverage] Game 1800 | unique_states_cumulative: 7307/10000 (73.1%) | last100_unique: 2021
Game 1900 | Score: 4 | Record: 14 | Mean Score: 0.69 | Epsilon: 0.26 | Intrinsic: 0.000
[coverage] Game 1900 | unique_states_cumulative: 7576/10000 (75.8%) | last100_unique: 2241
Game 2000 | Score: 8 | Record: 14 | Mean Score: 0.75 | Epsilon: 0.22 | Intrinsic: 0.000
[coverage] Game 2000 | unique_states_cumulative: 7777/10000 (77.8%) | last100_unique: 2031
Game 2100 | Score: 7 | Record: 19 | Mean Score: 0.84 | Epsilon: 0.18 | Intrinsic: 0.000
[coverage] Game 2100 | unique_states_cumulative: 7953/10000 (79.5%) | last100_unique: 2336
Game 2200 | Score: 0 | Record: 19 | Mean Score: 0.94 | Epsilon: 0.14 | Intrinsic: 0.000
[coverage] Game 2200 | unique_states_cumulative: 8180/10000 (81.8%) | last100_unique: 2675
Game 2300 | Score: 0 | Record: 19 | Mean Score: 1.04 | Epsilon: 0.10 | Intrinsic: 0.000
[coverage] Game 2300 | unique_states_cumulative: 8389/10000 (83.9%) | last100_unique: 2666
Game 2400 | Score: 0 | Record: 23 | Mean Score: 1.15 | Epsilon: 0.06 | Intrinsic: 0.000
[coverage] Game 2400 | unique_states_cumulative: 8601/10000 (86.0%) | last100_unique: 2927
Game 2500 | Score: 4 | Record: 28 | Mean Score: 1.37 | Epsilon: 0.02 | Intrinsic: 0.000
[coverage] Game 2500 | unique_states_cumulative: 8891/10000 (88.9%) | last100_unique: 3855
Game 2600 | Score: 0 | Record: 34 | Mean Score: 1.52 | Epsilon: 0.02 | Intrinsic: 0.000
[coverage] Game 2600 | unique_states_cumulative: 9057/10000 (90.6%) | last100_unique: 3444
Game 2700 | Score: 0 | Record: 34 | Mean Score: 1.70 | Epsilon: 0.02 | Intrinsic: 0.000
[coverage] Game 2700 | unique_states_cumulative: 9215/10000 (92.2%) | last100_unique: 3812
Game 2800 | Score: 0 | Record: 34 | Mean Score: 1.87 | Epsilon: 0.02 | Intrinsic: 0.000
[coverage] Game 2800 | unique_states_cumulative: 9338/10000 (93.4%) | last100_unique: 3803
Game 2900 | Score: 0 | Record: 34 | Mean Score: 2.03 | Epsilon: 0.02 | Intrinsic: 0.000
[coverage] Game 2900 | unique_states_cumulative: 9455/10000 (94.5%) | last100_unique: 3765
Game 3000 | Score: 0 | Record: 34 | Mean Score: 2.22 | Epsilon: 0.02 | Intrinsic: 0.000
[coverage] Game 3000 | unique_states_cumulative: 9552/10000 (95.5%) | last100_unique: 4215
Game 3100 | Score: 0 | Record: 34 | Mean Score: 2.33 | Epsilon: 0.02 | Intrinsic: 0.000
[coverage] Game 3100 | unique_states_cumulative: 9611/10000 (96.1%) | last100_unique: 3511
Game 3200 | Score: 17 | Record: 34 | Mean Score: 2.49 | Epsilon: 0.02 | Intrinsic: 0.000
[coverage] Game 3200 | unique_states_cumulative: 9660/10000 (96.6%) | last100_unique: 3937
Game 3300 | Score: 15 | Record: 34 | Mean Score: 2.63 | Epsilon: 0.02 | Intrinsic: 0.000
[coverage] Game 3300 | unique_states_cumulative: 9731/10000 (97.3%) | last100_unique: 4192
Game 3400 | Score: 0 | Record: 34 | Mean Score: 2.73 | Epsilon: 0.02 | Intrinsic: 0.000
[coverage] Game 3400 | unique_states_cumulative: 9754/10000 (97.5%) | last100_unique: 3732
Game 3500 | Score: 0 | Record: 34 | Mean Score: 2.86 | Epsilon: 0.02 | Intrinsic: 0.000
[coverage] Game 3500 | unique_states_cumulative: 9777/10000 (97.8%) | last100_unique: 4045
Game 3600 | Score: 6 | Record: 34 | Mean Score: 2.99 | Epsilon: 0.02 | Intrinsic: 0.000
[coverage] Game 3600 | unique_states_cumulative: 9805/10000 (98.0%) | last100_unique: 4149
Game 3700 | Score: 0 | Record: 34 | Mean Score: 3.11 | Epsilon: 0.02 | Intrinsic: 0.000
[coverage] Game 3700 | unique_states_cumulative: 9822/10000 (98.2%) | last100_unique: 4234
Game 3800 | Score: 17 | Record: 34 | Mean Score: 3.23 | Epsilon: 0.02 | Intrinsic: 0.000
[coverage] Game 3800 | unique_states_cumulative: 9838/10000 (98.4%) | last100_unique: 4175
Game 3900 | Score: 23 | Record: 34 | Mean Score: 3.37 | Epsilon: 0.02 | Intrinsic: 0.000
[coverage] Game 3900 | unique_states_cumulative: 9850/10000 (98.5%) | last100_unique: 4460
Game 4000 | Score: 15 | Record: 34 | Mean Score: 3.43 | Epsilon: 0.02 | Intrinsic: 0.000
[coverage] Game 4000 | unique_states_cumulative: 9861/10000 (98.6%) | last100_unique: 3790
Game 4100 | Score: 9 | Record: 34 | Mean Score: 3.51 | Epsilon: 0.02 | Intrinsic: 0.000
[coverage] Game 4100 | unique_states_cumulative: 9865/10000 (98.7%) | last100_unique: 3837
Game 4200 | Score: 8 | Record: 34 | Mean Score: 3.58 | Epsilon: 0.02 | Intrinsic: 0.000
[coverage] Game 4200 | unique_states_cumulative: 9872/10000 (98.7%) | last100_unique: 3737
Game 4300 | Score: 0 | Record: 34 | Mean Score: 3.63 | Epsilon: 0.02 | Intrinsic: 0.000
[coverage] Game 4300 | unique_states_cumulative: 9876/10000 (98.8%) | last100_unique: 3614
[Game 4375] Final LR cooldown applied → 1e-5
Game 4400 | Score: 28 | Record: 34 | Mean Score: 3.71 | Epsilon: 0.02 | Intrinsic: 0.000
[coverage] Game 4400 | unique_states_cumulative: 9882/10000 (98.8%) | last100_unique: 4069
Game 4500 | Score: 0 | Record: 34 | Mean Score: 3.77 | Epsilon: 0.02 | Intrinsic: 0.000
[coverage] Game 4500 | unique_states_cumulative: 9884/10000 (98.8%) | last100_unique: 3854
Game 4600 | Score: 9 | Record: 34 | Mean Score: 3.85 | Epsilon: 0.02 | Intrinsic: 0.000
[coverage] Game 4600 | unique_states_cumulative: 9888/10000 (98.9%) | last100_unique: 4006
Game 4700 | Score: 23 | Record: 34 | Mean Score: 3.96 | Epsilon: 0.02 | Intrinsic: 0.000
[coverage] Game 4700 | unique_states_cumulative: 9891/10000 (98.9%) | last100_unique: 4474
Game 4800 | Score: 26 | Record: 36 | Mean Score: 4.08 | Epsilon: 0.02 | Intrinsic: 0.000
[coverage] Game 4800 | unique_states_cumulative: 9893/10000 (98.9%) | last100_unique: 4745
Game 4900 | Score: 18 | Record: 36 | Mean Score: 4.20 | Epsilon: 0.02 | Intrinsic: 0.000
[coverage] Game 4900 | unique_states_cumulative: 9893/10000 (98.9%) | last100_unique: 4794
Game 5000 | Score: 17 | Record: 38 | Mean Score: 4.29 | Epsilon: 0.02 | Intrinsic: 0.000
[coverage] Game 5000 | unique_states_cumulative: 9893/10000 (98.9%) | last100_unique: 4438

Training Complete!
Best Score: 38
Final Mean Score: 4.29
wandb: 
wandb: Run history:
wandb:      Coverage_Cumulative ▁▂▂▂▃▃▄▄▄▅▅▅▆▆▆▆▆▇▇▇▇▇██████████████████
wandb: Coverage_Cumulative_Frac ▁▂▂▂▃▃▄▄▄▄▅▅▅▆▆▆▆▇▇▇▇▇██████████████████
wandb:       Coverage_Window100 ▁▁▁▁▁▁▂▂▂▃▂▃▃▃▃▃▄▄▄▅▆▆▆▇▆▇▆▇▇▇▇▆▆▆▆▆▇██▇
wandb:                  Epsilon ██▇▇▇▆▆▆▅▅▅▄▄▄▃▃▂▂▂▂▁▁▁▁▁▁▁▁▁▁▁▁▁▁▁▁▁▁▁▁
wandb:                     Game ▁▁▁▁▂▂▂▂▂▃▃▃▃▃▃▄▄▄▄▄▅▅▅▅▅▅▆▆▆▆▆▇▇▇▇▇▇███
wandb:               Mean_Score ▁▁▁▁▁▁▁▁▁▁▁▂▂▂▂▂▂▂▂▃▃▃▄▄▄▅▅▅▆▆▆▆▇▇▇▇▇▇██
wandb:                   Record ▁▁▁▁▁▁▁▁▂▂▂▂▃▃▃▄▄▄▅▆▇▇▇▇▇▇▇▇▇▇▇▇▇▇▇▇▇▇██
wandb:                    Score ▁▁▁▁▁▁▁▁▁▁▁▂▁▂▂▃▃▁▁▁▁▁▁▁▁▆▅▁▃▁▇▅▃▃▁▁▃▇█▆
wandb: 
wandb: Run summary:
wandb:      Coverage_Cumulative 9893
wandb: Coverage_Cumulative_Frac 0.9893
wandb:       Coverage_Window100 4438
wandb:                  Epsilon 0.02
wandb:                     Game 5000
wandb:               Mean_Score 4.2862
wandb:                   Record 38
wandb:                    Score 17
wandb: 
wandb: You can sync this run to the cloud by running:
wandb: wandb sync /Users/saheb/home/rl-snake/wandb/offline-run-20260427_012958-0n2hke0b
wandb: Find logs at: ./wandb/offline-run-20260427_012958-0n2hke0b/logs
