/Users/saheb/home/rl-snake/.venv/lib/python3.9/site-packages/urllib3/__init__.py:35: NotOpenSSLWarning: urllib3 v2 only supports OpenSSL 1.1.1+, currently the 'ssl' module is compiled with 'LibreSSL 2.8.3'. See: https://github.com/urllib3/urllib3/issues/3020
  warnings.warn(
wandb: Tracking run with wandb version 0.26.0
wandb: W&B syncing is set to `offline` in this directory. Run `wandb online` or set WANDB_MODE=online to enable cloud syncing.
wandb: Run data is saved locally in /Users/saheb/home/rl-snake/wandb/offline-run-20260427_013824-gduzjmqi
Starting ICM DQN Training (Dueling + 3-Step) on 10x10 Board...
Game 100 | Score: 0 | Record: 2 | Mean Score: 0.13 | Epsilon: 0.96 | Intrinsic: 0.007 | Eta: 0.10000
[coverage] Game 100 | unique_states_cumulative: 969/10000 (9.7%) | last100_unique: 969
Game 200 | Score: 0 | Record: 3 | Mean Score: 0.14 | Epsilon: 0.92 | Intrinsic: 0.010 | Eta: 0.10000
[coverage] Game 200 | unique_states_cumulative: 1635/10000 (16.4%) | last100_unique: 924
Game 300 | Score: 0 | Record: 3 | Mean Score: 0.14 | Epsilon: 0.88 | Intrinsic: 0.004 | Eta: 0.10000
[coverage] Game 300 | unique_states_cumulative: 2206/10000 (22.1%) | last100_unique: 948
Game 400 | Score: 0 | Record: 3 | Mean Score: 0.14 | Epsilon: 0.84 | Intrinsic: 0.019 | Eta: 0.10000
[coverage] Game 400 | unique_states_cumulative: 2679/10000 (26.8%) | last100_unique: 970
Game 500 | Score: 0 | Record: 3 | Mean Score: 0.14 | Epsilon: 0.80 | Intrinsic: 0.008 | Eta: 0.10000
[coverage] Game 500 | unique_states_cumulative: 3067/10000 (30.7%) | last100_unique: 931
Game 600 | Score: 0 | Record: 3 | Mean Score: 0.16 | Epsilon: 0.77 | Intrinsic: 0.020 | Eta: 0.10000
[coverage] Game 600 | unique_states_cumulative: 3467/10000 (34.7%) | last100_unique: 1140
Game 700 | Score: 0 | Record: 3 | Mean Score: 0.17 | Epsilon: 0.73 | Intrinsic: 0.016 | Eta: 0.10000
[coverage] Game 700 | unique_states_cumulative: 3797/10000 (38.0%) | last100_unique: 1050
Game 800 | Score: 0 | Record: 4 | Mean Score: 0.18 | Epsilon: 0.69 | Intrinsic: 0.014 | Eta: 0.10000
[coverage] Game 800 | unique_states_cumulative: 4117/10000 (41.2%) | last100_unique: 1248
Game 900 | Score: 0 | Record: 4 | Mean Score: 0.20 | Epsilon: 0.65 | Intrinsic: 0.007 | Eta: 0.10000
[coverage] Game 900 | unique_states_cumulative: 4551/10000 (45.5%) | last100_unique: 1341
Game 1000 | Score: 0 | Record: 4 | Mean Score: 0.22 | Epsilon: 0.61 | Intrinsic: 0.008 | Eta: 0.10000
[coverage] Game 1000 | unique_states_cumulative: 4936/10000 (49.4%) | last100_unique: 1474
Game 1100 | Score: 0 | Record: 4 | Mean Score: 0.25 | Epsilon: 0.57 | Intrinsic: 0.008 | Eta: 0.10000
[coverage] Game 1100 | unique_states_cumulative: 5323/10000 (53.2%) | last100_unique: 1458
Game 1200 | Score: 3 | Record: 4 | Mean Score: 0.28 | Epsilon: 0.53 | Intrinsic: 0.102 | Eta: 0.10000
[coverage] Game 1200 | unique_states_cumulative: 5670/10000 (56.7%) | last100_unique: 1602
Game 1300 | Score: 0 | Record: 5 | Mean Score: 0.32 | Epsilon: 0.49 | Intrinsic: 0.005 | Eta: 0.10000
[coverage] Game 1300 | unique_states_cumulative: 5984/10000 (59.8%) | last100_unique: 1776
Game 1400 | Score: 0 | Record: 5 | Mean Score: 0.36 | Epsilon: 0.45 | Intrinsic: 0.001 | Eta: 0.10000
[coverage] Game 1400 | unique_states_cumulative: 6188/10000 (61.9%) | last100_unique: 1473
Game 1500 | Score: 1 | Record: 9 | Mean Score: 0.39 | Epsilon: 0.41 | Intrinsic: 0.090 | Eta: 0.10000
[coverage] Game 1500 | unique_states_cumulative: 6386/10000 (63.9%) | last100_unique: 1622
Game 1600 | Score: 0 | Record: 9 | Mean Score: 0.44 | Epsilon: 0.37 | Intrinsic: 0.017 | Eta: 0.10000
[coverage] Game 1600 | unique_states_cumulative: 6613/10000 (66.1%) | last100_unique: 1788
Game 1700 | Score: 4 | Record: 9 | Mean Score: 0.51 | Epsilon: 0.33 | Intrinsic: 0.114 | Eta: 0.10000
[coverage] Game 1700 | unique_states_cumulative: 6867/10000 (68.7%) | last100_unique: 1985
Game 1800 | Score: 0 | Record: 9 | Mean Score: 0.57 | Epsilon: 0.29 | Intrinsic: 0.020 | Eta: 0.10000
[coverage] Game 1800 | unique_states_cumulative: 7083/10000 (70.8%) | last100_unique: 1977
Game 1900 | Score: 0 | Record: 9 | Mean Score: 0.64 | Epsilon: 0.26 | Intrinsic: 0.010 | Eta: 0.10000
[coverage] Game 1900 | unique_states_cumulative: 7307/10000 (73.1%) | last100_unique: 2080
Game 2000 | Score: 0 | Record: 10 | Mean Score: 0.70 | Epsilon: 0.22 | Intrinsic: 0.014 | Eta: 0.10000
[coverage] Game 2000 | unique_states_cumulative: 7548/10000 (75.5%) | last100_unique: 2120
Game 2100 | Score: 0 | Record: 10 | Mean Score: 0.77 | Epsilon: 0.18 | Intrinsic: 0.005 | Eta: 0.10000
[coverage] Game 2100 | unique_states_cumulative: 7763/10000 (77.6%) | last100_unique: 2198
Game 2200 | Score: 0 | Record: 19 | Mean Score: 0.86 | Epsilon: 0.14 | Intrinsic: 0.012 | Eta: 0.10000
[coverage] Game 2200 | unique_states_cumulative: 7996/10000 (80.0%) | last100_unique: 2439
Game 2300 | Score: 0 | Record: 20 | Mean Score: 1.03 | Epsilon: 0.10 | Intrinsic: 0.039 | Eta: 0.10000
[coverage] Game 2300 | unique_states_cumulative: 8326/10000 (83.3%) | last100_unique: 3198
Game 2400 | Score: 0 | Record: 24 | Mean Score: 1.18 | Epsilon: 0.06 | Intrinsic: 0.028 | Eta: 0.10000
[coverage] Game 2400 | unique_states_cumulative: 8554/10000 (85.5%) | last100_unique: 3096
Game 2500 | Score: 0 | Record: 27 | Mean Score: 1.41 | Epsilon: 0.02 | Intrinsic: 0.006 | Eta: 0.10000
[coverage] Game 2500 | unique_states_cumulative: 8838/10000 (88.4%) | last100_unique: 3917
Game 2600 | Score: 13 | Record: 27 | Mean Score: 1.58 | Epsilon: 0.02 | Intrinsic: 0.380 | Eta: 0.10000
[coverage] Game 2600 | unique_states_cumulative: 9049/10000 (90.5%) | last100_unique: 3597
Game 2700 | Score: 13 | Record: 27 | Mean Score: 1.75 | Epsilon: 0.02 | Intrinsic: 0.484 | Eta: 0.10000
[coverage] Game 2700 | unique_states_cumulative: 9177/10000 (91.8%) | last100_unique: 3682
Game 2800 | Score: 0 | Record: 30 | Mean Score: 1.87 | Epsilon: 0.02 | Intrinsic: 0.056 | Eta: 0.10000
[coverage] Game 2800 | unique_states_cumulative: 9306/10000 (93.1%) | last100_unique: 3421
Game 2900 | Score: 4 | Record: 32 | Mean Score: 2.07 | Epsilon: 0.02 | Intrinsic: 0.154 | Eta: 0.10000
[coverage] Game 2900 | unique_states_cumulative: 9464/10000 (94.6%) | last100_unique: 4202
Game 3000 | Score: 14 | Record: 35 | Mean Score: 2.19 | Epsilon: 0.02 | Intrinsic: 0.429 | Eta: 0.10000
[coverage] Game 3000 | unique_states_cumulative: 9565/10000 (95.7%) | last100_unique: 3870
Game 3100 | Score: 21 | Record: 35 | Mean Score: 2.35 | Epsilon: 0.02 | Intrinsic: 0.597 | Eta: 0.10000
[coverage] Game 3100 | unique_states_cumulative: 9636/10000 (96.4%) | last100_unique: 4015
Game 3200 | Score: 0 | Record: 35 | Mean Score: 2.50 | Epsilon: 0.02 | Intrinsic: 0.019 | Eta: 0.10000
[coverage] Game 3200 | unique_states_cumulative: 9683/10000 (96.8%) | last100_unique: 4086
Game 3300 | Score: 0 | Record: 35 | Mean Score: 2.63 | Epsilon: 0.02 | Intrinsic: 0.034 | Eta: 0.10000
[coverage] Game 3300 | unique_states_cumulative: 9710/10000 (97.1%) | last100_unique: 3955
Game 3400 | Score: 5 | Record: 35 | Mean Score: 2.77 | Epsilon: 0.02 | Intrinsic: 0.193 | Eta: 0.10000
[coverage] Game 3400 | unique_states_cumulative: 9751/10000 (97.5%) | last100_unique: 4098
Game 3500 | Score: 0 | Record: 35 | Mean Score: 2.90 | Epsilon: 0.02 | Intrinsic: 0.018 | Eta: 0.10000
[coverage] Game 3500 | unique_states_cumulative: 9778/10000 (97.8%) | last100_unique: 4281
Game 3600 | Score: 26 | Record: 35 | Mean Score: 3.02 | Epsilon: 0.02 | Intrinsic: 0.717 | Eta: 0.10000
[coverage] Game 3600 | unique_states_cumulative: 9792/10000 (97.9%) | last100_unique: 4130
Game 3700 | Score: 0 | Record: 35 | Mean Score: 3.13 | Epsilon: 0.02 | Intrinsic: 0.083 | Eta: 0.10000
[coverage] Game 3700 | unique_states_cumulative: 9813/10000 (98.1%) | last100_unique: 3855
Game 3800 | Score: 19 | Record: 37 | Mean Score: 3.26 | Epsilon: 0.02 | Intrinsic: 0.490 | Eta: 0.10000
[coverage] Game 3800 | unique_states_cumulative: 9823/10000 (98.2%) | last100_unique: 4284
Game 3900 | Score: 0 | Record: 37 | Mean Score: 3.30 | Epsilon: 0.02 | Intrinsic: 0.013 | Eta: 0.10000
[coverage] Game 3900 | unique_states_cumulative: 9831/10000 (98.3%) | last100_unique: 3229
Game 4000 | Score: 0 | Record: 37 | Mean Score: 3.42 | Epsilon: 0.02 | Intrinsic: 0.044 | Eta: 0.10000
[coverage] Game 4000 | unique_states_cumulative: 9845/10000 (98.5%) | last100_unique: 4459
Game 4100 | Score: 15 | Record: 37 | Mean Score: 3.50 | Epsilon: 0.02 | Intrinsic: 0.370 | Eta: 0.10000
[coverage] Game 4100 | unique_states_cumulative: 9851/10000 (98.5%) | last100_unique: 3670
Game 4200 | Score: 12 | Record: 37 | Mean Score: 3.61 | Epsilon: 0.02 | Intrinsic: 0.262 | Eta: 0.10000
[coverage] Game 4200 | unique_states_cumulative: 9855/10000 (98.5%) | last100_unique: 4432
Game 4300 | Score: 0 | Record: 37 | Mean Score: 3.72 | Epsilon: 0.02 | Intrinsic: 0.043 | Eta: 0.10000
[coverage] Game 4300 | unique_states_cumulative: 9863/10000 (98.6%) | last100_unique: 4538
[Game 4375] Final LR cooldown applied → 1e-5
Game 4400 | Score: 0 | Record: 37 | Mean Score: 3.85 | Epsilon: 0.02 | Intrinsic: 0.167 | Eta: 0.10000
[coverage] Game 4400 | unique_states_cumulative: 9871/10000 (98.7%) | last100_unique: 4903
Game 4500 | Score: 0 | Record: 37 | Mean Score: 3.93 | Epsilon: 0.02 | Intrinsic: 0.610 | Eta: 0.10000
[coverage] Game 4500 | unique_states_cumulative: 9878/10000 (98.8%) | last100_unique: 4128
Game 4600 | Score: 0 | Record: 37 | Mean Score: 4.00 | Epsilon: 0.02 | Intrinsic: 0.310 | Eta: 0.10000
[coverage] Game 4600 | unique_states_cumulative: 9883/10000 (98.8%) | last100_unique: 3875
Game 4700 | Score: 15 | Record: 37 | Mean Score: 4.07 | Epsilon: 0.02 | Intrinsic: 0.195 | Eta: 0.10000
[coverage] Game 4700 | unique_states_cumulative: 9884/10000 (98.8%) | last100_unique: 3929
Game 4800 | Score: 0 | Record: 37 | Mean Score: 4.15 | Epsilon: 0.02 | Intrinsic: 0.210 | Eta: 0.10000
[coverage] Game 4800 | unique_states_cumulative: 9885/10000 (98.8%) | last100_unique: 3912
Game 4900 | Score: 0 | Record: 37 | Mean Score: 4.24 | Epsilon: 0.02 | Intrinsic: 0.508 | Eta: 0.10000
[coverage] Game 4900 | unique_states_cumulative: 9886/10000 (98.9%) | last100_unique: 4215
Game 5000 | Score: 0 | Record: 37 | Mean Score: 4.32 | Epsilon: 0.02 | Intrinsic: 0.100 | Eta: 0.10000
[coverage] Game 5000 | unique_states_cumulative: 9891/10000 (98.9%) | last100_unique: 4134

Training Complete!
Best Score: 37
Final Mean Score: 4.32
wandb: 
wandb: Run history:
wandb:      Coverage_Cumulative ▁▂▂▂▃▃▄▄▄▅▅▅▅▆▆▆▆▇▇▇▇▇██████████████████
wandb: Coverage_Cumulative_Frac ▁▂▂▂▃▃▄▄▄▅▅▅▅▆▆▆▆▇▇▇▇▇██████████████████
wandb:       Coverage_Window100 ▁▁▁▁▁▁▂▂▂▂▂▂▃▃▃▃▃▄▅▅▆▆▆▇▇▇▇█▇▇▅█▆██▇▇▇▇▇
wandb:                  Epsilon ██▇▇▇▆▆▆▅▅▅▄▄▃▃▂▂▂▂▁▁▁▁▁▁▁▁▁▁▁▁▁▁▁▁▁▁▁▁▁
wandb:                      Eta ▁▁▁▁▁▁▁▁▁▁▁▁▁▁▁▁▁▁▁▁▁▁▁▁▁▁▁▁▁▁▁▁▁▁▁▁▁▁▁▁
wandb:                     Game ▁▁▁▂▂▂▂▂▂▃▃▃▃▃▃▄▄▄▄▄▅▅▅▅▅▆▆▆▆▆▆▇▇▇▇▇▇███
wandb:         Intrinsic_Reward ▁▁▁▁▁▁▁▁▁▁▁▂▁▂▁▁▁▁▁▁▆▂▂▅▇▁▃▁█▂▁▁▅▄▁▇▄▃▃▂
wandb:               Mean_Score ▁▁▁▁▁▁▁▁▁▁▁▁▂▂▂▂▂▂▂▃▃▄▄▄▄▅▅▆▆▆▆▆▇▇▇▇▇███
wandb:                   Record ▁▁▁▁▁▁▁▁▁▁▂▂▂▂▂▃▃▄▅▅▆▆▇▇████████████████
wandb:                    Score ▁▁▁▁▁▁▁▁▁▁▁▁▁▁▂▁▁▁▁▁▅▅▁▂▇▁▂▁█▁▁▁▅▄▁▁▁▅▁▁
wandb: 
wandb: Run summary:
wandb:      Coverage_Cumulative 9891
wandb: Coverage_Cumulative_Frac 0.9891
wandb:       Coverage_Window100 4134
wandb:                  Epsilon 0.02
wandb:                      Eta 0.1
wandb:                     Game 5000
wandb:         Intrinsic_Reward 0.10044
wandb:               Mean_Score 4.323
wandb:                   Record 37
wandb:                    Score 0
wandb: 
wandb: You can sync this run to the cloud by running:
wandb: wandb sync /Users/saheb/home/rl-snake/wandb/offline-run-20260427_013824-gduzjmqi
wandb: Find logs at: ./wandb/offline-run-20260427_013824-gduzjmqi/logs
