/Users/saheb/home/rl-snake/.venv/lib/python3.9/site-packages/urllib3/__init__.py:35: NotOpenSSLWarning: urllib3 v2 only supports OpenSSL 1.1.1+, currently the 'ssl' module is compiled with 'LibreSSL 2.8.3'. See: https://github.com/urllib3/urllib3/issues/3020
  warnings.warn(
wandb: Tracking run with wandb version 0.26.0
wandb: W&B syncing is set to `offline` in this directory. Run `wandb online` or set WANDB_MODE=online to enable cloud syncing.
wandb: Run data is saved locally in /Users/saheb/home/rl-snake/wandb/offline-run-20260427_020448-bdadfo7h
Starting Baseline DQN Training (Dueling + 3-Step) on 10x10 Board...
Game 100 | Score: 0 | Record: 1 | Mean Score: 0.11 | Epsilon: 0.96 | Intrinsic: 0.000
[coverage] Game 100 | unique_states_cumulative: 925/10000 (9.2%) | last100_unique: 925
Game 200 | Score: 0 | Record: 2 | Mean Score: 0.12 | Epsilon: 0.92 | Intrinsic: 0.000
[coverage] Game 200 | unique_states_cumulative: 1627/10000 (16.3%) | last100_unique: 926
Game 300 | Score: 0 | Record: 2 | Mean Score: 0.11 | Epsilon: 0.88 | Intrinsic: 0.000
[coverage] Game 300 | unique_states_cumulative: 2124/10000 (21.2%) | last100_unique: 895
Game 400 | Score: 0 | Record: 2 | Mean Score: 0.13 | Epsilon: 0.84 | Intrinsic: 0.000
[coverage] Game 400 | unique_states_cumulative: 2668/10000 (26.7%) | last100_unique: 1050
Game 500 | Score: 0 | Record: 3 | Mean Score: 0.14 | Epsilon: 0.80 | Intrinsic: 0.000
[coverage] Game 500 | unique_states_cumulative: 3069/10000 (30.7%) | last100_unique: 1035
Game 600 | Score: 1 | Record: 3 | Mean Score: 0.17 | Epsilon: 0.77 | Intrinsic: 0.000
[coverage] Game 600 | unique_states_cumulative: 3511/10000 (35.1%) | last100_unique: 1162
Game 700 | Score: 3 | Record: 4 | Mean Score: 0.19 | Epsilon: 0.73 | Intrinsic: 0.000
[coverage] Game 700 | unique_states_cumulative: 3824/10000 (38.2%) | last100_unique: 1138
Game 800 | Score: 3 | Record: 4 | Mean Score: 0.21 | Epsilon: 0.69 | Intrinsic: 0.000
[coverage] Game 800 | unique_states_cumulative: 4166/10000 (41.7%) | last100_unique: 1208
Game 900 | Score: 0 | Record: 4 | Mean Score: 0.22 | Epsilon: 0.65 | Intrinsic: 0.000
[coverage] Game 900 | unique_states_cumulative: 4441/10000 (44.4%) | last100_unique: 1172
Game 1000 | Score: 0 | Record: 5 | Mean Score: 0.26 | Epsilon: 0.61 | Intrinsic: 0.000
[coverage] Game 1000 | unique_states_cumulative: 4973/10000 (49.7%) | last100_unique: 1649
Game 1100 | Score: 3 | Record: 5 | Mean Score: 0.31 | Epsilon: 0.57 | Intrinsic: 0.000
[coverage] Game 1100 | unique_states_cumulative: 5370/10000 (53.7%) | last100_unique: 1670
Game 1200 | Score: 0 | Record: 5 | Mean Score: 0.34 | Epsilon: 0.53 | Intrinsic: 0.000
[coverage] Game 1200 | unique_states_cumulative: 5724/10000 (57.2%) | last100_unique: 1551
Game 1300 | Score: 0 | Record: 6 | Mean Score: 0.36 | Epsilon: 0.49 | Intrinsic: 0.000
[coverage] Game 1300 | unique_states_cumulative: 5961/10000 (59.6%) | last100_unique: 1491
Game 1400 | Score: 0 | Record: 6 | Mean Score: 0.39 | Epsilon: 0.45 | Intrinsic: 0.000
[coverage] Game 1400 | unique_states_cumulative: 6215/10000 (62.1%) | last100_unique: 1468
Game 1500 | Score: 2 | Record: 7 | Mean Score: 0.44 | Epsilon: 0.41 | Intrinsic: 0.000
[coverage] Game 1500 | unique_states_cumulative: 6448/10000 (64.5%) | last100_unique: 1754
Game 1600 | Score: 0 | Record: 7 | Mean Score: 0.48 | Epsilon: 0.37 | Intrinsic: 0.000
[coverage] Game 1600 | unique_states_cumulative: 6667/10000 (66.7%) | last100_unique: 1720
Game 1700 | Score: 5 | Record: 7 | Mean Score: 0.53 | Epsilon: 0.33 | Intrinsic: 0.000
[coverage] Game 1700 | unique_states_cumulative: 6908/10000 (69.1%) | last100_unique: 1903
Game 1800 | Score: 2 | Record: 7 | Mean Score: 0.56 | Epsilon: 0.29 | Intrinsic: 0.000
[coverage] Game 1800 | unique_states_cumulative: 7052/10000 (70.5%) | last100_unique: 1745
Game 1900 | Score: 0 | Record: 13 | Mean Score: 0.64 | Epsilon: 0.26 | Intrinsic: 0.000
[coverage] Game 1900 | unique_states_cumulative: 7318/10000 (73.2%) | last100_unique: 2146
Game 2000 | Score: 0 | Record: 13 | Mean Score: 0.70 | Epsilon: 0.22 | Intrinsic: 0.000
[coverage] Game 2000 | unique_states_cumulative: 7468/10000 (74.7%) | last100_unique: 1850
Game 2100 | Score: 0 | Record: 13 | Mean Score: 0.80 | Epsilon: 0.18 | Intrinsic: 0.000
[coverage] Game 2100 | unique_states_cumulative: 7749/10000 (77.5%) | last100_unique: 2724
Game 2200 | Score: 0 | Record: 13 | Mean Score: 0.88 | Epsilon: 0.14 | Intrinsic: 0.000
[coverage] Game 2200 | unique_states_cumulative: 7921/10000 (79.2%) | last100_unique: 2227
Game 2300 | Score: 11 | Record: 23 | Mean Score: 1.02 | Epsilon: 0.10 | Intrinsic: 0.000
[coverage] Game 2300 | unique_states_cumulative: 8258/10000 (82.6%) | last100_unique: 3148
Game 2400 | Score: 6 | Record: 23 | Mean Score: 1.16 | Epsilon: 0.06 | Intrinsic: 0.000
[coverage] Game 2400 | unique_states_cumulative: 8508/10000 (85.1%) | last100_unique: 3116
Game 2500 | Score: 0 | Record: 32 | Mean Score: 1.35 | Epsilon: 0.02 | Intrinsic: 0.000
[coverage] Game 2500 | unique_states_cumulative: 8771/10000 (87.7%) | last100_unique: 3506
Game 2600 | Score: 0 | Record: 32 | Mean Score: 1.46 | Epsilon: 0.02 | Intrinsic: 0.000
[coverage] Game 2600 | unique_states_cumulative: 8952/10000 (89.5%) | last100_unique: 3196
Game 2700 | Score: 9 | Record: 32 | Mean Score: 1.61 | Epsilon: 0.02 | Intrinsic: 0.000
[coverage] Game 2700 | unique_states_cumulative: 9141/10000 (91.4%) | last100_unique: 3605
Game 2800 | Score: 18 | Record: 32 | Mean Score: 1.75 | Epsilon: 0.02 | Intrinsic: 0.000
[coverage] Game 2800 | unique_states_cumulative: 9264/10000 (92.6%) | last100_unique: 3398
Game 2900 | Score: 2 | Record: 32 | Mean Score: 1.94 | Epsilon: 0.02 | Intrinsic: 0.000
[coverage] Game 2900 | unique_states_cumulative: 9396/10000 (94.0%) | last100_unique: 4048
Game 3000 | Score: 13 | Record: 32 | Mean Score: 2.07 | Epsilon: 0.02 | Intrinsic: 0.000
[coverage] Game 3000 | unique_states_cumulative: 9466/10000 (94.7%) | last100_unique: 3419
Game 3100 | Score: 18 | Record: 32 | Mean Score: 2.26 | Epsilon: 0.02 | Intrinsic: 0.000
[coverage] Game 3100 | unique_states_cumulative: 9569/10000 (95.7%) | last100_unique: 4292
Game 3200 | Score: 0 | Record: 32 | Mean Score: 2.37 | Epsilon: 0.02 | Intrinsic: 0.000
[coverage] Game 3200 | unique_states_cumulative: 9622/10000 (96.2%) | last100_unique: 3575
Game 3300 | Score: 15 | Record: 38 | Mean Score: 2.52 | Epsilon: 0.02 | Intrinsic: 0.000
[coverage] Game 3300 | unique_states_cumulative: 9678/10000 (96.8%) | last100_unique: 4012
Game 3400 | Score: 0 | Record: 38 | Mean Score: 2.72 | Epsilon: 0.02 | Intrinsic: 0.000
[coverage] Game 3400 | unique_states_cumulative: 9730/10000 (97.3%) | last100_unique: 4755
Game 3500 | Score: 0 | Record: 38 | Mean Score: 2.84 | Epsilon: 0.02 | Intrinsic: 0.000
[coverage] Game 3500 | unique_states_cumulative: 9761/10000 (97.6%) | last100_unique: 4119
Game 3600 | Score: 27 | Record: 38 | Mean Score: 2.96 | Epsilon: 0.02 | Intrinsic: 0.000
[coverage] Game 3600 | unique_states_cumulative: 9783/10000 (97.8%) | last100_unique: 3916
Game 3700 | Score: 0 | Record: 38 | Mean Score: 3.06 | Epsilon: 0.02 | Intrinsic: 0.000
[coverage] Game 3700 | unique_states_cumulative: 9798/10000 (98.0%) | last100_unique: 3931
Game 3800 | Score: 0 | Record: 38 | Mean Score: 3.19 | Epsilon: 0.02 | Intrinsic: 0.000
[coverage] Game 3800 | unique_states_cumulative: 9819/10000 (98.2%) | last100_unique: 4217
Game 3900 | Score: 9 | Record: 38 | Mean Score: 3.29 | Epsilon: 0.02 | Intrinsic: 0.000
[coverage] Game 3900 | unique_states_cumulative: 9834/10000 (98.3%) | last100_unique: 3956
Game 4000 | Score: 0 | Record: 38 | Mean Score: 3.42 | Epsilon: 0.02 | Intrinsic: 0.000
[coverage] Game 4000 | unique_states_cumulative: 9841/10000 (98.4%) | last100_unique: 4445
Game 4100 | Score: 0 | Record: 38 | Mean Score: 3.52 | Epsilon: 0.02 | Intrinsic: 0.000
[coverage] Game 4100 | unique_states_cumulative: 9851/10000 (98.5%) | last100_unique: 3978
Game 4200 | Score: 12 | Record: 38 | Mean Score: 3.63 | Epsilon: 0.02 | Intrinsic: 0.000
[coverage] Game 4200 | unique_states_cumulative: 9857/10000 (98.6%) | last100_unique: 4508
Game 4300 | Score: 21 | Record: 38 | Mean Score: 3.72 | Epsilon: 0.02 | Intrinsic: 0.000
[coverage] Game 4300 | unique_states_cumulative: 9862/10000 (98.6%) | last100_unique: 4082
[Game 4375] Final LR cooldown applied → 1e-5
Game 4400 | Score: 17 | Record: 38 | Mean Score: 3.88 | Epsilon: 0.02 | Intrinsic: 0.000
[coverage] Game 4400 | unique_states_cumulative: 9868/10000 (98.7%) | last100_unique: 4789
Game 4500 | Score: 19 | Record: 38 | Mean Score: 3.98 | Epsilon: 0.02 | Intrinsic: 0.000
[coverage] Game 4500 | unique_states_cumulative: 9871/10000 (98.7%) | last100_unique: 4187
Game 4600 | Score: 11 | Record: 38 | Mean Score: 4.06 | Epsilon: 0.02 | Intrinsic: 0.000
[coverage] Game 4600 | unique_states_cumulative: 9876/10000 (98.8%) | last100_unique: 3989
Game 4700 | Score: 0 | Record: 38 | Mean Score: 4.17 | Epsilon: 0.02 | Intrinsic: 0.000
[coverage] Game 4700 | unique_states_cumulative: 9879/10000 (98.8%) | last100_unique: 4475
Game 4800 | Score: 0 | Record: 38 | Mean Score: 4.22 | Epsilon: 0.02 | Intrinsic: 0.000
[coverage] Game 4800 | unique_states_cumulative: 9881/10000 (98.8%) | last100_unique: 3643
Game 4900 | Score: 5 | Record: 38 | Mean Score: 4.29 | Epsilon: 0.02 | Intrinsic: 0.000
[coverage] Game 4900 | unique_states_cumulative: 9883/10000 (98.8%) | last100_unique: 4267
Game 5000 | Score: 0 | Record: 38 | Mean Score: 4.41 | Epsilon: 0.02 | Intrinsic: 0.000
[coverage] Game 5000 | unique_states_cumulative: 9886/10000 (98.9%) | last100_unique: 4943

Training Complete!
Best Score: 38
Final Mean Score: 4.41
wandb: 
wandb: Run history:
wandb:      Coverage_Cumulative ▁▁▂▂▃▃▄▄▄▅▅▅▅▆▆▆▆▇▇▇▇▇██████████████████
wandb: Coverage_Cumulative_Frac ▁▂▂▂▃▃▄▄▄▄▅▅▅▅▆▆▆▆▇▇▇▇██████████████████
wandb:       Coverage_Window100 ▁▁▁▁▁▂▁▂▂▂▂▂▂▃▂▃▄▃▅▆▆▅▆▅▇▆█▇▆▆▆▇▆▇▇▇▆▇▆█
wandb:                  Epsilon ██▇▇▇▆▆▆▅▅▄▄▄▃▃▂▂▂▁▁▁▁▁▁▁▁▁▁▁▁▁▁▁▁▁▁▁▁▁▁
wandb:                     Game ▁▁▁▁▂▂▂▂▂▃▃▃▃▃▃▄▄▄▄▄▅▅▅▅▅▆▆▆▆▆▆▇▇▇▇▇▇███
wandb:               Mean_Score ▁▁▁▁▁▁▁▁▁▁▁▂▂▂▂▂▂▂▃▃▃▄▄▄▄▅▅▅▆▆▆▆▇▇▇▇▇███
wandb:                   Record ▁▁▁▁▁▂▂▂▂▂▂▂▂▂▂▃▃▃▅▅▇▇▇▇▇███████████████
wandb:                    Score ▁▁▁▁▁▂▂▁▁▂▁▁▁▂▂▁▁▁▄▃▁▃▆▂▄▁▅▁▁█▃▁▁▄▆▆▄▁▁▁
wandb: 
wandb: Run summary:
wandb:      Coverage_Cumulative 9886
wandb: Coverage_Cumulative_Frac 0.9886
wandb:       Coverage_Window100 4943
wandb:                  Epsilon 0.02
wandb:                     Game 5000
wandb:               Mean_Score 4.4146
wandb:                   Record 38
wandb:                    Score 0
wandb: 
wandb: You can sync this run to the cloud by running:
wandb: wandb sync /Users/saheb/home/rl-snake/wandb/offline-run-20260427_020448-bdadfo7h
wandb: Find logs at: ./wandb/offline-run-20260427_020448-bdadfo7h/logs
