/Users/saheb/home/rl-snake/.venv/lib/python3.9/site-packages/urllib3/__init__.py:35: NotOpenSSLWarning: urllib3 v2 only supports OpenSSL 1.1.1+, currently the 'ssl' module is compiled with 'LibreSSL 2.8.3'. See: https://github.com/urllib3/urllib3/issues/3020
  warnings.warn(
wandb: Tracking run with wandb version 0.26.0
wandb: W&B syncing is set to `offline` in this directory. Run `wandb online` or set WANDB_MODE=online to enable cloud syncing.
wandb: Run data is saved locally in /Users/saheb/home/rl-snake/wandb/offline-run-20260426_212945-xio3bntc
Starting Baseline DQN Training (Dueling + 3-Step) on 8x8 Board...
Game 100 | Score: 0 | Record: 2 | Mean Score: 0.09 | Epsilon: 0.96 | Intrinsic: 0.000
Game 200 | Score: 0 | Record: 2 | Mean Score: 0.09 | Epsilon: 0.92 | Intrinsic: 0.000
Game 300 | Score: 0 | Record: 2 | Mean Score: 0.08 | Epsilon: 0.88 | Intrinsic: 0.000
Game 400 | Score: 0 | Record: 3 | Mean Score: 0.11 | Epsilon: 0.84 | Intrinsic: 0.000
Game 500 | Score: 0 | Record: 3 | Mean Score: 0.13 | Epsilon: 0.80 | Intrinsic: 0.000
Game 600 | Score: 1 | Record: 6 | Mean Score: 0.15 | Epsilon: 0.77 | Intrinsic: 0.000
Game 700 | Score: 0 | Record: 6 | Mean Score: 0.15 | Epsilon: 0.73 | Intrinsic: 0.000
Game 800 | Score: 0 | Record: 6 | Mean Score: 0.18 | Epsilon: 0.69 | Intrinsic: 0.000
Game 900 | Score: 0 | Record: 6 | Mean Score: 0.21 | Epsilon: 0.65 | Intrinsic: 0.000
Game 1000 | Score: 0 | Record: 6 | Mean Score: 0.23 | Epsilon: 0.61 | Intrinsic: 0.000
Game 1100 | Score: 0 | Record: 6 | Mean Score: 0.28 | Epsilon: 0.57 | Intrinsic: 0.000
Game 1200 | Score: 4 | Record: 7 | Mean Score: 0.32 | Epsilon: 0.53 | Intrinsic: 0.000
Game 1300 | Score: 4 | Record: 7 | Mean Score: 0.34 | Epsilon: 0.49 | Intrinsic: 0.000
Game 1400 | Score: 0 | Record: 7 | Mean Score: 0.37 | Epsilon: 0.45 | Intrinsic: 0.000
Game 1500 | Score: 0 | Record: 7 | Mean Score: 0.39 | Epsilon: 0.41 | Intrinsic: 0.000
Game 1600 | Score: 2 | Record: 10 | Mean Score: 0.46 | Epsilon: 0.37 | Intrinsic: 0.000
Game 1700 | Score: 6 | Record: 10 | Mean Score: 0.50 | Epsilon: 0.33 | Intrinsic: 0.000
Game 1800 | Score: 0 | Record: 12 | Mean Score: 0.56 | Epsilon: 0.29 | Intrinsic: 0.000
Game 1900 | Score: 3 | Record: 12 | Mean Score: 0.62 | Epsilon: 0.26 | Intrinsic: 0.000
Game 2000 | Score: 10 | Record: 12 | Mean Score: 0.68 | Epsilon: 0.22 | Intrinsic: 0.000
Game 2100 | Score: 0 | Record: 14 | Mean Score: 0.75 | Epsilon: 0.18 | Intrinsic: 0.000
Game 2200 | Score: 11 | Record: 20 | Mean Score: 0.91 | Epsilon: 0.14 | Intrinsic: 0.000
Game 2300 | Score: 0 | Record: 20 | Mean Score: 1.03 | Epsilon: 0.10 | Intrinsic: 0.000
Game 2400 | Score: 0 | Record: 20 | Mean Score: 1.16 | Epsilon: 0.06 | Intrinsic: 0.000
Game 2500 | Score: 0 | Record: 21 | Mean Score: 1.28 | Epsilon: 0.02 | Intrinsic: 0.000
Game 2600 | Score: 0 | Record: 30 | Mean Score: 1.50 | Epsilon: 0.02 | Intrinsic: 0.000
Game 2700 | Score: 14 | Record: 30 | Mean Score: 1.67 | Epsilon: 0.02 | Intrinsic: 0.000
Game 2800 | Score: 0 | Record: 30 | Mean Score: 1.89 | Epsilon: 0.02 | Intrinsic: 0.000
Game 2900 | Score: 0 | Record: 32 | Mean Score: 2.06 | Epsilon: 0.02 | Intrinsic: 0.000
Game 3000 | Score: 0 | Record: 32 | Mean Score: 2.23 | Epsilon: 0.02 | Intrinsic: 0.000
Game 3100 | Score: 0 | Record: 32 | Mean Score: 2.39 | Epsilon: 0.02 | Intrinsic: 0.000
Game 3200 | Score: 0 | Record: 32 | Mean Score: 2.60 | Epsilon: 0.02 | Intrinsic: 0.000
Game 3300 | Score: 0 | Record: 32 | Mean Score: 2.74 | Epsilon: 0.02 | Intrinsic: 0.000
Game 3400 | Score: 0 | Record: 37 | Mean Score: 2.86 | Epsilon: 0.02 | Intrinsic: 0.000
Game 3500 | Score: 27 | Record: 37 | Mean Score: 3.04 | Epsilon: 0.02 | Intrinsic: 0.000
Game 3600 | Score: 0 | Record: 37 | Mean Score: 3.18 | Epsilon: 0.02 | Intrinsic: 0.000
Game 3700 | Score: 17 | Record: 39 | Mean Score: 3.33 | Epsilon: 0.02 | Intrinsic: 0.000
Game 3800 | Score: 0 | Record: 39 | Mean Score: 3.44 | Epsilon: 0.02 | Intrinsic: 0.000
Game 3900 | Score: 8 | Record: 39 | Mean Score: 3.57 | Epsilon: 0.02 | Intrinsic: 0.000
Game 4000 | Score: 20 | Record: 39 | Mean Score: 3.73 | Epsilon: 0.02 | Intrinsic: 0.000
Game 4100 | Score: 13 | Record: 39 | Mean Score: 3.82 | Epsilon: 0.02 | Intrinsic: 0.000
Game 4200 | Score: 0 | Record: 39 | Mean Score: 3.94 | Epsilon: 0.02 | Intrinsic: 0.000
Game 4300 | Score: 0 | Record: 39 | Mean Score: 4.01 | Epsilon: 0.02 | Intrinsic: 0.000
[Game 4375] Final LR cooldown applied → 1e-5
Game 4400 | Score: 0 | Record: 39 | Mean Score: 4.10 | Epsilon: 0.02 | Intrinsic: 0.000
Game 4500 | Score: 10 | Record: 39 | Mean Score: 4.23 | Epsilon: 0.02 | Intrinsic: 0.000
Game 4600 | Score: 15 | Record: 39 | Mean Score: 4.31 | Epsilon: 0.02 | Intrinsic: 0.000
Game 4700 | Score: 9 | Record: 39 | Mean Score: 4.37 | Epsilon: 0.02 | Intrinsic: 0.000
Game 4800 | Score: 0 | Record: 39 | Mean Score: 4.46 | Epsilon: 0.02 | Intrinsic: 0.000
Game 4900 | Score: 2 | Record: 39 | Mean Score: 4.51 | Epsilon: 0.02 | Intrinsic: 0.000
Game 5000 | Score: 14 | Record: 39 | Mean Score: 4.57 | Epsilon: 0.02 | Intrinsic: 0.000

Training Complete!
Best Score: 39
Final Mean Score: 4.57
wandb: 
wandb: Run history:
wandb:    Epsilon ██▇▇▇▆▆▆▅▅▅▄▄▃▃▂▂▂▂▁▁▁▁▁▁▁▁▁▁▁▁▁▁▁▁▁▁▁▁▁
wandb:       Game ▁▁▁▁▂▂▂▂▂▂▃▃▃▃▃▄▄▄▄▄▅▅▅▅▅▅▆▆▆▆▆▆▇▇▇▇▇███
wandb: Mean_Score ▁▁▁▁▁▁▁▁▁▁▁▁▁▂▂▂▂▂▂▂▃▃▃▄▄▅▅▆▆▆▆▇▇▇▇▇████
wandb:     Record ▁▁▁▁▁▂▂▂▂▂▂▂▂▃▃▃▃▃▄▄▅▆▆▆▇▇▇▇████████████
wandb:      Score ▁▁▁▁▁▁▁▁▁▁▂▁▁▂▃▂▄▁▄▁▁▁▅▁▁▁▁▁▁█▅▁▃▆▄▁▁▄▅▂
wandb: 
wandb: Run summary:
wandb:    Epsilon 0.02
wandb:       Game 5000
wandb: Mean_Score 4.5728
wandb:     Record 39
wandb:      Score 14
wandb: 
wandb: You can sync this run to the cloud by running:
wandb: wandb sync /Users/saheb/home/rl-snake/wandb/offline-run-20260426_212945-xio3bntc
wandb: Find logs at: ./wandb/offline-run-20260426_212945-xio3bntc/logs
