/Users/saheb/home/rl-snake/.venv/lib/python3.9/site-packages/urllib3/__init__.py:35: NotOpenSSLWarning: urllib3 v2 only supports OpenSSL 1.1.1+, currently the 'ssl' module is compiled with 'LibreSSL 2.8.3'. See: https://github.com/urllib3/urllib3/issues/3020
  warnings.warn(
wandb: Tracking run with wandb version 0.26.0
wandb: W&B syncing is set to `offline` in this directory. Run `wandb online` or set WANDB_MODE=online to enable cloud syncing.
wandb: Run data is saved locally in /Users/saheb/home/rl-snake/wandb/offline-run-20260427_070812-o81eigqv
Starting ICM DQN Training (Dueling + 3-Step) on 10x10 Board...
Game 100 | Score: 1 | Record: 2 | Mean Score: 0.11 | Epsilon: 0.96 | Intrinsic: 0.140 | Eta: 0.10000
[coverage] Game 100 | unique_states_cumulative: 917/10000 (9.2%) | last100_unique: 917
Game 200 | Score: 0 | Record: 2 | Mean Score: 0.12 | Epsilon: 0.92 | Intrinsic: 0.009 | Eta: 0.10000
[coverage] Game 200 | unique_states_cumulative: 1602/10000 (16.0%) | last100_unique: 907
Game 300 | Score: 0 | Record: 2 | Mean Score: 0.12 | Epsilon: 0.88 | Intrinsic: 0.003 | Eta: 0.10000
[coverage] Game 300 | unique_states_cumulative: 2224/10000 (22.2%) | last100_unique: 1015
Game 400 | Score: 0 | Record: 2 | Mean Score: 0.12 | Epsilon: 0.84 | Intrinsic: 0.003 | Eta: 0.10000
[coverage] Game 400 | unique_states_cumulative: 2691/10000 (26.9%) | last100_unique: 989
Game 500 | Score: 0 | Record: 4 | Mean Score: 0.12 | Epsilon: 0.80 | Intrinsic: 0.005 | Eta: 0.10000
[coverage] Game 500 | unique_states_cumulative: 3067/10000 (30.7%) | last100_unique: 978
Game 600 | Score: 0 | Record: 4 | Mean Score: 0.15 | Epsilon: 0.77 | Intrinsic: 0.017 | Eta: 0.10000
[coverage] Game 600 | unique_states_cumulative: 3404/10000 (34.0%) | last100_unique: 1005
Game 700 | Score: 0 | Record: 4 | Mean Score: 0.16 | Epsilon: 0.73 | Intrinsic: 0.004 | Eta: 0.10000
[coverage] Game 700 | unique_states_cumulative: 3685/10000 (36.9%) | last100_unique: 1099
Game 800 | Score: 1 | Record: 4 | Mean Score: 0.18 | Epsilon: 0.69 | Intrinsic: 0.054 | Eta: 0.10000
[coverage] Game 800 | unique_states_cumulative: 4048/10000 (40.5%) | last100_unique: 1277
Game 900 | Score: 0 | Record: 4 | Mean Score: 0.22 | Epsilon: 0.65 | Intrinsic: 0.003 | Eta: 0.10000
[coverage] Game 900 | unique_states_cumulative: 4375/10000 (43.8%) | last100_unique: 1313
Game 1000 | Score: 0 | Record: 4 | Mean Score: 0.23 | Epsilon: 0.61 | Intrinsic: 0.018 | Eta: 0.10000
[coverage] Game 1000 | unique_states_cumulative: 4626/10000 (46.3%) | last100_unique: 1175
Game 1100 | Score: 0 | Record: 4 | Mean Score: 0.24 | Epsilon: 0.57 | Intrinsic: 0.002 | Eta: 0.10000
[coverage] Game 1100 | unique_states_cumulative: 4906/10000 (49.1%) | last100_unique: 1253
Game 1200 | Score: 3 | Record: 5 | Mean Score: 0.28 | Epsilon: 0.53 | Intrinsic: 0.149 | Eta: 0.10000
[coverage] Game 1200 | unique_states_cumulative: 5283/10000 (52.8%) | last100_unique: 1664
Game 1300 | Score: 0 | Record: 5 | Mean Score: 0.30 | Epsilon: 0.49 | Intrinsic: 0.015 | Eta: 0.10000
[coverage] Game 1300 | unique_states_cumulative: 5514/10000 (55.1%) | last100_unique: 1376
Game 1400 | Score: 0 | Record: 5 | Mean Score: 0.33 | Epsilon: 0.45 | Intrinsic: 0.007 | Eta: 0.10000
[coverage] Game 1400 | unique_states_cumulative: 5815/10000 (58.1%) | last100_unique: 1635
Game 1500 | Score: 0 | Record: 6 | Mean Score: 0.37 | Epsilon: 0.41 | Intrinsic: 0.003 | Eta: 0.10000
[coverage] Game 1500 | unique_states_cumulative: 6124/10000 (61.2%) | last100_unique: 1700
Game 1600 | Score: 3 | Record: 6 | Mean Score: 0.41 | Epsilon: 0.37 | Intrinsic: 0.142 | Eta: 0.10000
[coverage] Game 1600 | unique_states_cumulative: 6369/10000 (63.7%) | last100_unique: 1701
Game 1700 | Score: 0 | Record: 10 | Mean Score: 0.48 | Epsilon: 0.33 | Intrinsic: 0.040 | Eta: 0.10000
[coverage] Game 1700 | unique_states_cumulative: 6681/10000 (66.8%) | last100_unique: 1950
Game 1800 | Score: 0 | Record: 10 | Mean Score: 0.54 | Epsilon: 0.29 | Intrinsic: 0.008 | Eta: 0.10000
[coverage] Game 1800 | unique_states_cumulative: 6977/10000 (69.8%) | last100_unique: 2053
Game 1900 | Score: 0 | Record: 10 | Mean Score: 0.58 | Epsilon: 0.26 | Intrinsic: 0.016 | Eta: 0.10000
[coverage] Game 1900 | unique_states_cumulative: 7167/10000 (71.7%) | last100_unique: 1770
Game 2000 | Score: 4 | Record: 11 | Mean Score: 0.66 | Epsilon: 0.22 | Intrinsic: 0.060 | Eta: 0.10000
[coverage] Game 2000 | unique_states_cumulative: 7392/10000 (73.9%) | last100_unique: 2056
Game 2100 | Score: 0 | Record: 15 | Mean Score: 0.74 | Epsilon: 0.18 | Intrinsic: 0.009 | Eta: 0.10000
[coverage] Game 2100 | unique_states_cumulative: 7693/10000 (76.9%) | last100_unique: 2431
Game 2200 | Score: 12 | Record: 15 | Mean Score: 0.83 | Epsilon: 0.14 | Intrinsic: 0.424 | Eta: 0.10000
[coverage] Game 2200 | unique_states_cumulative: 7919/10000 (79.2%) | last100_unique: 2427
Game 2300 | Score: 1 | Record: 26 | Mean Score: 0.93 | Epsilon: 0.10 | Intrinsic: 0.011 | Eta: 0.10000
[coverage] Game 2300 | unique_states_cumulative: 8165/10000 (81.7%) | last100_unique: 2676
Game 2400 | Score: 11 | Record: 26 | Mean Score: 1.03 | Epsilon: 0.06 | Intrinsic: 0.351 | Eta: 0.10000
[coverage] Game 2400 | unique_states_cumulative: 8387/10000 (83.9%) | last100_unique: 2661
Game 2500 | Score: 14 | Record: 26 | Mean Score: 1.19 | Epsilon: 0.02 | Intrinsic: 0.349 | Eta: 0.10000
[coverage] Game 2500 | unique_states_cumulative: 8592/10000 (85.9%) | last100_unique: 3209
Game 2600 | Score: 0 | Record: 26 | Mean Score: 1.37 | Epsilon: 0.02 | Intrinsic: 0.056 | Eta: 0.10000
[coverage] Game 2600 | unique_states_cumulative: 8812/10000 (88.1%) | last100_unique: 3702
Game 2700 | Score: 23 | Record: 26 | Mean Score: 1.57 | Epsilon: 0.02 | Intrinsic: 0.538 | Eta: 0.10000
[coverage] Game 2700 | unique_states_cumulative: 9021/10000 (90.2%) | last100_unique: 3823
Game 2800 | Score: 0 | Record: 26 | Mean Score: 1.71 | Epsilon: 0.02 | Intrinsic: 0.030 | Eta: 0.10000
[coverage] Game 2800 | unique_states_cumulative: 9160/10000 (91.6%) | last100_unique: 3488
Game 2900 | Score: 14 | Record: 31 | Mean Score: 1.87 | Epsilon: 0.02 | Intrinsic: 0.378 | Eta: 0.10000
[coverage] Game 2900 | unique_states_cumulative: 9304/10000 (93.0%) | last100_unique: 3845
Game 3000 | Score: 11 | Record: 31 | Mean Score: 1.99 | Epsilon: 0.02 | Intrinsic: 0.268 | Eta: 0.10000
[coverage] Game 3000 | unique_states_cumulative: 9395/10000 (94.0%) | last100_unique: 3462
Game 3100 | Score: 0 | Record: 31 | Mean Score: 2.15 | Epsilon: 0.02 | Intrinsic: 0.043 | Eta: 0.10000
[coverage] Game 3100 | unique_states_cumulative: 9492/10000 (94.9%) | last100_unique: 3849
Game 3200 | Score: 18 | Record: 31 | Mean Score: 2.28 | Epsilon: 0.02 | Intrinsic: 0.376 | Eta: 0.10000
[coverage] Game 3200 | unique_states_cumulative: 9568/10000 (95.7%) | last100_unique: 3843
Game 3300 | Score: 0 | Record: 31 | Mean Score: 2.44 | Epsilon: 0.02 | Intrinsic: 0.016 | Eta: 0.10000
[coverage] Game 3300 | unique_states_cumulative: 9637/10000 (96.4%) | last100_unique: 4253
Game 3400 | Score: 15 | Record: 31 | Mean Score: 2.57 | Epsilon: 0.02 | Intrinsic: 0.486 | Eta: 0.10000
[coverage] Game 3400 | unique_states_cumulative: 9687/10000 (96.9%) | last100_unique: 3914
Game 3500 | Score: 12 | Record: 31 | Mean Score: 2.71 | Epsilon: 0.02 | Intrinsic: 0.230 | Eta: 0.10000
[coverage] Game 3500 | unique_states_cumulative: 9735/10000 (97.3%) | last100_unique: 4022
Game 3600 | Score: 14 | Record: 31 | Mean Score: 2.83 | Epsilon: 0.02 | Intrinsic: 0.287 | Eta: 0.10000
[coverage] Game 3600 | unique_states_cumulative: 9764/10000 (97.6%) | last100_unique: 4056
Game 3700 | Score: 3 | Record: 31 | Mean Score: 3.00 | Epsilon: 0.02 | Intrinsic: 0.042 | Eta: 0.10000
[coverage] Game 3700 | unique_states_cumulative: 9798/10000 (98.0%) | last100_unique: 4500
Game 3800 | Score: 0 | Record: 31 | Mean Score: 3.08 | Epsilon: 0.02 | Intrinsic: 0.122 | Eta: 0.10000
[coverage] Game 3800 | unique_states_cumulative: 9814/10000 (98.1%) | last100_unique: 3741
Game 3900 | Score: 9 | Record: 31 | Mean Score: 3.12 | Epsilon: 0.02 | Intrinsic: 0.247 | Eta: 0.10000
[coverage] Game 3900 | unique_states_cumulative: 9823/10000 (98.2%) | last100_unique: 3220
Game 4000 | Score: 14 | Record: 31 | Mean Score: 3.19 | Epsilon: 0.02 | Intrinsic: 0.385 | Eta: 0.10000
[coverage] Game 4000 | unique_states_cumulative: 9833/10000 (98.3%) | last100_unique: 3743
Game 4100 | Score: 0 | Record: 34 | Mean Score: 3.30 | Epsilon: 0.02 | Intrinsic: 0.027 | Eta: 0.10000
[coverage] Game 4100 | unique_states_cumulative: 9849/10000 (98.5%) | last100_unique: 3949
Game 4200 | Score: 0 | Record: 34 | Mean Score: 3.39 | Epsilon: 0.02 | Intrinsic: 0.030 | Eta: 0.10000
[coverage] Game 4200 | unique_states_cumulative: 9853/10000 (98.5%) | last100_unique: 3764
Game 4300 | Score: 0 | Record: 34 | Mean Score: 3.45 | Epsilon: 0.02 | Intrinsic: 0.011 | Eta: 0.10000
[coverage] Game 4300 | unique_states_cumulative: 9858/10000 (98.6%) | last100_unique: 3911
[Game 4375] Final LR cooldown applied → 1e-5
Game 4400 | Score: 0 | Record: 34 | Mean Score: 3.50 | Epsilon: 0.02 | Intrinsic: 0.100 | Eta: 0.10000
[coverage] Game 4400 | unique_states_cumulative: 9865/10000 (98.7%) | last100_unique: 3362
Game 4500 | Score: 15 | Record: 34 | Mean Score: 3.62 | Epsilon: 0.02 | Intrinsic: 0.273 | Eta: 0.10000
[coverage] Game 4500 | unique_states_cumulative: 9871/10000 (98.7%) | last100_unique: 4386
Game 4600 | Score: 0 | Record: 34 | Mean Score: 3.73 | Epsilon: 0.02 | Intrinsic: 0.032 | Eta: 0.10000
[coverage] Game 4600 | unique_states_cumulative: 9876/10000 (98.8%) | last100_unique: 4206
Game 4700 | Score: 17 | Record: 34 | Mean Score: 3.81 | Epsilon: 0.02 | Intrinsic: 0.235 | Eta: 0.10000
[coverage] Game 4700 | unique_states_cumulative: 9878/10000 (98.8%) | last100_unique: 3908
Game 4800 | Score: 4 | Record: 34 | Mean Score: 3.89 | Epsilon: 0.02 | Intrinsic: 0.066 | Eta: 0.10000
[coverage] Game 4800 | unique_states_cumulative: 9882/10000 (98.8%) | last100_unique: 4176
Game 4900 | Score: 0 | Record: 35 | Mean Score: 3.95 | Epsilon: 0.02 | Intrinsic: 0.217 | Eta: 0.10000
[coverage] Game 4900 | unique_states_cumulative: 9883/10000 (98.8%) | last100_unique: 3651
Game 5000 | Score: 0 | Record: 35 | Mean Score: 4.02 | Epsilon: 0.02 | Intrinsic: 0.025 | Eta: 0.10000
[coverage] Game 5000 | unique_states_cumulative: 9883/10000 (98.8%) | last100_unique: 4108

Training Complete!
Best Score: 35
Final Mean Score: 4.02
wandb: 
wandb: Run history:
wandb:      Coverage_Cumulative ▁▂▂▂▃▃▃▄▄▄▅▅▅▆▆▆▆▇▇▇▇▇██████████████████
wandb: Coverage_Cumulative_Frac ▁▂▂▂▃▃▃▄▄▄▅▅▅▅▆▆▆▆▇▇▇▇▇█████████████████
wandb:       Coverage_Window100 ▁▁▁▁▁▁▂▂▂▂▂▃▃▃▃▃▄▄▄▄▆▇▇▆▇█▇▇▇█▆▇▇▇▇█▇▇▇▇
wandb:                  Epsilon ██▇▇▇▆▆▆▅▅▅▄▄▃▃▂▂▂▂▁▁▁▁▁▁▁▁▁▁▁▁▁▁▁▁▁▁▁▁▁
wandb:                      Eta ▁▁▁▁▁▁▁▁▁▁▁▁▁▁▁▁▁▁▁▁▁▁▁▁▁▁▁▁▁▁▁▁▁▁▁▁▁▁▁▁
wandb:                     Game ▁▁▁▁▂▂▂▂▂▂▃▃▃▃▃▄▄▄▄▄▄▅▅▅▅▅▅▆▆▆▆▆▆▇▇▇▇▇██
wandb:         Intrinsic_Reward ▃▁▁▁▁▁▂▁▁▃▁▁▃▁▁▂▁▇▁▆▂█▁▆▄▁▇▄▅▂▄▆▁▁▁▅▁▄▂▁
wandb:               Mean_Score ▁▁▁▁▁▁▁▁▁▁▁▁▁▂▂▂▂▂▂▂▃▃▄▄▄▅▅▅▅▆▆▆▇▇▇▇▇▇██
wandb:                   Record ▁▁▁▁▁▁▁▁▁▁▂▂▂▂▃▃▃▄▄▆▆▆▆▆▇▇▇▇▇▇▇▇▇███████
wandb:                    Score ▁▁▁▁▁▁▁▁▁▁▁▁▁▂▁▁▁▅▄▅█▁▅▄▁▁▆▅▅▂▄▅▁▁▁▆▁▆▂▁
wandb: 
wandb: Run summary:
wandb:      Coverage_Cumulative 9883
wandb: Coverage_Cumulative_Frac 0.9883
wandb:       Coverage_Window100 4108
wandb:                  Epsilon 0.02
wandb:                      Eta 0.1
wandb:                     Game 5000
wandb:         Intrinsic_Reward 0.02479
wandb:               Mean_Score 4.0232
wandb:                   Record 35
wandb:                    Score 0
wandb: 
wandb: You can sync this run to the cloud by running:
wandb: wandb sync /Users/saheb/home/rl-snake/wandb/offline-run-20260427_070812-o81eigqv
wandb: Find logs at: ./wandb/offline-run-20260427_070812-o81eigqv/logs
