/Users/saheb/home/rl-snake/.venv/lib/python3.9/site-packages/urllib3/__init__.py:35: NotOpenSSLWarning: urllib3 v2 only supports OpenSSL 1.1.1+, currently the 'ssl' module is compiled with 'LibreSSL 2.8.3'. See: https://github.com/urllib3/urllib3/issues/3020
  warnings.warn(
wandb: Tracking run with wandb version 0.26.0
wandb: W&B syncing is set to `offline` in this directory. Run `wandb online` or set WANDB_MODE=online to enable cloud syncing.
wandb: Run data is saved locally in /Users/saheb/home/rl-snake/wandb/offline-run-20260426_211652-9yi7qbzy
Starting ICM DQN Training (Dueling + 3-Step) on 8x8 Board...
Game 100 | Score: 0 | Record: 2 | Mean Score: 0.13 | Epsilon: 0.96 | Intrinsic: 0.017 | Eta: 0.10000
Game 200 | Score: 0 | Record: 2 | Mean Score: 0.10 | Epsilon: 0.92 | Intrinsic: 0.010 | Eta: 0.10000
Game 300 | Score: 0 | Record: 2 | Mean Score: 0.12 | Epsilon: 0.88 | Intrinsic: 0.004 | Eta: 0.10000
Game 400 | Score: 1 | Record: 2 | Mean Score: 0.12 | Epsilon: 0.84 | Intrinsic: 0.017 | Eta: 0.10000
Game 500 | Score: 0 | Record: 2 | Mean Score: 0.12 | Epsilon: 0.80 | Intrinsic: 0.004 | Eta: 0.10000
Game 600 | Score: 1 | Record: 2 | Mean Score: 0.13 | Epsilon: 0.77 | Intrinsic: 0.032 | Eta: 0.10000
Game 700 | Score: 0 | Record: 2 | Mean Score: 0.13 | Epsilon: 0.73 | Intrinsic: 0.005 | Eta: 0.10000
Game 800 | Score: 0 | Record: 3 | Mean Score: 0.15 | Epsilon: 0.69 | Intrinsic: 0.002 | Eta: 0.10000
Game 900 | Score: 2 | Record: 3 | Mean Score: 0.17 | Epsilon: 0.65 | Intrinsic: 0.108 | Eta: 0.10000
Game 1000 | Score: 0 | Record: 3 | Mean Score: 0.19 | Epsilon: 0.61 | Intrinsic: 0.003 | Eta: 0.10000
Game 1100 | Score: 0 | Record: 5 | Mean Score: 0.21 | Epsilon: 0.57 | Intrinsic: 0.003 | Eta: 0.10000
Game 1200 | Score: 0 | Record: 5 | Mean Score: 0.23 | Epsilon: 0.53 | Intrinsic: 0.003 | Eta: 0.10000
Game 1300 | Score: 0 | Record: 5 | Mean Score: 0.26 | Epsilon: 0.49 | Intrinsic: 0.000 | Eta: 0.10000
Game 1400 | Score: 0 | Record: 7 | Mean Score: 0.29 | Epsilon: 0.45 | Intrinsic: 0.001 | Eta: 0.10000
Game 1500 | Score: 0 | Record: 9 | Mean Score: 0.33 | Epsilon: 0.41 | Intrinsic: 0.003 | Eta: 0.10000
Game 1600 | Score: 0 | Record: 9 | Mean Score: 0.37 | Epsilon: 0.37 | Intrinsic: 0.002 | Eta: 0.10000
Game 1700 | Score: 0 | Record: 9 | Mean Score: 0.44 | Epsilon: 0.33 | Intrinsic: 0.003 | Eta: 0.10000
Game 1800 | Score: 0 | Record: 12 | Mean Score: 0.49 | Epsilon: 0.29 | Intrinsic: 0.000 | Eta: 0.10000
Game 1900 | Score: 3 | Record: 12 | Mean Score: 0.55 | Epsilon: 0.26 | Intrinsic: 0.059 | Eta: 0.10000
Game 2000 | Score: 1 | Record: 12 | Mean Score: 0.60 | Epsilon: 0.22 | Intrinsic: 0.025 | Eta: 0.10000
Game 2100 | Score: 1 | Record: 12 | Mean Score: 0.68 | Epsilon: 0.18 | Intrinsic: 0.027 | Eta: 0.10000
Game 2200 | Score: 2 | Record: 15 | Mean Score: 0.77 | Epsilon: 0.14 | Intrinsic: 0.030 | Eta: 0.10000
Game 2300 | Score: 11 | Record: 24 | Mean Score: 0.90 | Epsilon: 0.10 | Intrinsic: 0.305 | Eta: 0.10000
Game 2400 | Score: 0 | Record: 24 | Mean Score: 1.07 | Epsilon: 0.06 | Intrinsic: 0.001 | Eta: 0.10000
Game 2500 | Score: 11 | Record: 24 | Mean Score: 1.25 | Epsilon: 0.02 | Intrinsic: 0.201 | Eta: 0.10000
Game 2600 | Score: 28 | Record: 28 | Mean Score: 1.50 | Epsilon: 0.02 | Intrinsic: 0.702 | Eta: 0.10000
Game 2700 | Score: 8 | Record: 28 | Mean Score: 1.74 | Epsilon: 0.02 | Intrinsic: 0.115 | Eta: 0.10000
Game 2800 | Score: 17 | Record: 28 | Mean Score: 1.91 | Epsilon: 0.02 | Intrinsic: 0.394 | Eta: 0.10000
Game 2900 | Score: 0 | Record: 28 | Mean Score: 2.05 | Epsilon: 0.02 | Intrinsic: 0.001 | Eta: 0.10000
Game 3000 | Score: 6 | Record: 29 | Mean Score: 2.28 | Epsilon: 0.02 | Intrinsic: 0.093 | Eta: 0.10000
Game 3100 | Score: 16 | Record: 29 | Mean Score: 2.49 | Epsilon: 0.02 | Intrinsic: 0.318 | Eta: 0.10000
Game 3200 | Score: 0 | Record: 31 | Mean Score: 2.66 | Epsilon: 0.02 | Intrinsic: 0.001 | Eta: 0.10000
Game 3300 | Score: 0 | Record: 34 | Mean Score: 2.84 | Epsilon: 0.02 | Intrinsic: 0.000 | Eta: 0.10000
Game 3400 | Score: 17 | Record: 34 | Mean Score: 3.00 | Epsilon: 0.02 | Intrinsic: 0.360 | Eta: 0.10000
Game 3500 | Score: 0 | Record: 34 | Mean Score: 3.09 | Epsilon: 0.02 | Intrinsic: 0.006 | Eta: 0.10000
Game 3600 | Score: 22 | Record: 34 | Mean Score: 3.20 | Epsilon: 0.02 | Intrinsic: 0.510 | Eta: 0.10000
Game 3700 | Score: 0 | Record: 34 | Mean Score: 3.37 | Epsilon: 0.02 | Intrinsic: 0.000 | Eta: 0.10000
Game 3800 | Score: 0 | Record: 34 | Mean Score: 3.50 | Epsilon: 0.02 | Intrinsic: 0.002 | Eta: 0.10000
Game 3900 | Score: 0 | Record: 34 | Mean Score: 3.61 | Epsilon: 0.02 | Intrinsic: 0.002 | Eta: 0.10000
Game 4000 | Score: 0 | Record: 34 | Mean Score: 3.74 | Epsilon: 0.02 | Intrinsic: 0.001 | Eta: 0.10000
Game 4100 | Score: 0 | Record: 34 | Mean Score: 3.85 | Epsilon: 0.02 | Intrinsic: 0.000 | Eta: 0.10000
Game 4200 | Score: 0 | Record: 34 | Mean Score: 3.95 | Epsilon: 0.02 | Intrinsic: 0.001 | Eta: 0.10000
Game 4300 | Score: 0 | Record: 34 | Mean Score: 4.01 | Epsilon: 0.02 | Intrinsic: 0.001 | Eta: 0.10000
[Game 4375] Final LR cooldown applied → 1e-5
Game 4400 | Score: 10 | Record: 34 | Mean Score: 4.09 | Epsilon: 0.02 | Intrinsic: 0.126 | Eta: 0.10000
Game 4500 | Score: 19 | Record: 43 | Mean Score: 4.22 | Epsilon: 0.02 | Intrinsic: 0.367 | Eta: 0.10000
Game 4600 | Score: 0 | Record: 43 | Mean Score: 4.28 | Epsilon: 0.02 | Intrinsic: 0.000 | Eta: 0.10000
Game 4700 | Score: 0 | Record: 43 | Mean Score: 4.34 | Epsilon: 0.02 | Intrinsic: 0.002 | Eta: 0.10000
Game 4800 | Score: 0 | Record: 43 | Mean Score: 4.43 | Epsilon: 0.02 | Intrinsic: 0.003 | Eta: 0.10000
Game 4900 | Score: 0 | Record: 43 | Mean Score: 4.54 | Epsilon: 0.02 | Intrinsic: 0.002 | Eta: 0.10000
Game 5000 | Score: 0 | Record: 43 | Mean Score: 4.61 | Epsilon: 0.02 | Intrinsic: 0.000 | Eta: 0.10000

Training Complete!
Best Score: 43
Final Mean Score: 4.61
wandb: 
wandb: Run history:
wandb:          Epsilon ██▇▇▇▆▆▆▅▅▄▄▄▃▃▂▂▂▁▁▁▁▁▁▁▁▁▁▁▁▁▁▁▁▁▁▁▁▁▁
wandb:              Eta ▁▁▁▁▁▁▁▁▁▁▁▁▁▁▁▁▁▁▁▁▁▁▁▁▁▁▁▁▁▁▁▁▁▁▁▁▁▁▁▁
wandb:             Game ▁▁▁▁▂▂▂▂▂▂▃▃▃▃▃▄▄▄▄▄▅▅▅▅▅▅▆▆▆▆▆▆▇▇▇▇▇███
wandb: Intrinsic_Reward ▁▁▁▁▁▁▁▂▁▁▁▁▁▁▁▂▁▁▁▄█▂▅▁▂▁▁▅▁▆▁▁▁▁▁▂▅▁▁▁
wandb:       Mean_Score ▁▁▁▁▁▁▁▁▁▁▁▁▂▂▂▂▂▂▃▃▄▄▄▄▅▅▅▆▆▆▆▇▇▇▇▇▇███
wandb:           Record ▁▁▁▁▁▁▁▁▁▂▂▂▂▂▂▃▃▃▃▅▅▅▅▆▆▆▆▆▆▆▆▆▆▆▆█████
wandb:            Score ▁▁▁▁▁▁▁▁▁▁▁▁▁▁▁▂▁▁▁▄▄█▃▅▁▁▁▅▁▇▁▁▁▁▁▆▁▁▁▁
wandb: 
wandb: Run summary:
wandb:          Epsilon 0.02
wandb:              Eta 0.1
wandb:             Game 5000
wandb: Intrinsic_Reward 0.00045
wandb:       Mean_Score 4.6102
wandb:           Record 43
wandb:            Score 0
wandb: 
wandb: You can sync this run to the cloud by running:
wandb: wandb sync /Users/saheb/home/rl-snake/wandb/offline-run-20260426_211652-9yi7qbzy
wandb: Find logs at: ./wandb/offline-run-20260426_211652-9yi7qbzy/logs
