/Users/saheb/home/rl-snake/.venv/lib/python3.9/site-packages/urllib3/__init__.py:35: NotOpenSSLWarning: urllib3 v2 only supports OpenSSL 1.1.1+, currently the 'ssl' module is compiled with 'LibreSSL 2.8.3'. See: https://github.com/urllib3/urllib3/issues/3020
  warnings.warn(
wandb: Tracking run with wandb version 0.26.0
wandb: W&B syncing is set to `offline` in this directory. Run `wandb online` or set WANDB_MODE=online to enable cloud syncing.
wandb: Run data is saved locally in /Users/saheb/home/rl-snake/wandb/offline-run-20260426_214321-r9rm2oid
Starting Baseline DQN Training (Dueling + 3-Step) on 8x8 Board...
Game 100 | Score: 1 | Record: 1 | Mean Score: 0.11 | Epsilon: 0.96 | Intrinsic: 0.000
Game 200 | Score: 0 | Record: 2 | Mean Score: 0.12 | Epsilon: 0.92 | Intrinsic: 0.000
Game 300 | Score: 1 | Record: 2 | Mean Score: 0.14 | Epsilon: 0.88 | Intrinsic: 0.000
Game 400 | Score: 1 | Record: 2 | Mean Score: 0.15 | Epsilon: 0.84 | Intrinsic: 0.000
Game 500 | Score: 2 | Record: 3 | Mean Score: 0.17 | Epsilon: 0.80 | Intrinsic: 0.000
Game 600 | Score: 0 | Record: 4 | Mean Score: 0.20 | Epsilon: 0.77 | Intrinsic: 0.000
Game 700 | Score: 0 | Record: 4 | Mean Score: 0.21 | Epsilon: 0.73 | Intrinsic: 0.000
Game 800 | Score: 0 | Record: 4 | Mean Score: 0.23 | Epsilon: 0.69 | Intrinsic: 0.000
Game 900 | Score: 0 | Record: 4 | Mean Score: 0.24 | Epsilon: 0.65 | Intrinsic: 0.000
Game 1000 | Score: 1 | Record: 5 | Mean Score: 0.27 | Epsilon: 0.61 | Intrinsic: 0.000
Game 1100 | Score: 0 | Record: 5 | Mean Score: 0.29 | Epsilon: 0.57 | Intrinsic: 0.000
Game 1200 | Score: 1 | Record: 5 | Mean Score: 0.33 | Epsilon: 0.53 | Intrinsic: 0.000
Game 1300 | Score: 0 | Record: 5 | Mean Score: 0.37 | Epsilon: 0.49 | Intrinsic: 0.000
Game 1400 | Score: 0 | Record: 6 | Mean Score: 0.41 | Epsilon: 0.45 | Intrinsic: 0.000
Game 1500 | Score: 0 | Record: 7 | Mean Score: 0.46 | Epsilon: 0.41 | Intrinsic: 0.000
Game 1600 | Score: 0 | Record: 7 | Mean Score: 0.48 | Epsilon: 0.37 | Intrinsic: 0.000
Game 1700 | Score: 0 | Record: 7 | Mean Score: 0.54 | Epsilon: 0.33 | Intrinsic: 0.000
Game 1800 | Score: 6 | Record: 9 | Mean Score: 0.60 | Epsilon: 0.29 | Intrinsic: 0.000
Game 1900 | Score: 5 | Record: 9 | Mean Score: 0.65 | Epsilon: 0.26 | Intrinsic: 0.000
Game 2000 | Score: 0 | Record: 10 | Mean Score: 0.71 | Epsilon: 0.22 | Intrinsic: 0.000
Game 2100 | Score: 0 | Record: 16 | Mean Score: 0.78 | Epsilon: 0.18 | Intrinsic: 0.000
Game 2200 | Score: 0 | Record: 16 | Mean Score: 0.84 | Epsilon: 0.14 | Intrinsic: 0.000
Game 2300 | Score: 0 | Record: 16 | Mean Score: 0.95 | Epsilon: 0.10 | Intrinsic: 0.000
Game 2400 | Score: 5 | Record: 25 | Mean Score: 1.12 | Epsilon: 0.06 | Intrinsic: 0.000
Game 2500 | Score: 14 | Record: 25 | Mean Score: 1.34 | Epsilon: 0.02 | Intrinsic: 0.000
Game 2600 | Score: 0 | Record: 25 | Mean Score: 1.49 | Epsilon: 0.02 | Intrinsic: 0.000
Game 2700 | Score: 6 | Record: 31 | Mean Score: 1.70 | Epsilon: 0.02 | Intrinsic: 0.000
Game 2800 | Score: 13 | Record: 31 | Mean Score: 1.85 | Epsilon: 0.02 | Intrinsic: 0.000
Game 2900 | Score: 0 | Record: 31 | Mean Score: 1.98 | Epsilon: 0.02 | Intrinsic: 0.000
Game 3000 | Score: 18 | Record: 31 | Mean Score: 2.18 | Epsilon: 0.02 | Intrinsic: 0.000
Game 3100 | Score: 5 | Record: 31 | Mean Score: 2.30 | Epsilon: 0.02 | Intrinsic: 0.000
Game 3200 | Score: 0 | Record: 31 | Mean Score: 2.43 | Epsilon: 0.02 | Intrinsic: 0.000
Game 3300 | Score: 0 | Record: 31 | Mean Score: 2.58 | Epsilon: 0.02 | Intrinsic: 0.000
Game 3400 | Score: 21 | Record: 31 | Mean Score: 2.73 | Epsilon: 0.02 | Intrinsic: 0.000
Game 3500 | Score: 0 | Record: 31 | Mean Score: 2.85 | Epsilon: 0.02 | Intrinsic: 0.000
Game 3600 | Score: 0 | Record: 31 | Mean Score: 2.95 | Epsilon: 0.02 | Intrinsic: 0.000
Game 3700 | Score: 10 | Record: 31 | Mean Score: 3.05 | Epsilon: 0.02 | Intrinsic: 0.000
Game 3800 | Score: 13 | Record: 31 | Mean Score: 3.14 | Epsilon: 0.02 | Intrinsic: 0.000
Game 3900 | Score: 0 | Record: 31 | Mean Score: 3.19 | Epsilon: 0.02 | Intrinsic: 0.000
Game 4000 | Score: 0 | Record: 31 | Mean Score: 3.27 | Epsilon: 0.02 | Intrinsic: 0.000
Game 4100 | Score: 9 | Record: 31 | Mean Score: 3.39 | Epsilon: 0.02 | Intrinsic: 0.000
Game 4200 | Score: 6 | Record: 31 | Mean Score: 3.48 | Epsilon: 0.02 | Intrinsic: 0.000
Game 4300 | Score: 0 | Record: 31 | Mean Score: 3.56 | Epsilon: 0.02 | Intrinsic: 0.000
[Game 4375] Final LR cooldown applied → 1e-5
Game 4400 | Score: 13 | Record: 31 | Mean Score: 3.68 | Epsilon: 0.02 | Intrinsic: 0.000
Game 4500 | Score: 0 | Record: 31 | Mean Score: 3.76 | Epsilon: 0.02 | Intrinsic: 0.000
Game 4600 | Score: 24 | Record: 31 | Mean Score: 3.86 | Epsilon: 0.02 | Intrinsic: 0.000
Game 4700 | Score: 0 | Record: 31 | Mean Score: 3.94 | Epsilon: 0.02 | Intrinsic: 0.000
Game 4800 | Score: 15 | Record: 31 | Mean Score: 4.01 | Epsilon: 0.02 | Intrinsic: 0.000
Game 4900 | Score: 24 | Record: 31 | Mean Score: 4.07 | Epsilon: 0.02 | Intrinsic: 0.000
Game 5000 | Score: 24 | Record: 31 | Mean Score: 4.14 | Epsilon: 0.02 | Intrinsic: 0.000

Training Complete!
Best Score: 31
Final Mean Score: 4.14
wandb: 
wandb: Run history:
wandb:    Epsilon ██▇▇▇▆▆▆▅▅▄▄▄▃▃▂▂▂▁▁▁▁▁▁▁▁▁▁▁▁▁▁▁▁▁▁▁▁▁▁
wandb:       Game ▁▁▁▁▂▂▂▂▂▂▃▃▃▃▃▄▄▄▄▄▅▅▅▅▅▅▆▆▆▆▆▆▇▇▇▇▇███
wandb: Mean_Score ▁▁▁▁▁▁▁▁▁▁▂▂▂▂▂▂▂▂▂▃▃▄▄▄▅▅▅▆▆▆▆▆▆▇▇▇████
wandb:     Record ▁▁▁▁▁▂▂▂▂▂▂▂▂▂▃▃▅▅▅▇▇███████████████████
wandb:      Score ▁▁▁▁▂▁▁▁▁▁▁▁▁▁▃▁▁▁▂▅▃▅▁▆▂▁▇▁▁▄▁▁▄▃▁▁█▁▅█
wandb: 
wandb: Run summary:
wandb:    Epsilon 0.02
wandb:       Game 5000
wandb: Mean_Score 4.1388
wandb:     Record 31
wandb:      Score 24
wandb: 
wandb: You can sync this run to the cloud by running:
wandb: wandb sync /Users/saheb/home/rl-snake/wandb/offline-run-20260426_214321-r9rm2oid
wandb: Find logs at: ./wandb/offline-run-20260426_214321-r9rm2oid/logs
