/Users/saheb/home/rl-snake/.venv/lib/python3.9/site-packages/urllib3/__init__.py:35: NotOpenSSLWarning: urllib3 v2 only supports OpenSSL 1.1.1+, currently the 'ssl' module is compiled with 'LibreSSL 2.8.3'. See: https://github.com/urllib3/urllib3/issues/3020
  warnings.warn(
wandb: Tracking run with wandb version 0.26.0
wandb: W&B syncing is set to `offline` in this directory. Run `wandb online` or set WANDB_MODE=online to enable cloud syncing.
wandb: Run data is saved locally in /Users/saheb/home/rl-snake/wandb/offline-run-20260427_070812-m2v53m8c
Starting Baseline DQN Training (Dueling + 3-Step) on 10x10 Board...
Game 100 | Score: 1 | Record: 1 | Mean Score: 0.10 | Epsilon: 0.96 | Intrinsic: 0.000
[coverage] Game 100 | unique_states_cumulative: 901/10000 (9.0%) | last100_unique: 901
Game 200 | Score: 0 | Record: 1 | Mean Score: 0.10 | Epsilon: 0.92 | Intrinsic: 0.000
[coverage] Game 200 | unique_states_cumulative: 1509/10000 (15.1%) | last100_unique: 820
Game 300 | Score: 0 | Record: 2 | Mean Score: 0.13 | Epsilon: 0.88 | Intrinsic: 0.000
[coverage] Game 300 | unique_states_cumulative: 2069/10000 (20.7%) | last100_unique: 910
Game 400 | Score: 0 | Record: 2 | Mean Score: 0.13 | Epsilon: 0.84 | Intrinsic: 0.000
[coverage] Game 400 | unique_states_cumulative: 2584/10000 (25.8%) | last100_unique: 980
Game 500 | Score: 0 | Record: 3 | Mean Score: 0.14 | Epsilon: 0.80 | Intrinsic: 0.000
[coverage] Game 500 | unique_states_cumulative: 3028/10000 (30.3%) | last100_unique: 1089
Game 600 | Score: 1 | Record: 3 | Mean Score: 0.17 | Epsilon: 0.77 | Intrinsic: 0.000
[coverage] Game 600 | unique_states_cumulative: 3453/10000 (34.5%) | last100_unique: 1119
Game 700 | Score: 0 | Record: 4 | Mean Score: 0.19 | Epsilon: 0.73 | Intrinsic: 0.000
[coverage] Game 700 | unique_states_cumulative: 3816/10000 (38.2%) | last100_unique: 1123
Game 800 | Score: 1 | Record: 4 | Mean Score: 0.21 | Epsilon: 0.69 | Intrinsic: 0.000
[coverage] Game 800 | unique_states_cumulative: 4122/10000 (41.2%) | last100_unique: 1160
Game 900 | Score: 0 | Record: 4 | Mean Score: 0.24 | Epsilon: 0.65 | Intrinsic: 0.000
[coverage] Game 900 | unique_states_cumulative: 4551/10000 (45.5%) | last100_unique: 1402
Game 1000 | Score: 0 | Record: 4 | Mean Score: 0.25 | Epsilon: 0.61 | Intrinsic: 0.000
[coverage] Game 1000 | unique_states_cumulative: 4758/10000 (47.6%) | last100_unique: 1171
Game 1100 | Score: 1 | Record: 4 | Mean Score: 0.28 | Epsilon: 0.57 | Intrinsic: 0.000
[coverage] Game 1100 | unique_states_cumulative: 5021/10000 (50.2%) | last100_unique: 1300
Game 1200 | Score: 0 | Record: 7 | Mean Score: 0.31 | Epsilon: 0.53 | Intrinsic: 0.000
[coverage] Game 1200 | unique_states_cumulative: 5429/10000 (54.3%) | last100_unique: 1562
Game 1300 | Score: 3 | Record: 7 | Mean Score: 0.33 | Epsilon: 0.49 | Intrinsic: 0.000
[coverage] Game 1300 | unique_states_cumulative: 5688/10000 (56.9%) | last100_unique: 1522
Game 1400 | Score: 0 | Record: 7 | Mean Score: 0.36 | Epsilon: 0.45 | Intrinsic: 0.000
[coverage] Game 1400 | unique_states_cumulative: 5896/10000 (59.0%) | last100_unique: 1417
Game 1500 | Score: 1 | Record: 7 | Mean Score: 0.38 | Epsilon: 0.41 | Intrinsic: 0.000
[coverage] Game 1500 | unique_states_cumulative: 6103/10000 (61.0%) | last100_unique: 1582
Game 1600 | Score: 0 | Record: 7 | Mean Score: 0.40 | Epsilon: 0.37 | Intrinsic: 0.000
[coverage] Game 1600 | unique_states_cumulative: 6307/10000 (63.1%) | last100_unique: 1542
Game 1700 | Score: 6 | Record: 8 | Mean Score: 0.46 | Epsilon: 0.33 | Intrinsic: 0.000
[coverage] Game 1700 | unique_states_cumulative: 6634/10000 (66.3%) | last100_unique: 1831
Game 1800 | Score: 5 | Record: 9 | Mean Score: 0.53 | Epsilon: 0.29 | Intrinsic: 0.000
[coverage] Game 1800 | unique_states_cumulative: 6900/10000 (69.0%) | last100_unique: 2174
Game 1900 | Score: 0 | Record: 11 | Mean Score: 0.60 | Epsilon: 0.26 | Intrinsic: 0.000
[coverage] Game 1900 | unique_states_cumulative: 7144/10000 (71.4%) | last100_unique: 2057
Game 2000 | Score: 0 | Record: 15 | Mean Score: 0.69 | Epsilon: 0.22 | Intrinsic: 0.000
[coverage] Game 2000 | unique_states_cumulative: 7442/10000 (74.4%) | last100_unique: 2412
Game 2100 | Score: 1 | Record: 15 | Mean Score: 0.75 | Epsilon: 0.18 | Intrinsic: 0.000
[coverage] Game 2100 | unique_states_cumulative: 7624/10000 (76.2%) | last100_unique: 2060
Game 2200 | Score: 4 | Record: 15 | Mean Score: 0.82 | Epsilon: 0.14 | Intrinsic: 0.000
[coverage] Game 2200 | unique_states_cumulative: 7808/10000 (78.1%) | last100_unique: 2123
Game 2300 | Score: 0 | Record: 23 | Mean Score: 0.92 | Epsilon: 0.10 | Intrinsic: 0.000
[coverage] Game 2300 | unique_states_cumulative: 8061/10000 (80.6%) | last100_unique: 2807
Game 2400 | Score: 6 | Record: 23 | Mean Score: 1.05 | Epsilon: 0.06 | Intrinsic: 0.000
[coverage] Game 2400 | unique_states_cumulative: 8305/10000 (83.0%) | last100_unique: 3180
Game 2500 | Score: 16 | Record: 26 | Mean Score: 1.24 | Epsilon: 0.02 | Intrinsic: 0.000
[coverage] Game 2500 | unique_states_cumulative: 8613/10000 (86.1%) | last100_unique: 3516
Game 2600 | Score: 0 | Record: 26 | Mean Score: 1.44 | Epsilon: 0.02 | Intrinsic: 0.000
[coverage] Game 2600 | unique_states_cumulative: 8881/10000 (88.8%) | last100_unique: 3915
Game 2700 | Score: 21 | Record: 26 | Mean Score: 1.59 | Epsilon: 0.02 | Intrinsic: 0.000
[coverage] Game 2700 | unique_states_cumulative: 9073/10000 (90.7%) | last100_unique: 3664
Game 2800 | Score: 0 | Record: 29 | Mean Score: 1.77 | Epsilon: 0.02 | Intrinsic: 0.000
[coverage] Game 2800 | unique_states_cumulative: 9224/10000 (92.2%) | last100_unique: 3802
Game 2900 | Score: 11 | Record: 29 | Mean Score: 1.95 | Epsilon: 0.02 | Intrinsic: 0.000
[coverage] Game 2900 | unique_states_cumulative: 9364/10000 (93.6%) | last100_unique: 4051
Game 3000 | Score: 0 | Record: 29 | Mean Score: 2.12 | Epsilon: 0.02 | Intrinsic: 0.000
[coverage] Game 3000 | unique_states_cumulative: 9469/10000 (94.7%) | last100_unique: 3828
Game 3100 | Score: 9 | Record: 29 | Mean Score: 2.26 | Epsilon: 0.02 | Intrinsic: 0.000
[coverage] Game 3100 | unique_states_cumulative: 9556/10000 (95.6%) | last100_unique: 3752
Game 3200 | Score: 0 | Record: 29 | Mean Score: 2.44 | Epsilon: 0.02 | Intrinsic: 0.000
[coverage] Game 3200 | unique_states_cumulative: 9640/10000 (96.4%) | last100_unique: 4363
Game 3300 | Score: 13 | Record: 30 | Mean Score: 2.62 | Epsilon: 0.02 | Intrinsic: 0.000
[coverage] Game 3300 | unique_states_cumulative: 9704/10000 (97.0%) | last100_unique: 4654
Game 3400 | Score: 0 | Record: 32 | Mean Score: 2.73 | Epsilon: 0.02 | Intrinsic: 0.000
[coverage] Game 3400 | unique_states_cumulative: 9743/10000 (97.4%) | last100_unique: 3711
Game 3500 | Score: 0 | Record: 32 | Mean Score: 2.82 | Epsilon: 0.02 | Intrinsic: 0.000
[coverage] Game 3500 | unique_states_cumulative: 9763/10000 (97.6%) | last100_unique: 3522
Game 3600 | Score: 0 | Record: 32 | Mean Score: 2.96 | Epsilon: 0.02 | Intrinsic: 0.000
[coverage] Game 3600 | unique_states_cumulative: 9800/10000 (98.0%) | last100_unique: 4177
Game 3700 | Score: 0 | Record: 32 | Mean Score: 3.07 | Epsilon: 0.02 | Intrinsic: 0.000
[coverage] Game 3700 | unique_states_cumulative: 9810/10000 (98.1%) | last100_unique: 4143
Game 3800 | Score: 9 | Record: 32 | Mean Score: 3.18 | Epsilon: 0.02 | Intrinsic: 0.000
[coverage] Game 3800 | unique_states_cumulative: 9826/10000 (98.3%) | last100_unique: 3927
Game 3900 | Score: 0 | Record: 32 | Mean Score: 3.29 | Epsilon: 0.02 | Intrinsic: 0.000
[coverage] Game 3900 | unique_states_cumulative: 9840/10000 (98.4%) | last100_unique: 4159
Game 4000 | Score: 0 | Record: 32 | Mean Score: 3.39 | Epsilon: 0.02 | Intrinsic: 0.000
[coverage] Game 4000 | unique_states_cumulative: 9856/10000 (98.6%) | last100_unique: 4157
Game 4100 | Score: 28 | Record: 34 | Mean Score: 3.51 | Epsilon: 0.02 | Intrinsic: 0.000
[coverage] Game 4100 | unique_states_cumulative: 9859/10000 (98.6%) | last100_unique: 4441
Game 4200 | Score: 8 | Record: 35 | Mean Score: 3.63 | Epsilon: 0.02 | Intrinsic: 0.000
[coverage] Game 4200 | unique_states_cumulative: 9867/10000 (98.7%) | last100_unique: 4525
Game 4300 | Score: 24 | Record: 35 | Mean Score: 3.73 | Epsilon: 0.02 | Intrinsic: 0.000
[coverage] Game 4300 | unique_states_cumulative: 9876/10000 (98.8%) | last100_unique: 4015
[Game 4375] Final LR cooldown applied → 1e-5
Game 4400 | Score: 11 | Record: 35 | Mean Score: 3.81 | Epsilon: 0.02 | Intrinsic: 0.000
[coverage] Game 4400 | unique_states_cumulative: 9880/10000 (98.8%) | last100_unique: 3957
Game 4500 | Score: 26 | Record: 35 | Mean Score: 3.90 | Epsilon: 0.02 | Intrinsic: 0.000
[coverage] Game 4500 | unique_states_cumulative: 9882/10000 (98.8%) | last100_unique: 4225
Game 4600 | Score: 16 | Record: 35 | Mean Score: 4.00 | Epsilon: 0.02 | Intrinsic: 0.000
[coverage] Game 4600 | unique_states_cumulative: 9885/10000 (98.8%) | last100_unique: 4317
Game 4700 | Score: 8 | Record: 35 | Mean Score: 4.11 | Epsilon: 0.02 | Intrinsic: 0.000
[coverage] Game 4700 | unique_states_cumulative: 9888/10000 (98.9%) | last100_unique: 4444
Game 4800 | Score: 0 | Record: 35 | Mean Score: 4.20 | Epsilon: 0.02 | Intrinsic: 0.000
[coverage] Game 4800 | unique_states_cumulative: 9891/10000 (98.9%) | last100_unique: 4187
Game 4900 | Score: 16 | Record: 35 | Mean Score: 4.29 | Epsilon: 0.02 | Intrinsic: 0.000
[coverage] Game 4900 | unique_states_cumulative: 9894/10000 (98.9%) | last100_unique: 4437
Game 5000 | Score: 0 | Record: 36 | Mean Score: 4.37 | Epsilon: 0.02 | Intrinsic: 0.000
[coverage] Game 5000 | unique_states_cumulative: 9894/10000 (98.9%) | last100_unique: 4112

Training Complete!
Best Score: 36
Final Mean Score: 4.37
wandb: 
wandb: Run history:
wandb:      Coverage_Cumulative ▁▁▂▂▃▃▄▄▄▄▅▅▅▅▅▆▆▇▇▇▇▇██████████████████
wandb: Coverage_Cumulative_Frac ▁▁▂▂▃▄▄▄▄▅▅▅▅▅▆▆▆▆▇▇▇▇██████████████████
wandb:       Coverage_Window100 ▁▁▁▁▂▂▂▂▂▂▂▂▂▃▃▄▃▃▅▅▇▆▆▇▆█▆▆▇▇▇▇██▇▇▇█▇▇
wandb:                  Epsilon ██▇▇▇▆▆▆▅▅▄▄▃▃▃▂▂▂▁▁▁▁▁▁▁▁▁▁▁▁▁▁▁▁▁▁▁▁▁▁
wandb:                     Game ▁▁▁▁▂▂▂▂▂▂▃▃▃▃▃▄▄▄▄▄▄▅▅▅▅▅▅▆▆▆▆▆▆▇▇▇▇▇██
wandb:               Mean_Score ▁▁▁▁▁▁▁▁▁▁▁▁▂▂▂▂▂▂▃▃▃▄▄▄▅▅▅▅▆▆▆▆▇▇▇▇▇███
wandb:                   Record ▁▁▁▁▁▂▂▂▂▂▂▂▂▂▂▃▄▄▄▅▆▆▆▇▇▇▇▇▇▇▇▇▇███████
wandb:                    Score ▁▁▁▁▁▁▁▁▁▁▁▁▁▃▁▁▂▁▃▅▆▁▄▁▃▄▁▁▁▁▁▁█▃▇▇▅▃▁▁
wandb: 
wandb: Run summary:
wandb:      Coverage_Cumulative 9894
wandb: Coverage_Cumulative_Frac 0.9894
wandb:       Coverage_Window100 4112
wandb:                  Epsilon 0.02
wandb:                     Game 5000
wandb:               Mean_Score 4.3688
wandb:                   Record 36
wandb:                    Score 0
wandb: 
wandb: You can sync this run to the cloud by running:
wandb: wandb sync /Users/saheb/home/rl-snake/wandb/offline-run-20260427_070812-m2v53m8c
wandb: Find logs at: ./wandb/offline-run-20260427_070812-m2v53m8c/logs
