/Users/saheb/home/rl-snake/.venv/lib/python3.9/site-packages/urllib3/__init__.py:35: NotOpenSSLWarning: urllib3 v2 only supports OpenSSL 1.1.1+, currently the 'ssl' module is compiled with 'LibreSSL 2.8.3'. See: https://github.com/urllib3/urllib3/issues/3020
  warnings.warn(
wandb: Tracking run with wandb version 0.26.0
wandb: W&B syncing is set to `offline` in this directory. Run `wandb online` or set WANDB_MODE=online to enable cloud syncing.
wandb: Run data is saved locally in /Users/saheb/home/rl-snake/wandb/offline-run-20260426_222124-r79mo5lv
Starting ICM DQN Training (Dueling + 3-Step) on 8x8 Board...
Game 100 | Score: 0 | Record: 1 | Mean Score: 0.09 | Epsilon: 0.96 | Intrinsic: 0.023 | Eta: 0.10000
[coverage] Game 100 | unique_states_cumulative: 566/4096 (13.8%) | last100_unique: 566
Game 200 | Score: 0 | Record: 2 | Mean Score: 0.14 | Epsilon: 0.92 | Intrinsic: 0.013 | Eta: 0.10000
[coverage] Game 200 | unique_states_cumulative: 991/4096 (24.2%) | last100_unique: 612
Game 300 | Score: 0 | Record: 2 | Mean Score: 0.15 | Epsilon: 0.88 | Intrinsic: 0.005 | Eta: 0.10000
[coverage] Game 300 | unique_states_cumulative: 1231/4096 (30.1%) | last100_unique: 566
Game 400 | Score: 0 | Record: 3 | Mean Score: 0.14 | Epsilon: 0.84 | Intrinsic: 0.016 | Eta: 0.10000
[coverage] Game 400 | unique_states_cumulative: 1397/4096 (34.1%) | last100_unique: 561
Game 500 | Score: 0 | Record: 3 | Mean Score: 0.14 | Epsilon: 0.80 | Intrinsic: 0.001 | Eta: 0.10000
[coverage] Game 500 | unique_states_cumulative: 1560/4096 (38.1%) | last100_unique: 572
Game 600 | Score: 0 | Record: 3 | Mean Score: 0.16 | Epsilon: 0.77 | Intrinsic: 0.006 | Eta: 0.10000
[coverage] Game 600 | unique_states_cumulative: 1702/4096 (41.6%) | last100_unique: 573
Game 700 | Score: 0 | Record: 3 | Mean Score: 0.18 | Epsilon: 0.73 | Intrinsic: 0.001 | Eta: 0.10000
[coverage] Game 700 | unique_states_cumulative: 1853/4096 (45.2%) | last100_unique: 663
Game 800 | Score: 2 | Record: 3 | Mean Score: 0.20 | Epsilon: 0.69 | Intrinsic: 0.110 | Eta: 0.10000
[coverage] Game 800 | unique_states_cumulative: 1970/4096 (48.1%) | last100_unique: 613
Game 900 | Score: 1 | Record: 3 | Mean Score: 0.21 | Epsilon: 0.65 | Intrinsic: 0.044 | Eta: 0.10000
[coverage] Game 900 | unique_states_cumulative: 2096/4096 (51.2%) | last100_unique: 655
Game 1000 | Score: 0 | Record: 5 | Mean Score: 0.23 | Epsilon: 0.61 | Intrinsic: 0.003 | Eta: 0.10000
[coverage] Game 1000 | unique_states_cumulative: 2200/4096 (53.7%) | last100_unique: 634
Game 1100 | Score: 5 | Record: 5 | Mean Score: 0.25 | Epsilon: 0.57 | Intrinsic: 0.236 | Eta: 0.10000
[coverage] Game 1100 | unique_states_cumulative: 2330/4096 (56.9%) | last100_unique: 705
Game 1200 | Score: 0 | Record: 5 | Mean Score: 0.29 | Epsilon: 0.53 | Intrinsic: 0.001 | Eta: 0.10000
[coverage] Game 1200 | unique_states_cumulative: 2509/4096 (61.3%) | last100_unique: 765
Game 1300 | Score: 0 | Record: 5 | Mean Score: 0.32 | Epsilon: 0.49 | Intrinsic: 0.004 | Eta: 0.10000
[coverage] Game 1300 | unique_states_cumulative: 2640/4096 (64.5%) | last100_unique: 737
Game 1400 | Score: 0 | Record: 5 | Mean Score: 0.35 | Epsilon: 0.45 | Intrinsic: 0.003 | Eta: 0.10000
[coverage] Game 1400 | unique_states_cumulative: 2757/4096 (67.3%) | last100_unique: 700
Game 1500 | Score: 0 | Record: 6 | Mean Score: 0.39 | Epsilon: 0.41 | Intrinsic: 0.004 | Eta: 0.10000
[coverage] Game 1500 | unique_states_cumulative: 2875/4096 (70.2%) | last100_unique: 825
Game 1600 | Score: 1 | Record: 6 | Mean Score: 0.43 | Epsilon: 0.37 | Intrinsic: 0.025 | Eta: 0.10000
[coverage] Game 1600 | unique_states_cumulative: 3000/4096 (73.2%) | last100_unique: 813
Game 1700 | Score: 1 | Record: 8 | Mean Score: 0.49 | Epsilon: 0.33 | Intrinsic: 0.017 | Eta: 0.10000
[coverage] Game 1700 | unique_states_cumulative: 3143/4096 (76.7%) | last100_unique: 1067
Game 1800 | Score: 0 | Record: 8 | Mean Score: 0.55 | Epsilon: 0.29 | Intrinsic: 0.042 | Eta: 0.10000
[coverage] Game 1800 | unique_states_cumulative: 3243/4096 (79.2%) | last100_unique: 975
Game 1900 | Score: 9 | Record: 11 | Mean Score: 0.61 | Epsilon: 0.26 | Intrinsic: 0.326 | Eta: 0.10000
[coverage] Game 1900 | unique_states_cumulative: 3355/4096 (81.9%) | last100_unique: 1186
Game 2000 | Score: 0 | Record: 11 | Mean Score: 0.66 | Epsilon: 0.22 | Intrinsic: 0.004 | Eta: 0.10000
[coverage] Game 2000 | unique_states_cumulative: 3432/4096 (83.8%) | last100_unique: 1056
Game 2100 | Score: 0 | Record: 12 | Mean Score: 0.74 | Epsilon: 0.18 | Intrinsic: 0.001 | Eta: 0.10000
[coverage] Game 2100 | unique_states_cumulative: 3512/4096 (85.7%) | last100_unique: 1295
Game 2200 | Score: 0 | Record: 17 | Mean Score: 0.84 | Epsilon: 0.14 | Intrinsic: 0.003 | Eta: 0.10000
[coverage] Game 2200 | unique_states_cumulative: 3606/4096 (88.0%) | last100_unique: 1515
Game 2300 | Score: 0 | Record: 19 | Mean Score: 0.96 | Epsilon: 0.10 | Intrinsic: 0.003 | Eta: 0.10000
[coverage] Game 2300 | unique_states_cumulative: 3724/4096 (90.9%) | last100_unique: 1637
Game 2400 | Score: 16 | Record: 21 | Mean Score: 1.13 | Epsilon: 0.06 | Intrinsic: 0.351 | Eta: 0.10000
[coverage] Game 2400 | unique_states_cumulative: 3797/4096 (92.7%) | last100_unique: 1968
Game 2500 | Score: 22 | Record: 22 | Mean Score: 1.30 | Epsilon: 0.02 | Intrinsic: 0.547 | Eta: 0.10000
[coverage] Game 2500 | unique_states_cumulative: 3878/4096 (94.7%) | last100_unique: 1991
Game 2600 | Score: 5 | Record: 28 | Mean Score: 1.49 | Epsilon: 0.02 | Intrinsic: 0.048 | Eta: 0.10000
[coverage] Game 2600 | unique_states_cumulative: 3927/4096 (95.9%) | last100_unique: 2217
Game 2700 | Score: 18 | Record: 28 | Mean Score: 1.77 | Epsilon: 0.02 | Intrinsic: 0.414 | Eta: 0.10000
[coverage] Game 2700 | unique_states_cumulative: 3977/4096 (97.1%) | last100_unique: 2598
Game 2800 | Score: 24 | Record: 30 | Mean Score: 2.00 | Epsilon: 0.02 | Intrinsic: 0.423 | Eta: 0.10000
[coverage] Game 2800 | unique_states_cumulative: 3996/4096 (97.6%) | last100_unique: 2403
Game 2900 | Score: 0 | Record: 34 | Mean Score: 2.18 | Epsilon: 0.02 | Intrinsic: 0.001 | Eta: 0.10000
[coverage] Game 2900 | unique_states_cumulative: 4007/4096 (97.8%) | last100_unique: 2501
Game 3000 | Score: 0 | Record: 34 | Mean Score: 2.35 | Epsilon: 0.02 | Intrinsic: 0.002 | Eta: 0.10000
[coverage] Game 3000 | unique_states_cumulative: 4012/4096 (97.9%) | last100_unique: 2463
Game 3100 | Score: 0 | Record: 34 | Mean Score: 2.57 | Epsilon: 0.02 | Intrinsic: 0.004 | Eta: 0.10000
[coverage] Game 3100 | unique_states_cumulative: 4019/4096 (98.1%) | last100_unique: 2706
Game 3200 | Score: 0 | Record: 34 | Mean Score: 2.73 | Epsilon: 0.02 | Intrinsic: 0.004 | Eta: 0.10000
[coverage] Game 3200 | unique_states_cumulative: 4024/4096 (98.2%) | last100_unique: 2540
Game 3300 | Score: 0 | Record: 34 | Mean Score: 2.90 | Epsilon: 0.02 | Intrinsic: 0.004 | Eta: 0.10000
[coverage] Game 3300 | unique_states_cumulative: 4025/4096 (98.3%) | last100_unique: 2658
Game 3400 | Score: 10 | Record: 34 | Mean Score: 3.10 | Epsilon: 0.02 | Intrinsic: 0.101 | Eta: 0.10000
[coverage] Game 3400 | unique_states_cumulative: 4026/4096 (98.3%) | last100_unique: 2791
Game 3500 | Score: 0 | Record: 34 | Mean Score: 3.24 | Epsilon: 0.02 | Intrinsic: 0.005 | Eta: 0.10000
[coverage] Game 3500 | unique_states_cumulative: 4028/4096 (98.3%) | last100_unique: 2490
Game 3600 | Score: 11 | Record: 34 | Mean Score: 3.40 | Epsilon: 0.02 | Intrinsic: 0.200 | Eta: 0.10000
[coverage] Game 3600 | unique_states_cumulative: 4028/4096 (98.3%) | last100_unique: 2729
Game 3700 | Score: 0 | Record: 34 | Mean Score: 3.53 | Epsilon: 0.02 | Intrinsic: 0.000 | Eta: 0.10000
[coverage] Game 3700 | unique_states_cumulative: 4028/4096 (98.3%) | last100_unique: 2579
Game 3800 | Score: 26 | Record: 34 | Mean Score: 3.68 | Epsilon: 0.02 | Intrinsic: 0.562 | Eta: 0.10000
[coverage] Game 3800 | unique_states_cumulative: 4029/4096 (98.4%) | last100_unique: 2727
Game 3900 | Score: 0 | Record: 34 | Mean Score: 3.76 | Epsilon: 0.02 | Intrinsic: 0.001 | Eta: 0.10000
[coverage] Game 3900 | unique_states_cumulative: 4030/4096 (98.4%) | last100_unique: 2400
Game 4000 | Score: 0 | Record: 34 | Mean Score: 3.87 | Epsilon: 0.02 | Intrinsic: 0.000 | Eta: 0.10000
[coverage] Game 4000 | unique_states_cumulative: 4030/4096 (98.4%) | last100_unique: 2602
Game 4100 | Score: 21 | Record: 35 | Mean Score: 4.00 | Epsilon: 0.02 | Intrinsic: 0.344 | Eta: 0.10000
[coverage] Game 4100 | unique_states_cumulative: 4031/4096 (98.4%) | last100_unique: 2742
Game 4200 | Score: 0 | Record: 36 | Mean Score: 4.11 | Epsilon: 0.02 | Intrinsic: 0.004 | Eta: 0.10000
[coverage] Game 4200 | unique_states_cumulative: 4032/4096 (98.4%) | last100_unique: 2676
Game 4300 | Score: 0 | Record: 36 | Mean Score: 4.23 | Epsilon: 0.02 | Intrinsic: 0.005 | Eta: 0.10000
[coverage] Game 4300 | unique_states_cumulative: 4032/4096 (98.4%) | last100_unique: 2747
[Game 4375] Final LR cooldown applied → 1e-5
Game 4400 | Score: 0 | Record: 38 | Mean Score: 4.28 | Epsilon: 0.02 | Intrinsic: 0.000 | Eta: 0.10000
[coverage] Game 4400 | unique_states_cumulative: 4032/4096 (98.4%) | last100_unique: 2339
Game 4500 | Score: 10 | Record: 38 | Mean Score: 4.35 | Epsilon: 0.02 | Intrinsic: 0.101 | Eta: 0.10000
[coverage] Game 4500 | unique_states_cumulative: 4032/4096 (98.4%) | last100_unique: 2543
Game 4600 | Score: 0 | Record: 38 | Mean Score: 4.45 | Epsilon: 0.02 | Intrinsic: 0.000 | Eta: 0.10000
[coverage] Game 4600 | unique_states_cumulative: 4032/4096 (98.4%) | last100_unique: 2688
Game 4700 | Score: 0 | Record: 38 | Mean Score: 4.53 | Epsilon: 0.02 | Intrinsic: 0.001 | Eta: 0.10000
[coverage] Game 4700 | unique_states_cumulative: 4032/4096 (98.4%) | last100_unique: 2671
Game 4800 | Score: 0 | Record: 38 | Mean Score: 4.64 | Epsilon: 0.02 | Intrinsic: 0.002 | Eta: 0.10000
[coverage] Game 4800 | unique_states_cumulative: 4032/4096 (98.4%) | last100_unique: 2861
Game 4900 | Score: 0 | Record: 38 | Mean Score: 4.74 | Epsilon: 0.02 | Intrinsic: 0.000 | Eta: 0.10000
[coverage] Game 4900 | unique_states_cumulative: 4032/4096 (98.4%) | last100_unique: 2729
Game 5000 | Score: 0 | Record: 38 | Mean Score: 4.82 | Epsilon: 0.02 | Intrinsic: 0.000 | Eta: 0.10000
[coverage] Game 5000 | unique_states_cumulative: 4032/4096 (98.4%) | last100_unique: 2655

Training Complete!
Best Score: 38
Final Mean Score: 4.82
wandb: 
wandb: Run history:
wandb:      Coverage_Cumulative ▁▂▂▃▃▄▄▄▄▅▅▆▆▆▆▇▇▇██████████████████████
wandb: Coverage_Cumulative_Frac ▁▂▂▃▃▄▄▄▄▅▅▆▆▆▆▇▇▇▇█████████████████████
wandb:       Coverage_Window100 ▁▁▁▁▁▁▁▁▁▂▁▂▂▃▂▃▃▄▄▅▆▇▇▇▇▇▇█▇▇▇▇█▇█▇▇▇█▇
wandb:                  Epsilon ██▇▇▇▆▆▅▅▅▄▄▄▃▃▂▂▂▂▁▁▁▁▁▁▁▁▁▁▁▁▁▁▁▁▁▁▁▁▁
wandb:                      Eta ▁▁▁▁▁▁▁▁▁▁▁▁▁▁▁▁▁▁▁▁▁▁▁▁▁▁▁▁▁▁▁▁▁▁▁▁▁▁▁▁
wandb:                     Game ▁▁▁▁▂▂▂▂▂▂▃▃▃▃▄▄▄▄▄▄▅▅▅▅▅▆▆▆▆▆▆▇▇▇▇▇▇███
wandb:         Intrinsic_Reward ▁▁▁▁▁▁▂▂▁▄▁▁▁▁▁▅▁▁▁▁█▂▆▆▁▁▁▁▂▁▁█▁▁▅▁▂▁▁▁
wandb:               Mean_Score ▁▁▁▁▁▁▁▁▁▁▁▁▂▂▂▂▂▂▂▃▃▃▄▄▄▅▅▆▆▆▆▇▇▇▇▇▇███
wandb:                   Record ▁▁▁▁▁▁▁▁▂▂▂▂▂▂▂▃▃▃▄▄▅▆▆▆▇▇▇▇▇▇▇▇▇▇██████
wandb:                    Score ▁▁▁▁▁▁▂▁▁▂▁▁▁▁▁▃▁▁▁▁▇▂▆▇▁▁▁▄▁▄█▁▁▇▁▁▄▁▁▁
wandb: 
wandb: Run summary:
wandb:      Coverage_Cumulative 4032
wandb: Coverage_Cumulative_Frac 0.98438
wandb:       Coverage_Window100 2655
wandb:                  Epsilon 0.02
wandb:                      Eta 0.1
wandb:                     Game 5000
wandb:         Intrinsic_Reward 0.00018
wandb:               Mean_Score 4.8156
wandb:                   Record 38
wandb:                    Score 0
wandb: 
wandb: You can sync this run to the cloud by running:
wandb: wandb sync /Users/saheb/home/rl-snake/wandb/offline-run-20260426_222124-r79mo5lv
wandb: Find logs at: ./wandb/offline-run-20260426_222124-r79mo5lv/logs
