/Users/saheb/home/rl-snake/.venv/lib/python3.9/site-packages/urllib3/__init__.py:35: NotOpenSSLWarning: urllib3 v2 only supports OpenSSL 1.1.1+, currently the 'ssl' module is compiled with 'LibreSSL 2.8.3'. See: https://github.com/urllib3/urllib3/issues/3020
  warnings.warn(
wandb: Tracking run with wandb version 0.26.0
wandb: W&B syncing is set to `offline` in this directory. Run `wandb online` or set WANDB_MODE=online to enable cloud syncing.
wandb: Run data is saved locally in /Users/saheb/home/rl-snake/wandb/offline-run-20260426_211652-aiwlqwx0
Starting ICM DQN Training (Dueling + 3-Step) on 8x8 Board...
Game 100 | Score: 1 | Record: 2 | Mean Score: 0.20 | Epsilon: 0.96 | Intrinsic: 0.062 | Eta: 0.10000
Game 200 | Score: 1 | Record: 2 | Mean Score: 0.17 | Epsilon: 0.92 | Intrinsic: 0.029 | Eta: 0.10000
Game 300 | Score: 0 | Record: 2 | Mean Score: 0.15 | Epsilon: 0.88 | Intrinsic: 0.015 | Eta: 0.10000
Game 400 | Score: 0 | Record: 4 | Mean Score: 0.17 | Epsilon: 0.84 | Intrinsic: 0.012 | Eta: 0.10000
Game 500 | Score: 1 | Record: 4 | Mean Score: 0.20 | Epsilon: 0.80 | Intrinsic: 0.049 | Eta: 0.10000
Game 600 | Score: 0 | Record: 4 | Mean Score: 0.23 | Epsilon: 0.77 | Intrinsic: 0.015 | Eta: 0.10000
Game 700 | Score: 0 | Record: 5 | Mean Score: 0.24 | Epsilon: 0.73 | Intrinsic: 0.007 | Eta: 0.10000
Game 800 | Score: 0 | Record: 5 | Mean Score: 0.25 | Epsilon: 0.69 | Intrinsic: 0.004 | Eta: 0.10000
Game 900 | Score: 1 | Record: 5 | Mean Score: 0.25 | Epsilon: 0.65 | Intrinsic: 0.023 | Eta: 0.10000
Game 1000 | Score: 0 | Record: 5 | Mean Score: 0.27 | Epsilon: 0.61 | Intrinsic: 0.018 | Eta: 0.10000
Game 1100 | Score: 0 | Record: 5 | Mean Score: 0.30 | Epsilon: 0.57 | Intrinsic: 0.004 | Eta: 0.10000
Game 1200 | Score: 0 | Record: 5 | Mean Score: 0.32 | Epsilon: 0.53 | Intrinsic: 0.002 | Eta: 0.10000
Game 1300 | Score: 0 | Record: 5 | Mean Score: 0.34 | Epsilon: 0.49 | Intrinsic: 0.006 | Eta: 0.10000
Game 1400 | Score: 0 | Record: 6 | Mean Score: 0.39 | Epsilon: 0.45 | Intrinsic: 0.009 | Eta: 0.10000
Game 1500 | Score: 0 | Record: 6 | Mean Score: 0.43 | Epsilon: 0.41 | Intrinsic: 0.014 | Eta: 0.10000
Game 1600 | Score: 0 | Record: 8 | Mean Score: 0.47 | Epsilon: 0.37 | Intrinsic: 0.018 | Eta: 0.10000
Game 1700 | Score: 0 | Record: 8 | Mean Score: 0.52 | Epsilon: 0.33 | Intrinsic: 0.011 | Eta: 0.10000
Game 1800 | Score: 3 | Record: 12 | Mean Score: 0.57 | Epsilon: 0.29 | Intrinsic: 0.093 | Eta: 0.10000
Game 1900 | Score: 0 | Record: 12 | Mean Score: 0.60 | Epsilon: 0.26 | Intrinsic: 0.009 | Eta: 0.10000
Game 2000 | Score: 10 | Record: 12 | Mean Score: 0.67 | Epsilon: 0.22 | Intrinsic: 0.300 | Eta: 0.10000
Game 2100 | Score: 4 | Record: 14 | Mean Score: 0.76 | Epsilon: 0.18 | Intrinsic: 0.073 | Eta: 0.10000
Game 2200 | Score: 0 | Record: 20 | Mean Score: 0.84 | Epsilon: 0.14 | Intrinsic: 0.013 | Eta: 0.10000
Game 2300 | Score: 6 | Record: 20 | Mean Score: 0.93 | Epsilon: 0.10 | Intrinsic: 0.166 | Eta: 0.10000
Game 2400 | Score: 0 | Record: 22 | Mean Score: 1.05 | Epsilon: 0.06 | Intrinsic: 0.023 | Eta: 0.10000
Game 2500 | Score: 10 | Record: 23 | Mean Score: 1.23 | Epsilon: 0.02 | Intrinsic: 0.291 | Eta: 0.10000
Game 2600 | Score: 15 | Record: 23 | Mean Score: 1.33 | Epsilon: 0.02 | Intrinsic: 0.446 | Eta: 0.10000
Game 2700 | Score: 0 | Record: 24 | Mean Score: 1.54 | Epsilon: 0.02 | Intrinsic: 0.065 | Eta: 0.10000
Game 2800 | Score: 0 | Record: 24 | Mean Score: 1.67 | Epsilon: 0.02 | Intrinsic: 0.011 | Eta: 0.10000
Game 2900 | Score: 10 | Record: 25 | Mean Score: 1.81 | Epsilon: 0.02 | Intrinsic: 0.197 | Eta: 0.10000
Game 3000 | Score: 0 | Record: 27 | Mean Score: 1.99 | Epsilon: 0.02 | Intrinsic: 0.023 | Eta: 0.10000
Game 3100 | Score: 0 | Record: 28 | Mean Score: 2.16 | Epsilon: 0.02 | Intrinsic: 0.019 | Eta: 0.10000
Game 3200 | Score: 15 | Record: 28 | Mean Score: 2.27 | Epsilon: 0.02 | Intrinsic: 0.302 | Eta: 0.10000
Game 3300 | Score: 0 | Record: 28 | Mean Score: 2.41 | Epsilon: 0.02 | Intrinsic: 0.007 | Eta: 0.10000
Game 3400 | Score: 0 | Record: 28 | Mean Score: 2.56 | Epsilon: 0.02 | Intrinsic: 0.011 | Eta: 0.10000
Game 3500 | Score: 12 | Record: 28 | Mean Score: 2.69 | Epsilon: 0.02 | Intrinsic: 0.258 | Eta: 0.10000
Game 3600 | Score: 18 | Record: 31 | Mean Score: 2.83 | Epsilon: 0.02 | Intrinsic: 0.324 | Eta: 0.10000
Game 3700 | Score: 5 | Record: 31 | Mean Score: 2.96 | Epsilon: 0.02 | Intrinsic: 0.063 | Eta: 0.10000
Game 3800 | Score: 0 | Record: 32 | Mean Score: 3.06 | Epsilon: 0.02 | Intrinsic: 0.036 | Eta: 0.10000
Game 3900 | Score: 20 | Record: 32 | Mean Score: 3.20 | Epsilon: 0.02 | Intrinsic: 0.475 | Eta: 0.10000
Game 4000 | Score: 0 | Record: 32 | Mean Score: 3.31 | Epsilon: 0.02 | Intrinsic: 0.015 | Eta: 0.10000
Game 4100 | Score: 28 | Record: 32 | Mean Score: 3.40 | Epsilon: 0.02 | Intrinsic: 0.764 | Eta: 0.10000
Game 4200 | Score: 17 | Record: 32 | Mean Score: 3.53 | Epsilon: 0.02 | Intrinsic: 0.373 | Eta: 0.10000
Game 4300 | Score: 10 | Record: 32 | Mean Score: 3.61 | Epsilon: 0.02 | Intrinsic: 0.166 | Eta: 0.10000
[Game 4375] Final LR cooldown applied → 1e-5
Game 4400 | Score: 15 | Record: 32 | Mean Score: 3.65 | Epsilon: 0.02 | Intrinsic: 0.415 | Eta: 0.10000
Game 4500 | Score: 13 | Record: 32 | Mean Score: 3.73 | Epsilon: 0.02 | Intrinsic: 0.202 | Eta: 0.10000
Game 4600 | Score: 3 | Record: 32 | Mean Score: 3.80 | Epsilon: 0.02 | Intrinsic: 0.034 | Eta: 0.10000
Game 4700 | Score: 12 | Record: 32 | Mean Score: 3.90 | Epsilon: 0.02 | Intrinsic: 0.232 | Eta: 0.10000
Game 4800 | Score: 18 | Record: 32 | Mean Score: 3.97 | Epsilon: 0.02 | Intrinsic: 0.377 | Eta: 0.10000
Game 4900 | Score: 0 | Record: 32 | Mean Score: 4.04 | Epsilon: 0.02 | Intrinsic: 0.081 | Eta: 0.10000
Game 5000 | Score: 19 | Record: 32 | Mean Score: 4.13 | Epsilon: 0.02 | Intrinsic: 0.335 | Eta: 0.10000

Training Complete!
Best Score: 32
Final Mean Score: 4.13
wandb: 
wandb: Run history:
wandb:          Epsilon ██▇▇▇▆▆▆▅▅▅▄▄▄▃▃▂▂▂▂▁▁▁▁▁▁▁▁▁▁▁▁▁▁▁▁▁▁▁▁
wandb:              Eta ▁▁▁▁▁▁▁▁▁▁▁▁▁▁▁▁▁▁▁▁▁▁▁▁▁▁▁▁▁▁▁▁▁▁▁▁▁▁▁▁
wandb:             Game ▁▁▁▁▂▂▂▂▂▂▃▃▃▃▃▄▄▄▄▄▅▅▅▅▅▅▆▆▆▆▆▆▇▇▇▇▇▇██
wandb: Intrinsic_Reward ▂▁▁▁▁▁▁▁▁▁▁▁▁▁▂▄▁▃▁▄▂▁▃▁▁▁▁▃▄▂▅▁█▄▃▃▁▃▄▄
wandb:       Mean_Score ▁▁▁▁▁▁▁▁▁▁▁▁▂▂▂▂▂▂▂▂▃▃▄▄▄▅▅▅▆▆▆▆▇▇▇▇▇███
wandb:           Record ▁▁▁▁▁▂▂▂▂▂▂▂▂▂▃▃▄▅▅▆▆▆▆▆▇▇▇▇▇███████████
wandb:            Score ▁▁▁▁▁▁▁▁▁▁▁▁▁▁▁▁▃▂▁▃▃▅▁▁▃▅▁▁▄▅▁▆▁█▅▅▂▄▅▆
wandb: 
wandb: Run summary:
wandb:          Epsilon 0.02
wandb:              Eta 0.1
wandb:             Game 5000
wandb: Intrinsic_Reward 0.33544
wandb:       Mean_Score 4.1264
wandb:           Record 32
wandb:            Score 19
wandb: 
wandb: You can sync this run to the cloud by running:
wandb: wandb sync /Users/saheb/home/rl-snake/wandb/offline-run-20260426_211652-aiwlqwx0
wandb: Find logs at: ./wandb/offline-run-20260426_211652-aiwlqwx0/logs
