/Users/saheb/home/rl-snake/.venv/lib/python3.9/site-packages/urllib3/__init__.py:35: NotOpenSSLWarning: urllib3 v2 only supports OpenSSL 1.1.1+, currently the 'ssl' module is compiled with 'LibreSSL 2.8.3'. See: https://github.com/urllib3/urllib3/issues/3020
  warnings.warn(
wandb: Tracking run with wandb version 0.26.0
wandb: W&B syncing is set to `offline` in this directory. Run `wandb online` or set WANDB_MODE=online to enable cloud syncing.
wandb: Run data is saved locally in /Users/saheb/home/rl-snake/wandb/offline-run-20260426_222430-faty7nux
Starting Baseline DQN Training (Dueling + 3-Step) on 8x8 Board...
Game 100 | Score: 0 | Record: 1 | Mean Score: 0.07 | Epsilon: 0.96 | Intrinsic: 0.000
[coverage] Game 100 | unique_states_cumulative: 569/4096 (13.9%) | last100_unique: 569
Game 200 | Score: 0 | Record: 3 | Mean Score: 0.11 | Epsilon: 0.92 | Intrinsic: 0.000
[coverage] Game 200 | unique_states_cumulative: 994/4096 (24.3%) | last100_unique: 640
Game 300 | Score: 0 | Record: 3 | Mean Score: 0.13 | Epsilon: 0.88 | Intrinsic: 0.000
[coverage] Game 300 | unique_states_cumulative: 1296/4096 (31.6%) | last100_unique: 650
Game 400 | Score: 0 | Record: 3 | Mean Score: 0.12 | Epsilon: 0.84 | Intrinsic: 0.000
[coverage] Game 400 | unique_states_cumulative: 1486/4096 (36.3%) | last100_unique: 629
Game 500 | Score: 0 | Record: 3 | Mean Score: 0.14 | Epsilon: 0.80 | Intrinsic: 0.000
[coverage] Game 500 | unique_states_cumulative: 1662/4096 (40.6%) | last100_unique: 652
Game 600 | Score: 1 | Record: 3 | Mean Score: 0.15 | Epsilon: 0.77 | Intrinsic: 0.000
[coverage] Game 600 | unique_states_cumulative: 1897/4096 (46.3%) | last100_unique: 809
Game 700 | Score: 0 | Record: 3 | Mean Score: 0.17 | Epsilon: 0.73 | Intrinsic: 0.000
[coverage] Game 700 | unique_states_cumulative: 2004/4096 (48.9%) | last100_unique: 743
Game 800 | Score: 0 | Record: 4 | Mean Score: 0.20 | Epsilon: 0.69 | Intrinsic: 0.000
[coverage] Game 800 | unique_states_cumulative: 2160/4096 (52.7%) | last100_unique: 795
Game 900 | Score: 0 | Record: 4 | Mean Score: 0.23 | Epsilon: 0.65 | Intrinsic: 0.000
[coverage] Game 900 | unique_states_cumulative: 2335/4096 (57.0%) | last100_unique: 897
Game 1000 | Score: 1 | Record: 4 | Mean Score: 0.25 | Epsilon: 0.61 | Intrinsic: 0.000
[coverage] Game 1000 | unique_states_cumulative: 2444/4096 (59.7%) | last100_unique: 808
Game 1100 | Score: 0 | Record: 5 | Mean Score: 0.29 | Epsilon: 0.57 | Intrinsic: 0.000
[coverage] Game 1100 | unique_states_cumulative: 2611/4096 (63.7%) | last100_unique: 936
Game 1200 | Score: 0 | Record: 5 | Mean Score: 0.32 | Epsilon: 0.53 | Intrinsic: 0.000
[coverage] Game 1200 | unique_states_cumulative: 2711/4096 (66.2%) | last100_unique: 888
Game 1300 | Score: 1 | Record: 5 | Mean Score: 0.36 | Epsilon: 0.49 | Intrinsic: 0.000
[coverage] Game 1300 | unique_states_cumulative: 2847/4096 (69.5%) | last100_unique: 1045
Game 1400 | Score: 0 | Record: 5 | Mean Score: 0.40 | Epsilon: 0.45 | Intrinsic: 0.000
[coverage] Game 1400 | unique_states_cumulative: 2931/4096 (71.6%) | last100_unique: 983
Game 1500 | Score: 1 | Record: 6 | Mean Score: 0.45 | Epsilon: 0.41 | Intrinsic: 0.000
[coverage] Game 1500 | unique_states_cumulative: 3051/4096 (74.5%) | last100_unique: 1220
Game 1600 | Score: 1 | Record: 7 | Mean Score: 0.50 | Epsilon: 0.37 | Intrinsic: 0.000
[coverage] Game 1600 | unique_states_cumulative: 3197/4096 (78.1%) | last100_unique: 1234
Game 1700 | Score: 4 | Record: 7 | Mean Score: 0.53 | Epsilon: 0.33 | Intrinsic: 0.000
[coverage] Game 1700 | unique_states_cumulative: 3249/4096 (79.3%) | last100_unique: 1058
Game 1800 | Score: 0 | Record: 7 | Mean Score: 0.56 | Epsilon: 0.29 | Intrinsic: 0.000
[coverage] Game 1800 | unique_states_cumulative: 3315/4096 (80.9%) | last100_unique: 1058
Game 1900 | Score: 0 | Record: 9 | Mean Score: 0.60 | Epsilon: 0.26 | Intrinsic: 0.000
[coverage] Game 1900 | unique_states_cumulative: 3374/4096 (82.4%) | last100_unique: 1089
Game 2000 | Score: 0 | Record: 12 | Mean Score: 0.68 | Epsilon: 0.22 | Intrinsic: 0.000
[coverage] Game 2000 | unique_states_cumulative: 3464/4096 (84.6%) | last100_unique: 1476
Game 2100 | Score: 0 | Record: 12 | Mean Score: 0.75 | Epsilon: 0.18 | Intrinsic: 0.000
[coverage] Game 2100 | unique_states_cumulative: 3528/4096 (86.1%) | last100_unique: 1379
Game 2200 | Score: 2 | Record: 14 | Mean Score: 0.88 | Epsilon: 0.14 | Intrinsic: 0.000
[coverage] Game 2200 | unique_states_cumulative: 3646/4096 (89.0%) | last100_unique: 1792
Game 2300 | Score: 0 | Record: 22 | Mean Score: 0.99 | Epsilon: 0.10 | Intrinsic: 0.000
[coverage] Game 2300 | unique_states_cumulative: 3711/4096 (90.6%) | last100_unique: 1794
Game 2400 | Score: 0 | Record: 27 | Mean Score: 1.12 | Epsilon: 0.06 | Intrinsic: 0.000
[coverage] Game 2400 | unique_states_cumulative: 3794/4096 (92.6%) | last100_unique: 1873
Game 2500 | Score: 0 | Record: 27 | Mean Score: 1.27 | Epsilon: 0.02 | Intrinsic: 0.000
[coverage] Game 2500 | unique_states_cumulative: 3871/4096 (94.5%) | last100_unique: 2027
Game 2600 | Score: 0 | Record: 27 | Mean Score: 1.42 | Epsilon: 0.02 | Intrinsic: 0.000
[coverage] Game 2600 | unique_states_cumulative: 3920/4096 (95.7%) | last100_unique: 2203
Game 2700 | Score: 12 | Record: 27 | Mean Score: 1.56 | Epsilon: 0.02 | Intrinsic: 0.000
[coverage] Game 2700 | unique_states_cumulative: 3952/4096 (96.5%) | last100_unique: 2204
Game 2800 | Score: 0 | Record: 27 | Mean Score: 1.63 | Epsilon: 0.02 | Intrinsic: 0.000
[coverage] Game 2800 | unique_states_cumulative: 3968/4096 (96.9%) | last100_unique: 1732
Game 2900 | Score: 20 | Record: 27 | Mean Score: 1.76 | Epsilon: 0.02 | Intrinsic: 0.000
[coverage] Game 2900 | unique_states_cumulative: 3990/4096 (97.4%) | last100_unique: 2165
Game 3000 | Score: 0 | Record: 27 | Mean Score: 1.91 | Epsilon: 0.02 | Intrinsic: 0.000
[coverage] Game 3000 | unique_states_cumulative: 4007/4096 (97.8%) | last100_unique: 2369
Game 3100 | Score: 10 | Record: 27 | Mean Score: 2.10 | Epsilon: 0.02 | Intrinsic: 0.000
[coverage] Game 3100 | unique_states_cumulative: 4020/4096 (98.1%) | last100_unique: 2651
Game 3200 | Score: 24 | Record: 27 | Mean Score: 2.22 | Epsilon: 0.02 | Intrinsic: 0.000
[coverage] Game 3200 | unique_states_cumulative: 4023/4096 (98.2%) | last100_unique: 2347
Game 3300 | Score: 0 | Record: 29 | Mean Score: 2.37 | Epsilon: 0.02 | Intrinsic: 0.000
[coverage] Game 3300 | unique_states_cumulative: 4024/4096 (98.2%) | last100_unique: 2471
Game 3400 | Score: 0 | Record: 34 | Mean Score: 2.56 | Epsilon: 0.02 | Intrinsic: 0.000
[coverage] Game 3400 | unique_states_cumulative: 4024/4096 (98.2%) | last100_unique: 2741
Game 3500 | Score: 0 | Record: 34 | Mean Score: 2.65 | Epsilon: 0.02 | Intrinsic: 0.000
[coverage] Game 3500 | unique_states_cumulative: 4026/4096 (98.3%) | last100_unique: 2300
Game 3600 | Score: 0 | Record: 35 | Mean Score: 2.78 | Epsilon: 0.02 | Intrinsic: 0.000
[coverage] Game 3600 | unique_states_cumulative: 4027/4096 (98.3%) | last100_unique: 2569
Game 3700 | Score: 12 | Record: 36 | Mean Score: 2.88 | Epsilon: 0.02 | Intrinsic: 0.000
[coverage] Game 3700 | unique_states_cumulative: 4027/4096 (98.3%) | last100_unique: 2430
Game 3800 | Score: 0 | Record: 36 | Mean Score: 2.97 | Epsilon: 0.02 | Intrinsic: 0.000
[coverage] Game 3800 | unique_states_cumulative: 4027/4096 (98.3%) | last100_unique: 2347
Game 3900 | Score: 18 | Record: 36 | Mean Score: 3.14 | Epsilon: 0.02 | Intrinsic: 0.000
[coverage] Game 3900 | unique_states_cumulative: 4029/4096 (98.4%) | last100_unique: 2858
Game 4000 | Score: 0 | Record: 36 | Mean Score: 3.24 | Epsilon: 0.02 | Intrinsic: 0.000
[coverage] Game 4000 | unique_states_cumulative: 4029/4096 (98.4%) | last100_unique: 2654
Game 4100 | Score: 20 | Record: 36 | Mean Score: 3.33 | Epsilon: 0.02 | Intrinsic: 0.000
[coverage] Game 4100 | unique_states_cumulative: 4031/4096 (98.4%) | last100_unique: 2513
Game 4200 | Score: 0 | Record: 36 | Mean Score: 3.41 | Epsilon: 0.02 | Intrinsic: 0.000
[coverage] Game 4200 | unique_states_cumulative: 4031/4096 (98.4%) | last100_unique: 2518
Game 4300 | Score: 0 | Record: 36 | Mean Score: 3.49 | Epsilon: 0.02 | Intrinsic: 0.000
[coverage] Game 4300 | unique_states_cumulative: 4031/4096 (98.4%) | last100_unique: 2502
[Game 4375] Final LR cooldown applied → 1e-5
Game 4400 | Score: 15 | Record: 36 | Mean Score: 3.59 | Epsilon: 0.02 | Intrinsic: 0.000
[coverage] Game 4400 | unique_states_cumulative: 4032/4096 (98.4%) | last100_unique: 2583
Game 4500 | Score: 0 | Record: 36 | Mean Score: 3.68 | Epsilon: 0.02 | Intrinsic: 0.000
[coverage] Game 4500 | unique_states_cumulative: 4032/4096 (98.4%) | last100_unique: 2624
Game 4600 | Score: 0 | Record: 36 | Mean Score: 3.78 | Epsilon: 0.02 | Intrinsic: 0.000
[coverage] Game 4600 | unique_states_cumulative: 4032/4096 (98.4%) | last100_unique: 2677
Game 4700 | Score: 23 | Record: 36 | Mean Score: 3.91 | Epsilon: 0.02 | Intrinsic: 0.000
[coverage] Game 4700 | unique_states_cumulative: 4032/4096 (98.4%) | last100_unique: 2837
Game 4800 | Score: 19 | Record: 36 | Mean Score: 4.00 | Epsilon: 0.02 | Intrinsic: 0.000
[coverage] Game 4800 | unique_states_cumulative: 4032/4096 (98.4%) | last100_unique: 2627
Game 4900 | Score: 23 | Record: 36 | Mean Score: 4.07 | Epsilon: 0.02 | Intrinsic: 0.000
[coverage] Game 4900 | unique_states_cumulative: 4032/4096 (98.4%) | last100_unique: 2434
Game 5000 | Score: 0 | Record: 36 | Mean Score: 4.16 | Epsilon: 0.02 | Intrinsic: 0.000
[coverage] Game 5000 | unique_states_cumulative: 4032/4096 (98.4%) | last100_unique: 2757

Training Complete!
Best Score: 36
Final Mean Score: 4.16
wandb: 
wandb: Run history:
wandb:      Coverage_Cumulative ▁▂▂▃▃▄▄▅▅▅▆▆▆▆▆▇▇▇▇█████████████████████
wandb: Coverage_Cumulative_Frac ▁▂▂▃▃▄▄▅▅▅▆▆▆▆▆▇▇▇▇▇████████████████████
wandb:       Coverage_Window100 ▁▁▁▁▁▂▂▂▂▂▂▂▃▃▂▃▄▃▅▅▅▆▆▅▆▆▇█▆▇▆█▇▇▇▇▇█▇█
wandb:                  Epsilon ██▇▇▇▆▆▅▅▅▄▄▃▃▃▂▂▂▁▁▁▁▁▁▁▁▁▁▁▁▁▁▁▁▁▁▁▁▁▁
wandb:                     Game ▁▁▁▁▂▂▂▂▂▂▃▃▃▃▃▄▄▄▄▄▅▅▅▅▅▆▆▆▆▆▆▇▇▇▇▇▇███
wandb:               Mean_Score ▁▁▁▁▁▁▁▁▁▂▂▂▂▂▂▂▂▃▃▃▄▄▄▄▄▅▅▅▆▆▆▆▇▇▇▇▇███
wandb:                   Record ▁▁▁▁▁▂▂▂▂▂▂▂▂▂▂▃▃▄▅▆▆▆▆▆▆▇██████████████
wandb:                    Score ▁▁▁▁▁▁▁▁▁▁▁▁▁▁▁▁▂▁▁▁▅▁▇▁▄▁▁▁▁▅▆▁▇▁▁▁▁█▇▁
wandb: 
wandb: Run summary:
wandb:      Coverage_Cumulative 4032
wandb: Coverage_Cumulative_Frac 0.98438
wandb:       Coverage_Window100 2757
wandb:                  Epsilon 0.02
wandb:                     Game 5000
wandb:               Mean_Score 4.163
wandb:                   Record 36
wandb:                    Score 0
wandb: 
wandb: You can sync this run to the cloud by running:
wandb: wandb sync /Users/saheb/home/rl-snake/wandb/offline-run-20260426_222430-faty7nux
wandb: Find logs at: ./wandb/offline-run-20260426_222430-faty7nux/logs
