/Users/saheb/home/rl-snake/.venv/lib/python3.9/site-packages/urllib3/__init__.py:35: NotOpenSSLWarning: urllib3 v2 only supports OpenSSL 1.1.1+, currently the 'ssl' module is compiled with 'LibreSSL 2.8.3'. See: https://github.com/urllib3/urllib3/issues/3020
  warnings.warn(
wandb: Tracking run with wandb version 0.26.0
wandb: W&B syncing is set to `offline` in this directory. Run `wandb online` or set WANDB_MODE=online to enable cloud syncing.
wandb: Run data is saved locally in /Users/saheb/home/rl-snake/wandb/offline-run-20260426_220034-r4atm1ou
Starting Baseline DQN Training (Dueling + 3-Step) on 8x8 Board...
Game 100 | Score: 0 | Record: 1 | Mean Score: 0.09 | Epsilon: 0.96 | Intrinsic: 0.000
[coverage] Game 100 | unique_states_cumulative: 566/4096 (13.8%) | last100_unique: 566
Game 200 | Score: 0 | Record: 2 | Mean Score: 0.14 | Epsilon: 0.92 | Intrinsic: 0.000
[coverage] Game 200 | unique_states_cumulative: 954/4096 (23.3%) | last100_unique: 581
Game 300 | Score: 0 | Record: 2 | Mean Score: 0.13 | Epsilon: 0.88 | Intrinsic: 0.000
[coverage] Game 300 | unique_states_cumulative: 1179/4096 (28.8%) | last100_unique: 520
Game 400 | Score: 0 | Record: 3 | Mean Score: 0.13 | Epsilon: 0.84 | Intrinsic: 0.000
[coverage] Game 400 | unique_states_cumulative: 1341/4096 (32.7%) | last100_unique: 532
Game 500 | Score: 0 | Record: 3 | Mean Score: 0.12 | Epsilon: 0.80 | Intrinsic: 0.000
[coverage] Game 500 | unique_states_cumulative: 1473/4096 (36.0%) | last100_unique: 524
Game 600 | Score: 0 | Record: 3 | Mean Score: 0.13 | Epsilon: 0.77 | Intrinsic: 0.000
[coverage] Game 600 | unique_states_cumulative: 1595/4096 (38.9%) | last100_unique: 553
Game 700 | Score: 0 | Record: 3 | Mean Score: 0.15 | Epsilon: 0.73 | Intrinsic: 0.000
[coverage] Game 700 | unique_states_cumulative: 1716/4096 (41.9%) | last100_unique: 580
Game 800 | Score: 0 | Record: 3 | Mean Score: 0.16 | Epsilon: 0.69 | Intrinsic: 0.000
[coverage] Game 800 | unique_states_cumulative: 1790/4096 (43.7%) | last100_unique: 530
Game 900 | Score: 0 | Record: 3 | Mean Score: 0.17 | Epsilon: 0.65 | Intrinsic: 0.000
[coverage] Game 900 | unique_states_cumulative: 1868/4096 (45.6%) | last100_unique: 552
Game 1000 | Score: 1 | Record: 3 | Mean Score: 0.19 | Epsilon: 0.61 | Intrinsic: 0.000
[coverage] Game 1000 | unique_states_cumulative: 2005/4096 (49.0%) | last100_unique: 637
Game 1100 | Score: 3 | Record: 3 | Mean Score: 0.21 | Epsilon: 0.57 | Intrinsic: 0.000
[coverage] Game 1100 | unique_states_cumulative: 2149/4096 (52.5%) | last100_unique: 663
Game 1200 | Score: 0 | Record: 4 | Mean Score: 0.23 | Epsilon: 0.53 | Intrinsic: 0.000
[coverage] Game 1200 | unique_states_cumulative: 2254/4096 (55.0%) | last100_unique: 610
Game 1300 | Score: 0 | Record: 4 | Mean Score: 0.26 | Epsilon: 0.49 | Intrinsic: 0.000
[coverage] Game 1300 | unique_states_cumulative: 2372/4096 (57.9%) | last100_unique: 676
Game 1400 | Score: 0 | Record: 5 | Mean Score: 0.29 | Epsilon: 0.45 | Intrinsic: 0.000
[coverage] Game 1400 | unique_states_cumulative: 2571/4096 (62.8%) | last100_unique: 812
Game 1500 | Score: 0 | Record: 6 | Mean Score: 0.33 | Epsilon: 0.41 | Intrinsic: 0.000
[coverage] Game 1500 | unique_states_cumulative: 2706/4096 (66.1%) | last100_unique: 811
Game 1600 | Score: 0 | Record: 8 | Mean Score: 0.37 | Epsilon: 0.37 | Intrinsic: 0.000
[coverage] Game 1600 | unique_states_cumulative: 2821/4096 (68.9%) | last100_unique: 852
Game 1700 | Score: 0 | Record: 9 | Mean Score: 0.43 | Epsilon: 0.33 | Intrinsic: 0.000
[coverage] Game 1700 | unique_states_cumulative: 2971/4096 (72.5%) | last100_unique: 1012
Game 1800 | Score: 10 | Record: 10 | Mean Score: 0.52 | Epsilon: 0.29 | Intrinsic: 0.000
[coverage] Game 1800 | unique_states_cumulative: 3141/4096 (76.7%) | last100_unique: 1166
Game 1900 | Score: 0 | Record: 11 | Mean Score: 0.59 | Epsilon: 0.26 | Intrinsic: 0.000
[coverage] Game 1900 | unique_states_cumulative: 3305/4096 (80.7%) | last100_unique: 1204
Game 2000 | Score: 2 | Record: 12 | Mean Score: 0.66 | Epsilon: 0.22 | Intrinsic: 0.000
[coverage] Game 2000 | unique_states_cumulative: 3417/4096 (83.4%) | last100_unique: 1230
Game 2100 | Score: 0 | Record: 12 | Mean Score: 0.74 | Epsilon: 0.18 | Intrinsic: 0.000
[coverage] Game 2100 | unique_states_cumulative: 3517/4096 (85.9%) | last100_unique: 1261
Game 2200 | Score: 5 | Record: 18 | Mean Score: 0.84 | Epsilon: 0.14 | Intrinsic: 0.000
[coverage] Game 2200 | unique_states_cumulative: 3647/4096 (89.0%) | last100_unique: 1568
Game 2300 | Score: 0 | Record: 23 | Mean Score: 0.96 | Epsilon: 0.10 | Intrinsic: 0.000
[coverage] Game 2300 | unique_states_cumulative: 3734/4096 (91.2%) | last100_unique: 1645
Game 2400 | Score: 7 | Record: 23 | Mean Score: 1.12 | Epsilon: 0.06 | Intrinsic: 0.000
[coverage] Game 2400 | unique_states_cumulative: 3815/4096 (93.1%) | last100_unique: 1911
Game 2500 | Score: 0 | Record: 23 | Mean Score: 1.34 | Epsilon: 0.02 | Intrinsic: 0.000
[coverage] Game 2500 | unique_states_cumulative: 3876/4096 (94.6%) | last100_unique: 2241
Game 2600 | Score: 0 | Record: 26 | Mean Score: 1.56 | Epsilon: 0.02 | Intrinsic: 0.000
[coverage] Game 2600 | unique_states_cumulative: 3927/4096 (95.9%) | last100_unique: 2347
Game 2700 | Score: 0 | Record: 30 | Mean Score: 1.75 | Epsilon: 0.02 | Intrinsic: 0.000
[coverage] Game 2700 | unique_states_cumulative: 3960/4096 (96.7%) | last100_unique: 2301
Game 2800 | Score: 17 | Record: 30 | Mean Score: 1.92 | Epsilon: 0.02 | Intrinsic: 0.000
[coverage] Game 2800 | unique_states_cumulative: 3982/4096 (97.2%) | last100_unique: 2280
Game 2900 | Score: 0 | Record: 30 | Mean Score: 2.12 | Epsilon: 0.02 | Intrinsic: 0.000
[coverage] Game 2900 | unique_states_cumulative: 4007/4096 (97.8%) | last100_unique: 2562
Game 3000 | Score: 32 | Record: 32 | Mean Score: 2.32 | Epsilon: 0.02 | Intrinsic: 0.000
[coverage] Game 3000 | unique_states_cumulative: 4018/4096 (98.1%) | last100_unique: 2511
Game 3100 | Score: 0 | Record: 32 | Mean Score: 2.47 | Epsilon: 0.02 | Intrinsic: 0.000
[coverage] Game 3100 | unique_states_cumulative: 4022/4096 (98.2%) | last100_unique: 2466
Game 3200 | Score: 0 | Record: 33 | Mean Score: 2.59 | Epsilon: 0.02 | Intrinsic: 0.000
[coverage] Game 3200 | unique_states_cumulative: 4024/4096 (98.2%) | last100_unique: 2224
Game 3300 | Score: 11 | Record: 33 | Mean Score: 2.76 | Epsilon: 0.02 | Intrinsic: 0.000
[coverage] Game 3300 | unique_states_cumulative: 4027/4096 (98.3%) | last100_unique: 2651
Game 3400 | Score: 15 | Record: 33 | Mean Score: 2.92 | Epsilon: 0.02 | Intrinsic: 0.000
[coverage] Game 3400 | unique_states_cumulative: 4029/4096 (98.4%) | last100_unique: 2570
Game 3500 | Score: 27 | Record: 33 | Mean Score: 3.08 | Epsilon: 0.02 | Intrinsic: 0.000
[coverage] Game 3500 | unique_states_cumulative: 4031/4096 (98.4%) | last100_unique: 2658
Game 3600 | Score: 24 | Record: 33 | Mean Score: 3.19 | Epsilon: 0.02 | Intrinsic: 0.000
[coverage] Game 3600 | unique_states_cumulative: 4031/4096 (98.4%) | last100_unique: 2500
Game 3700 | Score: 0 | Record: 33 | Mean Score: 3.30 | Epsilon: 0.02 | Intrinsic: 0.000
[coverage] Game 3700 | unique_states_cumulative: 4031/4096 (98.4%) | last100_unique: 2422
Game 3800 | Score: 19 | Record: 33 | Mean Score: 3.45 | Epsilon: 0.02 | Intrinsic: 0.000
[coverage] Game 3800 | unique_states_cumulative: 4031/4096 (98.4%) | last100_unique: 2754
Game 3900 | Score: 0 | Record: 35 | Mean Score: 3.58 | Epsilon: 0.02 | Intrinsic: 0.000
[coverage] Game 3900 | unique_states_cumulative: 4031/4096 (98.4%) | last100_unique: 2613
Game 4000 | Score: 0 | Record: 35 | Mean Score: 3.69 | Epsilon: 0.02 | Intrinsic: 0.000
[coverage] Game 4000 | unique_states_cumulative: 4031/4096 (98.4%) | last100_unique: 2576
Game 4100 | Score: 0 | Record: 35 | Mean Score: 3.80 | Epsilon: 0.02 | Intrinsic: 0.000
[coverage] Game 4100 | unique_states_cumulative: 4031/4096 (98.4%) | last100_unique: 2609
Game 4200 | Score: 0 | Record: 35 | Mean Score: 3.92 | Epsilon: 0.02 | Intrinsic: 0.000
[coverage] Game 4200 | unique_states_cumulative: 4032/4096 (98.4%) | last100_unique: 2722
Game 4300 | Score: 0 | Record: 35 | Mean Score: 4.06 | Epsilon: 0.02 | Intrinsic: 0.000
[coverage] Game 4300 | unique_states_cumulative: 4032/4096 (98.4%) | last100_unique: 2771
[Game 4375] Final LR cooldown applied → 1e-5
Game 4400 | Score: 13 | Record: 35 | Mean Score: 4.21 | Epsilon: 0.02 | Intrinsic: 0.000
[coverage] Game 4400 | unique_states_cumulative: 4032/4096 (98.4%) | last100_unique: 2953
Game 4500 | Score: 0 | Record: 35 | Mean Score: 4.29 | Epsilon: 0.02 | Intrinsic: 0.000
[coverage] Game 4500 | unique_states_cumulative: 4032/4096 (98.4%) | last100_unique: 2547
Game 4600 | Score: 26 | Record: 39 | Mean Score: 4.44 | Epsilon: 0.02 | Intrinsic: 0.000
[coverage] Game 4600 | unique_states_cumulative: 4032/4096 (98.4%) | last100_unique: 2905
Game 4700 | Score: 20 | Record: 39 | Mean Score: 4.51 | Epsilon: 0.02 | Intrinsic: 0.000
[coverage] Game 4700 | unique_states_cumulative: 4032/4096 (98.4%) | last100_unique: 2611
Game 4800 | Score: 14 | Record: 39 | Mean Score: 4.59 | Epsilon: 0.02 | Intrinsic: 0.000
[coverage] Game 4800 | unique_states_cumulative: 4032/4096 (98.4%) | last100_unique: 2608
Game 4900 | Score: 14 | Record: 39 | Mean Score: 4.67 | Epsilon: 0.02 | Intrinsic: 0.000
[coverage] Game 4900 | unique_states_cumulative: 4032/4096 (98.4%) | last100_unique: 2670
Game 5000 | Score: 19 | Record: 39 | Mean Score: 4.73 | Epsilon: 0.02 | Intrinsic: 0.000
[coverage] Game 5000 | unique_states_cumulative: 4032/4096 (98.4%) | last100_unique: 2493

Training Complete!
Best Score: 39
Final Mean Score: 4.73
wandb: 
wandb: Run history:
wandb:      Coverage_Cumulative ▁▂▂▃▃▃▃▄▄▄▅▅▆▆▆▇▇▇▇█████████████████████
wandb: Coverage_Cumulative_Frac ▁▂▂▃▃▃▃▄▄▄▅▅▅▆▆▇▇▇▇▇████████████████████
wandb:       Coverage_Window100 ▁▁▁▁▁▁▁▁▁▁▁▂▂▂▂▃▃▄▄▅▆▆▆▇▇▆▇▇▇▇█▇▇▇█▇█▇▇▇
wandb:                  Epsilon ██▇▇▇▆▆▆▅▅▅▄▄▄▃▃▂▂▂▁▁▁▁▁▁▁▁▁▁▁▁▁▁▁▁▁▁▁▁▁
wandb:                     Game ▁▁▁▁▂▂▂▂▂▃▃▃▃▃▄▄▄▄▄▄▅▅▅▅▅▆▆▆▆▆▆▇▇▇▇▇▇███
wandb:               Mean_Score ▁▁▁▁▁▁▁▁▁▁▁▁▁▁▂▂▂▂▂▂▃▃▄▄▄▅▅▅▅▆▆▆▆▆▇▇▇███
wandb:                   Record ▁▁▁▁▁▁▁▁▁▂▂▂▂▂▃▃▃▅▅▅▆▆▆▇▇▇▇▇▇▇▇▇▇▇▇▇████
wandb:                    Score ▁▁▁▁▁▁▁▁▁▂▁▁▁▁▁▁▂▁▂▁▁▁▁▅▁▁▁▅█▇▁▁▁▁▁▁█▆▅▆
wandb: 
wandb: Run summary:
wandb:      Coverage_Cumulative 4032
wandb: Coverage_Cumulative_Frac 0.98438
wandb:       Coverage_Window100 2493
wandb:                  Epsilon 0.02
wandb:                     Game 5000
wandb:               Mean_Score 4.733
wandb:                   Record 39
wandb:                    Score 19
wandb: 
wandb: You can sync this run to the cloud by running:
wandb: wandb sync /Users/saheb/home/rl-snake/wandb/offline-run-20260426_220034-r4atm1ou
wandb: Find logs at: ./wandb/offline-run-20260426_220034-r4atm1ou/logs
