/Users/saheb/home/rl-snake/.venv/lib/python3.9/site-packages/urllib3/__init__.py:35: NotOpenSSLWarning: urllib3 v2 only supports OpenSSL 1.1.1+, currently the 'ssl' module is compiled with 'LibreSSL 2.8.3'. See: https://github.com/urllib3/urllib3/issues/3020
  warnings.warn(
wandb: Tracking run with wandb version 0.26.0
wandb: W&B syncing is set to `offline` in this directory. Run `wandb online` or set WANDB_MODE=online to enable cloud syncing.
wandb: Run data is saved locally in /Users/saheb/home/rl-snake/wandb/offline-run-20260426_211652-07cp7zx1
Starting Baseline DQN Training (Dueling + 3-Step) on 8x8 Board...
Game 100 | Score: 0 | Record: 2 | Mean Score: 0.16 | Epsilon: 0.96 | Intrinsic: 0.000
Game 200 | Score: 0 | Record: 2 | Mean Score: 0.15 | Epsilon: 0.92 | Intrinsic: 0.000
Game 300 | Score: 1 | Record: 3 | Mean Score: 0.18 | Epsilon: 0.88 | Intrinsic: 0.000
Game 400 | Score: 0 | Record: 3 | Mean Score: 0.18 | Epsilon: 0.84 | Intrinsic: 0.000
Game 500 | Score: 0 | Record: 3 | Mean Score: 0.19 | Epsilon: 0.80 | Intrinsic: 0.000
Game 600 | Score: 0 | Record: 3 | Mean Score: 0.20 | Epsilon: 0.77 | Intrinsic: 0.000
Game 700 | Score: 0 | Record: 3 | Mean Score: 0.21 | Epsilon: 0.73 | Intrinsic: 0.000
Game 800 | Score: 0 | Record: 3 | Mean Score: 0.22 | Epsilon: 0.69 | Intrinsic: 0.000
Game 900 | Score: 0 | Record: 3 | Mean Score: 0.23 | Epsilon: 0.65 | Intrinsic: 0.000
Game 1000 | Score: 0 | Record: 6 | Mean Score: 0.26 | Epsilon: 0.61 | Intrinsic: 0.000
Game 1100 | Score: 0 | Record: 6 | Mean Score: 0.27 | Epsilon: 0.57 | Intrinsic: 0.000
Game 1200 | Score: 1 | Record: 6 | Mean Score: 0.28 | Epsilon: 0.53 | Intrinsic: 0.000
Game 1300 | Score: 0 | Record: 6 | Mean Score: 0.33 | Epsilon: 0.49 | Intrinsic: 0.000
Game 1400 | Score: 0 | Record: 6 | Mean Score: 0.34 | Epsilon: 0.45 | Intrinsic: 0.000
Game 1500 | Score: 0 | Record: 7 | Mean Score: 0.38 | Epsilon: 0.41 | Intrinsic: 0.000
Game 1600 | Score: 0 | Record: 8 | Mean Score: 0.42 | Epsilon: 0.37 | Intrinsic: 0.000
Game 1700 | Score: 0 | Record: 8 | Mean Score: 0.46 | Epsilon: 0.33 | Intrinsic: 0.000
Game 1800 | Score: 0 | Record: 9 | Mean Score: 0.52 | Epsilon: 0.29 | Intrinsic: 0.000
Game 1900 | Score: 11 | Record: 11 | Mean Score: 0.59 | Epsilon: 0.26 | Intrinsic: 0.000
Game 2000 | Score: 0 | Record: 14 | Mean Score: 0.64 | Epsilon: 0.22 | Intrinsic: 0.000
Game 2100 | Score: 0 | Record: 18 | Mean Score: 0.75 | Epsilon: 0.18 | Intrinsic: 0.000
Game 2200 | Score: 7 | Record: 18 | Mean Score: 0.84 | Epsilon: 0.14 | Intrinsic: 0.000
Game 2300 | Score: 0 | Record: 18 | Mean Score: 0.97 | Epsilon: 0.10 | Intrinsic: 0.000
Game 2400 | Score: 7 | Record: 18 | Mean Score: 1.08 | Epsilon: 0.06 | Intrinsic: 0.000
Game 2500 | Score: 12 | Record: 23 | Mean Score: 1.22 | Epsilon: 0.02 | Intrinsic: 0.000
Game 2600 | Score: 0 | Record: 23 | Mean Score: 1.42 | Epsilon: 0.02 | Intrinsic: 0.000
Game 2700 | Score: 14 | Record: 28 | Mean Score: 1.60 | Epsilon: 0.02 | Intrinsic: 0.000
Game 2800 | Score: 17 | Record: 28 | Mean Score: 1.74 | Epsilon: 0.02 | Intrinsic: 0.000
Game 2900 | Score: 25 | Record: 28 | Mean Score: 1.88 | Epsilon: 0.02 | Intrinsic: 0.000
Game 3000 | Score: 0 | Record: 28 | Mean Score: 2.03 | Epsilon: 0.02 | Intrinsic: 0.000
Game 3100 | Score: 0 | Record: 28 | Mean Score: 2.16 | Epsilon: 0.02 | Intrinsic: 0.000
Game 3200 | Score: 0 | Record: 28 | Mean Score: 2.29 | Epsilon: 0.02 | Intrinsic: 0.000
Game 3300 | Score: 0 | Record: 29 | Mean Score: 2.41 | Epsilon: 0.02 | Intrinsic: 0.000
Game 3400 | Score: 5 | Record: 29 | Mean Score: 2.53 | Epsilon: 0.02 | Intrinsic: 0.000
Game 3500 | Score: 10 | Record: 29 | Mean Score: 2.64 | Epsilon: 0.02 | Intrinsic: 0.000
Game 3600 | Score: 0 | Record: 34 | Mean Score: 2.73 | Epsilon: 0.02 | Intrinsic: 0.000
Game 3700 | Score: 0 | Record: 34 | Mean Score: 2.82 | Epsilon: 0.02 | Intrinsic: 0.000
Game 3800 | Score: 23 | Record: 34 | Mean Score: 2.92 | Epsilon: 0.02 | Intrinsic: 0.000
Game 3900 | Score: 0 | Record: 34 | Mean Score: 2.99 | Epsilon: 0.02 | Intrinsic: 0.000
Game 4000 | Score: 0 | Record: 34 | Mean Score: 3.06 | Epsilon: 0.02 | Intrinsic: 0.000
Game 4100 | Score: 0 | Record: 34 | Mean Score: 3.17 | Epsilon: 0.02 | Intrinsic: 0.000
Game 4200 | Score: 0 | Record: 34 | Mean Score: 3.25 | Epsilon: 0.02 | Intrinsic: 0.000
Game 4300 | Score: 0 | Record: 34 | Mean Score: 3.34 | Epsilon: 0.02 | Intrinsic: 0.000
[Game 4375] Final LR cooldown applied → 1e-5
Game 4400 | Score: 0 | Record: 34 | Mean Score: 3.46 | Epsilon: 0.02 | Intrinsic: 0.000
Game 4500 | Score: 0 | Record: 34 | Mean Score: 3.55 | Epsilon: 0.02 | Intrinsic: 0.000
Game 4600 | Score: 0 | Record: 34 | Mean Score: 3.67 | Epsilon: 0.02 | Intrinsic: 0.000
Game 4700 | Score: 0 | Record: 34 | Mean Score: 3.76 | Epsilon: 0.02 | Intrinsic: 0.000
Game 4800 | Score: 15 | Record: 34 | Mean Score: 3.82 | Epsilon: 0.02 | Intrinsic: 0.000
Game 4900 | Score: 28 | Record: 34 | Mean Score: 3.90 | Epsilon: 0.02 | Intrinsic: 0.000
Game 5000 | Score: 0 | Record: 34 | Mean Score: 3.95 | Epsilon: 0.02 | Intrinsic: 0.000

Training Complete!
Best Score: 34
Final Mean Score: 3.95
wandb: 
wandb: Run history:
wandb:    Epsilon █▇▇▇▇▆▆▅▅▅▄▄▃▃▃▂▂▂▁▁▁▁▁▁▁▁▁▁▁▁▁▁▁▁▁▁▁▁▁▁
wandb:       Game ▁▁▁▁▂▂▂▂▂▂▃▃▃▃▃▄▄▄▄▄▄▅▅▅▅▅▅▆▆▆▆▆▇▇▇▇▇▇██
wandb: Mean_Score ▁▁▁▁▁▁▁▁▁▁▁▁▁▁▂▂▂▂▂▃▃▃▄▄▄▅▅▅▆▆▆▆▇▇▇▇▇███
wandb:     Record ▁▁▁▁▁▁▁▂▂▂▂▂▂▂▃▄▅▅▅▅▆▇▇▇▇▇▇▇▇███████████
wandb:      Score ▁▁▁▁▁▁▁▁▁▁▁▁▁▁▁▄▁▁▃▁▄▁▅▆█▁▁▁▂▁▇▁▁▁▁▁▁▁▅▁
wandb: 
wandb: Run summary:
wandb:    Epsilon 0.02
wandb:       Game 5000
wandb: Mean_Score 3.9538
wandb:     Record 34
wandb:      Score 0
wandb: 
wandb: You can sync this run to the cloud by running:
wandb: wandb sync /Users/saheb/home/rl-snake/wandb/offline-run-20260426_211652-07cp7zx1
wandb: Find logs at: ./wandb/offline-run-20260426_211652-07cp7zx1/logs
