/Users/saheb/home/rl-snake/.venv/lib/python3.9/site-packages/urllib3/__init__.py:35: NotOpenSSLWarning: urllib3 v2 only supports OpenSSL 1.1.1+, currently the 'ssl' module is compiled with 'LibreSSL 2.8.3'. See: https://github.com/urllib3/urllib3/issues/3020
  warnings.warn(
wandb: Tracking run with wandb version 0.26.0
wandb: W&B syncing is set to `offline` in this directory. Run `wandb online` or set WANDB_MODE=online to enable cloud syncing.
wandb: Run data is saved locally in /Users/saheb/home/rl-snake/wandb/offline-run-20260427_070812-enyocq33
Starting Baseline DQN Training (Dueling + 3-Step) on 10x10 Board...
Game 100 | Score: 0 | Record: 1 | Mean Score: 0.08 | Epsilon: 0.96 | Intrinsic: 0.000
[coverage] Game 100 | unique_states_cumulative: 903/10000 (9.0%) | last100_unique: 903
Game 200 | Score: 0 | Record: 3 | Mean Score: 0.12 | Epsilon: 0.92 | Intrinsic: 0.000
[coverage] Game 200 | unique_states_cumulative: 1648/10000 (16.5%) | last100_unique: 931
Game 300 | Score: 0 | Record: 3 | Mean Score: 0.11 | Epsilon: 0.88 | Intrinsic: 0.000
[coverage] Game 300 | unique_states_cumulative: 2160/10000 (21.6%) | last100_unique: 944
Game 400 | Score: 0 | Record: 3 | Mean Score: 0.11 | Epsilon: 0.84 | Intrinsic: 0.000
[coverage] Game 400 | unique_states_cumulative: 2627/10000 (26.3%) | last100_unique: 970
Game 500 | Score: 0 | Record: 3 | Mean Score: 0.13 | Epsilon: 0.80 | Intrinsic: 0.000
[coverage] Game 500 | unique_states_cumulative: 2987/10000 (29.9%) | last100_unique: 948
Game 600 | Score: 0 | Record: 3 | Mean Score: 0.15 | Epsilon: 0.77 | Intrinsic: 0.000
[coverage] Game 600 | unique_states_cumulative: 3430/10000 (34.3%) | last100_unique: 1178
Game 700 | Score: 0 | Record: 3 | Mean Score: 0.16 | Epsilon: 0.73 | Intrinsic: 0.000
[coverage] Game 700 | unique_states_cumulative: 3764/10000 (37.6%) | last100_unique: 1129
Game 800 | Score: 0 | Record: 4 | Mean Score: 0.18 | Epsilon: 0.69 | Intrinsic: 0.000
[coverage] Game 800 | unique_states_cumulative: 4079/10000 (40.8%) | last100_unique: 1206
Game 900 | Score: 0 | Record: 5 | Mean Score: 0.22 | Epsilon: 0.65 | Intrinsic: 0.000
[coverage] Game 900 | unique_states_cumulative: 4526/10000 (45.3%) | last100_unique: 1463
Game 1000 | Score: 0 | Record: 5 | Mean Score: 0.25 | Epsilon: 0.61 | Intrinsic: 0.000
[coverage] Game 1000 | unique_states_cumulative: 4916/10000 (49.2%) | last100_unique: 1387
Game 1100 | Score: 0 | Record: 5 | Mean Score: 0.28 | Epsilon: 0.57 | Intrinsic: 0.000
[coverage] Game 1100 | unique_states_cumulative: 5262/10000 (52.6%) | last100_unique: 1434
Game 1200 | Score: 0 | Record: 5 | Mean Score: 0.30 | Epsilon: 0.53 | Intrinsic: 0.000
[coverage] Game 1200 | unique_states_cumulative: 5557/10000 (55.6%) | last100_unique: 1441
Game 1300 | Score: 0 | Record: 6 | Mean Score: 0.32 | Epsilon: 0.49 | Intrinsic: 0.000
[coverage] Game 1300 | unique_states_cumulative: 5846/10000 (58.5%) | last100_unique: 1405
Game 1400 | Score: 3 | Record: 6 | Mean Score: 0.36 | Epsilon: 0.45 | Intrinsic: 0.000
[coverage] Game 1400 | unique_states_cumulative: 6169/10000 (61.7%) | last100_unique: 1750
Game 1500 | Score: 0 | Record: 7 | Mean Score: 0.39 | Epsilon: 0.41 | Intrinsic: 0.000
[coverage] Game 1500 | unique_states_cumulative: 6464/10000 (64.6%) | last100_unique: 1697
Game 1600 | Score: 3 | Record: 8 | Mean Score: 0.45 | Epsilon: 0.37 | Intrinsic: 0.000
[coverage] Game 1600 | unique_states_cumulative: 6686/10000 (66.9%) | last100_unique: 1752
Game 1700 | Score: 0 | Record: 8 | Mean Score: 0.48 | Epsilon: 0.33 | Intrinsic: 0.000
[coverage] Game 1700 | unique_states_cumulative: 6922/10000 (69.2%) | last100_unique: 1624
Game 1800 | Score: 0 | Record: 9 | Mean Score: 0.52 | Epsilon: 0.29 | Intrinsic: 0.000
[coverage] Game 1800 | unique_states_cumulative: 7172/10000 (71.7%) | last100_unique: 1846
Game 1900 | Score: 0 | Record: 13 | Mean Score: 0.63 | Epsilon: 0.26 | Intrinsic: 0.000
[coverage] Game 1900 | unique_states_cumulative: 7492/10000 (74.9%) | last100_unique: 2316
Game 2000 | Score: 0 | Record: 13 | Mean Score: 0.68 | Epsilon: 0.22 | Intrinsic: 0.000
[coverage] Game 2000 | unique_states_cumulative: 7632/10000 (76.3%) | last100_unique: 1841
Game 2100 | Score: 0 | Record: 13 | Mean Score: 0.74 | Epsilon: 0.18 | Intrinsic: 0.000
[coverage] Game 2100 | unique_states_cumulative: 7833/10000 (78.3%) | last100_unique: 2047
Game 2200 | Score: 7 | Record: 24 | Mean Score: 0.82 | Epsilon: 0.14 | Intrinsic: 0.000
[coverage] Game 2200 | unique_states_cumulative: 7990/10000 (79.9%) | last100_unique: 2299
Game 2300 | Score: 12 | Record: 24 | Mean Score: 0.96 | Epsilon: 0.10 | Intrinsic: 0.000
[coverage] Game 2300 | unique_states_cumulative: 8253/10000 (82.5%) | last100_unique: 3012
Game 2400 | Score: 7 | Record: 24 | Mean Score: 1.06 | Epsilon: 0.06 | Intrinsic: 0.000
[coverage] Game 2400 | unique_states_cumulative: 8433/10000 (84.3%) | last100_unique: 2592
Game 2500 | Score: 11 | Record: 24 | Mean Score: 1.28 | Epsilon: 0.02 | Intrinsic: 0.000
[coverage] Game 2500 | unique_states_cumulative: 8711/10000 (87.1%) | last100_unique: 3654
Game 2600 | Score: 12 | Record: 34 | Mean Score: 1.49 | Epsilon: 0.02 | Intrinsic: 0.000
[coverage] Game 2600 | unique_states_cumulative: 8972/10000 (89.7%) | last100_unique: 3996
Game 2700 | Score: 0 | Record: 34 | Mean Score: 1.63 | Epsilon: 0.02 | Intrinsic: 0.000
[coverage] Game 2700 | unique_states_cumulative: 9141/10000 (91.4%) | last100_unique: 3498
Game 2800 | Score: 12 | Record: 34 | Mean Score: 1.83 | Epsilon: 0.02 | Intrinsic: 0.000
[coverage] Game 2800 | unique_states_cumulative: 9306/10000 (93.1%) | last100_unique: 4109
Game 2900 | Score: 0 | Record: 34 | Mean Score: 1.99 | Epsilon: 0.02 | Intrinsic: 0.000
[coverage] Game 2900 | unique_states_cumulative: 9409/10000 (94.1%) | last100_unique: 3813
Game 3000 | Score: 16 | Record: 34 | Mean Score: 2.16 | Epsilon: 0.02 | Intrinsic: 0.000
[coverage] Game 3000 | unique_states_cumulative: 9508/10000 (95.1%) | last100_unique: 4043
Game 3100 | Score: 16 | Record: 34 | Mean Score: 2.34 | Epsilon: 0.02 | Intrinsic: 0.000
[coverage] Game 3100 | unique_states_cumulative: 9594/10000 (95.9%) | last100_unique: 4272
Game 3200 | Score: 0 | Record: 34 | Mean Score: 2.47 | Epsilon: 0.02 | Intrinsic: 0.000
[coverage] Game 3200 | unique_states_cumulative: 9645/10000 (96.5%) | last100_unique: 3753
Game 3300 | Score: 9 | Record: 34 | Mean Score: 2.67 | Epsilon: 0.02 | Intrinsic: 0.000
[coverage] Game 3300 | unique_states_cumulative: 9712/10000 (97.1%) | last100_unique: 4666
Game 3400 | Score: 22 | Record: 34 | Mean Score: 2.79 | Epsilon: 0.02 | Intrinsic: 0.000
[coverage] Game 3400 | unique_states_cumulative: 9752/10000 (97.5%) | last100_unique: 4114
Game 3500 | Score: 0 | Record: 34 | Mean Score: 2.93 | Epsilon: 0.02 | Intrinsic: 0.000
[coverage] Game 3500 | unique_states_cumulative: 9785/10000 (97.8%) | last100_unique: 4385
Game 3600 | Score: 1 | Record: 34 | Mean Score: 3.04 | Epsilon: 0.02 | Intrinsic: 0.000
[coverage] Game 3600 | unique_states_cumulative: 9799/10000 (98.0%) | last100_unique: 3923
Game 3700 | Score: 0 | Record: 34 | Mean Score: 3.13 | Epsilon: 0.02 | Intrinsic: 0.000
[coverage] Game 3700 | unique_states_cumulative: 9810/10000 (98.1%) | last100_unique: 3927
Game 3800 | Score: 3 | Record: 34 | Mean Score: 3.27 | Epsilon: 0.02 | Intrinsic: 0.000
[coverage] Game 3800 | unique_states_cumulative: 9835/10000 (98.3%) | last100_unique: 4469
Game 3900 | Score: 11 | Record: 34 | Mean Score: 3.39 | Epsilon: 0.02 | Intrinsic: 0.000
[coverage] Game 3900 | unique_states_cumulative: 9854/10000 (98.5%) | last100_unique: 4348
Game 4000 | Score: 9 | Record: 34 | Mean Score: 3.49 | Epsilon: 0.02 | Intrinsic: 0.000
[coverage] Game 4000 | unique_states_cumulative: 9867/10000 (98.7%) | last100_unique: 4294
Game 4100 | Score: 0 | Record: 34 | Mean Score: 3.59 | Epsilon: 0.02 | Intrinsic: 0.000
[coverage] Game 4100 | unique_states_cumulative: 9875/10000 (98.8%) | last100_unique: 4268
Game 4200 | Score: 4 | Record: 34 | Mean Score: 3.65 | Epsilon: 0.02 | Intrinsic: 0.000
[coverage] Game 4200 | unique_states_cumulative: 9877/10000 (98.8%) | last100_unique: 3859
Game 4300 | Score: 0 | Record: 40 | Mean Score: 3.74 | Epsilon: 0.02 | Intrinsic: 0.000
[coverage] Game 4300 | unique_states_cumulative: 9881/10000 (98.8%) | last100_unique: 4414
[Game 4375] Final LR cooldown applied → 1e-5
Game 4400 | Score: 0 | Record: 40 | Mean Score: 3.84 | Epsilon: 0.02 | Intrinsic: 0.000
[coverage] Game 4400 | unique_states_cumulative: 9888/10000 (98.9%) | last100_unique: 4306
Game 4500 | Score: 10 | Record: 40 | Mean Score: 3.96 | Epsilon: 0.02 | Intrinsic: 0.000
[coverage] Game 4500 | unique_states_cumulative: 9889/10000 (98.9%) | last100_unique: 4427
Game 4600 | Score: 0 | Record: 40 | Mean Score: 4.04 | Epsilon: 0.02 | Intrinsic: 0.000
[coverage] Game 4600 | unique_states_cumulative: 9891/10000 (98.9%) | last100_unique: 4032
Game 4700 | Score: 0 | Record: 40 | Mean Score: 4.10 | Epsilon: 0.02 | Intrinsic: 0.000
[coverage] Game 4700 | unique_states_cumulative: 9891/10000 (98.9%) | last100_unique: 3611
Game 4800 | Score: 0 | Record: 40 | Mean Score: 4.16 | Epsilon: 0.02 | Intrinsic: 0.000
[coverage] Game 4800 | unique_states_cumulative: 9892/10000 (98.9%) | last100_unique: 3811
Game 4900 | Score: 0 | Record: 40 | Mean Score: 4.25 | Epsilon: 0.02 | Intrinsic: 0.000
[coverage] Game 4900 | unique_states_cumulative: 9893/10000 (98.9%) | last100_unique: 4323
Game 5000 | Score: 6 | Record: 40 | Mean Score: 4.29 | Epsilon: 0.02 | Intrinsic: 0.000
[coverage] Game 5000 | unique_states_cumulative: 9894/10000 (98.9%) | last100_unique: 3441

Training Complete!
Best Score: 40
Final Mean Score: 4.29
wandb: 
wandb: Run history:
wandb:      Coverage_Cumulative ▁▂▂▂▃▃▃▄▅▅▅▆▆▆▆▆▇▇▇▇▇███████████████████
wandb: Coverage_Cumulative_Frac ▁▂▂▂▃▃▃▄▄▅▅▅▆▆▆▆▆▇▇▇▇▇██████████████████
wandb:       Coverage_Window100 ▁▁▁▁▂▂▂▂▂▂▃▂▃▂▃▃▃▄▅▄▇▆▇▆▇█▇▇▇▇▇▇▇▆██▇▆▆▆
wandb:                  Epsilon ██▇▇▇▆▆▆▅▅▅▄▄▄▃▃▂▂▂▂▁▁▁▁▁▁▁▁▁▁▁▁▁▁▁▁▁▁▁▁
wandb:                     Game ▁▁▁▁▂▂▂▂▂▂▃▃▃▃▃▄▄▄▄▄▄▅▅▅▅▅▅▆▆▆▆▆▆▇▇▇▇▇██
wandb:               Mean_Score ▁▁▁▁▁▁▁▁▁▁▁▁▂▂▂▂▂▂▂▂▃▃▄▄▄▅▅▆▆▆▆▆▇▇▇▇████
wandb:                   Record ▁▁▁▁▁▂▂▂▂▂▂▂▂▂▃▃▅▅▅▅▇▇▇▇▇▇▇▇▇▇▇▇▇▇██████
wandb:                    Score ▁▁▁▁▁▁▁▁▁▁▁▂▁▂▁▁▁▁▃▅▅▁▅▁▆▁▄█▁▁▅▄▁▂▁▄▁▁▁▃
wandb: 
wandb: Run summary:
wandb:      Coverage_Cumulative 9894
wandb: Coverage_Cumulative_Frac 0.9894
wandb:       Coverage_Window100 3441
wandb:                  Epsilon 0.02
wandb:                     Game 5000
wandb:               Mean_Score 4.2906
wandb:                   Record 40
wandb:                    Score 6
wandb: 
wandb: You can sync this run to the cloud by running:
wandb: wandb sync /Users/saheb/home/rl-snake/wandb/offline-run-20260427_070812-enyocq33
wandb: Find logs at: ./wandb/offline-run-20260427_070812-enyocq33/logs
